[0.239s] Invoking command in '/home/emmanuel/rainbot_ws/build/rainbot_cpp': CMAKE_PREFIX_PATH=${CMAKE_PREFIX_PATH}:/home/emmanuel/rainbot_ws/install/rainbot_py:/opt/ros/humble /usr/bin/cmake --build /home/emmanuel/rainbot_ws/build/rainbot_cpp -- -j4 -l4
[0.725s] Invoked command in '/home/emmanuel/rainbot_ws/build/rainbot_cpp' returned '0': CMAKE_PREFIX_PATH=${CMAKE_PREFIX_PATH}:/home/emmanuel/rainbot_ws/install/rainbot_py:/opt/ros/humble /usr/bin/cmake --build /home/emmanuel/rainbot_ws/build/rainbot_cpp -- -j4 -l4
[0.791s] Invoking command in '/home/emmanuel/rainbot_ws/build/rainbot_cpp': CMAKE_PREFIX_PATH=${CMAKE_PREFIX_PATH}:/home/emmanuel/rainbot_ws/install/rainbot_py:/opt/ros/humble /usr/bin/cmake --install /home/emmanuel/rainbot_ws/build/rainbot_cpp
[0.836s] -- Install configuration: ""
[0.836s] -- Execute custom install script
[0.837s] -- Up-to-date symlink: /home/emmanuel/rainbot_ws/install/rainbot_cpp/share/ament_index/resource_index/package_run_dependencies/rainbot_cpp
[0.837s] -- Up-to-date symlink: /home/emmanuel/rainbot_ws/install/rainbot_cpp/share/ament_index/resource_index/parent_prefix_path/rainbot_cpp
[0.837s] -- Up-to-date symlink: /home/emmanuel/rainbot_ws/install/rainbot_cpp/share/rainbot_cpp/environment/ament_prefix_path.sh
[0.837s] -- Up-to-date symlink: /home/emmanuel/rainbot_ws/install/rainbot_cpp/share/rainbot_cpp/environment/ament_prefix_path.dsv
[0.837s] -- Up-to-date symlink: /home/emmanuel/rainbot_ws/install/rainbot_cpp/share/rainbot_cpp/environment/path.sh
[0.838s] -- Up-to-date symlink: /home/emmanuel/rainbot_ws/install/rainbot_cpp/share/rainbot_cpp/environment/path.dsv
[0.838s] -- Up-to-date symlink: /home/emmanuel/rainbot_ws/install/rainbot_cpp/share/rainbot_cpp/local_setup.bash
[0.838s] -- Up-to-date symlink: /home/emmanuel/rainbot_ws/install/rainbot_cpp/share/rainbot_cpp/local_setup.sh
[0.838s] -- Up-to-date symlink: /home/emmanuel/rainbot_ws/install/rainbot_cpp/share/rainbot_cpp/local_setup.zsh
[0.838s] -- Up-to-date symlink: /home/emmanuel/rainbot_ws/install/rainbot_cpp/share/rainbot_cpp/local_setup.dsv
[0.839s] -- Symlinking: /home/emmanuel/rainbot_ws/install/rainbot_cpp/share/rainbot_cpp/package.dsv
[0.857s] -- Up-to-date symlink: /home/emmanuel/rainbot_ws/install/rainbot_cpp/share/ament_index/resource_index/packages/rainbot_cpp
[0.857s] -- Up-to-date symlink: /home/emmanuel/rainbot_ws/install/rainbot_cpp/share/rainbot_cpp/cmake/rainbot_cppConfig.cmake
[0.857s] -- Up-to-date symlink: /home/emmanuel/rainbot_ws/install/rainbot_cpp/share/rainbot_cpp/cmake/rainbot_cppConfig-version.cmake
[0.857s] -- Up-to-date symlink: /home/emmanuel/rainbot_ws/install/rainbot_cpp/share/rainbot_cpp/package.xml
[1.039s] Invoked command in '/home/emmanuel/rainbot_ws/build/rainbot_cpp' returned '0': CMAKE_PREFIX_PATH=${CMAKE_PREFIX_PATH}:/home/emmanuel/rainbot_ws/install/rainbot_py:/opt/ros/humble /usr/bin/cmake --install /home/emmanuel/rainbot_ws/build/rainbot_cpp
