[0.424s] Invoking command in '/home/emmanuel/rainbot_ws/build/rain_arm_description': CMAKE_PREFIX_PATH=${CMAKE_PREFIX_PATH}:/home/emmanuel/rainbot_ws/install/rainbot_py:/opt/ros/humble /usr/bin/cmake /home/emmanuel/rainbot_ws/src/rain_arm_description -DCMAKE_INSTALL_PREFIX=/home/emmanuel/rainbot_ws/install/rain_arm_description
[0.810s] -- Found ament_cmake: 1.3.5 (/opt/ros/humble/share/ament_cmake/cmake)
[1.311s] -- Override CMake install command with custom implementation using symlinks instead of copying resources
[1.565s] -- Found ament_lint_auto: 0.12.8 (/opt/ros/humble/share/ament_lint_auto/cmake)
[2.363s] -- Added test 'lint_cmake' to check CMake code style
[2.365s] -- Added test 'xmllint' to check XML markup files
[2.388s] -- Configuring done
[2.457s] -- Generating done
[2.459s] -- Build files have been written to: /home/emmanuel/rainbot_ws/build/rain_arm_description
[2.465s] Invoked command in '/home/emmanuel/rainbot_ws/build/rain_arm_description' returned '0': CMAKE_PREFIX_PATH=${CMAKE_PREFIX_PATH}:/home/emmanuel/rainbot_ws/install/rainbot_py:/opt/ros/humble /usr/bin/cmake /home/emmanuel/rainbot_ws/src/rain_arm_description -DCMAKE_INSTALL_PREFIX=/home/emmanuel/rainbot_ws/install/rain_arm_description
[2.468s] Invoking command in '/home/emmanuel/rainbot_ws/build/rain_arm_description': CMAKE_PREFIX_PATH=${CMAKE_PREFIX_PATH}:/home/emmanuel/rainbot_ws/install/rainbot_py:/opt/ros/humble /usr/bin/cmake --build /home/emmanuel/rainbot_ws/build/rain_arm_description -- -j4 -l4
[2.538s] Invoked command in '/home/emmanuel/rainbot_ws/build/rain_arm_description' returned '0': CMAKE_PREFIX_PATH=${CMAKE_PREFIX_PATH}:/home/emmanuel/rainbot_ws/install/rainbot_py:/opt/ros/humble /usr/bin/cmake --build /home/emmanuel/rainbot_ws/build/rain_arm_description -- -j4 -l4
[2.578s] Invoking command in '/home/emmanuel/rainbot_ws/build/rain_arm_description': CMAKE_PREFIX_PATH=${CMAKE_PREFIX_PATH}:/home/emmanuel/rainbot_ws/install/rainbot_py:/opt/ros/humble /usr/bin/cmake --install /home/emmanuel/rainbot_ws/build/rain_arm_description
[2.589s] -- Install configuration: ""
[2.590s] -- Execute custom install script
[2.591s] -- Up-to-date symlink: /home/emmanuel/rainbot_ws/install/rain_arm_description/share/rain_arm_description/meshes/base_plate.STL
[2.592s] -- Up-to-date symlink: /home/emmanuel/rainbot_ws/install/rain_arm_description/share/rain_arm_description/meshes/basement.STL
[2.593s] -- Up-to-date symlink: /home/emmanuel/rainbot_ws/install/rain_arm_description/share/rain_arm_description/meshes/claw_support.STL
[2.593s] -- Up-to-date symlink: /home/emmanuel/rainbot_ws/install/rain_arm_description/share/rain_arm_description/meshes/forward_drive_arm.STL
[2.594s] -- Up-to-date symlink: /home/emmanuel/rainbot_ws/install/rain_arm_description/share/rain_arm_description/meshes/horizontal_arm.STL
[2.594s] -- Up-to-date symlink: /home/emmanuel/rainbot_ws/install/rain_arm_description/share/rain_arm_description/meshes/left_finger.STL
[2.595s] -- Up-to-date symlink: /home/emmanuel/rainbot_ws/install/rain_arm_description/share/rain_arm_description/meshes/link.STL
[2.595s] -- Up-to-date symlink: /home/emmanuel/rainbot_ws/install/rain_arm_description/share/rain_arm_description/meshes/plate.STL
[2.596s] -- Up-to-date symlink: /home/emmanuel/rainbot_ws/install/rain_arm_description/share/rain_arm_description/meshes/right_finger.STL
[2.596s] -- Up-to-date symlink: /home/emmanuel/rainbot_ws/install/rain_arm_description/share/rain_arm_description/meshes/round_plate.STL
[2.598s] -- Up-to-date symlink: /home/emmanuel/rainbot_ws/install/rain_arm_description/share/rain_arm_description/meshes/servo_plate.STL
[2.598s] -- Up-to-date symlink: /home/emmanuel/rainbot_ws/install/rain_arm_description/share/rain_arm_description/meshes/triangular_link.STL
[2.598s] -- Up-to-date symlink: /home/emmanuel/rainbot_ws/install/rain_arm_description/share/rain_arm_description/meshes/vertical_drive_arm.STL
[2.598s] -- Up-to-date symlink: /home/emmanuel/rainbot_ws/install/rain_arm_description/share/rain_arm_description/urdf/rain_arm.urdf.xacro
[2.599s] -- Up-to-date symlink: /home/emmanuel/rainbot_ws/install/rain_arm_description/share/ament_index/resource_index/package_run_dependencies/rain_arm_description
[2.599s] -- Up-to-date symlink: /home/emmanuel/rainbot_ws/install/rain_arm_description/share/ament_index/resource_index/parent_prefix_path/rain_arm_description
[2.599s] -- Up-to-date symlink: /home/emmanuel/rainbot_ws/install/rain_arm_description/share/rain_arm_description/environment/ament_prefix_path.sh
[2.599s] -- Up-to-date symlink: /home/emmanuel/rainbot_ws/install/rain_arm_description/share/rain_arm_description/environment/ament_prefix_path.dsv
[2.599s] -- Up-to-date symlink: /home/emmanuel/rainbot_ws/install/rain_arm_description/share/rain_arm_description/environment/path.sh
[2.599s] -- Up-to-date symlink: /home/emmanuel/rainbot_ws/install/rain_arm_description/share/rain_arm_description/environment/path.dsv
[2.600s] -- Up-to-date symlink: /home/emmanuel/rainbot_ws/install/rain_arm_description/share/rain_arm_description/local_setup.bash
[2.600s] -- Up-to-date symlink: /home/emmanuel/rainbot_ws/install/rain_arm_description/share/rain_arm_description/local_setup.sh
[2.601s] -- Up-to-date symlink: /home/emmanuel/rainbot_ws/install/rain_arm_description/share/rain_arm_description/local_setup.zsh
[2.601s] -- Up-to-date symlink: /home/emmanuel/rainbot_ws/install/rain_arm_description/share/rain_arm_description/local_setup.dsv
[2.601s] -- Symlinking: /home/emmanuel/rainbot_ws/install/rain_arm_description/share/rain_arm_description/package.dsv
[2.620s] -- Up-to-date symlink: /home/emmanuel/rainbot_ws/install/rain_arm_description/share/ament_index/resource_index/packages/rain_arm_description
[2.620s] -- Up-to-date symlink: /home/emmanuel/rainbot_ws/install/rain_arm_description/share/rain_arm_description/cmake/rain_arm_descriptionConfig.cmake
[2.620s] -- Up-to-date symlink: /home/emmanuel/rainbot_ws/install/rain_arm_description/share/rain_arm_description/cmake/rain_arm_descriptionConfig-version.cmake
[2.620s] -- Up-to-date symlink: /home/emmanuel/rainbot_ws/install/rain_arm_description/share/rain_arm_description/package.xml
[2.622s] Invoked command in '/home/emmanuel/rainbot_ws/build/rain_arm_description' returned '0': CMAKE_PREFIX_PATH=${CMAKE_PREFIX_PATH}:/home/emmanuel/rainbot_ws/install/rainbot_py:/opt/ros/humble /usr/bin/cmake --install /home/emmanuel/rainbot_ws/build/rain_arm_description
