[1.430s] DEBUG:colcon:Command line arguments: ['/usr/bin/colcon', 'build']
[1.430s] DEBUG:colcon:Parsed command line arguments: Namespace(log_base=None, log_level=None, verb_name='build', build_base='build', install_base='install', merge_install=False, symlink_install=False, test_result_base=None, continue_on_error=False, executor='parallel', parallel_workers=4, event_handlers=None, ignore_user_meta=False, metas=['./colcon.meta'], base_paths=['.'], packages_ignore=None, packages_ignore_regex=None, paths=None, packages_up_to=None, packages_up_to_regex=None, packages_above=None, packages_above_and_dependencies=None, packages_above_depth=None, packages_select_by_dep=None, packages_skip_by_dep=None, packages_skip_up_to=None, packages_select_build_failed=False, packages_skip_build_finished=False, packages_select_test_failures=False, packages_skip_test_passed=False, packages_select=None, packages_skip=None, packages_select_regex=None, packages_skip_regex=None, packages_start=None, packages_end=None, allow_overriding=[], cmake_args=None, cmake_target=None, cmake_target_skip_unavailable=False, cmake_clean_cache=False, cmake_clean_first=False, cmake_force_configure=False, ament_cmake_args=None, catkin_cmake_args=None, catkin_skip_building_tests=False, verb_parser=<colcon_defaults.argument_parser.defaults.DefaultArgumentsDecorator object at 0x7f2346967040>, verb_extension=<colcon_core.verb.build.BuildVerb object at 0x7f2346c03880>, main=<bound method BuildVerb.main of <colcon_core.verb.build.BuildVerb object at 0x7f2346c03880>>)
[1.539s] Level 1:colcon.colcon_core.package_discovery:discover_packages(colcon_meta) check parameters
[1.539s] Level 1:colcon.colcon_core.package_discovery:discover_packages(recursive) check parameters
[1.539s] Level 1:colcon.colcon_core.package_discovery:discover_packages(ignore) check parameters
[1.539s] Level 1:colcon.colcon_core.package_discovery:discover_packages(path) check parameters
[1.539s] Level 1:colcon.colcon_core.package_discovery:discover_packages(colcon_meta) discover
[1.539s] Level 1:colcon.colcon_core.package_discovery:discover_packages(recursive) discover
[1.539s] INFO:colcon.colcon_core.package_discovery:Crawling recursively for packages in '/home/emmanuel/rainbot_ws'
[1.540s] Level 1:colcon.colcon_core.package_identification:_identify(.) by extensions ['ignore', 'ignore_ament_install']
[1.540s] Level 1:colcon.colcon_core.package_identification:_identify(.) by extension 'ignore'
[1.540s] Level 1:colcon.colcon_core.package_identification:_identify(.) by extension 'ignore_ament_install'
[1.540s] Level 1:colcon.colcon_core.package_identification:_identify(.) by extensions ['colcon_pkg']
[1.540s] Level 1:colcon.colcon_core.package_identification:_identify(.) by extension 'colcon_pkg'
[1.540s] Level 1:colcon.colcon_core.package_identification:_identify(.) by extensions ['colcon_meta']
[1.540s] Level 1:colcon.colcon_core.package_identification:_identify(.) by extension 'colcon_meta'
[1.540s] Level 1:colcon.colcon_core.package_identification:_identify(.) by extensions ['ros']
[1.540s] Level 1:colcon.colcon_core.package_identification:_identify(.) by extension 'ros'
[1.553s] Level 1:colcon.colcon_core.package_identification:_identify(.) by extensions ['cmake', 'python']
[1.553s] Level 1:colcon.colcon_core.package_identification:_identify(.) by extension 'cmake'
[1.553s] Level 1:colcon.colcon_core.package_identification:_identify(.) by extension 'python'
[1.553s] Level 1:colcon.colcon_core.package_identification:_identify(.) by extensions ['python_setup_py']
[1.553s] Level 1:colcon.colcon_core.package_identification:_identify(.) by extension 'python_setup_py'
[1.553s] Level 1:colcon.colcon_core.package_identification:_identify(build) by extensions ['ignore', 'ignore_ament_install']
[1.553s] Level 1:colcon.colcon_core.package_identification:_identify(build) by extension 'ignore'
[1.553s] Level 1:colcon.colcon_core.package_identification:_identify(build) ignored
[1.554s] Level 1:colcon.colcon_core.package_identification:_identify(install) by extensions ['ignore', 'ignore_ament_install']
[1.554s] Level 1:colcon.colcon_core.package_identification:_identify(install) by extension 'ignore'
[1.554s] Level 1:colcon.colcon_core.package_identification:_identify(install) ignored
[1.554s] Level 1:colcon.colcon_core.package_identification:_identify(log) by extensions ['ignore', 'ignore_ament_install']
[1.554s] Level 1:colcon.colcon_core.package_identification:_identify(log) by extension 'ignore'
[1.554s] Level 1:colcon.colcon_core.package_identification:_identify(log) ignored
[1.554s] Level 1:colcon.colcon_core.package_identification:_identify(src) by extensions ['ignore', 'ignore_ament_install']
[1.554s] Level 1:colcon.colcon_core.package_identification:_identify(src) by extension 'ignore'
[1.554s] Level 1:colcon.colcon_core.package_identification:_identify(src) by extension 'ignore_ament_install'
[1.555s] Level 1:colcon.colcon_core.package_identification:_identify(src) by extensions ['colcon_pkg']
[1.555s] Level 1:colcon.colcon_core.package_identification:_identify(src) by extension 'colcon_pkg'
[1.555s] Level 1:colcon.colcon_core.package_identification:_identify(src) by extensions ['colcon_meta']
[1.555s] Level 1:colcon.colcon_core.package_identification:_identify(src) by extension 'colcon_meta'
[1.555s] Level 1:colcon.colcon_core.package_identification:_identify(src) by extensions ['ros']
[1.555s] Level 1:colcon.colcon_core.package_identification:_identify(src) by extension 'ros'
[1.555s] Level 1:colcon.colcon_core.package_identification:_identify(src) by extensions ['cmake', 'python']
[1.555s] Level 1:colcon.colcon_core.package_identification:_identify(src) by extension 'cmake'
[1.555s] Level 1:colcon.colcon_core.package_identification:_identify(src) by extension 'python'
[1.555s] Level 1:colcon.colcon_core.package_identification:_identify(src) by extensions ['python_setup_py']
[1.555s] Level 1:colcon.colcon_core.package_identification:_identify(src) by extension 'python_setup_py'
[1.555s] Level 1:colcon.colcon_core.package_identification:_identify(src/rain_arm_controller) by extensions ['ignore', 'ignore_ament_install']
[1.555s] Level 1:colcon.colcon_core.package_identification:_identify(src/rain_arm_controller) by extension 'ignore'
[1.555s] Level 1:colcon.colcon_core.package_identification:_identify(src/rain_arm_controller) by extension 'ignore_ament_install'
[1.555s] Level 1:colcon.colcon_core.package_identification:_identify(src/rain_arm_controller) by extensions ['colcon_pkg']
[1.555s] Level 1:colcon.colcon_core.package_identification:_identify(src/rain_arm_controller) by extension 'colcon_pkg'
[1.556s] Level 1:colcon.colcon_core.package_identification:_identify(src/rain_arm_controller) by extensions ['colcon_meta']
[1.556s] Level 1:colcon.colcon_core.package_identification:_identify(src/rain_arm_controller) by extension 'colcon_meta'
[1.556s] Level 1:colcon.colcon_core.package_identification:_identify(src/rain_arm_controller) by extensions ['ros']
[1.556s] Level 1:colcon.colcon_core.package_identification:_identify(src/rain_arm_controller) by extension 'ros'
[1.559s] DEBUG:colcon.colcon_core.package_identification:Package 'src/rain_arm_controller' with type 'ros.ament_cmake' and name 'rain_arm_controller'
[1.559s] Level 1:colcon.colcon_core.package_identification:_identify(src/rain_arm_description) by extensions ['ignore', 'ignore_ament_install']
[1.559s] Level 1:colcon.colcon_core.package_identification:_identify(src/rain_arm_description) by extension 'ignore'
[1.559s] Level 1:colcon.colcon_core.package_identification:_identify(src/rain_arm_description) by extension 'ignore_ament_install'
[1.559s] Level 1:colcon.colcon_core.package_identification:_identify(src/rain_arm_description) by extensions ['colcon_pkg']
[1.559s] Level 1:colcon.colcon_core.package_identification:_identify(src/rain_arm_description) by extension 'colcon_pkg'
[1.559s] Level 1:colcon.colcon_core.package_identification:_identify(src/rain_arm_description) by extensions ['colcon_meta']
[1.559s] Level 1:colcon.colcon_core.package_identification:_identify(src/rain_arm_description) by extension 'colcon_meta'
[1.559s] Level 1:colcon.colcon_core.package_identification:_identify(src/rain_arm_description) by extensions ['ros']
[1.559s] Level 1:colcon.colcon_core.package_identification:_identify(src/rain_arm_description) by extension 'ros'
[1.560s] DEBUG:colcon.colcon_core.package_identification:Package 'src/rain_arm_description' with type 'ros.ament_cmake' and name 'rain_arm_description'
[1.560s] Level 1:colcon.colcon_core.package_identification:_identify(src/rain_arm_moveit) by extensions ['ignore', 'ignore_ament_install']
[1.560s] Level 1:colcon.colcon_core.package_identification:_identify(src/rain_arm_moveit) by extension 'ignore'
[1.560s] Level 1:colcon.colcon_core.package_identification:_identify(src/rain_arm_moveit) by extension 'ignore_ament_install'
[1.560s] Level 1:colcon.colcon_core.package_identification:_identify(src/rain_arm_moveit) by extensions ['colcon_pkg']
[1.560s] Level 1:colcon.colcon_core.package_identification:_identify(src/rain_arm_moveit) by extension 'colcon_pkg'
[1.560s] Level 1:colcon.colcon_core.package_identification:_identify(src/rain_arm_moveit) by extensions ['colcon_meta']
[1.561s] Level 1:colcon.colcon_core.package_identification:_identify(src/rain_arm_moveit) by extension 'colcon_meta'
[1.561s] Level 1:colcon.colcon_core.package_identification:_identify(src/rain_arm_moveit) by extensions ['ros']
[1.561s] Level 1:colcon.colcon_core.package_identification:_identify(src/rain_arm_moveit) by extension 'ros'
[1.569s] DEBUG:colcon.colcon_core.package_identification:Package 'src/rain_arm_moveit' with type 'ros.ament_cmake' and name 'rain_arm_moveit'
[1.569s] Level 1:colcon.colcon_core.package_identification:_identify(src/rain_arm_msgs) by extensions ['ignore', 'ignore_ament_install']
[1.569s] Level 1:colcon.colcon_core.package_identification:_identify(src/rain_arm_msgs) by extension 'ignore'
[1.569s] Level 1:colcon.colcon_core.package_identification:_identify(src/rain_arm_msgs) by extension 'ignore_ament_install'
[1.570s] Level 1:colcon.colcon_core.package_identification:_identify(src/rain_arm_msgs) by extensions ['colcon_pkg']
[1.570s] Level 1:colcon.colcon_core.package_identification:_identify(src/rain_arm_msgs) by extension 'colcon_pkg'
[1.570s] Level 1:colcon.colcon_core.package_identification:_identify(src/rain_arm_msgs) by extensions ['colcon_meta']
[1.570s] Level 1:colcon.colcon_core.package_identification:_identify(src/rain_arm_msgs) by extension 'colcon_meta'
[1.570s] Level 1:colcon.colcon_core.package_identification:_identify(src/rain_arm_msgs) by extensions ['ros']
[1.570s] Level 1:colcon.colcon_core.package_identification:_identify(src/rain_arm_msgs) by extension 'ros'
[1.571s] DEBUG:colcon.colcon_core.package_identification:Package 'src/rain_arm_msgs' with type 'ros.ament_cmake' and name 'rain_arm_msgs'
[1.571s] Level 1:colcon.colcon_core.package_identification:_identify(src/rainbot_cpp) by extensions ['ignore', 'ignore_ament_install']
[1.571s] Level 1:colcon.colcon_core.package_identification:_identify(src/rainbot_cpp) by extension 'ignore'
[1.571s] Level 1:colcon.colcon_core.package_identification:_identify(src/rainbot_cpp) by extension 'ignore_ament_install'
[1.571s] Level 1:colcon.colcon_core.package_identification:_identify(src/rainbot_cpp) by extensions ['colcon_pkg']
[1.571s] Level 1:colcon.colcon_core.package_identification:_identify(src/rainbot_cpp) by extension 'colcon_pkg'
[1.571s] Level 1:colcon.colcon_core.package_identification:_identify(src/rainbot_cpp) by extensions ['colcon_meta']
[1.571s] Level 1:colcon.colcon_core.package_identification:_identify(src/rainbot_cpp) by extension 'colcon_meta'
[1.571s] Level 1:colcon.colcon_core.package_identification:_identify(src/rainbot_cpp) by extensions ['ros']
[1.571s] Level 1:colcon.colcon_core.package_identification:_identify(src/rainbot_cpp) by extension 'ros'
[1.572s] DEBUG:colcon.colcon_core.package_identification:Package 'src/rainbot_cpp' with type 'ros.ament_cmake' and name 'rainbot_cpp'
[1.572s] Level 1:colcon.colcon_core.package_identification:_identify(src/rainbot_py) by extensions ['ignore', 'ignore_ament_install']
[1.572s] Level 1:colcon.colcon_core.package_identification:_identify(src/rainbot_py) by extension 'ignore'
[1.572s] Level 1:colcon.colcon_core.package_identification:_identify(src/rainbot_py) by extension 'ignore_ament_install'
[1.572s] Level 1:colcon.colcon_core.package_identification:_identify(src/rainbot_py) by extensions ['colcon_pkg']
[1.572s] Level 1:colcon.colcon_core.package_identification:_identify(src/rainbot_py) by extension 'colcon_pkg'
[1.572s] Level 1:colcon.colcon_core.package_identification:_identify(src/rainbot_py) by extensions ['colcon_meta']
[1.572s] Level 1:colcon.colcon_core.package_identification:_identify(src/rainbot_py) by extension 'colcon_meta'
[1.572s] Level 1:colcon.colcon_core.package_identification:_identify(src/rainbot_py) by extensions ['ros']
[1.572s] Level 1:colcon.colcon_core.package_identification:_identify(src/rainbot_py) by extension 'ros'
[1.573s] DEBUG:colcon.colcon_core.package_identification:Package 'src/rainbot_py' with type 'ros.ament_python' and name 'rainbot_py'
[1.573s] Level 1:colcon.colcon_core.package_identification:_identify(src/rainbot_utils) by extensions ['ignore', 'ignore_ament_install']
[1.573s] Level 1:colcon.colcon_core.package_identification:_identify(src/rainbot_utils) by extension 'ignore'
[1.573s] Level 1:colcon.colcon_core.package_identification:_identify(src/rainbot_utils) by extension 'ignore_ament_install'
[1.573s] Level 1:colcon.colcon_core.package_identification:_identify(src/rainbot_utils) by extensions ['colcon_pkg']
[1.573s] Level 1:colcon.colcon_core.package_identification:_identify(src/rainbot_utils) by extension 'colcon_pkg'
[1.574s] Level 1:colcon.colcon_core.package_identification:_identify(src/rainbot_utils) by extensions ['colcon_meta']
[1.574s] Level 1:colcon.colcon_core.package_identification:_identify(src/rainbot_utils) by extension 'colcon_meta'
[1.574s] Level 1:colcon.colcon_core.package_identification:_identify(src/rainbot_utils) by extensions ['ros']
[1.574s] Level 1:colcon.colcon_core.package_identification:_identify(src/rainbot_utils) by extension 'ros'
[1.574s] DEBUG:colcon.colcon_core.package_identification:Package 'src/rainbot_utils' with type 'ros.ament_cmake' and name 'rainbot_utils'
[1.574s] Level 1:colcon.colcon_core.package_discovery:discover_packages(recursive) using defaults
[1.574s] Level 1:colcon.colcon_core.package_discovery:discover_packages(ignore) discover
[1.574s] Level 1:colcon.colcon_core.package_discovery:discover_packages(ignore) using defaults
[1.574s] Level 1:colcon.colcon_core.package_discovery:discover_packages(path) discover
[1.575s] Level 1:colcon.colcon_core.package_discovery:discover_packages(path) using defaults
[1.725s] Level 1:colcon.colcon_core.package_discovery:discover_packages(prefix_path) check parameters
[1.725s] Level 1:colcon.colcon_core.package_discovery:discover_packages(prefix_path) discover
[1.769s] DEBUG:colcon.colcon_installed_package_information.package_discovery:Found 7 installed packages in /home/emmanuel/rainbot_ws/install
[1.790s] DEBUG:colcon.colcon_installed_package_information.package_discovery:Found 429 installed packages in /opt/ros/humble
[1.807s] Level 1:colcon.colcon_core.package_discovery:discover_packages(prefix_path) using defaults
[2.020s] Level 5:colcon.colcon_core.verb:set package 'rain_arm_controller' build argument 'cmake_args' from command line to 'None'
[2.020s] Level 5:colcon.colcon_core.verb:set package 'rain_arm_controller' build argument 'cmake_target' from command line to 'None'
[2.020s] Level 5:colcon.colcon_core.verb:set package 'rain_arm_controller' build argument 'cmake_target_skip_unavailable' from command line to 'False'
[2.020s] Level 5:colcon.colcon_core.verb:set package 'rain_arm_controller' build argument 'cmake_clean_cache' from command line to 'False'
[2.020s] Level 5:colcon.colcon_core.verb:set package 'rain_arm_controller' build argument 'cmake_clean_first' from command line to 'False'
[2.020s] Level 5:colcon.colcon_core.verb:set package 'rain_arm_controller' build argument 'cmake_force_configure' from command line to 'False'
[2.020s] Level 5:colcon.colcon_core.verb:set package 'rain_arm_controller' build argument 'ament_cmake_args' from command line to 'None'
[2.020s] Level 5:colcon.colcon_core.verb:set package 'rain_arm_controller' build argument 'catkin_cmake_args' from command line to 'None'
[2.020s] Level 5:colcon.colcon_core.verb:set package 'rain_arm_controller' build argument 'catkin_skip_building_tests' from command line to 'False'
[2.020s] DEBUG:colcon.colcon_core.verb:Building package 'rain_arm_controller' with the following arguments: {'ament_cmake_args': None, 'build_base': '/home/emmanuel/rainbot_ws/build/rain_arm_controller', 'catkin_cmake_args': None, 'catkin_skip_building_tests': False, 'cmake_args': None, 'cmake_clean_cache': False, 'cmake_clean_first': False, 'cmake_force_configure': False, 'cmake_target': None, 'cmake_target_skip_unavailable': False, 'install_base': '/home/emmanuel/rainbot_ws/install/rain_arm_controller', 'merge_install': False, 'path': '/home/emmanuel/rainbot_ws/src/rain_arm_controller', 'symlink_install': False, 'test_result_base': None}
[2.046s] Level 5:colcon.colcon_core.verb:set package 'rain_arm_description' build argument 'cmake_args' from command line to 'None'
[2.046s] Level 5:colcon.colcon_core.verb:set package 'rain_arm_description' build argument 'cmake_target' from command line to 'None'
[2.046s] Level 5:colcon.colcon_core.verb:set package 'rain_arm_description' build argument 'cmake_target_skip_unavailable' from command line to 'False'
[2.046s] Level 5:colcon.colcon_core.verb:set package 'rain_arm_description' build argument 'cmake_clean_cache' from command line to 'False'
[2.047s] Level 5:colcon.colcon_core.verb:set package 'rain_arm_description' build argument 'cmake_clean_first' from command line to 'False'
[2.047s] Level 5:colcon.colcon_core.verb:set package 'rain_arm_description' build argument 'cmake_force_configure' from command line to 'False'
[2.047s] Level 5:colcon.colcon_core.verb:set package 'rain_arm_description' build argument 'ament_cmake_args' from command line to 'None'
[2.047s] Level 5:colcon.colcon_core.verb:set package 'rain_arm_description' build argument 'catkin_cmake_args' from command line to 'None'
[2.047s] Level 5:colcon.colcon_core.verb:set package 'rain_arm_description' build argument 'catkin_skip_building_tests' from command line to 'False'
[2.047s] DEBUG:colcon.colcon_core.verb:Building package 'rain_arm_description' with the following arguments: {'ament_cmake_args': None, 'build_base': '/home/emmanuel/rainbot_ws/build/rain_arm_description', 'catkin_cmake_args': None, 'catkin_skip_building_tests': False, 'cmake_args': None, 'cmake_clean_cache': False, 'cmake_clean_first': False, 'cmake_force_configure': False, 'cmake_target': None, 'cmake_target_skip_unavailable': False, 'install_base': '/home/emmanuel/rainbot_ws/install/rain_arm_description', 'merge_install': False, 'path': '/home/emmanuel/rainbot_ws/src/rain_arm_description', 'symlink_install': False, 'test_result_base': None}
[2.092s] Level 5:colcon.colcon_core.verb:set package 'rain_arm_moveit' build argument 'cmake_args' from command line to 'None'
[2.092s] Level 5:colcon.colcon_core.verb:set package 'rain_arm_moveit' build argument 'cmake_target' from command line to 'None'
[2.092s] Level 5:colcon.colcon_core.verb:set package 'rain_arm_moveit' build argument 'cmake_target_skip_unavailable' from command line to 'False'
[2.092s] Level 5:colcon.colcon_core.verb:set package 'rain_arm_moveit' build argument 'cmake_clean_cache' from command line to 'False'
[2.092s] Level 5:colcon.colcon_core.verb:set package 'rain_arm_moveit' build argument 'cmake_clean_first' from command line to 'False'
[2.092s] Level 5:colcon.colcon_core.verb:set package 'rain_arm_moveit' build argument 'cmake_force_configure' from command line to 'False'
[2.092s] Level 5:colcon.colcon_core.verb:set package 'rain_arm_moveit' build argument 'ament_cmake_args' from command line to 'None'
[2.092s] Level 5:colcon.colcon_core.verb:set package 'rain_arm_moveit' build argument 'catkin_cmake_args' from command line to 'None'
[2.093s] Level 5:colcon.colcon_core.verb:set package 'rain_arm_moveit' build argument 'catkin_skip_building_tests' from command line to 'False'
[2.093s] DEBUG:colcon.colcon_core.verb:Building package 'rain_arm_moveit' with the following arguments: {'ament_cmake_args': None, 'build_base': '/home/emmanuel/rainbot_ws/build/rain_arm_moveit', 'catkin_cmake_args': None, 'catkin_skip_building_tests': False, 'cmake_args': None, 'cmake_clean_cache': False, 'cmake_clean_first': False, 'cmake_force_configure': False, 'cmake_target': None, 'cmake_target_skip_unavailable': False, 'install_base': '/home/emmanuel/rainbot_ws/install/rain_arm_moveit', 'merge_install': False, 'path': '/home/emmanuel/rainbot_ws/src/rain_arm_moveit', 'symlink_install': False, 'test_result_base': None}
[2.118s] Level 5:colcon.colcon_core.verb:set package 'rain_arm_msgs' build argument 'cmake_args' from command line to 'None'
[2.118s] Level 5:colcon.colcon_core.verb:set package 'rain_arm_msgs' build argument 'cmake_target' from command line to 'None'
[2.119s] Level 5:colcon.colcon_core.verb:set package 'rain_arm_msgs' build argument 'cmake_target_skip_unavailable' from command line to 'False'
[2.119s] Level 5:colcon.colcon_core.verb:set package 'rain_arm_msgs' build argument 'cmake_clean_cache' from command line to 'False'
[2.119s] Level 5:colcon.colcon_core.verb:set package 'rain_arm_msgs' build argument 'cmake_clean_first' from command line to 'False'
[2.119s] Level 5:colcon.colcon_core.verb:set package 'rain_arm_msgs' build argument 'cmake_force_configure' from command line to 'False'
[2.119s] Level 5:colcon.colcon_core.verb:set package 'rain_arm_msgs' build argument 'ament_cmake_args' from command line to 'None'
[2.119s] Level 5:colcon.colcon_core.verb:set package 'rain_arm_msgs' build argument 'catkin_cmake_args' from command line to 'None'
[2.119s] Level 5:colcon.colcon_core.verb:set package 'rain_arm_msgs' build argument 'catkin_skip_building_tests' from command line to 'False'
[2.119s] DEBUG:colcon.colcon_core.verb:Building package 'rain_arm_msgs' with the following arguments: {'ament_cmake_args': None, 'build_base': '/home/emmanuel/rainbot_ws/build/rain_arm_msgs', 'catkin_cmake_args': None, 'catkin_skip_building_tests': False, 'cmake_args': None, 'cmake_clean_cache': False, 'cmake_clean_first': False, 'cmake_force_configure': False, 'cmake_target': None, 'cmake_target_skip_unavailable': False, 'install_base': '/home/emmanuel/rainbot_ws/install/rain_arm_msgs', 'merge_install': False, 'path': '/home/emmanuel/rainbot_ws/src/rain_arm_msgs', 'symlink_install': False, 'test_result_base': None}
[2.143s] Level 5:colcon.colcon_core.verb:set package 'rainbot_cpp' build argument 'cmake_args' from command line to 'None'
[2.143s] Level 5:colcon.colcon_core.verb:set package 'rainbot_cpp' build argument 'cmake_target' from command line to 'None'
[2.143s] Level 5:colcon.colcon_core.verb:set package 'rainbot_cpp' build argument 'cmake_target_skip_unavailable' from command line to 'False'
[2.143s] Level 5:colcon.colcon_core.verb:set package 'rainbot_cpp' build argument 'cmake_clean_cache' from command line to 'False'
[2.143s] Level 5:colcon.colcon_core.verb:set package 'rainbot_cpp' build argument 'cmake_clean_first' from command line to 'False'
[2.143s] Level 5:colcon.colcon_core.verb:set package 'rainbot_cpp' build argument 'cmake_force_configure' from command line to 'False'
[2.143s] Level 5:colcon.colcon_core.verb:set package 'rainbot_cpp' build argument 'ament_cmake_args' from command line to 'None'
[2.143s] Level 5:colcon.colcon_core.verb:set package 'rainbot_cpp' build argument 'catkin_cmake_args' from command line to 'None'
[2.143s] Level 5:colcon.colcon_core.verb:set package 'rainbot_cpp' build argument 'catkin_skip_building_tests' from command line to 'False'
[2.143s] DEBUG:colcon.colcon_core.verb:Building package 'rainbot_cpp' with the following arguments: {'ament_cmake_args': None, 'build_base': '/home/emmanuel/rainbot_ws/build/rainbot_cpp', 'catkin_cmake_args': None, 'catkin_skip_building_tests': False, 'cmake_args': None, 'cmake_clean_cache': False, 'cmake_clean_first': False, 'cmake_force_configure': False, 'cmake_target': None, 'cmake_target_skip_unavailable': False, 'install_base': '/home/emmanuel/rainbot_ws/install/rainbot_cpp', 'merge_install': False, 'path': '/home/emmanuel/rainbot_ws/src/rainbot_cpp', 'symlink_install': False, 'test_result_base': None}
[2.168s] Level 5:colcon.colcon_core.verb:set package 'rainbot_py' build argument 'cmake_args' from command line to 'None'
[2.168s] Level 5:colcon.colcon_core.verb:set package 'rainbot_py' build argument 'cmake_target' from command line to 'None'
[2.168s] Level 5:colcon.colcon_core.verb:set package 'rainbot_py' build argument 'cmake_target_skip_unavailable' from command line to 'False'
[2.168s] Level 5:colcon.colcon_core.verb:set package 'rainbot_py' build argument 'cmake_clean_cache' from command line to 'False'
[2.168s] Level 5:colcon.colcon_core.verb:set package 'rainbot_py' build argument 'cmake_clean_first' from command line to 'False'
[2.168s] Level 5:colcon.colcon_core.verb:set package 'rainbot_py' build argument 'cmake_force_configure' from command line to 'False'
[2.169s] Level 5:colcon.colcon_core.verb:set package 'rainbot_py' build argument 'ament_cmake_args' from command line to 'None'
[2.169s] Level 5:colcon.colcon_core.verb:set package 'rainbot_py' build argument 'catkin_cmake_args' from command line to 'None'
[2.169s] Level 5:colcon.colcon_core.verb:set package 'rainbot_py' build argument 'catkin_skip_building_tests' from command line to 'False'
[2.169s] DEBUG:colcon.colcon_core.verb:Building package 'rainbot_py' with the following arguments: {'ament_cmake_args': None, 'build_base': '/home/emmanuel/rainbot_ws/build/rainbot_py', 'catkin_cmake_args': None, 'catkin_skip_building_tests': False, 'cmake_args': None, 'cmake_clean_cache': False, 'cmake_clean_first': False, 'cmake_force_configure': False, 'cmake_target': None, 'cmake_target_skip_unavailable': False, 'install_base': '/home/emmanuel/rainbot_ws/install/rainbot_py', 'merge_install': False, 'path': '/home/emmanuel/rainbot_ws/src/rainbot_py', 'symlink_install': False, 'test_result_base': None}
[2.193s] Level 5:colcon.colcon_core.verb:set package 'rainbot_utils' build argument 'cmake_args' from command line to 'None'
[2.193s] Level 5:colcon.colcon_core.verb:set package 'rainbot_utils' build argument 'cmake_target' from command line to 'None'
[2.193s] Level 5:colcon.colcon_core.verb:set package 'rainbot_utils' build argument 'cmake_target_skip_unavailable' from command line to 'False'
[2.193s] Level 5:colcon.colcon_core.verb:set package 'rainbot_utils' build argument 'cmake_clean_cache' from command line to 'False'
[2.193s] Level 5:colcon.colcon_core.verb:set package 'rainbot_utils' build argument 'cmake_clean_first' from command line to 'False'
[2.193s] Level 5:colcon.colcon_core.verb:set package 'rainbot_utils' build argument 'cmake_force_configure' from command line to 'False'
[2.193s] Level 5:colcon.colcon_core.verb:set package 'rainbot_utils' build argument 'ament_cmake_args' from command line to 'None'
[2.193s] Level 5:colcon.colcon_core.verb:set package 'rainbot_utils' build argument 'catkin_cmake_args' from command line to 'None'
[2.193s] Level 5:colcon.colcon_core.verb:set package 'rainbot_utils' build argument 'catkin_skip_building_tests' from command line to 'False'
[2.193s] DEBUG:colcon.colcon_core.verb:Building package 'rainbot_utils' with the following arguments: {'ament_cmake_args': None, 'build_base': '/home/emmanuel/rainbot_ws/build/rainbot_utils', 'catkin_cmake_args': None, 'catkin_skip_building_tests': False, 'cmake_args': None, 'cmake_clean_cache': False, 'cmake_clean_first': False, 'cmake_force_configure': False, 'cmake_target': None, 'cmake_target_skip_unavailable': False, 'install_base': '/home/emmanuel/rainbot_ws/install/rainbot_utils', 'merge_install': False, 'path': '/home/emmanuel/rainbot_ws/src/rainbot_utils', 'symlink_install': False, 'test_result_base': None}
[2.218s] INFO:colcon.colcon_core.executor:Executing jobs using 'parallel' executor
[2.241s] DEBUG:colcon.colcon_parallel_executor.executor.parallel:run_until_complete
[2.242s] INFO:colcon.colcon_ros.task.ament_cmake.build:Building ROS package in '/home/emmanuel/rainbot_ws/src/rain_arm_msgs' with build type 'ament_cmake'
[2.242s] INFO:colcon.colcon_cmake.task.cmake.build:Building CMake package in '/home/emmanuel/rainbot_ws/src/rain_arm_msgs'
[2.265s] INFO:colcon.colcon_core.plugin_system:Skipping extension 'colcon_core.shell.bat': Not used on non-Windows systems
[2.265s] INFO:colcon.colcon_core.shell:Skip shell extension 'powershell' for command environment: Not usable outside of PowerShell
[2.265s] DEBUG:colcon.colcon_core.shell:Skip shell extension 'dsv' for command environment
[2.336s] INFO:colcon.colcon_ros.task.ament_cmake.build:Building ROS package in '/home/emmanuel/rainbot_ws/src/rain_arm_controller' with build type 'ament_cmake'
[2.337s] INFO:colcon.colcon_cmake.task.cmake.build:Building CMake package in '/home/emmanuel/rainbot_ws/src/rain_arm_controller'
[2.359s] INFO:colcon.colcon_core.shell:Skip shell extension 'powershell' for command environment: Not usable outside of PowerShell
[2.359s] DEBUG:colcon.colcon_core.shell:Skip shell extension 'dsv' for command environment
[2.426s] INFO:colcon.colcon_ros.task.ament_cmake.build:Building ROS package in '/home/emmanuel/rainbot_ws/src/rain_arm_description' with build type 'ament_cmake'
[2.426s] INFO:colcon.colcon_cmake.task.cmake.build:Building CMake package in '/home/emmanuel/rainbot_ws/src/rain_arm_description'
[2.449s] INFO:colcon.colcon_core.shell:Skip shell extension 'powershell' for command environment: Not usable outside of PowerShell
[2.449s] DEBUG:colcon.colcon_core.shell:Skip shell extension 'dsv' for command environment
[2.518s] INFO:colcon.colcon_ros.task.ament_cmake.build:Building ROS package in '/home/emmanuel/rainbot_ws/src/rain_arm_moveit' with build type 'ament_cmake'
[2.519s] INFO:colcon.colcon_cmake.task.cmake.build:Building CMake package in '/home/emmanuel/rainbot_ws/src/rain_arm_moveit'
[2.542s] INFO:colcon.colcon_core.shell:Skip shell extension 'powershell' for command environment: Not usable outside of PowerShell
[2.542s] DEBUG:colcon.colcon_core.shell:Skip shell extension 'dsv' for command environment
[2.617s] DEBUG:colcon.colcon_core.event_handler.log_command:Invoking command in '/home/emmanuel/rainbot_ws/build/rain_arm_msgs': CMAKE_PREFIX_PATH=${CMAKE_PREFIX_PATH}:/home/emmanuel/rainbot_ws/install/rainbot_py:/opt/ros/humble /usr/bin/cmake --build /home/emmanuel/rainbot_ws/build/rain_arm_msgs -- -j4 -l4
[2.620s] DEBUG:colcon.colcon_core.event_handler.log_command:Invoking command in '/home/emmanuel/rainbot_ws/build/rain_arm_controller': CMAKE_PREFIX_PATH=${CMAKE_PREFIX_PATH}:/home/emmanuel/rainbot_ws/install/rainbot_py:/opt/ros/humble /usr/bin/cmake --build /home/emmanuel/rainbot_ws/build/rain_arm_controller -- -j4 -l4
[2.624s] DEBUG:colcon.colcon_core.event_handler.log_command:Invoking command in '/home/emmanuel/rainbot_ws/build/rain_arm_description': CMAKE_PREFIX_PATH=${CMAKE_PREFIX_PATH}:/home/emmanuel/rainbot_ws/install/rainbot_py:/opt/ros/humble /usr/bin/cmake --build /home/emmanuel/rainbot_ws/build/rain_arm_description -- -j4 -l4
[2.628s] DEBUG:colcon.colcon_core.event_handler.log_command:Invoking command in '/home/emmanuel/rainbot_ws/build/rain_arm_moveit': CMAKE_PREFIX_PATH=${CMAKE_PREFIX_PATH}:/home/emmanuel/rainbot_ws/install/rainbot_py:/opt/ros/humble /usr/bin/cmake --build /home/emmanuel/rainbot_ws/build/rain_arm_moveit -- -j4 -l4
[2.892s] DEBUG:colcon.colcon_core.event_handler.log_command:Invoked command in '/home/emmanuel/rainbot_ws/build/rain_arm_moveit' returned '0': CMAKE_PREFIX_PATH=${CMAKE_PREFIX_PATH}:/home/emmanuel/rainbot_ws/install/rainbot_py:/opt/ros/humble /usr/bin/cmake --build /home/emmanuel/rainbot_ws/build/rain_arm_moveit -- -j4 -l4
[2.902s] DEBUG:colcon.colcon_core.event_handler.log_command:Invoked command in '/home/emmanuel/rainbot_ws/build/rain_arm_description' returned '0': CMAKE_PREFIX_PATH=${CMAKE_PREFIX_PATH}:/home/emmanuel/rainbot_ws/install/rainbot_py:/opt/ros/humble /usr/bin/cmake --build /home/emmanuel/rainbot_ws/build/rain_arm_description -- -j4 -l4
[2.921s] DEBUG:colcon.colcon_core.event_handler.log_command:Invoked command in '/home/emmanuel/rainbot_ws/build/rain_arm_controller' returned '0': CMAKE_PREFIX_PATH=${CMAKE_PREFIX_PATH}:/home/emmanuel/rainbot_ws/install/rainbot_py:/opt/ros/humble /usr/bin/cmake --build /home/emmanuel/rainbot_ws/build/rain_arm_controller -- -j4 -l4
[2.954s] DEBUG:colcon.colcon_core.event_handler.log_command:Invoking command in '/home/emmanuel/rainbot_ws/build/rain_arm_moveit': CMAKE_PREFIX_PATH=${CMAKE_PREFIX_PATH}:/home/emmanuel/rainbot_ws/install/rainbot_py:/opt/ros/humble /usr/bin/cmake --install /home/emmanuel/rainbot_ws/build/rain_arm_moveit
[2.957s] DEBUG:colcon.colcon_core.event_handler.log_command:Invoking command in '/home/emmanuel/rainbot_ws/build/rain_arm_description': CMAKE_PREFIX_PATH=${CMAKE_PREFIX_PATH}:/home/emmanuel/rainbot_ws/install/rainbot_py:/opt/ros/humble /usr/bin/cmake --install /home/emmanuel/rainbot_ws/build/rain_arm_description
[2.961s] DEBUG:colcon.colcon_core.event_handler.log_command:Invoking command in '/home/emmanuel/rainbot_ws/build/rain_arm_controller': CMAKE_PREFIX_PATH=${CMAKE_PREFIX_PATH}:/home/emmanuel/rainbot_ws/install/rainbot_py:/opt/ros/humble /usr/bin/cmake --install /home/emmanuel/rainbot_ws/build/rain_arm_controller
[2.983s] Level 1:colcon.colcon_core.environment:create_environment_scripts_only(rain_arm_controller)
[2.997s] DEBUG:colcon.colcon_core.event_handler.log_command:Invoked command in '/home/emmanuel/rainbot_ws/build/rain_arm_controller' returned '0': CMAKE_PREFIX_PATH=${CMAKE_PREFIX_PATH}:/home/emmanuel/rainbot_ws/install/rainbot_py:/opt/ros/humble /usr/bin/cmake --install /home/emmanuel/rainbot_ws/build/rain_arm_controller
[3.031s] Level 1:colcon.colcon_core.environment:checking '/home/emmanuel/rainbot_ws/install/rain_arm_controller' for CMake module files
[3.032s] Level 1:colcon.colcon_core.environment:checking '/home/emmanuel/rainbot_ws/install/rain_arm_controller' for CMake config files
[3.032s] Level 1:colcon.colcon_core.shell:create_environment_hook('rain_arm_controller', 'cmake_prefix_path')
[3.065s] INFO:colcon.colcon_core.shell:Creating environment hook '/home/emmanuel/rainbot_ws/install/rain_arm_controller/share/rain_arm_controller/hook/cmake_prefix_path.ps1'
[3.066s] INFO:colcon.colcon_core.shell:Creating environment descriptor '/home/emmanuel/rainbot_ws/install/rain_arm_controller/share/rain_arm_controller/hook/cmake_prefix_path.dsv'
[3.067s] INFO:colcon.colcon_core.shell:Creating environment hook '/home/emmanuel/rainbot_ws/install/rain_arm_controller/share/rain_arm_controller/hook/cmake_prefix_path.sh'
[3.068s] Level 1:colcon.colcon_core.environment:checking '/home/emmanuel/rainbot_ws/install/rain_arm_controller/bin'
[3.068s] Level 1:colcon.colcon_core.environment:checking '/home/emmanuel/rainbot_ws/install/rain_arm_controller/lib/pkgconfig/rain_arm_controller.pc'
[3.069s] Level 1:colcon.colcon_core.environment:checking '/home/emmanuel/rainbot_ws/install/rain_arm_controller/lib/python3.10/site-packages'
[3.069s] Level 1:colcon.colcon_core.environment:checking '/home/emmanuel/rainbot_ws/install/rain_arm_controller/bin'
[3.096s] INFO:colcon.colcon_core.shell:Creating package script '/home/emmanuel/rainbot_ws/install/rain_arm_controller/share/rain_arm_controller/package.ps1'
[3.097s] INFO:colcon.colcon_core.shell:Creating package descriptor '/home/emmanuel/rainbot_ws/install/rain_arm_controller/share/rain_arm_controller/package.dsv'
[3.098s] INFO:colcon.colcon_core.shell:Creating package script '/home/emmanuel/rainbot_ws/install/rain_arm_controller/share/rain_arm_controller/package.sh'
[3.099s] INFO:colcon.colcon_core.shell:Creating package script '/home/emmanuel/rainbot_ws/install/rain_arm_controller/share/rain_arm_controller/package.bash'
[3.100s] INFO:colcon.colcon_core.shell:Creating package script '/home/emmanuel/rainbot_ws/install/rain_arm_controller/share/rain_arm_controller/package.zsh'
[3.102s] Level 1:colcon.colcon_core.environment:create_file_with_runtime_dependencies(/home/emmanuel/rainbot_ws/install/rain_arm_controller/share/colcon-core/packages/rain_arm_controller)
[3.111s] Level 1:colcon.colcon_core.environment:create_environment_scripts_only(rain_arm_moveit)
[3.121s] DEBUG:colcon.colcon_core.event_handler.log_command:Invoked command in '/home/emmanuel/rainbot_ws/build/rain_arm_moveit' returned '0': CMAKE_PREFIX_PATH=${CMAKE_PREFIX_PATH}:/home/emmanuel/rainbot_ws/install/rainbot_py:/opt/ros/humble /usr/bin/cmake --install /home/emmanuel/rainbot_ws/build/rain_arm_moveit
[3.153s] Level 1:colcon.colcon_core.environment:checking '/home/emmanuel/rainbot_ws/install/rain_arm_moveit' for CMake module files
[3.154s] Level 1:colcon.colcon_core.environment:checking '/home/emmanuel/rainbot_ws/install/rain_arm_moveit' for CMake config files
[3.155s] Level 1:colcon.colcon_core.shell:create_environment_hook('rain_arm_moveit', 'cmake_prefix_path')
[3.189s] INFO:colcon.colcon_core.shell:Creating environment hook '/home/emmanuel/rainbot_ws/install/rain_arm_moveit/share/rain_arm_moveit/hook/cmake_prefix_path.ps1'
[3.190s] INFO:colcon.colcon_core.shell:Creating environment descriptor '/home/emmanuel/rainbot_ws/install/rain_arm_moveit/share/rain_arm_moveit/hook/cmake_prefix_path.dsv'
[3.190s] INFO:colcon.colcon_core.shell:Creating environment hook '/home/emmanuel/rainbot_ws/install/rain_arm_moveit/share/rain_arm_moveit/hook/cmake_prefix_path.sh'
[3.191s] Level 1:colcon.colcon_core.environment:checking '/home/emmanuel/rainbot_ws/install/rain_arm_moveit/bin'
[3.191s] Level 1:colcon.colcon_core.environment:checking '/home/emmanuel/rainbot_ws/install/rain_arm_moveit/lib/pkgconfig/rain_arm_moveit.pc'
[3.192s] Level 1:colcon.colcon_core.environment:checking '/home/emmanuel/rainbot_ws/install/rain_arm_moveit/lib/python3.10/site-packages'
[3.192s] Level 1:colcon.colcon_core.environment:checking '/home/emmanuel/rainbot_ws/install/rain_arm_moveit/bin'
[3.235s] INFO:colcon.colcon_core.shell:Creating package script '/home/emmanuel/rainbot_ws/install/rain_arm_moveit/share/rain_arm_moveit/package.ps1'
[3.236s] INFO:colcon.colcon_core.shell:Creating package descriptor '/home/emmanuel/rainbot_ws/install/rain_arm_moveit/share/rain_arm_moveit/package.dsv'
[3.237s] INFO:colcon.colcon_core.shell:Creating package script '/home/emmanuel/rainbot_ws/install/rain_arm_moveit/share/rain_arm_moveit/package.sh'
[3.237s] INFO:colcon.colcon_core.shell:Creating package script '/home/emmanuel/rainbot_ws/install/rain_arm_moveit/share/rain_arm_moveit/package.bash'
[3.238s] INFO:colcon.colcon_core.shell:Creating package script '/home/emmanuel/rainbot_ws/install/rain_arm_moveit/share/rain_arm_moveit/package.zsh'
[3.238s] Level 1:colcon.colcon_core.environment:create_file_with_runtime_dependencies(/home/emmanuel/rainbot_ws/install/rain_arm_moveit/share/colcon-core/packages/rain_arm_moveit)
[3.240s] Level 1:colcon.colcon_core.environment:create_environment_scripts_only(rain_arm_description)
[3.249s] DEBUG:colcon.colcon_core.event_handler.log_command:Invoked command in '/home/emmanuel/rainbot_ws/build/rain_arm_description' returned '0': CMAKE_PREFIX_PATH=${CMAKE_PREFIX_PATH}:/home/emmanuel/rainbot_ws/install/rainbot_py:/opt/ros/humble /usr/bin/cmake --install /home/emmanuel/rainbot_ws/build/rain_arm_description
[3.284s] Level 1:colcon.colcon_core.environment:checking '/home/emmanuel/rainbot_ws/install/rain_arm_description' for CMake module files
[3.285s] Level 1:colcon.colcon_core.environment:checking '/home/emmanuel/rainbot_ws/install/rain_arm_description' for CMake config files
[3.286s] Level 1:colcon.colcon_core.shell:create_environment_hook('rain_arm_description', 'cmake_prefix_path')
[3.328s] INFO:colcon.colcon_core.shell:Creating environment hook '/home/emmanuel/rainbot_ws/install/rain_arm_description/share/rain_arm_description/hook/cmake_prefix_path.ps1'
[3.329s] INFO:colcon.colcon_core.shell:Creating environment descriptor '/home/emmanuel/rainbot_ws/install/rain_arm_description/share/rain_arm_description/hook/cmake_prefix_path.dsv'
[3.329s] INFO:colcon.colcon_core.shell:Creating environment hook '/home/emmanuel/rainbot_ws/install/rain_arm_description/share/rain_arm_description/hook/cmake_prefix_path.sh'
[3.330s] Level 1:colcon.colcon_core.environment:checking '/home/emmanuel/rainbot_ws/install/rain_arm_description/bin'
[3.331s] Level 1:colcon.colcon_core.environment:checking '/home/emmanuel/rainbot_ws/install/rain_arm_description/lib/pkgconfig/rain_arm_description.pc'
[3.331s] Level 1:colcon.colcon_core.environment:checking '/home/emmanuel/rainbot_ws/install/rain_arm_description/lib/python3.10/site-packages'
[3.332s] Level 1:colcon.colcon_core.environment:checking '/home/emmanuel/rainbot_ws/install/rain_arm_description/bin'
[3.379s] INFO:colcon.colcon_core.shell:Creating package script '/home/emmanuel/rainbot_ws/install/rain_arm_description/share/rain_arm_description/package.ps1'
[3.380s] INFO:colcon.colcon_core.shell:Creating package descriptor '/home/emmanuel/rainbot_ws/install/rain_arm_description/share/rain_arm_description/package.dsv'
[3.381s] INFO:colcon.colcon_core.shell:Creating package script '/home/emmanuel/rainbot_ws/install/rain_arm_description/share/rain_arm_description/package.sh'
[3.381s] INFO:colcon.colcon_core.shell:Creating package script '/home/emmanuel/rainbot_ws/install/rain_arm_description/share/rain_arm_description/package.bash'
[3.382s] INFO:colcon.colcon_core.shell:Creating package script '/home/emmanuel/rainbot_ws/install/rain_arm_description/share/rain_arm_description/package.zsh'
[3.383s] Level 1:colcon.colcon_core.environment:create_file_with_runtime_dependencies(/home/emmanuel/rainbot_ws/install/rain_arm_description/share/colcon-core/packages/rain_arm_description)
[3.434s] Level 1:colcon.colcon_core.environment:create_environment_scripts_only(rain_arm_controller)
[3.480s] Level 1:colcon.colcon_core.environment:checking '/home/emmanuel/rainbot_ws/install/rain_arm_controller' for CMake module files
[3.481s] Level 1:colcon.colcon_core.environment:checking '/home/emmanuel/rainbot_ws/install/rain_arm_controller' for CMake config files
[3.482s] Level 1:colcon.colcon_core.shell:create_environment_hook('rain_arm_controller', 'cmake_prefix_path')
[3.535s] INFO:colcon.colcon_core.shell:Creating environment hook '/home/emmanuel/rainbot_ws/install/rain_arm_controller/share/rain_arm_controller/hook/cmake_prefix_path.ps1'
[3.536s] INFO:colcon.colcon_core.shell:Creating environment descriptor '/home/emmanuel/rainbot_ws/install/rain_arm_controller/share/rain_arm_controller/hook/cmake_prefix_path.dsv'
[3.537s] INFO:colcon.colcon_core.shell:Creating environment hook '/home/emmanuel/rainbot_ws/install/rain_arm_controller/share/rain_arm_controller/hook/cmake_prefix_path.sh'
[3.538s] Level 1:colcon.colcon_core.environment:checking '/home/emmanuel/rainbot_ws/install/rain_arm_controller/bin'
[3.541s] Level 1:colcon.colcon_core.environment:checking '/home/emmanuel/rainbot_ws/install/rain_arm_controller/lib/pkgconfig/rain_arm_controller.pc'
[3.542s] Level 1:colcon.colcon_core.environment:checking '/home/emmanuel/rainbot_ws/install/rain_arm_controller/lib/python3.10/site-packages'
[3.542s] Level 1:colcon.colcon_core.environment:checking '/home/emmanuel/rainbot_ws/install/rain_arm_controller/bin'
[3.586s] INFO:colcon.colcon_core.shell:Creating package script '/home/emmanuel/rainbot_ws/install/rain_arm_controller/share/rain_arm_controller/package.ps1'
[3.587s] INFO:colcon.colcon_core.shell:Creating package descriptor '/home/emmanuel/rainbot_ws/install/rain_arm_controller/share/rain_arm_controller/package.dsv'
[3.588s] INFO:colcon.colcon_core.shell:Creating package script '/home/emmanuel/rainbot_ws/install/rain_arm_controller/share/rain_arm_controller/package.sh'
[3.589s] INFO:colcon.colcon_core.shell:Creating package script '/home/emmanuel/rainbot_ws/install/rain_arm_controller/share/rain_arm_controller/package.bash'
[3.590s] INFO:colcon.colcon_core.shell:Creating package script '/home/emmanuel/rainbot_ws/install/rain_arm_controller/share/rain_arm_controller/package.zsh'
[3.591s] Level 1:colcon.colcon_core.environment:create_file_with_runtime_dependencies(/home/emmanuel/rainbot_ws/install/rain_arm_controller/share/colcon-core/packages/rain_arm_controller)
[3.639s] Level 1:colcon.colcon_core.environment:create_environment_scripts_only(rain_arm_moveit)
[3.693s] Level 1:colcon.colcon_core.environment:checking '/home/emmanuel/rainbot_ws/install/rain_arm_moveit' for CMake module files
[3.694s] Level 1:colcon.colcon_core.environment:checking '/home/emmanuel/rainbot_ws/install/rain_arm_moveit' for CMake config files
[3.694s] Level 1:colcon.colcon_core.shell:create_environment_hook('rain_arm_moveit', 'cmake_prefix_path')
[3.738s] INFO:colcon.colcon_core.shell:Creating environment hook '/home/emmanuel/rainbot_ws/install/rain_arm_moveit/share/rain_arm_moveit/hook/cmake_prefix_path.ps1'
[3.739s] INFO:colcon.colcon_core.shell:Creating environment descriptor '/home/emmanuel/rainbot_ws/install/rain_arm_moveit/share/rain_arm_moveit/hook/cmake_prefix_path.dsv'
[3.740s] INFO:colcon.colcon_core.shell:Creating environment hook '/home/emmanuel/rainbot_ws/install/rain_arm_moveit/share/rain_arm_moveit/hook/cmake_prefix_path.sh'
[3.747s] Level 1:colcon.colcon_core.environment:checking '/home/emmanuel/rainbot_ws/install/rain_arm_moveit/bin'
[3.748s] Level 1:colcon.colcon_core.environment:checking '/home/emmanuel/rainbot_ws/install/rain_arm_moveit/lib/pkgconfig/rain_arm_moveit.pc'
[3.748s] Level 1:colcon.colcon_core.environment:checking '/home/emmanuel/rainbot_ws/install/rain_arm_moveit/lib/python3.10/site-packages'
[3.749s] Level 1:colcon.colcon_core.environment:checking '/home/emmanuel/rainbot_ws/install/rain_arm_moveit/bin'
[3.790s] INFO:colcon.colcon_core.shell:Creating package script '/home/emmanuel/rainbot_ws/install/rain_arm_moveit/share/rain_arm_moveit/package.ps1'
[3.791s] INFO:colcon.colcon_core.shell:Creating package descriptor '/home/emmanuel/rainbot_ws/install/rain_arm_moveit/share/rain_arm_moveit/package.dsv'
[3.792s] INFO:colcon.colcon_core.shell:Creating package script '/home/emmanuel/rainbot_ws/install/rain_arm_moveit/share/rain_arm_moveit/package.sh'
[3.792s] INFO:colcon.colcon_core.shell:Creating package script '/home/emmanuel/rainbot_ws/install/rain_arm_moveit/share/rain_arm_moveit/package.bash'
[3.793s] INFO:colcon.colcon_core.shell:Creating package script '/home/emmanuel/rainbot_ws/install/rain_arm_moveit/share/rain_arm_moveit/package.zsh'
[3.794s] Level 1:colcon.colcon_core.environment:create_file_with_runtime_dependencies(/home/emmanuel/rainbot_ws/install/rain_arm_moveit/share/colcon-core/packages/rain_arm_moveit)
[3.794s] INFO:colcon.colcon_ros.task.ament_cmake.build:Building ROS package in '/home/emmanuel/rainbot_ws/src/rainbot_cpp' with build type 'ament_cmake'
[3.795s] INFO:colcon.colcon_cmake.task.cmake.build:Building CMake package in '/home/emmanuel/rainbot_ws/src/rainbot_cpp'
[3.831s] INFO:colcon.colcon_core.shell:Skip shell extension 'powershell' for command environment: Not usable outside of PowerShell
[3.832s] DEBUG:colcon.colcon_core.shell:Skip shell extension 'dsv' for command environment
[4.034s] Level 1:colcon.colcon_core.environment:create_environment_scripts_only(rain_arm_description)
[4.101s] Level 1:colcon.colcon_core.environment:checking '/home/emmanuel/rainbot_ws/install/rain_arm_description' for CMake module files
[4.102s] Level 1:colcon.colcon_core.environment:checking '/home/emmanuel/rainbot_ws/install/rain_arm_description' for CMake config files
[4.102s] Level 1:colcon.colcon_core.shell:create_environment_hook('rain_arm_description', 'cmake_prefix_path')
[4.165s] INFO:colcon.colcon_core.shell:Creating environment hook '/home/emmanuel/rainbot_ws/install/rain_arm_description/share/rain_arm_description/hook/cmake_prefix_path.ps1'
[4.165s] INFO:colcon.colcon_core.shell:Creating environment descriptor '/home/emmanuel/rainbot_ws/install/rain_arm_description/share/rain_arm_description/hook/cmake_prefix_path.dsv'
[4.166s] INFO:colcon.colcon_core.shell:Creating environment hook '/home/emmanuel/rainbot_ws/install/rain_arm_description/share/rain_arm_description/hook/cmake_prefix_path.sh'
[4.167s] Level 1:colcon.colcon_core.environment:checking '/home/emmanuel/rainbot_ws/install/rain_arm_description/bin'
[4.167s] Level 1:colcon.colcon_core.environment:checking '/home/emmanuel/rainbot_ws/install/rain_arm_description/lib/pkgconfig/rain_arm_description.pc'
[4.168s] Level 1:colcon.colcon_core.environment:checking '/home/emmanuel/rainbot_ws/install/rain_arm_description/lib/python3.10/site-packages'
[4.168s] Level 1:colcon.colcon_core.environment:checking '/home/emmanuel/rainbot_ws/install/rain_arm_description/bin'
[4.219s] INFO:colcon.colcon_core.shell:Creating package script '/home/emmanuel/rainbot_ws/install/rain_arm_description/share/rain_arm_description/package.ps1'
[4.220s] INFO:colcon.colcon_core.shell:Creating package descriptor '/home/emmanuel/rainbot_ws/install/rain_arm_description/share/rain_arm_description/package.dsv'
[4.221s] INFO:colcon.colcon_core.shell:Creating package script '/home/emmanuel/rainbot_ws/install/rain_arm_description/share/rain_arm_description/package.sh'
[4.222s] INFO:colcon.colcon_core.shell:Creating package script '/home/emmanuel/rainbot_ws/install/rain_arm_description/share/rain_arm_description/package.bash'
[4.223s] INFO:colcon.colcon_core.shell:Creating package script '/home/emmanuel/rainbot_ws/install/rain_arm_description/share/rain_arm_description/package.zsh'
[4.224s] Level 1:colcon.colcon_core.environment:create_file_with_runtime_dependencies(/home/emmanuel/rainbot_ws/install/rain_arm_description/share/colcon-core/packages/rain_arm_description)
[4.230s] DEBUG:colcon.colcon_core.event_handler.log_command:Invoking command in '/home/emmanuel/rainbot_ws/build/rainbot_cpp': CMAKE_PREFIX_PATH=${CMAKE_PREFIX_PATH}:/home/emmanuel/rainbot_ws/install/rainbot_py:/opt/ros/humble /usr/bin/cmake --build /home/emmanuel/rainbot_ws/build/rainbot_cpp -- -j4 -l4
[4.321s] DEBUG:colcon.colcon_core.event_handler.log_command:Invoked command in '/home/emmanuel/rainbot_ws/build/rain_arm_msgs' returned '0': CMAKE_PREFIX_PATH=${CMAKE_PREFIX_PATH}:/home/emmanuel/rainbot_ws/install/rainbot_py:/opt/ros/humble /usr/bin/cmake --build /home/emmanuel/rainbot_ws/build/rain_arm_msgs -- -j4 -l4
[4.341s] DEBUG:colcon.colcon_core.event_handler.log_command:Invoked command in '/home/emmanuel/rainbot_ws/build/rainbot_cpp' returned '0': CMAKE_PREFIX_PATH=${CMAKE_PREFIX_PATH}:/home/emmanuel/rainbot_ws/install/rainbot_py:/opt/ros/humble /usr/bin/cmake --build /home/emmanuel/rainbot_ws/build/rainbot_cpp -- -j4 -l4
[4.414s] DEBUG:colcon.colcon_core.event_handler.log_command:Invoking command in '/home/emmanuel/rainbot_ws/build/rainbot_cpp': CMAKE_PREFIX_PATH=${CMAKE_PREFIX_PATH}:/home/emmanuel/rainbot_ws/install/rainbot_py:/opt/ros/humble /usr/bin/cmake --install /home/emmanuel/rainbot_ws/build/rainbot_cpp
[4.466s] Level 1:colcon.colcon_core.environment:create_environment_scripts_only(rainbot_cpp)
[4.475s] DEBUG:colcon.colcon_core.event_handler.log_command:Invoked command in '/home/emmanuel/rainbot_ws/build/rainbot_cpp' returned '0': CMAKE_PREFIX_PATH=${CMAKE_PREFIX_PATH}:/home/emmanuel/rainbot_ws/install/rainbot_py:/opt/ros/humble /usr/bin/cmake --install /home/emmanuel/rainbot_ws/build/rainbot_cpp
[4.524s] Level 1:colcon.colcon_core.environment:checking '/home/emmanuel/rainbot_ws/install/rainbot_cpp' for CMake module files
[4.525s] Level 1:colcon.colcon_core.environment:checking '/home/emmanuel/rainbot_ws/install/rainbot_cpp' for CMake config files
[4.526s] Level 1:colcon.colcon_core.shell:create_environment_hook('rainbot_cpp', 'cmake_prefix_path')
[4.575s] INFO:colcon.colcon_core.shell:Creating environment hook '/home/emmanuel/rainbot_ws/install/rainbot_cpp/share/rainbot_cpp/hook/cmake_prefix_path.ps1'
[4.581s] INFO:colcon.colcon_core.shell:Creating environment descriptor '/home/emmanuel/rainbot_ws/install/rainbot_cpp/share/rainbot_cpp/hook/cmake_prefix_path.dsv'
[4.582s] INFO:colcon.colcon_core.shell:Creating environment hook '/home/emmanuel/rainbot_ws/install/rainbot_cpp/share/rainbot_cpp/hook/cmake_prefix_path.sh'
[4.583s] Level 1:colcon.colcon_core.environment:checking '/home/emmanuel/rainbot_ws/install/rainbot_cpp/bin'
[4.583s] Level 1:colcon.colcon_core.environment:checking '/home/emmanuel/rainbot_ws/install/rainbot_cpp/lib/pkgconfig/rainbot_cpp.pc'
[4.584s] Level 1:colcon.colcon_core.environment:checking '/home/emmanuel/rainbot_ws/install/rainbot_cpp/lib/python3.10/site-packages'
[4.584s] Level 1:colcon.colcon_core.environment:checking '/home/emmanuel/rainbot_ws/install/rainbot_cpp/bin'
[4.643s] INFO:colcon.colcon_core.shell:Creating package script '/home/emmanuel/rainbot_ws/install/rainbot_cpp/share/rainbot_cpp/package.ps1'
[4.645s] INFO:colcon.colcon_core.shell:Creating package descriptor '/home/emmanuel/rainbot_ws/install/rainbot_cpp/share/rainbot_cpp/package.dsv'
[4.645s] INFO:colcon.colcon_core.shell:Creating package script '/home/emmanuel/rainbot_ws/install/rainbot_cpp/share/rainbot_cpp/package.sh'
[4.646s] INFO:colcon.colcon_core.shell:Creating package script '/home/emmanuel/rainbot_ws/install/rainbot_cpp/share/rainbot_cpp/package.bash'
[4.647s] INFO:colcon.colcon_core.shell:Creating package script '/home/emmanuel/rainbot_ws/install/rainbot_cpp/share/rainbot_cpp/package.zsh'
[4.647s] Level 1:colcon.colcon_core.environment:create_file_with_runtime_dependencies(/home/emmanuel/rainbot_ws/install/rainbot_cpp/share/colcon-core/packages/rainbot_cpp)
[4.651s] DEBUG:colcon.colcon_core.event_handler.log_command:Invoking command in '/home/emmanuel/rainbot_ws/build/rain_arm_msgs': CMAKE_PREFIX_PATH=${CMAKE_PREFIX_PATH}:/home/emmanuel/rainbot_ws/install/rainbot_py:/opt/ros/humble /usr/bin/cmake --install /home/emmanuel/rainbot_ws/build/rain_arm_msgs
[4.823s] Level 1:colcon.colcon_core.environment:create_environment_scripts_only(rainbot_cpp)
[4.861s] Level 1:colcon.colcon_core.environment:checking '/home/emmanuel/rainbot_ws/install/rainbot_cpp' for CMake module files
[4.862s] Level 1:colcon.colcon_core.environment:checking '/home/emmanuel/rainbot_ws/install/rainbot_cpp' for CMake config files
[4.863s] Level 1:colcon.colcon_core.shell:create_environment_hook('rainbot_cpp', 'cmake_prefix_path')
[4.904s] INFO:colcon.colcon_core.shell:Creating environment hook '/home/emmanuel/rainbot_ws/install/rainbot_cpp/share/rainbot_cpp/hook/cmake_prefix_path.ps1'
[4.905s] INFO:colcon.colcon_core.shell:Creating environment descriptor '/home/emmanuel/rainbot_ws/install/rainbot_cpp/share/rainbot_cpp/hook/cmake_prefix_path.dsv'
[4.906s] INFO:colcon.colcon_core.shell:Creating environment hook '/home/emmanuel/rainbot_ws/install/rainbot_cpp/share/rainbot_cpp/hook/cmake_prefix_path.sh'
[4.907s] Level 1:colcon.colcon_core.environment:checking '/home/emmanuel/rainbot_ws/install/rainbot_cpp/bin'
[4.907s] Level 1:colcon.colcon_core.environment:checking '/home/emmanuel/rainbot_ws/install/rainbot_cpp/lib/pkgconfig/rainbot_cpp.pc'
[4.907s] Level 1:colcon.colcon_core.environment:checking '/home/emmanuel/rainbot_ws/install/rainbot_cpp/lib/python3.10/site-packages'
[4.908s] Level 1:colcon.colcon_core.environment:checking '/home/emmanuel/rainbot_ws/install/rainbot_cpp/bin'
[4.948s] INFO:colcon.colcon_core.shell:Creating package script '/home/emmanuel/rainbot_ws/install/rainbot_cpp/share/rainbot_cpp/package.ps1'
[4.949s] INFO:colcon.colcon_core.shell:Creating package descriptor '/home/emmanuel/rainbot_ws/install/rainbot_cpp/share/rainbot_cpp/package.dsv'
[4.950s] INFO:colcon.colcon_core.shell:Creating package script '/home/emmanuel/rainbot_ws/install/rainbot_cpp/share/rainbot_cpp/package.sh'
[4.950s] INFO:colcon.colcon_core.shell:Creating package script '/home/emmanuel/rainbot_ws/install/rainbot_cpp/share/rainbot_cpp/package.bash'
[4.951s] INFO:colcon.colcon_core.shell:Creating package script '/home/emmanuel/rainbot_ws/install/rainbot_cpp/share/rainbot_cpp/package.zsh'
[4.952s] Level 1:colcon.colcon_core.environment:create_file_with_runtime_dependencies(/home/emmanuel/rainbot_ws/install/rainbot_cpp/share/colcon-core/packages/rainbot_cpp)
[4.953s] Level 1:colcon.colcon_core.environment:create_environment_scripts_only(rain_arm_msgs)
[4.957s] DEBUG:colcon.colcon_core.event_handler.log_command:Invoked command in '/home/emmanuel/rainbot_ws/build/rain_arm_msgs' returned '0': CMAKE_PREFIX_PATH=${CMAKE_PREFIX_PATH}:/home/emmanuel/rainbot_ws/install/rainbot_py:/opt/ros/humble /usr/bin/cmake --install /home/emmanuel/rainbot_ws/build/rain_arm_msgs
[4.999s] Level 1:colcon.colcon_core.environment:checking '/home/emmanuel/rainbot_ws/install/rain_arm_msgs' for CMake module files
[5.000s] Level 1:colcon.colcon_core.environment:checking '/home/emmanuel/rainbot_ws/install/rain_arm_msgs' for CMake config files
[5.001s] Level 1:colcon.colcon_core.shell:create_environment_hook('rain_arm_msgs', 'cmake_prefix_path')
[5.042s] INFO:colcon.colcon_core.shell:Creating environment hook '/home/emmanuel/rainbot_ws/install/rain_arm_msgs/share/rain_arm_msgs/hook/cmake_prefix_path.ps1'
[5.043s] INFO:colcon.colcon_core.shell:Creating environment descriptor '/home/emmanuel/rainbot_ws/install/rain_arm_msgs/share/rain_arm_msgs/hook/cmake_prefix_path.dsv'
[5.043s] INFO:colcon.colcon_core.shell:Creating environment hook '/home/emmanuel/rainbot_ws/install/rain_arm_msgs/share/rain_arm_msgs/hook/cmake_prefix_path.sh'
[5.044s] Level 1:colcon.colcon_core.environment:checking '/home/emmanuel/rainbot_ws/install/rain_arm_msgs/lib'
[5.045s] Level 1:colcon.colcon_core.shell:create_environment_hook('rain_arm_msgs', 'ld_library_path_lib')
[5.092s] INFO:colcon.colcon_core.shell:Creating environment hook '/home/emmanuel/rainbot_ws/install/rain_arm_msgs/share/rain_arm_msgs/hook/ld_library_path_lib.ps1'
[5.094s] INFO:colcon.colcon_core.shell:Creating environment descriptor '/home/emmanuel/rainbot_ws/install/rain_arm_msgs/share/rain_arm_msgs/hook/ld_library_path_lib.dsv'
[5.094s] INFO:colcon.colcon_core.shell:Creating environment hook '/home/emmanuel/rainbot_ws/install/rain_arm_msgs/share/rain_arm_msgs/hook/ld_library_path_lib.sh'
[5.095s] Level 1:colcon.colcon_core.environment:checking '/home/emmanuel/rainbot_ws/install/rain_arm_msgs/bin'
[5.095s] Level 1:colcon.colcon_core.environment:checking '/home/emmanuel/rainbot_ws/install/rain_arm_msgs/lib/pkgconfig/rain_arm_msgs.pc'
[5.096s] Level 1:colcon.colcon_core.environment:checking '/home/emmanuel/rainbot_ws/install/rain_arm_msgs/lib/python3.10/site-packages'
[5.096s] Level 1:colcon.colcon_core.environment:checking '/home/emmanuel/rainbot_ws/install/rain_arm_msgs/bin'
[5.143s] INFO:colcon.colcon_core.shell:Creating package script '/home/emmanuel/rainbot_ws/install/rain_arm_msgs/share/rain_arm_msgs/package.ps1'
[5.144s] INFO:colcon.colcon_core.shell:Creating package descriptor '/home/emmanuel/rainbot_ws/install/rain_arm_msgs/share/rain_arm_msgs/package.dsv'
[5.145s] INFO:colcon.colcon_core.shell:Creating package script '/home/emmanuel/rainbot_ws/install/rain_arm_msgs/share/rain_arm_msgs/package.sh'
[5.146s] INFO:colcon.colcon_core.shell:Creating package script '/home/emmanuel/rainbot_ws/install/rain_arm_msgs/share/rain_arm_msgs/package.bash'
[5.146s] INFO:colcon.colcon_core.shell:Creating package script '/home/emmanuel/rainbot_ws/install/rain_arm_msgs/share/rain_arm_msgs/package.zsh'
[5.147s] Level 1:colcon.colcon_core.environment:create_file_with_runtime_dependencies(/home/emmanuel/rainbot_ws/install/rain_arm_msgs/share/colcon-core/packages/rain_arm_msgs)
[5.400s] Level 1:colcon.colcon_core.environment:create_environment_scripts_only(rain_arm_msgs)
[5.446s] Level 1:colcon.colcon_core.environment:checking '/home/emmanuel/rainbot_ws/install/rain_arm_msgs' for CMake module files
[5.447s] Level 1:colcon.colcon_core.environment:checking '/home/emmanuel/rainbot_ws/install/rain_arm_msgs' for CMake config files
[5.448s] Level 1:colcon.colcon_core.shell:create_environment_hook('rain_arm_msgs', 'cmake_prefix_path')
[5.491s] INFO:colcon.colcon_core.shell:Creating environment hook '/home/emmanuel/rainbot_ws/install/rain_arm_msgs/share/rain_arm_msgs/hook/cmake_prefix_path.ps1'
[5.492s] INFO:colcon.colcon_core.shell:Creating environment descriptor '/home/emmanuel/rainbot_ws/install/rain_arm_msgs/share/rain_arm_msgs/hook/cmake_prefix_path.dsv'
[5.492s] INFO:colcon.colcon_core.shell:Creating environment hook '/home/emmanuel/rainbot_ws/install/rain_arm_msgs/share/rain_arm_msgs/hook/cmake_prefix_path.sh'
[5.493s] Level 1:colcon.colcon_core.environment:checking '/home/emmanuel/rainbot_ws/install/rain_arm_msgs/lib'
[5.494s] Level 1:colcon.colcon_core.shell:create_environment_hook('rain_arm_msgs', 'ld_library_path_lib')
[5.532s] INFO:colcon.colcon_core.shell:Creating environment hook '/home/emmanuel/rainbot_ws/install/rain_arm_msgs/share/rain_arm_msgs/hook/ld_library_path_lib.ps1'
[5.532s] INFO:colcon.colcon_core.shell:Creating environment descriptor '/home/emmanuel/rainbot_ws/install/rain_arm_msgs/share/rain_arm_msgs/hook/ld_library_path_lib.dsv'
[5.533s] INFO:colcon.colcon_core.shell:Creating environment hook '/home/emmanuel/rainbot_ws/install/rain_arm_msgs/share/rain_arm_msgs/hook/ld_library_path_lib.sh'
[5.534s] Level 1:colcon.colcon_core.environment:checking '/home/emmanuel/rainbot_ws/install/rain_arm_msgs/bin'
[5.534s] Level 1:colcon.colcon_core.environment:checking '/home/emmanuel/rainbot_ws/install/rain_arm_msgs/lib/pkgconfig/rain_arm_msgs.pc'
[5.534s] Level 1:colcon.colcon_core.environment:checking '/home/emmanuel/rainbot_ws/install/rain_arm_msgs/lib/python3.10/site-packages'
[5.535s] Level 1:colcon.colcon_core.environment:checking '/home/emmanuel/rainbot_ws/install/rain_arm_msgs/bin'
[5.578s] INFO:colcon.colcon_core.shell:Creating package script '/home/emmanuel/rainbot_ws/install/rain_arm_msgs/share/rain_arm_msgs/package.ps1'
[5.579s] INFO:colcon.colcon_core.shell:Creating package descriptor '/home/emmanuel/rainbot_ws/install/rain_arm_msgs/share/rain_arm_msgs/package.dsv'
[5.581s] INFO:colcon.colcon_core.shell:Creating package script '/home/emmanuel/rainbot_ws/install/rain_arm_msgs/share/rain_arm_msgs/package.sh'
[5.581s] INFO:colcon.colcon_core.shell:Creating package script '/home/emmanuel/rainbot_ws/install/rain_arm_msgs/share/rain_arm_msgs/package.bash'
[5.582s] INFO:colcon.colcon_core.shell:Creating package script '/home/emmanuel/rainbot_ws/install/rain_arm_msgs/share/rain_arm_msgs/package.zsh'
[5.583s] Level 1:colcon.colcon_core.environment:create_file_with_runtime_dependencies(/home/emmanuel/rainbot_ws/install/rain_arm_msgs/share/colcon-core/packages/rain_arm_msgs)
[5.584s] INFO:colcon.colcon_ros.task.ament_python.build:Building ROS package in '/home/emmanuel/rainbot_ws/src/rainbot_py' with build type 'ament_python'
[5.584s] Level 1:colcon.colcon_core.shell:create_environment_hook('rainbot_py', 'ament_prefix_path')
[5.628s] INFO:colcon.colcon_core.shell:Creating environment hook '/home/emmanuel/rainbot_ws/install/rainbot_py/share/rainbot_py/hook/ament_prefix_path.ps1'
[5.629s] INFO:colcon.colcon_core.shell:Creating environment descriptor '/home/emmanuel/rainbot_ws/install/rainbot_py/share/rainbot_py/hook/ament_prefix_path.dsv'
[5.629s] INFO:colcon.colcon_core.shell:Creating environment hook '/home/emmanuel/rainbot_ws/install/rainbot_py/share/rainbot_py/hook/ament_prefix_path.sh'
[5.671s] INFO:colcon.colcon_core.shell:Skip shell extension 'powershell' for command environment: Not usable outside of PowerShell
[5.671s] DEBUG:colcon.colcon_core.shell:Skip shell extension 'dsv' for command environment
[5.805s] INFO:colcon.colcon_ros.task.ament_cmake.build:Building ROS package in '/home/emmanuel/rainbot_ws/src/rainbot_utils' with build type 'ament_cmake'
[5.805s] INFO:colcon.colcon_cmake.task.cmake.build:Building CMake package in '/home/emmanuel/rainbot_ws/src/rainbot_utils'
[5.858s] INFO:colcon.colcon_core.shell:Skip shell extension 'powershell' for command environment: Not usable outside of PowerShell
[5.858s] DEBUG:colcon.colcon_core.shell:Skip shell extension 'dsv' for command environment
[6.536s] INFO:colcon.colcon_core.task.python.build:Building Python package in '/home/emmanuel/rainbot_ws/src/rainbot_py'
[6.574s] INFO:colcon.colcon_core.shell:Skip shell extension 'powershell' for command environment: Not usable outside of PowerShell
[6.574s] DEBUG:colcon.colcon_core.shell:Skip shell extension 'dsv' for command environment
[6.699s] DEBUG:colcon.colcon_core.event_handler.log_command:Invoking command in '/home/emmanuel/rainbot_ws/build/rainbot_utils': CMAKE_PREFIX_PATH=/home/emmanuel/rainbot_ws/install/rain_arm_msgs:/home/emmanuel/rainbot_ws/install/rainbot_utils:/home/emmanuel/rainbot_ws/install/rainbot_cpp:/home/emmanuel/rainbot_ws/install/rain_arm_moveit:/home/emmanuel/rainbot_ws/install/rain_arm_description:/home/emmanuel/rainbot_ws/install/rain_arm_controller:/home/emmanuel/rainbot_ws/install/rainbot_py:/opt/ros/humble /usr/bin/cmake --build /home/emmanuel/rainbot_ws/build/rainbot_utils -- -j4 -l4
[8.041s] DEBUG:colcon.colcon_core.event_handler.log_command:Invoked command in '/home/emmanuel/rainbot_ws/build/rainbot_utils' returned '0': CMAKE_PREFIX_PATH=/home/emmanuel/rainbot_ws/install/rain_arm_msgs:/home/emmanuel/rainbot_ws/install/rainbot_utils:/home/emmanuel/rainbot_ws/install/rainbot_cpp:/home/emmanuel/rainbot_ws/install/rain_arm_moveit:/home/emmanuel/rainbot_ws/install/rain_arm_description:/home/emmanuel/rainbot_ws/install/rain_arm_controller:/home/emmanuel/rainbot_ws/install/rainbot_py:/opt/ros/humble /usr/bin/cmake --build /home/emmanuel/rainbot_ws/build/rainbot_utils -- -j4 -l4
[8.207s] DEBUG:colcon.colcon_core.event_handler.log_command:Invoking command in '/home/emmanuel/rainbot_ws/build/rainbot_utils': CMAKE_PREFIX_PATH=/home/emmanuel/rainbot_ws/install/rain_arm_msgs:/home/emmanuel/rainbot_ws/install/rainbot_utils:/home/emmanuel/rainbot_ws/install/rainbot_cpp:/home/emmanuel/rainbot_ws/install/rain_arm_moveit:/home/emmanuel/rainbot_ws/install/rain_arm_description:/home/emmanuel/rainbot_ws/install/rain_arm_controller:/home/emmanuel/rainbot_ws/install/rainbot_py:/opt/ros/humble /usr/bin/cmake --install /home/emmanuel/rainbot_ws/build/rainbot_utils
[8.215s] DEBUG:colcon.colcon_core.event_handler.log_command:Invoking command in '/home/emmanuel/rainbot_ws/src/rainbot_py': CMAKE_PREFIX_PATH=/home/emmanuel/rainbot_ws/install/rain_arm_msgs:/home/emmanuel/rainbot_ws/install/rainbot_utils:/home/emmanuel/rainbot_ws/install/rainbot_cpp:/home/emmanuel/rainbot_ws/install/rain_arm_moveit:/home/emmanuel/rainbot_ws/install/rain_arm_description:/home/emmanuel/rainbot_ws/install/rain_arm_controller PYTHONPATH=/home/emmanuel/rainbot_ws/build/rainbot_py/prefix_override:/home/emmanuel/rainbot_ws/install/rainbot_py/lib/python3.10/site-packages:${PYTHONPATH} /usr/bin/python3 setup.py egg_info --egg-base ../../build/rainbot_py build --build-base /home/emmanuel/rainbot_ws/build/rainbot_py/build install --record /home/emmanuel/rainbot_ws/build/rainbot_py/install.log --single-version-externally-managed
[8.396s] Level 1:colcon.colcon_core.environment:create_environment_scripts_only(rainbot_utils)
[8.397s] DEBUG:colcon.colcon_core.event_handler.log_command:Invoked command in '/home/emmanuel/rainbot_ws/build/rainbot_utils' returned '0': CMAKE_PREFIX_PATH=/home/emmanuel/rainbot_ws/install/rain_arm_msgs:/home/emmanuel/rainbot_ws/install/rainbot_utils:/home/emmanuel/rainbot_ws/install/rainbot_cpp:/home/emmanuel/rainbot_ws/install/rain_arm_moveit:/home/emmanuel/rainbot_ws/install/rain_arm_description:/home/emmanuel/rainbot_ws/install/rain_arm_controller:/home/emmanuel/rainbot_ws/install/rainbot_py:/opt/ros/humble /usr/bin/cmake --install /home/emmanuel/rainbot_ws/build/rainbot_utils
[8.462s] Level 1:colcon.colcon_core.environment:checking '/home/emmanuel/rainbot_ws/install/rainbot_utils' for CMake module files
[8.463s] Level 1:colcon.colcon_core.environment:checking '/home/emmanuel/rainbot_ws/install/rainbot_utils' for CMake config files
[8.464s] Level 1:colcon.colcon_core.shell:create_environment_hook('rainbot_utils', 'cmake_prefix_path')
[8.510s] INFO:colcon.colcon_core.shell:Creating environment hook '/home/emmanuel/rainbot_ws/install/rainbot_utils/share/rainbot_utils/hook/cmake_prefix_path.ps1'
[8.511s] INFO:colcon.colcon_core.shell:Creating environment descriptor '/home/emmanuel/rainbot_ws/install/rainbot_utils/share/rainbot_utils/hook/cmake_prefix_path.dsv'
[8.512s] INFO:colcon.colcon_core.shell:Creating environment hook '/home/emmanuel/rainbot_ws/install/rainbot_utils/share/rainbot_utils/hook/cmake_prefix_path.sh'
[8.513s] Level 1:colcon.colcon_core.environment:checking '/home/emmanuel/rainbot_ws/install/rainbot_utils/lib'
[8.513s] Level 1:colcon.colcon_core.environment:checking '/home/emmanuel/rainbot_ws/install/rainbot_utils/bin'
[8.513s] Level 1:colcon.colcon_core.environment:checking '/home/emmanuel/rainbot_ws/install/rainbot_utils/lib/pkgconfig/rainbot_utils.pc'
[8.514s] Level 1:colcon.colcon_core.environment:checking '/home/emmanuel/rainbot_ws/install/rainbot_utils/lib/python3.10/site-packages'
[8.514s] Level 1:colcon.colcon_core.environment:checking '/home/emmanuel/rainbot_ws/install/rainbot_utils/bin'
[8.561s] INFO:colcon.colcon_core.shell:Creating package script '/home/emmanuel/rainbot_ws/install/rainbot_utils/share/rainbot_utils/package.ps1'
[8.562s] INFO:colcon.colcon_core.shell:Creating package descriptor '/home/emmanuel/rainbot_ws/install/rainbot_utils/share/rainbot_utils/package.dsv'
[8.563s] INFO:colcon.colcon_core.shell:Creating package script '/home/emmanuel/rainbot_ws/install/rainbot_utils/share/rainbot_utils/package.sh'
[8.563s] INFO:colcon.colcon_core.shell:Creating package script '/home/emmanuel/rainbot_ws/install/rainbot_utils/share/rainbot_utils/package.bash'
[8.564s] INFO:colcon.colcon_core.shell:Creating package script '/home/emmanuel/rainbot_ws/install/rainbot_utils/share/rainbot_utils/package.zsh'
[8.565s] Level 1:colcon.colcon_core.environment:create_file_with_runtime_dependencies(/home/emmanuel/rainbot_ws/install/rainbot_utils/share/colcon-core/packages/rainbot_utils)
[8.649s] Level 1:colcon.colcon_core.environment:create_environment_scripts_only(rainbot_utils)
[8.693s] Level 1:colcon.colcon_core.environment:checking '/home/emmanuel/rainbot_ws/install/rainbot_utils' for CMake module files
[8.694s] Level 1:colcon.colcon_core.environment:checking '/home/emmanuel/rainbot_ws/install/rainbot_utils' for CMake config files
[8.694s] Level 1:colcon.colcon_core.shell:create_environment_hook('rainbot_utils', 'cmake_prefix_path')
[8.746s] INFO:colcon.colcon_core.shell:Creating environment hook '/home/emmanuel/rainbot_ws/install/rainbot_utils/share/rainbot_utils/hook/cmake_prefix_path.ps1'
[8.747s] INFO:colcon.colcon_core.shell:Creating environment descriptor '/home/emmanuel/rainbot_ws/install/rainbot_utils/share/rainbot_utils/hook/cmake_prefix_path.dsv'
[8.748s] INFO:colcon.colcon_core.shell:Creating environment hook '/home/emmanuel/rainbot_ws/install/rainbot_utils/share/rainbot_utils/hook/cmake_prefix_path.sh'
[8.749s] Level 1:colcon.colcon_core.environment:checking '/home/emmanuel/rainbot_ws/install/rainbot_utils/lib'
[8.750s] Level 1:colcon.colcon_core.environment:checking '/home/emmanuel/rainbot_ws/install/rainbot_utils/bin'
[8.750s] Level 1:colcon.colcon_core.environment:checking '/home/emmanuel/rainbot_ws/install/rainbot_utils/lib/pkgconfig/rainbot_utils.pc'
[8.751s] Level 1:colcon.colcon_core.environment:checking '/home/emmanuel/rainbot_ws/install/rainbot_utils/lib/python3.10/site-packages'
[8.751s] Level 1:colcon.colcon_core.environment:checking '/home/emmanuel/rainbot_ws/install/rainbot_utils/bin'
[8.793s] INFO:colcon.colcon_core.shell:Creating package script '/home/emmanuel/rainbot_ws/install/rainbot_utils/share/rainbot_utils/package.ps1'
[8.794s] INFO:colcon.colcon_core.shell:Creating package descriptor '/home/emmanuel/rainbot_ws/install/rainbot_utils/share/rainbot_utils/package.dsv'
[8.795s] INFO:colcon.colcon_core.shell:Creating package script '/home/emmanuel/rainbot_ws/install/rainbot_utils/share/rainbot_utils/package.sh'
[8.795s] INFO:colcon.colcon_core.shell:Creating package script '/home/emmanuel/rainbot_ws/install/rainbot_utils/share/rainbot_utils/package.bash'
[8.796s] INFO:colcon.colcon_core.shell:Creating package script '/home/emmanuel/rainbot_ws/install/rainbot_utils/share/rainbot_utils/package.zsh'
[8.797s] Level 1:colcon.colcon_core.environment:create_file_with_runtime_dependencies(/home/emmanuel/rainbot_ws/install/rainbot_utils/share/colcon-core/packages/rainbot_utils)
[9.061s] DEBUG:colcon.colcon_core.event_handler.log_command:Invoked command in '/home/emmanuel/rainbot_ws/src/rainbot_py' returned '0': CMAKE_PREFIX_PATH=/home/emmanuel/rainbot_ws/install/rain_arm_msgs:/home/emmanuel/rainbot_ws/install/rainbot_utils:/home/emmanuel/rainbot_ws/install/rainbot_cpp:/home/emmanuel/rainbot_ws/install/rain_arm_moveit:/home/emmanuel/rainbot_ws/install/rain_arm_description:/home/emmanuel/rainbot_ws/install/rain_arm_controller PYTHONPATH=/home/emmanuel/rainbot_ws/build/rainbot_py/prefix_override:/home/emmanuel/rainbot_ws/install/rainbot_py/lib/python3.10/site-packages:${PYTHONPATH} /usr/bin/python3 setup.py egg_info --egg-base ../../build/rainbot_py build --build-base /home/emmanuel/rainbot_ws/build/rainbot_py/build install --record /home/emmanuel/rainbot_ws/build/rainbot_py/install.log --single-version-externally-managed
[9.097s] Level 1:colcon.colcon_core.environment:checking '/home/emmanuel/rainbot_ws/install/rainbot_py' for CMake module files
[9.098s] Level 1:colcon.colcon_core.environment:checking '/home/emmanuel/rainbot_ws/install/rainbot_py' for CMake config files
[9.099s] Level 1:colcon.colcon_core.environment:checking '/home/emmanuel/rainbot_ws/install/rainbot_py/lib'
[9.099s] Level 1:colcon.colcon_core.environment:checking '/home/emmanuel/rainbot_ws/install/rainbot_py/bin'
[9.099s] Level 1:colcon.colcon_core.environment:checking '/home/emmanuel/rainbot_ws/install/rainbot_py/lib/pkgconfig/rainbot_py.pc'
[9.100s] Level 1:colcon.colcon_core.environment:checking '/home/emmanuel/rainbot_ws/install/rainbot_py/lib/python3.10/site-packages'
[9.100s] Level 1:colcon.colcon_core.shell:create_environment_hook('rainbot_py', 'pythonpath')
[9.139s] INFO:colcon.colcon_core.shell:Creating environment hook '/home/emmanuel/rainbot_ws/install/rainbot_py/share/rainbot_py/hook/pythonpath.ps1'
[9.140s] INFO:colcon.colcon_core.shell:Creating environment descriptor '/home/emmanuel/rainbot_ws/install/rainbot_py/share/rainbot_py/hook/pythonpath.dsv'
[9.141s] INFO:colcon.colcon_core.shell:Creating environment hook '/home/emmanuel/rainbot_ws/install/rainbot_py/share/rainbot_py/hook/pythonpath.sh'
[9.142s] Level 1:colcon.colcon_core.environment:checking '/home/emmanuel/rainbot_ws/install/rainbot_py/bin'
[9.142s] Level 1:colcon.colcon_core.environment:create_environment_scripts_only(rainbot_py)
[9.187s] INFO:colcon.colcon_core.shell:Creating package script '/home/emmanuel/rainbot_ws/install/rainbot_py/share/rainbot_py/package.ps1'
[9.189s] INFO:colcon.colcon_core.shell:Creating package descriptor '/home/emmanuel/rainbot_ws/install/rainbot_py/share/rainbot_py/package.dsv'
[9.190s] INFO:colcon.colcon_core.shell:Creating package script '/home/emmanuel/rainbot_ws/install/rainbot_py/share/rainbot_py/package.sh'
[9.191s] INFO:colcon.colcon_core.shell:Creating package script '/home/emmanuel/rainbot_ws/install/rainbot_py/share/rainbot_py/package.bash'
[9.192s] INFO:colcon.colcon_core.shell:Creating package script '/home/emmanuel/rainbot_ws/install/rainbot_py/share/rainbot_py/package.zsh'
[9.192s] Level 1:colcon.colcon_core.environment:create_file_with_runtime_dependencies(/home/emmanuel/rainbot_ws/install/rainbot_py/share/colcon-core/packages/rainbot_py)
[9.193s] DEBUG:colcon.colcon_parallel_executor.executor.parallel:closing loop
[9.193s] DEBUG:colcon.colcon_parallel_executor.executor.parallel:loop closed
[9.196s] DEBUG:colcon.colcon_parallel_executor.executor.parallel:run_until_complete finished with '0'
[9.196s] DEBUG:colcon.colcon_core.event_reactor:joining thread
[9.252s] INFO:colcon.colcon_core.plugin_system:Skipping extension 'colcon_notification.desktop_notification.terminal_notifier': Not used on non-Darwin systems
[9.252s] INFO:colcon.colcon_core.plugin_system:Skipping extension 'colcon_notification.desktop_notification.win32': Not used on non-Windows systems
[9.252s] INFO:colcon.colcon_notification.desktop_notification:Sending desktop notification using 'notify2'
[9.290s] DEBUG:colcon.colcon_core.event_reactor:joined thread
[9.333s] INFO:colcon.colcon_core.shell:Creating prefix script '/home/emmanuel/rainbot_ws/install/local_setup.ps1'
[9.336s] INFO:colcon.colcon_core.shell:Creating prefix util module '/home/emmanuel/rainbot_ws/install/_local_setup_util_ps1.py'
[9.339s] INFO:colcon.colcon_core.shell:Creating prefix chain script '/home/emmanuel/rainbot_ws/install/setup.ps1'
[9.383s] INFO:colcon.colcon_core.shell:Creating prefix script '/home/emmanuel/rainbot_ws/install/local_setup.sh'
[9.384s] INFO:colcon.colcon_core.shell:Creating prefix util module '/home/emmanuel/rainbot_ws/install/_local_setup_util_sh.py'
[9.385s] INFO:colcon.colcon_core.shell:Creating prefix chain script '/home/emmanuel/rainbot_ws/install/setup.sh'
[9.430s] INFO:colcon.colcon_core.shell:Creating prefix script '/home/emmanuel/rainbot_ws/install/local_setup.bash'
[9.431s] INFO:colcon.colcon_core.shell:Creating prefix chain script '/home/emmanuel/rainbot_ws/install/setup.bash'
[9.478s] INFO:colcon.colcon_core.shell:Creating prefix script '/home/emmanuel/rainbot_ws/install/local_setup.zsh'
[9.479s] INFO:colcon.colcon_core.shell:Creating prefix chain script '/home/emmanuel/rainbot_ws/install/setup.zsh'
