[0.120s] Invoking command in '/home/emmanuel/rainbot_ws/build/rain_arm_moveit': CMAKE_PREFIX_PATH=${CMAKE_PREFIX_PATH}:/home/emmanuel/rainbot_ws/install/rainbot_py:/opt/ros/humble /usr/bin/cmake /home/emmanuel/rainbot_ws/src/rain_arm_moveit -DCMAKE_INSTALL_PREFIX=/home/emmanuel/rainbot_ws/install/rain_arm_moveit
[0.784s] -- The C compiler identification is GNU 11.4.0
[1.282s] -- The CXX compiler identification is GNU 11.4.0
[1.444s] -- Detecting C compiler ABI info
[1.717s] -- Detecting C compiler ABI info - done
[1.746s] -- Check for working C compiler: /usr/bin/cc - skipped
[1.754s] -- Detecting C compile features
[1.765s] -- Detecting C compile features - done
[1.780s] -- Detecting CXX compiler ABI info
[2.118s] -- Detecting CXX compiler ABI info - done
[2.143s] -- Check for working CXX compiler: /usr/bin/c++ - skipped
[2.143s] -- Detecting CXX compile features
[2.143s] -- Detecting CXX compile features - done
[2.153s] -- Found ament_cmake: 1.3.5 (/opt/ros/humble/share/ament_cmake/cmake)
[2.565s] -- Found Python3: /usr/bin/python3.10 (found version "3.10.12") found components: Interpreter 
[2.805s] -- Found ament_lint_auto: 0.12.8 (/opt/ros/humble/share/ament_lint_auto/cmake)
[3.012s] -- Added test 'lint_cmake' to check CMake code style
[3.019s] -- Added test 'xmllint' to check XML markup files
[3.026s] -- Configuring done
[3.027s] -- Generating done
[3.029s] -- Build files have been written to: /home/emmanuel/rainbot_ws/build/rain_arm_moveit
[4.057s] Invoked command in '/home/emmanuel/rainbot_ws/build/rain_arm_moveit' returned '0': CMAKE_PREFIX_PATH=${CMAKE_PREFIX_PATH}:/home/emmanuel/rainbot_ws/install/rainbot_py:/opt/ros/humble /usr/bin/cmake /home/emmanuel/rainbot_ws/src/rain_arm_moveit -DCMAKE_INSTALL_PREFIX=/home/emmanuel/rainbot_ws/install/rain_arm_moveit
[4.062s] Invoking command in '/home/emmanuel/rainbot_ws/build/rain_arm_moveit': CMAKE_PREFIX_PATH=${CMAKE_PREFIX_PATH}:/home/emmanuel/rainbot_ws/install/rainbot_py:/opt/ros/humble /usr/bin/cmake --build /home/emmanuel/rainbot_ws/build/rain_arm_moveit -- -j4 -l4
[4.202s] Invoked command in '/home/emmanuel/rainbot_ws/build/rain_arm_moveit' returned '0': CMAKE_PREFIX_PATH=${CMAKE_PREFIX_PATH}:/home/emmanuel/rainbot_ws/install/rainbot_py:/opt/ros/humble /usr/bin/cmake --build /home/emmanuel/rainbot_ws/build/rain_arm_moveit -- -j4 -l4
[4.330s] Invoking command in '/home/emmanuel/rainbot_ws/build/rain_arm_moveit': CMAKE_PREFIX_PATH=${CMAKE_PREFIX_PATH}:/home/emmanuel/rainbot_ws/install/rainbot_py:/opt/ros/humble /usr/bin/cmake --install /home/emmanuel/rainbot_ws/build/rain_arm_moveit
[4.345s] -- Install configuration: ""
[4.345s] -- Installing: /home/emmanuel/rainbot_ws/install/rain_arm_moveit/share/ament_index/resource_index/package_run_dependencies/rain_arm_moveit
[4.345s] -- Installing: /home/emmanuel/rainbot_ws/install/rain_arm_moveit/share/ament_index/resource_index/parent_prefix_path/rain_arm_moveit
[4.345s] -- Installing: /home/emmanuel/rainbot_ws/install/rain_arm_moveit/share/rain_arm_moveit/environment/ament_prefix_path.sh
[4.346s] -- Installing: /home/emmanuel/rainbot_ws/install/rain_arm_moveit/share/rain_arm_moveit/environment/ament_prefix_path.dsv
[4.346s] -- Installing: /home/emmanuel/rainbot_ws/install/rain_arm_moveit/share/rain_arm_moveit/environment/path.sh
[4.346s] -- Installing: /home/emmanuel/rainbot_ws/install/rain_arm_moveit/share/rain_arm_moveit/environment/path.dsv
[4.346s] -- Installing: /home/emmanuel/rainbot_ws/install/rain_arm_moveit/share/rain_arm_moveit/local_setup.bash
[4.347s] -- Installing: /home/emmanuel/rainbot_ws/install/rain_arm_moveit/share/rain_arm_moveit/local_setup.sh
[4.347s] -- Installing: /home/emmanuel/rainbot_ws/install/rain_arm_moveit/share/rain_arm_moveit/local_setup.zsh
[4.347s] -- Installing: /home/emmanuel/rainbot_ws/install/rain_arm_moveit/share/rain_arm_moveit/local_setup.dsv
[4.347s] -- Installing: /home/emmanuel/rainbot_ws/install/rain_arm_moveit/share/rain_arm_moveit/package.dsv
[4.348s] -- Installing: /home/emmanuel/rainbot_ws/install/rain_arm_moveit/share/ament_index/resource_index/packages/rain_arm_moveit
[4.349s] -- Installing: /home/emmanuel/rainbot_ws/install/rain_arm_moveit/share/rain_arm_moveit/cmake/rain_arm_moveitConfig.cmake
[4.349s] -- Installing: /home/emmanuel/rainbot_ws/install/rain_arm_moveit/share/rain_arm_moveit/cmake/rain_arm_moveitConfig-version.cmake
[4.349s] -- Installing: /home/emmanuel/rainbot_ws/install/rain_arm_moveit/share/rain_arm_moveit/package.xml
[4.366s] Invoked command in '/home/emmanuel/rainbot_ws/build/rain_arm_moveit' returned '0': CMAKE_PREFIX_PATH=${CMAKE_PREFIX_PATH}:/home/emmanuel/rainbot_ws/install/rainbot_py:/opt/ros/humble /usr/bin/cmake --install /home/emmanuel/rainbot_ws/build/rain_arm_moveit
