[0.412s] Invoking command in '/home/emmanuel/rainbot_ws/build/rain_arm_msgs': CMAKE_PREFIX_PATH=${CMAKE_PREFIX_PATH}:/home/emmanuel/rainbot_ws/install/rainbot_py:/opt/ros/humble /usr/bin/cmake --build /home/emmanuel/rainbot_ws/build/rain_arm_msgs -- -j4 -l4
[0.524s] [  2%] Built target rain_arm_msgs__cpp
[0.537s] [ 12%] Built target rain_arm_msgs__rosidl_generator_c
[0.578s] [ 12%] Built target ament_cmake_python_copy_rain_arm_msgs
[0.596s] [ 23%] Built target rain_arm_msgs__rosidl_typesupport_cpp
[0.619s] [ 34%] Built target rain_arm_msgs__rosidl_typesupport_fastrtps_cpp
[0.622s] [ 44%] Built target rain_arm_msgs__rosidl_typesupport_introspection_cpp
[0.655s] [ 55%] Built target rain_arm_msgs__rosidl_typesupport_introspection_c
[0.659s] [ 65%] Built target rain_arm_msgs__rosidl_typesupport_fastrtps_c
[0.673s] [ 76%] Built target rain_arm_msgs__rosidl_typesupport_c
[0.716s] [ 76%] Built target rain_arm_msgs
[0.748s] [ 78%] Built target rain_arm_msgs__py
[0.796s] [ 87%] Built target rain_arm_msgs__rosidl_generator_py
[0.853s] [ 91%] Built target rain_arm_msgs__rosidl_typesupport_introspection_c__pyext
[0.877s] [ 95%] Built target rain_arm_msgs__rosidl_typesupport_c__pyext
[0.898s] [100%] Built target rain_arm_msgs__rosidl_typesupport_fastrtps_c__pyext
[1.179s] running egg_info
[1.181s] writing rain_arm_msgs.egg-info/PKG-INFO
[1.181s] writing dependency_links to rain_arm_msgs.egg-info/dependency_links.txt
[1.182s] writing top-level names to rain_arm_msgs.egg-info/top_level.txt
[1.187s] reading manifest file 'rain_arm_msgs.egg-info/SOURCES.txt'
[1.192s] writing manifest file 'rain_arm_msgs.egg-info/SOURCES.txt'
[1.254s] [100%] Built target ament_cmake_python_build_rain_arm_msgs_egg
[1.778s] Invoked command in '/home/emmanuel/rainbot_ws/build/rain_arm_msgs' returned '0': CMAKE_PREFIX_PATH=${CMAKE_PREFIX_PATH}:/home/emmanuel/rainbot_ws/install/rainbot_py:/opt/ros/humble /usr/bin/cmake --build /home/emmanuel/rainbot_ws/build/rain_arm_msgs -- -j4 -l4
[2.010s] Invoking command in '/home/emmanuel/rainbot_ws/build/rain_arm_msgs': CMAKE_PREFIX_PATH=${CMAKE_PREFIX_PATH}:/home/emmanuel/rainbot_ws/install/rainbot_py:/opt/ros/humble /usr/bin/cmake --install /home/emmanuel/rainbot_ws/build/rain_arm_msgs
[2.035s] -- Install configuration: ""
[2.035s] -- Up-to-date: /home/emmanuel/rainbot_ws/install/rain_arm_msgs/share/ament_index/resource_index/rosidl_interfaces/rain_arm_msgs
[2.040s] -- Up-to-date: /home/emmanuel/rainbot_ws/install/rain_arm_msgs/include/rain_arm_msgs/rain_arm_msgs
[2.041s] -- Up-to-date: /home/emmanuel/rainbot_ws/install/rain_arm_msgs/include/rain_arm_msgs/rain_arm_msgs/msg
[2.041s] -- Up-to-date: /home/emmanuel/rainbot_ws/install/rain_arm_msgs/include/rain_arm_msgs/rain_arm_msgs/msg/rosidl_generator_c__visibility_control.h
[2.041s] -- Up-to-date: /home/emmanuel/rainbot_ws/install/rain_arm_msgs/include/rain_arm_msgs/rain_arm_msgs/srv
[2.041s] -- Up-to-date: /home/emmanuel/rainbot_ws/install/rain_arm_msgs/include/rain_arm_msgs/rain_arm_msgs/srv/add_twoints.h
[2.041s] -- Up-to-date: /home/emmanuel/rainbot_ws/install/rain_arm_msgs/include/rain_arm_msgs/rain_arm_msgs/srv/euler_to_quarternion.h
[2.042s] -- Up-to-date: /home/emmanuel/rainbot_ws/install/rain_arm_msgs/include/rain_arm_msgs/rain_arm_msgs/srv/detail
[2.042s] -- Up-to-date: /home/emmanuel/rainbot_ws/install/rain_arm_msgs/include/rain_arm_msgs/rain_arm_msgs/srv/detail/add_twoints__functions.c
[2.042s] -- Up-to-date: /home/emmanuel/rainbot_ws/install/rain_arm_msgs/include/rain_arm_msgs/rain_arm_msgs/srv/detail/add_twoints__struct.h
[2.042s] -- Up-to-date: /home/emmanuel/rainbot_ws/install/rain_arm_msgs/include/rain_arm_msgs/rain_arm_msgs/srv/detail/euler_to_quarternion__type_support.h
[2.042s] -- Up-to-date: /home/emmanuel/rainbot_ws/install/rain_arm_msgs/include/rain_arm_msgs/rain_arm_msgs/srv/detail/euler_to_quarternion__functions.c
[2.042s] -- Up-to-date: /home/emmanuel/rainbot_ws/install/rain_arm_msgs/include/rain_arm_msgs/rain_arm_msgs/srv/detail/euler_to_quarternion__functions.h
[2.042s] -- Up-to-date: /home/emmanuel/rainbot_ws/install/rain_arm_msgs/include/rain_arm_msgs/rain_arm_msgs/srv/detail/quarternion_to_euler__type_support.h
[2.043s] -- Up-to-date: /home/emmanuel/rainbot_ws/install/rain_arm_msgs/include/rain_arm_msgs/rain_arm_msgs/srv/detail/add_twoints__functions.h
[2.043s] -- Up-to-date: /home/emmanuel/rainbot_ws/install/rain_arm_msgs/include/rain_arm_msgs/rain_arm_msgs/srv/detail/quarternion_to_euler__functions.c
[2.043s] -- Up-to-date: /home/emmanuel/rainbot_ws/install/rain_arm_msgs/include/rain_arm_msgs/rain_arm_msgs/srv/detail/euler_to_quarternion__struct.h
[2.043s] -- Up-to-date: /home/emmanuel/rainbot_ws/install/rain_arm_msgs/include/rain_arm_msgs/rain_arm_msgs/srv/detail/quarternion_to_euler__struct.h
[2.043s] -- Up-to-date: /home/emmanuel/rainbot_ws/install/rain_arm_msgs/include/rain_arm_msgs/rain_arm_msgs/srv/detail/add_twoints__type_support.h
[2.043s] -- Up-to-date: /home/emmanuel/rainbot_ws/install/rain_arm_msgs/include/rain_arm_msgs/rain_arm_msgs/srv/detail/quarternion_to_euler__functions.h
[2.044s] -- Up-to-date: /home/emmanuel/rainbot_ws/install/rain_arm_msgs/include/rain_arm_msgs/rain_arm_msgs/srv/quarternion_to_euler.h
[2.044s] -- Up-to-date: /home/emmanuel/rainbot_ws/install/rain_arm_msgs/share/rain_arm_msgs/environment/library_path.sh
[2.044s] -- Up-to-date: /home/emmanuel/rainbot_ws/install/rain_arm_msgs/share/rain_arm_msgs/environment/library_path.dsv
[2.044s] -- Up-to-date: /home/emmanuel/rainbot_ws/install/rain_arm_msgs/lib/librain_arm_msgs__rosidl_generator_c.so
[2.044s] -- Up-to-date: /home/emmanuel/rainbot_ws/install/rain_arm_msgs/include/rain_arm_msgs/rain_arm_msgs
[2.044s] -- Up-to-date: /home/emmanuel/rainbot_ws/install/rain_arm_msgs/include/rain_arm_msgs/rain_arm_msgs/msg
[2.044s] -- Up-to-date: /home/emmanuel/rainbot_ws/install/rain_arm_msgs/include/rain_arm_msgs/rain_arm_msgs/msg/rosidl_typesupport_fastrtps_c__visibility_control.h
[2.045s] -- Up-to-date: /home/emmanuel/rainbot_ws/install/rain_arm_msgs/include/rain_arm_msgs/rain_arm_msgs/srv
[2.045s] -- Up-to-date: /home/emmanuel/rainbot_ws/install/rain_arm_msgs/include/rain_arm_msgs/rain_arm_msgs/srv/detail
[2.045s] -- Up-to-date: /home/emmanuel/rainbot_ws/install/rain_arm_msgs/include/rain_arm_msgs/rain_arm_msgs/srv/detail/quarternion_to_euler__rosidl_typesupport_fastrtps_c.h
[2.045s] -- Up-to-date: /home/emmanuel/rainbot_ws/install/rain_arm_msgs/include/rain_arm_msgs/rain_arm_msgs/srv/detail/euler_to_quarternion__rosidl_typesupport_fastrtps_c.h
[2.045s] -- Up-to-date: /home/emmanuel/rainbot_ws/install/rain_arm_msgs/include/rain_arm_msgs/rain_arm_msgs/srv/detail/add_twoints__rosidl_typesupport_fastrtps_c.h
[2.045s] -- Up-to-date: /home/emmanuel/rainbot_ws/install/rain_arm_msgs/lib/librain_arm_msgs__rosidl_typesupport_fastrtps_c.so
[2.046s] -- Up-to-date: /home/emmanuel/rainbot_ws/install/rain_arm_msgs/include/rain_arm_msgs/rain_arm_msgs
[2.046s] -- Up-to-date: /home/emmanuel/rainbot_ws/install/rain_arm_msgs/include/rain_arm_msgs/rain_arm_msgs/srv
[2.046s] -- Up-to-date: /home/emmanuel/rainbot_ws/install/rain_arm_msgs/include/rain_arm_msgs/rain_arm_msgs/srv/euler_to_quarternion.hpp
[2.046s] -- Up-to-date: /home/emmanuel/rainbot_ws/install/rain_arm_msgs/include/rain_arm_msgs/rain_arm_msgs/srv/detail
[2.046s] -- Up-to-date: /home/emmanuel/rainbot_ws/install/rain_arm_msgs/include/rain_arm_msgs/rain_arm_msgs/srv/detail/add_twoints__struct.hpp
[2.046s] -- Up-to-date: /home/emmanuel/rainbot_ws/install/rain_arm_msgs/include/rain_arm_msgs/rain_arm_msgs/srv/detail/euler_to_quarternion__struct.hpp
[2.046s] -- Up-to-date: /home/emmanuel/rainbot_ws/install/rain_arm_msgs/include/rain_arm_msgs/rain_arm_msgs/srv/detail/add_twoints__builder.hpp
[2.047s] -- Up-to-date: /home/emmanuel/rainbot_ws/install/rain_arm_msgs/include/rain_arm_msgs/rain_arm_msgs/srv/detail/euler_to_quarternion__builder.hpp
[2.047s] -- Up-to-date: /home/emmanuel/rainbot_ws/install/rain_arm_msgs/include/rain_arm_msgs/rain_arm_msgs/srv/detail/euler_to_quarternion__traits.hpp
[2.047s] -- Up-to-date: /home/emmanuel/rainbot_ws/install/rain_arm_msgs/include/rain_arm_msgs/rain_arm_msgs/srv/detail/quarternion_to_euler__builder.hpp
[2.047s] -- Up-to-date: /home/emmanuel/rainbot_ws/install/rain_arm_msgs/include/rain_arm_msgs/rain_arm_msgs/srv/detail/add_twoints__traits.hpp
[2.047s] -- Up-to-date: /home/emmanuel/rainbot_ws/install/rain_arm_msgs/include/rain_arm_msgs/rain_arm_msgs/srv/detail/quarternion_to_euler__struct.hpp
[2.047s] -- Up-to-date: /home/emmanuel/rainbot_ws/install/rain_arm_msgs/include/rain_arm_msgs/rain_arm_msgs/srv/detail/quarternion_to_euler__traits.hpp
[2.047s] -- Up-to-date: /home/emmanuel/rainbot_ws/install/rain_arm_msgs/include/rain_arm_msgs/rain_arm_msgs/srv/add_twoints.hpp
[2.048s] -- Up-to-date: /home/emmanuel/rainbot_ws/install/rain_arm_msgs/include/rain_arm_msgs/rain_arm_msgs/srv/quarternion_to_euler.hpp
[2.048s] -- Up-to-date: /home/emmanuel/rainbot_ws/install/rain_arm_msgs/include/rain_arm_msgs/rain_arm_msgs
[2.048s] -- Up-to-date: /home/emmanuel/rainbot_ws/install/rain_arm_msgs/include/rain_arm_msgs/rain_arm_msgs/msg
[2.048s] -- Up-to-date: /home/emmanuel/rainbot_ws/install/rain_arm_msgs/include/rain_arm_msgs/rain_arm_msgs/msg/rosidl_typesupport_fastrtps_cpp__visibility_control.h
[2.049s] -- Up-to-date: /home/emmanuel/rainbot_ws/install/rain_arm_msgs/include/rain_arm_msgs/rain_arm_msgs/srv
[2.049s] -- Up-to-date: /home/emmanuel/rainbot_ws/install/rain_arm_msgs/include/rain_arm_msgs/rain_arm_msgs/srv/detail
[2.049s] -- Up-to-date: /home/emmanuel/rainbot_ws/install/rain_arm_msgs/include/rain_arm_msgs/rain_arm_msgs/srv/detail/quarternion_to_euler__rosidl_typesupport_fastrtps_cpp.hpp
[2.049s] -- Up-to-date: /home/emmanuel/rainbot_ws/install/rain_arm_msgs/include/rain_arm_msgs/rain_arm_msgs/srv/detail/euler_to_quarternion__rosidl_typesupport_fastrtps_cpp.hpp
[2.049s] -- Up-to-date: /home/emmanuel/rainbot_ws/install/rain_arm_msgs/include/rain_arm_msgs/rain_arm_msgs/srv/detail/dds_fastrtps
[2.050s] -- Up-to-date: /home/emmanuel/rainbot_ws/install/rain_arm_msgs/include/rain_arm_msgs/rain_arm_msgs/srv/detail/add_twoints__rosidl_typesupport_fastrtps_cpp.hpp
[2.050s] -- Up-to-date: /home/emmanuel/rainbot_ws/install/rain_arm_msgs/lib/librain_arm_msgs__rosidl_typesupport_fastrtps_cpp.so
[2.051s] -- Up-to-date: /home/emmanuel/rainbot_ws/install/rain_arm_msgs/include/rain_arm_msgs/rain_arm_msgs
[2.052s] -- Up-to-date: /home/emmanuel/rainbot_ws/install/rain_arm_msgs/include/rain_arm_msgs/rain_arm_msgs/msg
[2.052s] -- Up-to-date: /home/emmanuel/rainbot_ws/install/rain_arm_msgs/include/rain_arm_msgs/rain_arm_msgs/msg/rosidl_typesupport_introspection_c__visibility_control.h
[2.064s] -- Up-to-date: /home/emmanuel/rainbot_ws/install/rain_arm_msgs/include/rain_arm_msgs/rain_arm_msgs/srv
[2.064s] -- Up-to-date: /home/emmanuel/rainbot_ws/install/rain_arm_msgs/include/rain_arm_msgs/rain_arm_msgs/srv/detail
[2.065s] -- Up-to-date: /home/emmanuel/rainbot_ws/install/rain_arm_msgs/include/rain_arm_msgs/rain_arm_msgs/srv/detail/euler_to_quarternion__type_support.c
[2.066s] -- Up-to-date: /home/emmanuel/rainbot_ws/install/rain_arm_msgs/include/rain_arm_msgs/rain_arm_msgs/srv/detail/euler_to_quarternion__rosidl_typesupport_introspection_c.h
[2.066s] -- Up-to-date: /home/emmanuel/rainbot_ws/install/rain_arm_msgs/include/rain_arm_msgs/rain_arm_msgs/srv/detail/add_twoints__type_support.c
[2.066s] -- Up-to-date: /home/emmanuel/rainbot_ws/install/rain_arm_msgs/include/rain_arm_msgs/rain_arm_msgs/srv/detail/quarternion_to_euler__type_support.c
[2.066s] -- Up-to-date: /home/emmanuel/rainbot_ws/install/rain_arm_msgs/include/rain_arm_msgs/rain_arm_msgs/srv/detail/add_twoints__rosidl_typesupport_introspection_c.h
[2.066s] -- Up-to-date: /home/emmanuel/rainbot_ws/install/rain_arm_msgs/include/rain_arm_msgs/rain_arm_msgs/srv/detail/quarternion_to_euler__rosidl_typesupport_introspection_c.h
[2.066s] -- Up-to-date: /home/emmanuel/rainbot_ws/install/rain_arm_msgs/lib/librain_arm_msgs__rosidl_typesupport_introspection_c.so
[2.068s] -- Up-to-date: /home/emmanuel/rainbot_ws/install/rain_arm_msgs/lib/librain_arm_msgs__rosidl_typesupport_c.so
[2.068s] -- Up-to-date: /home/emmanuel/rainbot_ws/install/rain_arm_msgs/include/rain_arm_msgs/rain_arm_msgs
[2.068s] -- Up-to-date: /home/emmanuel/rainbot_ws/install/rain_arm_msgs/include/rain_arm_msgs/rain_arm_msgs/srv
[2.068s] -- Up-to-date: /home/emmanuel/rainbot_ws/install/rain_arm_msgs/include/rain_arm_msgs/rain_arm_msgs/srv/detail
[2.069s] -- Up-to-date: /home/emmanuel/rainbot_ws/install/rain_arm_msgs/include/rain_arm_msgs/rain_arm_msgs/srv/detail/quarternion_to_euler__type_support.cpp
[2.069s] -- Up-to-date: /home/emmanuel/rainbot_ws/install/rain_arm_msgs/include/rain_arm_msgs/rain_arm_msgs/srv/detail/euler_to_quarternion__rosidl_typesupport_introspection_cpp.hpp
[2.069s] -- Up-to-date: /home/emmanuel/rainbot_ws/install/rain_arm_msgs/include/rain_arm_msgs/rain_arm_msgs/srv/detail/quarternion_to_euler__rosidl_typesupport_introspection_cpp.hpp
[2.069s] -- Up-to-date: /home/emmanuel/rainbot_ws/install/rain_arm_msgs/include/rain_arm_msgs/rain_arm_msgs/srv/detail/euler_to_quarternion__type_support.cpp
[2.069s] -- Up-to-date: /home/emmanuel/rainbot_ws/install/rain_arm_msgs/include/rain_arm_msgs/rain_arm_msgs/srv/detail/add_twoints__type_support.cpp
[2.069s] -- Up-to-date: /home/emmanuel/rainbot_ws/install/rain_arm_msgs/include/rain_arm_msgs/rain_arm_msgs/srv/detail/add_twoints__rosidl_typesupport_introspection_cpp.hpp
[2.070s] -- Up-to-date: /home/emmanuel/rainbot_ws/install/rain_arm_msgs/lib/librain_arm_msgs__rosidl_typesupport_introspection_cpp.so
[2.070s] -- Up-to-date: /home/emmanuel/rainbot_ws/install/rain_arm_msgs/lib/librain_arm_msgs__rosidl_typesupport_cpp.so
[2.070s] -- Up-to-date: /home/emmanuel/rainbot_ws/install/rain_arm_msgs/share/rain_arm_msgs/environment/pythonpath.sh
[2.071s] -- Up-to-date: /home/emmanuel/rainbot_ws/install/rain_arm_msgs/share/rain_arm_msgs/environment/pythonpath.dsv
[2.072s] -- Up-to-date: /home/emmanuel/rainbot_ws/install/rain_arm_msgs/local/lib/python3.10/dist-packages/rain_arm_msgs-0.0.0-py3.10.egg-info
[2.072s] -- Installing: /home/emmanuel/rainbot_ws/install/rain_arm_msgs/local/lib/python3.10/dist-packages/rain_arm_msgs-0.0.0-py3.10.egg-info/dependency_links.txt
[2.072s] -- Installing: /home/emmanuel/rainbot_ws/install/rain_arm_msgs/local/lib/python3.10/dist-packages/rain_arm_msgs-0.0.0-py3.10.egg-info/top_level.txt
[2.072s] -- Installing: /home/emmanuel/rainbot_ws/install/rain_arm_msgs/local/lib/python3.10/dist-packages/rain_arm_msgs-0.0.0-py3.10.egg-info/PKG-INFO
[2.072s] -- Installing: /home/emmanuel/rainbot_ws/install/rain_arm_msgs/local/lib/python3.10/dist-packages/rain_arm_msgs-0.0.0-py3.10.egg-info/SOURCES.txt
[2.072s] -- Up-to-date: /home/emmanuel/rainbot_ws/install/rain_arm_msgs/local/lib/python3.10/dist-packages/rain_arm_msgs
[2.072s] -- Up-to-date: /home/emmanuel/rainbot_ws/install/rain_arm_msgs/local/lib/python3.10/dist-packages/rain_arm_msgs/rain_arm_msgs_s__rosidl_typesupport_introspection_c.cpython-310-x86_64-linux-gnu.so
[2.073s] -- Up-to-date: /home/emmanuel/rainbot_ws/install/rain_arm_msgs/local/lib/python3.10/dist-packages/rain_arm_msgs/_rain_arm_msgs_s.ep.rosidl_typesupport_c.c
[2.073s] -- Up-to-date: /home/emmanuel/rainbot_ws/install/rain_arm_msgs/local/lib/python3.10/dist-packages/rain_arm_msgs/librain_arm_msgs__rosidl_generator_py.so
[2.073s] -- Up-to-date: /home/emmanuel/rainbot_ws/install/rain_arm_msgs/local/lib/python3.10/dist-packages/rain_arm_msgs/_rain_arm_msgs_s.ep.rosidl_typesupport_introspection_c.c
[2.073s] -- Up-to-date: /home/emmanuel/rainbot_ws/install/rain_arm_msgs/local/lib/python3.10/dist-packages/rain_arm_msgs/srv
[2.073s] -- Up-to-date: /home/emmanuel/rainbot_ws/install/rain_arm_msgs/local/lib/python3.10/dist-packages/rain_arm_msgs/srv/_add_twoints.py
[2.073s] -- Up-to-date: /home/emmanuel/rainbot_ws/install/rain_arm_msgs/local/lib/python3.10/dist-packages/rain_arm_msgs/srv/_quarternion_to_euler_s.c
[2.073s] -- Up-to-date: /home/emmanuel/rainbot_ws/install/rain_arm_msgs/local/lib/python3.10/dist-packages/rain_arm_msgs/srv/_euler_to_quarternion.py
[2.074s] -- Up-to-date: /home/emmanuel/rainbot_ws/install/rain_arm_msgs/local/lib/python3.10/dist-packages/rain_arm_msgs/srv/_add_twoints_s.c
[2.074s] -- Up-to-date: /home/emmanuel/rainbot_ws/install/rain_arm_msgs/local/lib/python3.10/dist-packages/rain_arm_msgs/srv/__init__.py
[2.074s] -- Up-to-date: /home/emmanuel/rainbot_ws/install/rain_arm_msgs/local/lib/python3.10/dist-packages/rain_arm_msgs/srv/_euler_to_quarternion_s.c
[2.074s] -- Up-to-date: /home/emmanuel/rainbot_ws/install/rain_arm_msgs/local/lib/python3.10/dist-packages/rain_arm_msgs/srv/_quarternion_to_euler.py
[2.074s] -- Up-to-date: /home/emmanuel/rainbot_ws/install/rain_arm_msgs/local/lib/python3.10/dist-packages/rain_arm_msgs/rain_arm_msgs_s__rosidl_typesupport_fastrtps_c.cpython-310-x86_64-linux-gnu.so
[2.074s] -- Up-to-date: /home/emmanuel/rainbot_ws/install/rain_arm_msgs/local/lib/python3.10/dist-packages/rain_arm_msgs/__init__.py
[2.074s] -- Up-to-date: /home/emmanuel/rainbot_ws/install/rain_arm_msgs/local/lib/python3.10/dist-packages/rain_arm_msgs/rain_arm_msgs_s__rosidl_typesupport_c.cpython-310-x86_64-linux-gnu.so
[2.075s] -- Up-to-date: /home/emmanuel/rainbot_ws/install/rain_arm_msgs/local/lib/python3.10/dist-packages/rain_arm_msgs/_rain_arm_msgs_s.ep.rosidl_typesupport_fastrtps_c.c
[2.144s] Listing '/home/emmanuel/rainbot_ws/install/rain_arm_msgs/local/lib/python3.10/dist-packages/rain_arm_msgs'...
[2.144s] Listing '/home/emmanuel/rainbot_ws/install/rain_arm_msgs/local/lib/python3.10/dist-packages/rain_arm_msgs/srv'...
[2.164s] -- Up-to-date: /home/emmanuel/rainbot_ws/install/rain_arm_msgs/local/lib/python3.10/dist-packages/rain_arm_msgs/rain_arm_msgs_s__rosidl_typesupport_fastrtps_c.cpython-310-x86_64-linux-gnu.so
[2.164s] -- Up-to-date: /home/emmanuel/rainbot_ws/install/rain_arm_msgs/local/lib/python3.10/dist-packages/rain_arm_msgs/rain_arm_msgs_s__rosidl_typesupport_introspection_c.cpython-310-x86_64-linux-gnu.so
[2.164s] -- Up-to-date: /home/emmanuel/rainbot_ws/install/rain_arm_msgs/local/lib/python3.10/dist-packages/rain_arm_msgs/rain_arm_msgs_s__rosidl_typesupport_c.cpython-310-x86_64-linux-gnu.so
[2.164s] -- Up-to-date: /home/emmanuel/rainbot_ws/install/rain_arm_msgs/lib/librain_arm_msgs__rosidl_generator_py.so
[2.165s] -- Up-to-date: /home/emmanuel/rainbot_ws/install/rain_arm_msgs/share/rain_arm_msgs/srv/AddTwoints.idl
[2.165s] -- Up-to-date: /home/emmanuel/rainbot_ws/install/rain_arm_msgs/share/rain_arm_msgs/srv/QuarternionToEuler.idl
[2.165s] -- Up-to-date: /home/emmanuel/rainbot_ws/install/rain_arm_msgs/share/rain_arm_msgs/srv/EulerToQuarternion.idl
[2.165s] -- Up-to-date: /home/emmanuel/rainbot_ws/install/rain_arm_msgs/share/rain_arm_msgs/srv/AddTwoints.srv
[2.165s] -- Up-to-date: /home/emmanuel/rainbot_ws/install/rain_arm_msgs/share/rain_arm_msgs/srv/AddTwoints_Request.msg
[2.165s] -- Up-to-date: /home/emmanuel/rainbot_ws/install/rain_arm_msgs/share/rain_arm_msgs/srv/AddTwoints_Response.msg
[2.165s] -- Up-to-date: /home/emmanuel/rainbot_ws/install/rain_arm_msgs/share/rain_arm_msgs/srv/QuarternionToEuler.srv
[2.166s] -- Up-to-date: /home/emmanuel/rainbot_ws/install/rain_arm_msgs/share/rain_arm_msgs/srv/QuarternionToEuler_Request.msg
[2.166s] -- Up-to-date: /home/emmanuel/rainbot_ws/install/rain_arm_msgs/share/rain_arm_msgs/srv/QuarternionToEuler_Response.msg
[2.166s] -- Up-to-date: /home/emmanuel/rainbot_ws/install/rain_arm_msgs/share/rain_arm_msgs/srv/EulerToQuarternion.srv
[2.166s] -- Up-to-date: /home/emmanuel/rainbot_ws/install/rain_arm_msgs/share/rain_arm_msgs/srv/EulerToQuarternion_Request.msg
[2.166s] -- Up-to-date: /home/emmanuel/rainbot_ws/install/rain_arm_msgs/share/rain_arm_msgs/srv/EulerToQuarternion_Response.msg
[2.166s] -- Up-to-date: /home/emmanuel/rainbot_ws/install/rain_arm_msgs/share/ament_index/resource_index/package_run_dependencies/rain_arm_msgs
[2.166s] -- Up-to-date: /home/emmanuel/rainbot_ws/install/rain_arm_msgs/share/ament_index/resource_index/parent_prefix_path/rain_arm_msgs
[2.167s] -- Up-to-date: /home/emmanuel/rainbot_ws/install/rain_arm_msgs/share/rain_arm_msgs/environment/ament_prefix_path.sh
[2.167s] -- Up-to-date: /home/emmanuel/rainbot_ws/install/rain_arm_msgs/share/rain_arm_msgs/environment/ament_prefix_path.dsv
[2.167s] -- Up-to-date: /home/emmanuel/rainbot_ws/install/rain_arm_msgs/share/rain_arm_msgs/environment/path.sh
[2.167s] -- Up-to-date: /home/emmanuel/rainbot_ws/install/rain_arm_msgs/share/rain_arm_msgs/environment/path.dsv
[2.168s] -- Up-to-date: /home/emmanuel/rainbot_ws/install/rain_arm_msgs/share/rain_arm_msgs/local_setup.bash
[2.168s] -- Up-to-date: /home/emmanuel/rainbot_ws/install/rain_arm_msgs/share/rain_arm_msgs/local_setup.sh
[2.168s] -- Up-to-date: /home/emmanuel/rainbot_ws/install/rain_arm_msgs/share/rain_arm_msgs/local_setup.zsh
[2.168s] -- Up-to-date: /home/emmanuel/rainbot_ws/install/rain_arm_msgs/share/rain_arm_msgs/local_setup.dsv
[2.168s] -- Installing: /home/emmanuel/rainbot_ws/install/rain_arm_msgs/share/rain_arm_msgs/package.dsv
[2.168s] -- Up-to-date: /home/emmanuel/rainbot_ws/install/rain_arm_msgs/share/ament_index/resource_index/packages/rain_arm_msgs
[2.169s] -- Up-to-date: /home/emmanuel/rainbot_ws/install/rain_arm_msgs/share/rain_arm_msgs/cmake/export_rain_arm_msgs__rosidl_generator_cExport.cmake
[2.169s] -- Up-to-date: /home/emmanuel/rainbot_ws/install/rain_arm_msgs/share/rain_arm_msgs/cmake/export_rain_arm_msgs__rosidl_generator_cExport-noconfig.cmake
[2.169s] -- Up-to-date: /home/emmanuel/rainbot_ws/install/rain_arm_msgs/share/rain_arm_msgs/cmake/export_rain_arm_msgs__rosidl_typesupport_fastrtps_cExport.cmake
[2.169s] -- Up-to-date: /home/emmanuel/rainbot_ws/install/rain_arm_msgs/share/rain_arm_msgs/cmake/export_rain_arm_msgs__rosidl_typesupport_fastrtps_cExport-noconfig.cmake
[2.169s] -- Up-to-date: /home/emmanuel/rainbot_ws/install/rain_arm_msgs/share/rain_arm_msgs/cmake/export_rain_arm_msgs__rosidl_generator_cppExport.cmake
[2.169s] -- Up-to-date: /home/emmanuel/rainbot_ws/install/rain_arm_msgs/share/rain_arm_msgs/cmake/export_rain_arm_msgs__rosidl_typesupport_fastrtps_cppExport.cmake
[2.169s] -- Up-to-date: /home/emmanuel/rainbot_ws/install/rain_arm_msgs/share/rain_arm_msgs/cmake/export_rain_arm_msgs__rosidl_typesupport_fastrtps_cppExport-noconfig.cmake
[2.169s] -- Up-to-date: /home/emmanuel/rainbot_ws/install/rain_arm_msgs/share/rain_arm_msgs/cmake/rain_arm_msgs__rosidl_typesupport_introspection_cExport.cmake
[2.170s] -- Up-to-date: /home/emmanuel/rainbot_ws/install/rain_arm_msgs/share/rain_arm_msgs/cmake/rain_arm_msgs__rosidl_typesupport_introspection_cExport-noconfig.cmake
[2.170s] -- Up-to-date: /home/emmanuel/rainbot_ws/install/rain_arm_msgs/share/rain_arm_msgs/cmake/rain_arm_msgs__rosidl_typesupport_cExport.cmake
[2.170s] -- Up-to-date: /home/emmanuel/rainbot_ws/install/rain_arm_msgs/share/rain_arm_msgs/cmake/rain_arm_msgs__rosidl_typesupport_cExport-noconfig.cmake
[2.170s] -- Up-to-date: /home/emmanuel/rainbot_ws/install/rain_arm_msgs/share/rain_arm_msgs/cmake/rain_arm_msgs__rosidl_typesupport_introspection_cppExport.cmake
[2.170s] -- Up-to-date: /home/emmanuel/rainbot_ws/install/rain_arm_msgs/share/rain_arm_msgs/cmake/rain_arm_msgs__rosidl_typesupport_introspection_cppExport-noconfig.cmake
[2.170s] -- Up-to-date: /home/emmanuel/rainbot_ws/install/rain_arm_msgs/share/rain_arm_msgs/cmake/rain_arm_msgs__rosidl_typesupport_cppExport.cmake
[2.170s] -- Up-to-date: /home/emmanuel/rainbot_ws/install/rain_arm_msgs/share/rain_arm_msgs/cmake/rain_arm_msgs__rosidl_typesupport_cppExport-noconfig.cmake
[2.171s] -- Up-to-date: /home/emmanuel/rainbot_ws/install/rain_arm_msgs/share/rain_arm_msgs/cmake/export_rain_arm_msgs__rosidl_generator_pyExport.cmake
[2.171s] -- Up-to-date: /home/emmanuel/rainbot_ws/install/rain_arm_msgs/share/rain_arm_msgs/cmake/export_rain_arm_msgs__rosidl_generator_pyExport-noconfig.cmake
[2.171s] -- Up-to-date: /home/emmanuel/rainbot_ws/install/rain_arm_msgs/share/rain_arm_msgs/cmake/rosidl_cmake-extras.cmake
[2.171s] -- Up-to-date: /home/emmanuel/rainbot_ws/install/rain_arm_msgs/share/rain_arm_msgs/cmake/ament_cmake_export_include_directories-extras.cmake
[2.171s] -- Up-to-date: /home/emmanuel/rainbot_ws/install/rain_arm_msgs/share/rain_arm_msgs/cmake/ament_cmake_export_libraries-extras.cmake
[2.171s] -- Up-to-date: /home/emmanuel/rainbot_ws/install/rain_arm_msgs/share/rain_arm_msgs/cmake/ament_cmake_export_targets-extras.cmake
[2.184s] -- Up-to-date: /home/emmanuel/rainbot_ws/install/rain_arm_msgs/share/rain_arm_msgs/cmake/rosidl_cmake_export_typesupport_targets-extras.cmake
[2.184s] -- Up-to-date: /home/emmanuel/rainbot_ws/install/rain_arm_msgs/share/rain_arm_msgs/cmake/ament_cmake_export_dependencies-extras.cmake
[2.184s] -- Up-to-date: /home/emmanuel/rainbot_ws/install/rain_arm_msgs/share/rain_arm_msgs/cmake/rosidl_cmake_export_typesupport_libraries-extras.cmake
[2.185s] -- Up-to-date: /home/emmanuel/rainbot_ws/install/rain_arm_msgs/share/rain_arm_msgs/cmake/rain_arm_msgsConfig.cmake
[2.185s] -- Up-to-date: /home/emmanuel/rainbot_ws/install/rain_arm_msgs/share/rain_arm_msgs/cmake/rain_arm_msgsConfig-version.cmake
[2.185s] -- Up-to-date: /home/emmanuel/rainbot_ws/install/rain_arm_msgs/share/rain_arm_msgs/package.xml
[2.185s] Invoked command in '/home/emmanuel/rainbot_ws/build/rain_arm_msgs' returned '0': CMAKE_PREFIX_PATH=${CMAKE_PREFIX_PATH}:/home/emmanuel/rainbot_ws/install/rainbot_py:/opt/ros/humble /usr/bin/cmake --install /home/emmanuel/rainbot_ws/build/rain_arm_msgs
