[0.956s] Invoking command in '/home/emmanuel/rainbot_ws/src/rainbot_py': PYTHONPATH=/home/emmanuel/rainbot_ws/build/rainbot_py/prefix_override:/home/emmanuel/rainbot_ws/install/rainbot_py/lib/python3.10/site-packages:${PYTHONPATH} /usr/bin/python3 setup.py egg_info --egg-base ../../build/rainbot_py build --build-base /home/emmanuel/rainbot_ws/build/rainbot_py/build install --record /home/emmanuel/rainbot_ws/build/rainbot_py/install.log --single-version-externally-managed
[1.229s] running egg_info
[1.230s] writing ../../build/rainbot_py/rainbot_py.egg-info/PKG-INFO
[1.230s] writing dependency_links to ../../build/rainbot_py/rainbot_py.egg-info/dependency_links.txt
[1.230s] writing entry points to ../../build/rainbot_py/rainbot_py.egg-info/entry_points.txt
[1.231s] writing requirements to ../../build/rainbot_py/rainbot_py.egg-info/requires.txt
[1.231s] writing top-level names to ../../build/rainbot_py/rainbot_py.egg-info/top_level.txt
[1.233s] reading manifest file '../../build/rainbot_py/rainbot_py.egg-info/SOURCES.txt'
[1.234s] writing manifest file '../../build/rainbot_py/rainbot_py.egg-info/SOURCES.txt'
[1.234s] running build
[1.234s] running build_py
[1.234s] running install
[1.234s] /usr/lib/python3/dist-packages/setuptools/command/install.py:34: SetuptoolsDeprecationWarning: setup.py install is deprecated. Use build and pip and other standards-based tools.
[1.234s]   warnings.warn(
[1.235s] running install_lib
[1.236s] running install_data
[1.237s] running install_egg_info
[1.239s] removing '/home/emmanuel/rainbot_ws/install/rainbot_py/lib/python3.10/site-packages/rainbot_py-0.0.0-py3.10.egg-info' (and everything under it)
[1.240s] Copying ../../build/rainbot_py/rainbot_py.egg-info to /home/emmanuel/rainbot_ws/install/rainbot_py/lib/python3.10/site-packages/rainbot_py-0.0.0-py3.10.egg-info
[1.241s] running install_scripts
[1.263s] writing list of installed files to '/home/emmanuel/rainbot_ws/build/rainbot_py/install.log'
[1.296s] Invoked command in '/home/emmanuel/rainbot_ws/src/rainbot_py' returned '0': PYTHONPATH=/home/emmanuel/rainbot_ws/build/rainbot_py/prefix_override:/home/emmanuel/rainbot_ws/install/rainbot_py/lib/python3.10/site-packages:${PYTHONPATH} /usr/bin/python3 setup.py egg_info --egg-base ../../build/rainbot_py build --build-base /home/emmanuel/rainbot_ws/build/rainbot_py/build install --record /home/emmanuel/rainbot_ws/build/rainbot_py/install.log --single-version-externally-managed
