[0.330s] Invoking command in '/home/emmanuel/rainbot_ws/build/rainbot_cpp': CMAKE_PREFIX_PATH=${CMAKE_PREFIX_PATH}:/home/emmanuel/rainbot_ws/install/rainbot_py:/opt/ros/humble /usr/bin/cmake --build /home/emmanuel/rainbot_ws/build/rainbot_cpp -- -j4 -l4
[0.995s] Invoked command in '/home/emmanuel/rainbot_ws/build/rainbot_cpp' returned '0': CMAKE_PREFIX_PATH=${CMAKE_PREFIX_PATH}:/home/emmanuel/rainbot_ws/install/rainbot_py:/opt/ros/humble /usr/bin/cmake --build /home/emmanuel/rainbot_ws/build/rainbot_cpp -- -j4 -l4
[1.038s] Invoking command in '/home/emmanuel/rainbot_ws/build/rainbot_cpp': CMAKE_PREFIX_PATH=${CMAKE_PREFIX_PATH}:/home/emmanuel/rainbot_ws/install/rainbot_py:/opt/ros/humble /usr/bin/cmake --install /home/emmanuel/rainbot_ws/build/rainbot_cpp
[1.092s] -- Install configuration: ""
[1.153s] -- Execute custom install script
[1.154s] -- Up-to-date symlink: /home/emmanuel/rainbot_ws/install/rainbot_cpp/share/ament_index/resource_index/package_run_dependencies/rainbot_cpp
[1.154s] -- Up-to-date symlink: /home/emmanuel/rainbot_ws/install/rainbot_cpp/share/ament_index/resource_index/parent_prefix_path/rainbot_cpp
[1.154s] -- Up-to-date symlink: /home/emmanuel/rainbot_ws/install/rainbot_cpp/share/rainbot_cpp/environment/ament_prefix_path.sh
[1.155s] -- Up-to-date symlink: /home/emmanuel/rainbot_ws/install/rainbot_cpp/share/rainbot_cpp/environment/ament_prefix_path.dsv
[1.155s] -- Up-to-date symlink: /home/emmanuel/rainbot_ws/install/rainbot_cpp/share/rainbot_cpp/environment/path.sh
[1.155s] -- Up-to-date symlink: /home/emmanuel/rainbot_ws/install/rainbot_cpp/share/rainbot_cpp/environment/path.dsv
[1.156s] -- Up-to-date symlink: /home/emmanuel/rainbot_ws/install/rainbot_cpp/share/rainbot_cpp/local_setup.bash
[1.156s] -- Up-to-date symlink: /home/emmanuel/rainbot_ws/install/rainbot_cpp/share/rainbot_cpp/local_setup.sh
[1.156s] -- Up-to-date symlink: /home/emmanuel/rainbot_ws/install/rainbot_cpp/share/rainbot_cpp/local_setup.zsh
[1.156s] -- Up-to-date symlink: /home/emmanuel/rainbot_ws/install/rainbot_cpp/share/rainbot_cpp/local_setup.dsv
[1.157s] -- Symlinking: /home/emmanuel/rainbot_ws/install/rainbot_cpp/share/rainbot_cpp/package.dsv
[1.171s] -- Up-to-date symlink: /home/emmanuel/rainbot_ws/install/rainbot_cpp/share/ament_index/resource_index/packages/rainbot_cpp
[1.172s] -- Up-to-date symlink: /home/emmanuel/rainbot_ws/install/rainbot_cpp/share/rainbot_cpp/cmake/rainbot_cppConfig.cmake
[1.172s] -- Up-to-date symlink: /home/emmanuel/rainbot_ws/install/rainbot_cpp/share/rainbot_cpp/cmake/rainbot_cppConfig-version.cmake
[1.172s] -- Up-to-date symlink: /home/emmanuel/rainbot_ws/install/rainbot_cpp/share/rainbot_cpp/package.xml
[1.181s] Invoked command in '/home/emmanuel/rainbot_ws/build/rainbot_cpp' returned '0': CMAKE_PREFIX_PATH=${CMAKE_PREFIX_PATH}:/home/emmanuel/rainbot_ws/install/rainbot_py:/opt/ros/humble /usr/bin/cmake --install /home/emmanuel/rainbot_ws/build/rainbot_cpp
