[0.393s] Invoking command in '/home/emmanuel/rainbot_ws/build/rain_arm_moveit': CMAKE_PREFIX_PATH=${CMAKE_PREFIX_PATH}:/home/emmanuel/rainbot_ws/install/rainbot_py:/opt/ros/humble /usr/bin/cmake --build /home/emmanuel/rainbot_ws/build/rain_arm_moveit -- -j4 -l4
[1.610s] Invoked command in '/home/emmanuel/rainbot_ws/build/rain_arm_moveit' returned '0': CMAKE_PREFIX_PATH=${CMAKE_PREFIX_PATH}:/home/emmanuel/rainbot_ws/install/rainbot_py:/opt/ros/humble /usr/bin/cmake --build /home/emmanuel/rainbot_ws/build/rain_arm_moveit -- -j4 -l4
[1.647s] Invoking command in '/home/emmanuel/rainbot_ws/build/rain_arm_moveit': CMAKE_PREFIX_PATH=${CMAKE_PREFIX_PATH}:/home/emmanuel/rainbot_ws/install/rainbot_py:/opt/ros/humble /usr/bin/cmake --install /home/emmanuel/rainbot_ws/build/rain_arm_moveit
[1.673s] -- Install configuration: ""
[1.673s] -- Up-to-date: /home/emmanuel/rainbot_ws/install/rain_arm_moveit/share/rain_arm_moveit/config
[1.673s] -- Up-to-date: /home/emmanuel/rainbot_ws/install/rain_arm_moveit/share/rain_arm_moveit/config/kinematics.yaml
[1.674s] -- Up-to-date: /home/emmanuel/rainbot_ws/install/rain_arm_moveit/share/rain_arm_moveit/config/moveit_controllers.yaml
[1.674s] -- Up-to-date: /home/emmanuel/rainbot_ws/install/rain_arm_moveit/share/rain_arm_moveit/config/joint_limits.yaml
[1.674s] -- Up-to-date: /home/emmanuel/rainbot_ws/install/rain_arm_moveit/share/rain_arm_moveit/config/moveit.rviz
[1.674s] -- Installing: /home/emmanuel/rainbot_ws/install/rain_arm_moveit/share/rain_arm_moveit/config/rain_arm.srdf
[1.674s] -- Up-to-date: /home/emmanuel/rainbot_ws/install/rain_arm_moveit/share/rain_arm_moveit/config/pilz_cartesian_limits.yaml
[1.674s] -- Up-to-date: /home/emmanuel/rainbot_ws/install/rain_arm_moveit/share/rain_arm_moveit/config/initial_positions.yaml
[1.674s] -- Up-to-date: /home/emmanuel/rainbot_ws/install/rain_arm_moveit/share/rain_arm_moveit/launch
[1.688s] -- Up-to-date: /home/emmanuel/rainbot_ws/install/rain_arm_moveit/share/rain_arm_moveit/launch/moveit.launch.py
[1.688s] -- Up-to-date: /home/emmanuel/rainbot_ws/install/rain_arm_moveit/share/ament_index/resource_index/package_run_dependencies/rain_arm_moveit
[1.700s] -- Up-to-date: /home/emmanuel/rainbot_ws/install/rain_arm_moveit/share/ament_index/resource_index/parent_prefix_path/rain_arm_moveit
[1.701s] -- Up-to-date: /home/emmanuel/rainbot_ws/install/rain_arm_moveit/share/rain_arm_moveit/environment/ament_prefix_path.sh
[1.701s] -- Up-to-date: /home/emmanuel/rainbot_ws/install/rain_arm_moveit/share/rain_arm_moveit/environment/ament_prefix_path.dsv
[1.701s] -- Up-to-date: /home/emmanuel/rainbot_ws/install/rain_arm_moveit/share/rain_arm_moveit/environment/path.sh
[1.701s] -- Up-to-date: /home/emmanuel/rainbot_ws/install/rain_arm_moveit/share/rain_arm_moveit/environment/path.dsv
[1.702s] -- Up-to-date: /home/emmanuel/rainbot_ws/install/rain_arm_moveit/share/rain_arm_moveit/local_setup.bash
[1.702s] -- Up-to-date: /home/emmanuel/rainbot_ws/install/rain_arm_moveit/share/rain_arm_moveit/local_setup.sh
[1.702s] -- Up-to-date: /home/emmanuel/rainbot_ws/install/rain_arm_moveit/share/rain_arm_moveit/local_setup.zsh
[1.702s] -- Up-to-date: /home/emmanuel/rainbot_ws/install/rain_arm_moveit/share/rain_arm_moveit/local_setup.dsv
[1.702s] -- Installing: /home/emmanuel/rainbot_ws/install/rain_arm_moveit/share/rain_arm_moveit/package.dsv
[1.732s] -- Up-to-date: /home/emmanuel/rainbot_ws/install/rain_arm_moveit/share/ament_index/resource_index/packages/rain_arm_moveit
[1.733s] -- Up-to-date: /home/emmanuel/rainbot_ws/install/rain_arm_moveit/share/rain_arm_moveit/cmake/rain_arm_moveitConfig.cmake
[1.733s] -- Up-to-date: /home/emmanuel/rainbot_ws/install/rain_arm_moveit/share/rain_arm_moveit/cmake/rain_arm_moveitConfig-version.cmake
[1.734s] -- Up-to-date: /home/emmanuel/rainbot_ws/install/rain_arm_moveit/share/rain_arm_moveit/package.xml
[1.736s] Invoked command in '/home/emmanuel/rainbot_ws/build/rain_arm_moveit' returned '0': CMAKE_PREFIX_PATH=${CMAKE_PREFIX_PATH}:/home/emmanuel/rainbot_ws/install/rainbot_py:/opt/ros/humble /usr/bin/cmake --install /home/emmanuel/rainbot_ws/build/rain_arm_moveit
