[0.436s] Invoking command in '/home/emmanuel/rainbot_ws/build/rain_arm_controller': CMAKE_PREFIX_PATH=${CMAKE_PREFIX_PATH}:/home/emmanuel/rainbot_ws/install/rainbot_py:/opt/ros/humble /usr/bin/cmake --build /home/emmanuel/rainbot_ws/build/rain_arm_controller -- -j4 -l4
[0.484s] -- Found ament_cmake: 1.3.5 (/opt/ros/humble/share/ament_cmake/cmake)
[0.725s] -- Found ament_lint_auto: 0.12.8 (/opt/ros/humble/share/ament_lint_auto/cmake)
[0.826s] -- Added test 'lint_cmake' to check CMake code style
[0.828s] -- Added test 'xmllint' to check XML markup files
[0.829s] -- Configuring done
[0.834s] -- Generating done
[0.836s] -- Build files have been written to: /home/emmanuel/rainbot_ws/build/rain_arm_controller
[1.000s] Invoked command in '/home/emmanuel/rainbot_ws/build/rain_arm_controller' returned '0': CMAKE_PREFIX_PATH=${CMAKE_PREFIX_PATH}:/home/emmanuel/rainbot_ws/install/rainbot_py:/opt/ros/humble /usr/bin/cmake --build /home/emmanuel/rainbot_ws/build/rain_arm_controller -- -j4 -l4
[1.060s] Invoking command in '/home/emmanuel/rainbot_ws/build/rain_arm_controller': CMAKE_PREFIX_PATH=${CMAKE_PREFIX_PATH}:/home/emmanuel/rainbot_ws/install/rainbot_py:/opt/ros/humble /usr/bin/cmake --install /home/emmanuel/rainbot_ws/build/rain_arm_controller
[1.085s] -- Install configuration: ""
[1.086s] -- Installing: /home/emmanuel/rainbot_ws/install/rain_arm_controller/share/rain_arm_controller/config
[1.087s] -- Installing: /home/emmanuel/rainbot_ws/install/rain_arm_controller/share/rain_arm_controller/config/rain_arm_controllers.yaml
[1.087s] -- Up-to-date: /home/emmanuel/rainbot_ws/install/rain_arm_controller/share/ament_index/resource_index/package_run_dependencies/rain_arm_controller
[1.088s] -- Up-to-date: /home/emmanuel/rainbot_ws/install/rain_arm_controller/share/ament_index/resource_index/parent_prefix_path/rain_arm_controller
[1.088s] -- Up-to-date: /home/emmanuel/rainbot_ws/install/rain_arm_controller/share/rain_arm_controller/environment/ament_prefix_path.sh
[1.089s] -- Installing: /home/emmanuel/rainbot_ws/install/rain_arm_controller/share/rain_arm_controller/environment/ament_prefix_path.dsv
[1.089s] -- Up-to-date: /home/emmanuel/rainbot_ws/install/rain_arm_controller/share/rain_arm_controller/environment/path.sh
[1.090s] -- Installing: /home/emmanuel/rainbot_ws/install/rain_arm_controller/share/rain_arm_controller/environment/path.dsv
[1.091s] -- Up-to-date: /home/emmanuel/rainbot_ws/install/rain_arm_controller/share/rain_arm_controller/local_setup.bash
[1.091s] -- Up-to-date: /home/emmanuel/rainbot_ws/install/rain_arm_controller/share/rain_arm_controller/local_setup.sh
[1.092s] -- Up-to-date: /home/emmanuel/rainbot_ws/install/rain_arm_controller/share/rain_arm_controller/local_setup.zsh
[1.092s] -- Installing: /home/emmanuel/rainbot_ws/install/rain_arm_controller/share/rain_arm_controller/local_setup.dsv
[1.093s] -- Installing: /home/emmanuel/rainbot_ws/install/rain_arm_controller/share/rain_arm_controller/package.dsv
[1.094s] -- Up-to-date: /home/emmanuel/rainbot_ws/install/rain_arm_controller/share/ament_index/resource_index/packages/rain_arm_controller
[1.095s] -- Up-to-date: /home/emmanuel/rainbot_ws/install/rain_arm_controller/share/rain_arm_controller/cmake/rain_arm_controllerConfig.cmake
[1.095s] -- Up-to-date: /home/emmanuel/rainbot_ws/install/rain_arm_controller/share/rain_arm_controller/cmake/rain_arm_controllerConfig-version.cmake
[1.096s] -- Up-to-date: /home/emmanuel/rainbot_ws/install/rain_arm_controller/share/rain_arm_controller/package.xml
[1.107s] Invoked command in '/home/emmanuel/rainbot_ws/build/rain_arm_controller' returned '0': CMAKE_PREFIX_PATH=${CMAKE_PREFIX_PATH}:/home/emmanuel/rainbot_ws/install/rainbot_py:/opt/ros/humble /usr/bin/cmake --install /home/emmanuel/rainbot_ws/build/rain_arm_controller
