[1.253s] DEBUG:colcon:Command line arguments: ['/usr/bin/colcon', 'build', '--symlink-install']
[1.253s] DEBUG:colcon:Parsed command line arguments: Namespace(log_base=None, log_level=None, verb_name='build', build_base='build', install_base='install', merge_install=False, symlink_install=True, test_result_base=None, continue_on_error=False, executor='parallel', parallel_workers=4, event_handlers=None, ignore_user_meta=False, metas=['./colcon.meta'], base_paths=['.'], packages_ignore=None, packages_ignore_regex=None, paths=None, packages_up_to=None, packages_up_to_regex=None, packages_above=None, packages_above_and_dependencies=None, packages_above_depth=None, packages_select_by_dep=None, packages_skip_by_dep=None, packages_skip_up_to=None, packages_select_build_failed=False, packages_skip_build_finished=False, packages_select_test_failures=False, packages_skip_test_passed=False, packages_select=None, packages_skip=None, packages_select_regex=None, packages_skip_regex=None, packages_start=None, packages_end=None, allow_overriding=[], cmake_args=None, cmake_target=None, cmake_target_skip_unavailable=False, cmake_clean_cache=False, cmake_clean_first=False, cmake_force_configure=False, ament_cmake_args=None, catkin_cmake_args=None, catkin_skip_building_tests=False, verb_parser=<colcon_defaults.argument_parser.defaults.DefaultArgumentsDecorator object at 0x7fc64aa5ff10>, verb_extension=<colcon_core.verb.build.BuildVerb object at 0x7fc64b35f580>, main=<bound method BuildVerb.main of <colcon_core.verb.build.BuildVerb object at 0x7fc64b35f580>>)
[1.311s] Level 1:colcon.colcon_core.package_discovery:discover_packages(colcon_meta) check parameters
[1.311s] Level 1:colcon.colcon_core.package_discovery:discover_packages(recursive) check parameters
[1.311s] Level 1:colcon.colcon_core.package_discovery:discover_packages(ignore) check parameters
[1.311s] Level 1:colcon.colcon_core.package_discovery:discover_packages(path) check parameters
[1.311s] Level 1:colcon.colcon_core.package_discovery:discover_packages(colcon_meta) discover
[1.311s] Level 1:colcon.colcon_core.package_discovery:discover_packages(recursive) discover
[1.311s] INFO:colcon.colcon_core.package_discovery:Crawling recursively for packages in '/home/emmanuel/rainbot_ws'
[1.311s] Level 1:colcon.colcon_core.package_identification:_identify(.) by extensions ['ignore', 'ignore_ament_install']
[1.312s] Level 1:colcon.colcon_core.package_identification:_identify(.) by extension 'ignore'
[1.312s] Level 1:colcon.colcon_core.package_identification:_identify(.) by extension 'ignore_ament_install'
[1.312s] Level 1:colcon.colcon_core.package_identification:_identify(.) by extensions ['colcon_pkg']
[1.312s] Level 1:colcon.colcon_core.package_identification:_identify(.) by extension 'colcon_pkg'
[1.312s] Level 1:colcon.colcon_core.package_identification:_identify(.) by extensions ['colcon_meta']
[1.312s] Level 1:colcon.colcon_core.package_identification:_identify(.) by extension 'colcon_meta'
[1.312s] Level 1:colcon.colcon_core.package_identification:_identify(.) by extensions ['ros']
[1.312s] Level 1:colcon.colcon_core.package_identification:_identify(.) by extension 'ros'
[1.324s] Level 1:colcon.colcon_core.package_identification:_identify(.) by extensions ['cmake', 'python']
[1.324s] Level 1:colcon.colcon_core.package_identification:_identify(.) by extension 'cmake'
[1.325s] Level 1:colcon.colcon_core.package_identification:_identify(.) by extension 'python'
[1.325s] Level 1:colcon.colcon_core.package_identification:_identify(.) by extensions ['python_setup_py']
[1.325s] Level 1:colcon.colcon_core.package_identification:_identify(.) by extension 'python_setup_py'
[1.325s] Level 1:colcon.colcon_core.package_identification:_identify(build) by extensions ['ignore', 'ignore_ament_install']
[1.325s] Level 1:colcon.colcon_core.package_identification:_identify(build) by extension 'ignore'
[1.325s] Level 1:colcon.colcon_core.package_identification:_identify(build) ignored
[1.325s] Level 1:colcon.colcon_core.package_identification:_identify(install) by extensions ['ignore', 'ignore_ament_install']
[1.326s] Level 1:colcon.colcon_core.package_identification:_identify(install) by extension 'ignore'
[1.326s] Level 1:colcon.colcon_core.package_identification:_identify(install) ignored
[1.326s] Level 1:colcon.colcon_core.package_identification:_identify(log) by extensions ['ignore', 'ignore_ament_install']
[1.326s] Level 1:colcon.colcon_core.package_identification:_identify(log) by extension 'ignore'
[1.326s] Level 1:colcon.colcon_core.package_identification:_identify(log) ignored
[1.326s] Level 1:colcon.colcon_core.package_identification:_identify(src) by extensions ['ignore', 'ignore_ament_install']
[1.327s] Level 1:colcon.colcon_core.package_identification:_identify(src) by extension 'ignore'
[1.327s] Level 1:colcon.colcon_core.package_identification:_identify(src) by extension 'ignore_ament_install'
[1.327s] Level 1:colcon.colcon_core.package_identification:_identify(src) by extensions ['colcon_pkg']
[1.327s] Level 1:colcon.colcon_core.package_identification:_identify(src) by extension 'colcon_pkg'
[1.327s] Level 1:colcon.colcon_core.package_identification:_identify(src) by extensions ['colcon_meta']
[1.327s] Level 1:colcon.colcon_core.package_identification:_identify(src) by extension 'colcon_meta'
[1.327s] Level 1:colcon.colcon_core.package_identification:_identify(src) by extensions ['ros']
[1.327s] Level 1:colcon.colcon_core.package_identification:_identify(src) by extension 'ros'
[1.327s] Level 1:colcon.colcon_core.package_identification:_identify(src) by extensions ['cmake', 'python']
[1.327s] Level 1:colcon.colcon_core.package_identification:_identify(src) by extension 'cmake'
[1.327s] Level 1:colcon.colcon_core.package_identification:_identify(src) by extension 'python'
[1.327s] Level 1:colcon.colcon_core.package_identification:_identify(src) by extensions ['python_setup_py']
[1.328s] Level 1:colcon.colcon_core.package_identification:_identify(src) by extension 'python_setup_py'
[1.328s] Level 1:colcon.colcon_core.package_identification:_identify(src/rain_arm_description) by extensions ['ignore', 'ignore_ament_install']
[1.328s] Level 1:colcon.colcon_core.package_identification:_identify(src/rain_arm_description) by extension 'ignore'
[1.328s] Level 1:colcon.colcon_core.package_identification:_identify(src/rain_arm_description) by extension 'ignore_ament_install'
[1.328s] Level 1:colcon.colcon_core.package_identification:_identify(src/rain_arm_description) by extensions ['colcon_pkg']
[1.328s] Level 1:colcon.colcon_core.package_identification:_identify(src/rain_arm_description) by extension 'colcon_pkg'
[1.328s] Level 1:colcon.colcon_core.package_identification:_identify(src/rain_arm_description) by extensions ['colcon_meta']
[1.328s] Level 1:colcon.colcon_core.package_identification:_identify(src/rain_arm_description) by extension 'colcon_meta'
[1.328s] Level 1:colcon.colcon_core.package_identification:_identify(src/rain_arm_description) by extensions ['ros']
[1.328s] Level 1:colcon.colcon_core.package_identification:_identify(src/rain_arm_description) by extension 'ros'
[1.331s] DEBUG:colcon.colcon_core.package_identification:Package 'src/rain_arm_description' with type 'ros.ament_cmake' and name 'rain_arm_description'
[1.332s] Level 1:colcon.colcon_core.package_identification:_identify(src/rainbot_cpp) by extensions ['ignore', 'ignore_ament_install']
[1.332s] Level 1:colcon.colcon_core.package_identification:_identify(src/rainbot_cpp) by extension 'ignore'
[1.332s] Level 1:colcon.colcon_core.package_identification:_identify(src/rainbot_cpp) by extension 'ignore_ament_install'
[1.332s] Level 1:colcon.colcon_core.package_identification:_identify(src/rainbot_cpp) by extensions ['colcon_pkg']
[1.332s] Level 1:colcon.colcon_core.package_identification:_identify(src/rainbot_cpp) by extension 'colcon_pkg'
[1.332s] Level 1:colcon.colcon_core.package_identification:_identify(src/rainbot_cpp) by extensions ['colcon_meta']
[1.332s] Level 1:colcon.colcon_core.package_identification:_identify(src/rainbot_cpp) by extension 'colcon_meta'
[1.332s] Level 1:colcon.colcon_core.package_identification:_identify(src/rainbot_cpp) by extensions ['ros']
[1.332s] Level 1:colcon.colcon_core.package_identification:_identify(src/rainbot_cpp) by extension 'ros'
[1.333s] DEBUG:colcon.colcon_core.package_identification:Package 'src/rainbot_cpp' with type 'ros.ament_cmake' and name 'rainbot_cpp'
[1.333s] Level 1:colcon.colcon_core.package_identification:_identify(src/rainbot_py) by extensions ['ignore', 'ignore_ament_install']
[1.333s] Level 1:colcon.colcon_core.package_identification:_identify(src/rainbot_py) by extension 'ignore'
[1.334s] Level 1:colcon.colcon_core.package_identification:_identify(src/rainbot_py) by extension 'ignore_ament_install'
[1.334s] Level 1:colcon.colcon_core.package_identification:_identify(src/rainbot_py) by extensions ['colcon_pkg']
[1.334s] Level 1:colcon.colcon_core.package_identification:_identify(src/rainbot_py) by extension 'colcon_pkg'
[1.334s] Level 1:colcon.colcon_core.package_identification:_identify(src/rainbot_py) by extensions ['colcon_meta']
[1.334s] Level 1:colcon.colcon_core.package_identification:_identify(src/rainbot_py) by extension 'colcon_meta'
[1.334s] Level 1:colcon.colcon_core.package_identification:_identify(src/rainbot_py) by extensions ['ros']
[1.334s] Level 1:colcon.colcon_core.package_identification:_identify(src/rainbot_py) by extension 'ros'
[1.335s] DEBUG:colcon.colcon_core.package_identification:Package 'src/rainbot_py' with type 'ros.ament_python' and name 'rainbot_py'
[1.335s] Level 1:colcon.colcon_core.package_discovery:discover_packages(recursive) using defaults
[1.335s] Level 1:colcon.colcon_core.package_discovery:discover_packages(ignore) discover
[1.335s] Level 1:colcon.colcon_core.package_discovery:discover_packages(ignore) using defaults
[1.335s] Level 1:colcon.colcon_core.package_discovery:discover_packages(path) discover
[1.335s] Level 1:colcon.colcon_core.package_discovery:discover_packages(path) using defaults
[1.451s] Level 1:colcon.colcon_core.package_discovery:discover_packages(prefix_path) check parameters
[1.451s] Level 1:colcon.colcon_core.package_discovery:discover_packages(prefix_path) discover
[1.490s] DEBUG:colcon.colcon_installed_package_information.package_discovery:Found 3 installed packages in /home/emmanuel/rainbot_ws/install
[1.510s] DEBUG:colcon.colcon_installed_package_information.package_discovery:Found 427 installed packages in /opt/ros/humble
[1.513s] Level 1:colcon.colcon_core.package_discovery:discover_packages(prefix_path) using defaults
[1.665s] Level 5:colcon.colcon_core.verb:set package 'rain_arm_description' build argument 'cmake_args' from command line to 'None'
[1.665s] Level 5:colcon.colcon_core.verb:set package 'rain_arm_description' build argument 'cmake_target' from command line to 'None'
[1.665s] Level 5:colcon.colcon_core.verb:set package 'rain_arm_description' build argument 'cmake_target_skip_unavailable' from command line to 'False'
[1.665s] Level 5:colcon.colcon_core.verb:set package 'rain_arm_description' build argument 'cmake_clean_cache' from command line to 'False'
[1.665s] Level 5:colcon.colcon_core.verb:set package 'rain_arm_description' build argument 'cmake_clean_first' from command line to 'False'
[1.665s] Level 5:colcon.colcon_core.verb:set package 'rain_arm_description' build argument 'cmake_force_configure' from command line to 'False'
[1.665s] Level 5:colcon.colcon_core.verb:set package 'rain_arm_description' build argument 'ament_cmake_args' from command line to 'None'
[1.665s] Level 5:colcon.colcon_core.verb:set package 'rain_arm_description' build argument 'catkin_cmake_args' from command line to 'None'
[1.665s] Level 5:colcon.colcon_core.verb:set package 'rain_arm_description' build argument 'catkin_skip_building_tests' from command line to 'False'
[1.666s] DEBUG:colcon.colcon_core.verb:Building package 'rain_arm_description' with the following arguments: {'ament_cmake_args': None, 'build_base': '/home/emmanuel/rainbot_ws/build/rain_arm_description', 'catkin_cmake_args': None, 'catkin_skip_building_tests': False, 'cmake_args': None, 'cmake_clean_cache': False, 'cmake_clean_first': False, 'cmake_force_configure': False, 'cmake_target': None, 'cmake_target_skip_unavailable': False, 'install_base': '/home/emmanuel/rainbot_ws/install/rain_arm_description', 'merge_install': False, 'path': '/home/emmanuel/rainbot_ws/src/rain_arm_description', 'symlink_install': True, 'test_result_base': None}
[1.684s] Level 5:colcon.colcon_core.verb:set package 'rainbot_cpp' build argument 'cmake_args' from command line to 'None'
[1.684s] Level 5:colcon.colcon_core.verb:set package 'rainbot_cpp' build argument 'cmake_target' from command line to 'None'
[1.684s] Level 5:colcon.colcon_core.verb:set package 'rainbot_cpp' build argument 'cmake_target_skip_unavailable' from command line to 'False'
[1.684s] Level 5:colcon.colcon_core.verb:set package 'rainbot_cpp' build argument 'cmake_clean_cache' from command line to 'False'
[1.684s] Level 5:colcon.colcon_core.verb:set package 'rainbot_cpp' build argument 'cmake_clean_first' from command line to 'False'
[1.684s] Level 5:colcon.colcon_core.verb:set package 'rainbot_cpp' build argument 'cmake_force_configure' from command line to 'False'
[1.684s] Level 5:colcon.colcon_core.verb:set package 'rainbot_cpp' build argument 'ament_cmake_args' from command line to 'None'
[1.684s] Level 5:colcon.colcon_core.verb:set package 'rainbot_cpp' build argument 'catkin_cmake_args' from command line to 'None'
[1.684s] Level 5:colcon.colcon_core.verb:set package 'rainbot_cpp' build argument 'catkin_skip_building_tests' from command line to 'False'
[1.685s] DEBUG:colcon.colcon_core.verb:Building package 'rainbot_cpp' with the following arguments: {'ament_cmake_args': None, 'build_base': '/home/emmanuel/rainbot_ws/build/rainbot_cpp', 'catkin_cmake_args': None, 'catkin_skip_building_tests': False, 'cmake_args': None, 'cmake_clean_cache': False, 'cmake_clean_first': False, 'cmake_force_configure': False, 'cmake_target': None, 'cmake_target_skip_unavailable': False, 'install_base': '/home/emmanuel/rainbot_ws/install/rainbot_cpp', 'merge_install': False, 'path': '/home/emmanuel/rainbot_ws/src/rainbot_cpp', 'symlink_install': True, 'test_result_base': None}
[1.703s] Level 5:colcon.colcon_core.verb:set package 'rainbot_py' build argument 'cmake_args' from command line to 'None'
[1.703s] Level 5:colcon.colcon_core.verb:set package 'rainbot_py' build argument 'cmake_target' from command line to 'None'
[1.703s] Level 5:colcon.colcon_core.verb:set package 'rainbot_py' build argument 'cmake_target_skip_unavailable' from command line to 'False'
[1.703s] Level 5:colcon.colcon_core.verb:set package 'rainbot_py' build argument 'cmake_clean_cache' from command line to 'False'
[1.703s] Level 5:colcon.colcon_core.verb:set package 'rainbot_py' build argument 'cmake_clean_first' from command line to 'False'
[1.703s] Level 5:colcon.colcon_core.verb:set package 'rainbot_py' build argument 'cmake_force_configure' from command line to 'False'
[1.703s] Level 5:colcon.colcon_core.verb:set package 'rainbot_py' build argument 'ament_cmake_args' from command line to 'None'
[1.703s] Level 5:colcon.colcon_core.verb:set package 'rainbot_py' build argument 'catkin_cmake_args' from command line to 'None'
[1.703s] Level 5:colcon.colcon_core.verb:set package 'rainbot_py' build argument 'catkin_skip_building_tests' from command line to 'False'
[1.704s] DEBUG:colcon.colcon_core.verb:Building package 'rainbot_py' with the following arguments: {'ament_cmake_args': None, 'build_base': '/home/emmanuel/rainbot_ws/build/rainbot_py', 'catkin_cmake_args': None, 'catkin_skip_building_tests': False, 'cmake_args': None, 'cmake_clean_cache': False, 'cmake_clean_first': False, 'cmake_force_configure': False, 'cmake_target': None, 'cmake_target_skip_unavailable': False, 'install_base': '/home/emmanuel/rainbot_ws/install/rainbot_py', 'merge_install': False, 'path': '/home/emmanuel/rainbot_ws/src/rainbot_py', 'symlink_install': True, 'test_result_base': None}
[1.722s] INFO:colcon.colcon_core.executor:Executing jobs using 'parallel' executor
[1.742s] DEBUG:colcon.colcon_parallel_executor.executor.parallel:run_until_complete
[1.742s] INFO:colcon.colcon_ros.task.ament_cmake.build:Building ROS package in '/home/emmanuel/rainbot_ws/src/rain_arm_description' with build type 'ament_cmake'
[1.742s] INFO:colcon.colcon_cmake.task.cmake.build:Building CMake package in '/home/emmanuel/rainbot_ws/src/rain_arm_description'
[1.766s] INFO:colcon.colcon_core.plugin_system:Skipping extension 'colcon_core.shell.bat': Not used on non-Windows systems
[1.766s] INFO:colcon.colcon_core.shell:Skip shell extension 'powershell' for command environment: Not usable outside of PowerShell
[1.766s] DEBUG:colcon.colcon_core.shell:Skip shell extension 'dsv' for command environment
[1.827s] INFO:colcon.colcon_ros.task.ament_cmake.build:Building ROS package in '/home/emmanuel/rainbot_ws/src/rainbot_cpp' with build type 'ament_cmake'
[1.828s] INFO:colcon.colcon_cmake.task.cmake.build:Building CMake package in '/home/emmanuel/rainbot_ws/src/rainbot_cpp'
[1.856s] INFO:colcon.colcon_core.shell:Skip shell extension 'powershell' for command environment: Not usable outside of PowerShell
[1.856s] DEBUG:colcon.colcon_core.shell:Skip shell extension 'dsv' for command environment
[1.920s] INFO:colcon.colcon_ros.task.ament_python.build:Building ROS package in '/home/emmanuel/rainbot_ws/src/rainbot_py' with build type 'ament_python'
[1.920s] Level 1:colcon.colcon_core.shell:create_environment_hook('rainbot_py', 'ament_prefix_path')
[1.941s] INFO:colcon.colcon_core.shell:Creating environment hook '/home/emmanuel/rainbot_ws/install/rainbot_py/share/rainbot_py/hook/ament_prefix_path.ps1'
[1.942s] INFO:colcon.colcon_core.shell:Creating environment descriptor '/home/emmanuel/rainbot_ws/install/rainbot_py/share/rainbot_py/hook/ament_prefix_path.dsv'
[1.942s] INFO:colcon.colcon_core.shell:Creating environment hook '/home/emmanuel/rainbot_ws/install/rainbot_py/share/rainbot_py/hook/ament_prefix_path.sh'
[1.965s] INFO:colcon.colcon_core.shell:Skip shell extension 'powershell' for command environment: Not usable outside of PowerShell
[1.965s] DEBUG:colcon.colcon_core.shell:Skip shell extension 'dsv' for command environment
[2.031s] DEBUG:colcon.colcon_core.event_handler.log_command:Invoking command in '/home/emmanuel/rainbot_ws/build/rain_arm_description': CMAKE_PREFIX_PATH=${CMAKE_PREFIX_PATH}:/home/emmanuel/rainbot_ws/install/rainbot_py:/opt/ros/humble /usr/bin/cmake --build /home/emmanuel/rainbot_ws/build/rain_arm_description -- -j4 -l4
[2.034s] DEBUG:colcon.colcon_core.event_handler.log_command:Invoking command in '/home/emmanuel/rainbot_ws/build/rainbot_cpp': CMAKE_PREFIX_PATH=${CMAKE_PREFIX_PATH}:/home/emmanuel/rainbot_ws/install/rainbot_py:/opt/ros/humble /usr/bin/cmake --build /home/emmanuel/rainbot_ws/build/rainbot_cpp -- -j4 -l4
[2.419s] INFO:colcon.colcon_core.task.python.build:Building Python package in '/home/emmanuel/rainbot_ws/src/rainbot_py'
[2.438s] INFO:colcon.colcon_core.shell:Skip shell extension 'powershell' for command environment: Not usable outside of PowerShell
[2.439s] DEBUG:colcon.colcon_core.shell:Skip shell extension 'dsv' for command environment
[2.501s] DEBUG:colcon.colcon_core.event_handler.log_command:Invoked command in '/home/emmanuel/rainbot_ws/build/rain_arm_description' returned '0': CMAKE_PREFIX_PATH=${CMAKE_PREFIX_PATH}:/home/emmanuel/rainbot_ws/install/rainbot_py:/opt/ros/humble /usr/bin/cmake --build /home/emmanuel/rainbot_ws/build/rain_arm_description -- -j4 -l4
[2.502s] DEBUG:colcon.colcon_core.event_handler.log_command:Invoked command in '/home/emmanuel/rainbot_ws/build/rainbot_cpp' returned '0': CMAKE_PREFIX_PATH=${CMAKE_PREFIX_PATH}:/home/emmanuel/rainbot_ws/install/rainbot_py:/opt/ros/humble /usr/bin/cmake --build /home/emmanuel/rainbot_ws/build/rainbot_cpp -- -j4 -l4
[2.546s] DEBUG:colcon.colcon_core.event_handler.log_command:Invoking command in '/home/emmanuel/rainbot_ws/build/rainbot_cpp': CMAKE_PREFIX_PATH=${CMAKE_PREFIX_PATH}:/home/emmanuel/rainbot_ws/install/rainbot_py:/opt/ros/humble /usr/bin/cmake --install /home/emmanuel/rainbot_ws/build/rainbot_cpp
[2.549s] DEBUG:colcon.colcon_core.event_handler.log_command:Invoking command in '/home/emmanuel/rainbot_ws/build/rain_arm_description': CMAKE_PREFIX_PATH=${CMAKE_PREFIX_PATH}:/home/emmanuel/rainbot_ws/install/rainbot_py:/opt/ros/humble /usr/bin/cmake --install /home/emmanuel/rainbot_ws/build/rain_arm_description
[2.588s] Level 1:colcon.colcon_core.environment:create_environment_scripts_only(rainbot_cpp)
[2.596s] DEBUG:colcon.colcon_core.event_handler.log_command:Invoked command in '/home/emmanuel/rainbot_ws/build/rainbot_cpp' returned '0': CMAKE_PREFIX_PATH=${CMAKE_PREFIX_PATH}:/home/emmanuel/rainbot_ws/install/rainbot_py:/opt/ros/humble /usr/bin/cmake --install /home/emmanuel/rainbot_ws/build/rainbot_cpp
[2.618s] Level 1:colcon.colcon_core.environment:checking '/home/emmanuel/rainbot_ws/install/rainbot_cpp' for CMake module files
[2.619s] Level 1:colcon.colcon_core.environment:checking '/home/emmanuel/rainbot_ws/install/rainbot_cpp' for CMake config files
[2.619s] Level 1:colcon.colcon_core.shell:create_environment_hook('rainbot_cpp', 'cmake_prefix_path')
[2.640s] INFO:colcon.colcon_core.shell:Creating environment hook '/home/emmanuel/rainbot_ws/install/rainbot_cpp/share/rainbot_cpp/hook/cmake_prefix_path.ps1'
[2.641s] INFO:colcon.colcon_core.shell:Creating environment descriptor '/home/emmanuel/rainbot_ws/install/rainbot_cpp/share/rainbot_cpp/hook/cmake_prefix_path.dsv'
[2.641s] INFO:colcon.colcon_core.shell:Creating environment hook '/home/emmanuel/rainbot_ws/install/rainbot_cpp/share/rainbot_cpp/hook/cmake_prefix_path.sh'
[2.643s] Level 1:colcon.colcon_core.environment:checking '/home/emmanuel/rainbot_ws/install/rainbot_cpp/bin'
[2.643s] Level 1:colcon.colcon_core.environment:checking '/home/emmanuel/rainbot_ws/install/rainbot_cpp/lib/pkgconfig/rainbot_cpp.pc'
[2.643s] Level 1:colcon.colcon_core.environment:checking '/home/emmanuel/rainbot_ws/install/rainbot_cpp/lib/python3.10/site-packages'
[2.643s] Level 1:colcon.colcon_core.environment:checking '/home/emmanuel/rainbot_ws/install/rainbot_cpp/bin'
[2.665s] INFO:colcon.colcon_core.shell:Creating package script '/home/emmanuel/rainbot_ws/install/rainbot_cpp/share/rainbot_cpp/package.ps1'
[2.666s] INFO:colcon.colcon_core.shell:Creating package descriptor '/home/emmanuel/rainbot_ws/install/rainbot_cpp/share/rainbot_cpp/package.dsv'
[2.667s] INFO:colcon.colcon_core.shell:Creating package script '/home/emmanuel/rainbot_ws/install/rainbot_cpp/share/rainbot_cpp/package.sh'
[2.668s] INFO:colcon.colcon_core.shell:Creating package script '/home/emmanuel/rainbot_ws/install/rainbot_cpp/share/rainbot_cpp/package.bash'
[2.669s] INFO:colcon.colcon_core.shell:Creating package script '/home/emmanuel/rainbot_ws/install/rainbot_cpp/share/rainbot_cpp/package.zsh'
[2.670s] Level 1:colcon.colcon_core.environment:create_file_with_runtime_dependencies(/home/emmanuel/rainbot_ws/install/rainbot_cpp/share/colcon-core/packages/rainbot_cpp)
[2.672s] Level 1:colcon.colcon_core.environment:create_environment_scripts_only(rain_arm_description)
[2.672s] DEBUG:colcon.colcon_core.event_handler.log_command:Invoked command in '/home/emmanuel/rainbot_ws/build/rain_arm_description' returned '0': CMAKE_PREFIX_PATH=${CMAKE_PREFIX_PATH}:/home/emmanuel/rainbot_ws/install/rainbot_py:/opt/ros/humble /usr/bin/cmake --install /home/emmanuel/rainbot_ws/build/rain_arm_description
[2.705s] Level 1:colcon.colcon_core.environment:checking '/home/emmanuel/rainbot_ws/install/rain_arm_description' for CMake module files
[2.706s] Level 1:colcon.colcon_core.environment:checking '/home/emmanuel/rainbot_ws/install/rain_arm_description' for CMake config files
[2.706s] Level 1:colcon.colcon_core.shell:create_environment_hook('rain_arm_description', 'cmake_prefix_path')
[2.727s] INFO:colcon.colcon_core.shell:Creating environment hook '/home/emmanuel/rainbot_ws/install/rain_arm_description/share/rain_arm_description/hook/cmake_prefix_path.ps1'
[2.728s] INFO:colcon.colcon_core.shell:Creating environment descriptor '/home/emmanuel/rainbot_ws/install/rain_arm_description/share/rain_arm_description/hook/cmake_prefix_path.dsv'
[2.728s] INFO:colcon.colcon_core.shell:Creating environment hook '/home/emmanuel/rainbot_ws/install/rain_arm_description/share/rain_arm_description/hook/cmake_prefix_path.sh'
[2.729s] Level 1:colcon.colcon_core.environment:checking '/home/emmanuel/rainbot_ws/install/rain_arm_description/bin'
[2.729s] Level 1:colcon.colcon_core.environment:checking '/home/emmanuel/rainbot_ws/install/rain_arm_description/lib/pkgconfig/rain_arm_description.pc'
[2.729s] Level 1:colcon.colcon_core.environment:checking '/home/emmanuel/rainbot_ws/install/rain_arm_description/lib/python3.10/site-packages'
[2.730s] Level 1:colcon.colcon_core.environment:checking '/home/emmanuel/rainbot_ws/install/rain_arm_description/bin'
[2.751s] INFO:colcon.colcon_core.shell:Creating package script '/home/emmanuel/rainbot_ws/install/rain_arm_description/share/rain_arm_description/package.ps1'
[2.751s] INFO:colcon.colcon_core.shell:Creating package descriptor '/home/emmanuel/rainbot_ws/install/rain_arm_description/share/rain_arm_description/package.dsv'
[2.752s] INFO:colcon.colcon_core.shell:Creating package script '/home/emmanuel/rainbot_ws/install/rain_arm_description/share/rain_arm_description/package.sh'
[2.752s] INFO:colcon.colcon_core.shell:Creating package script '/home/emmanuel/rainbot_ws/install/rain_arm_description/share/rain_arm_description/package.bash'
[2.753s] INFO:colcon.colcon_core.shell:Creating package script '/home/emmanuel/rainbot_ws/install/rain_arm_description/share/rain_arm_description/package.zsh'
[2.753s] Level 1:colcon.colcon_core.environment:create_file_with_runtime_dependencies(/home/emmanuel/rainbot_ws/install/rain_arm_description/share/colcon-core/packages/rain_arm_description)
[2.789s] Level 1:colcon.colcon_core.environment:create_environment_scripts_only(rainbot_cpp)
[2.810s] Level 1:colcon.colcon_core.environment:checking '/home/emmanuel/rainbot_ws/install/rainbot_cpp' for CMake module files
[2.811s] Level 1:colcon.colcon_core.environment:checking '/home/emmanuel/rainbot_ws/install/rainbot_cpp' for CMake config files
[2.811s] Level 1:colcon.colcon_core.shell:create_environment_hook('rainbot_cpp', 'cmake_prefix_path')
[2.832s] INFO:colcon.colcon_core.shell:Creating environment hook '/home/emmanuel/rainbot_ws/install/rainbot_cpp/share/rainbot_cpp/hook/cmake_prefix_path.ps1'
[2.833s] INFO:colcon.colcon_core.shell:Creating environment descriptor '/home/emmanuel/rainbot_ws/install/rainbot_cpp/share/rainbot_cpp/hook/cmake_prefix_path.dsv'
[2.833s] INFO:colcon.colcon_core.shell:Creating environment hook '/home/emmanuel/rainbot_ws/install/rainbot_cpp/share/rainbot_cpp/hook/cmake_prefix_path.sh'
[2.834s] Level 1:colcon.colcon_core.environment:checking '/home/emmanuel/rainbot_ws/install/rainbot_cpp/bin'
[2.834s] Level 1:colcon.colcon_core.environment:checking '/home/emmanuel/rainbot_ws/install/rainbot_cpp/lib/pkgconfig/rainbot_cpp.pc'
[2.834s] Level 1:colcon.colcon_core.environment:checking '/home/emmanuel/rainbot_ws/install/rainbot_cpp/lib/python3.10/site-packages'
[2.835s] Level 1:colcon.colcon_core.environment:checking '/home/emmanuel/rainbot_ws/install/rainbot_cpp/bin'
[2.856s] INFO:colcon.colcon_core.shell:Creating package script '/home/emmanuel/rainbot_ws/install/rainbot_cpp/share/rainbot_cpp/package.ps1'
[2.856s] INFO:colcon.colcon_core.shell:Creating package descriptor '/home/emmanuel/rainbot_ws/install/rainbot_cpp/share/rainbot_cpp/package.dsv'
[2.857s] INFO:colcon.colcon_core.shell:Creating package script '/home/emmanuel/rainbot_ws/install/rainbot_cpp/share/rainbot_cpp/package.sh'
[2.857s] INFO:colcon.colcon_core.shell:Creating package script '/home/emmanuel/rainbot_ws/install/rainbot_cpp/share/rainbot_cpp/package.bash'
[2.858s] INFO:colcon.colcon_core.shell:Creating package script '/home/emmanuel/rainbot_ws/install/rainbot_cpp/share/rainbot_cpp/package.zsh'
[2.858s] Level 1:colcon.colcon_core.environment:create_file_with_runtime_dependencies(/home/emmanuel/rainbot_ws/install/rainbot_cpp/share/colcon-core/packages/rainbot_cpp)
[2.882s] Level 1:colcon.colcon_core.environment:create_environment_scripts_only(rain_arm_description)
[2.903s] Level 1:colcon.colcon_core.environment:checking '/home/emmanuel/rainbot_ws/install/rain_arm_description' for CMake module files
[2.903s] Level 1:colcon.colcon_core.environment:checking '/home/emmanuel/rainbot_ws/install/rain_arm_description' for CMake config files
[2.904s] Level 1:colcon.colcon_core.shell:create_environment_hook('rain_arm_description', 'cmake_prefix_path')
[2.924s] INFO:colcon.colcon_core.shell:Creating environment hook '/home/emmanuel/rainbot_ws/install/rain_arm_description/share/rain_arm_description/hook/cmake_prefix_path.ps1'
[2.925s] INFO:colcon.colcon_core.shell:Creating environment descriptor '/home/emmanuel/rainbot_ws/install/rain_arm_description/share/rain_arm_description/hook/cmake_prefix_path.dsv'
[2.925s] INFO:colcon.colcon_core.shell:Creating environment hook '/home/emmanuel/rainbot_ws/install/rain_arm_description/share/rain_arm_description/hook/cmake_prefix_path.sh'
[2.926s] Level 1:colcon.colcon_core.environment:checking '/home/emmanuel/rainbot_ws/install/rain_arm_description/bin'
[2.926s] Level 1:colcon.colcon_core.environment:checking '/home/emmanuel/rainbot_ws/install/rain_arm_description/lib/pkgconfig/rain_arm_description.pc'
[2.926s] Level 1:colcon.colcon_core.environment:checking '/home/emmanuel/rainbot_ws/install/rain_arm_description/lib/python3.10/site-packages'
[2.927s] Level 1:colcon.colcon_core.environment:checking '/home/emmanuel/rainbot_ws/install/rain_arm_description/bin'
[2.948s] INFO:colcon.colcon_core.shell:Creating package script '/home/emmanuel/rainbot_ws/install/rain_arm_description/share/rain_arm_description/package.ps1'
[2.949s] INFO:colcon.colcon_core.shell:Creating package descriptor '/home/emmanuel/rainbot_ws/install/rain_arm_description/share/rain_arm_description/package.dsv'
[2.949s] INFO:colcon.colcon_core.shell:Creating package script '/home/emmanuel/rainbot_ws/install/rain_arm_description/share/rain_arm_description/package.sh'
[2.950s] INFO:colcon.colcon_core.shell:Creating package script '/home/emmanuel/rainbot_ws/install/rain_arm_description/share/rain_arm_description/package.bash'
[2.950s] INFO:colcon.colcon_core.shell:Creating package script '/home/emmanuel/rainbot_ws/install/rain_arm_description/share/rain_arm_description/package.zsh'
[2.951s] Level 1:colcon.colcon_core.environment:create_file_with_runtime_dependencies(/home/emmanuel/rainbot_ws/install/rain_arm_description/share/colcon-core/packages/rain_arm_description)
[3.011s] DEBUG:colcon.colcon_core.event_handler.log_command:Invoking command in '/home/emmanuel/rainbot_ws/build/rainbot_py': PYTHONPATH=/home/emmanuel/rainbot_ws/build/rainbot_py/prefix_override:/home/emmanuel/rainbot_ws/install/rainbot_py/lib/python3.10/site-packages:${PYTHONPATH} /usr/bin/python3 setup.py develop --editable --build-directory /home/emmanuel/rainbot_ws/build/rainbot_py/build --no-deps install_data
[3.576s] Level 1:colcon.colcon_core.shell:create_environment_hook('rainbot_py', 'pythonpath_develop')
[3.576s] DEBUG:colcon.colcon_core.event_handler.log_command:Invoked command in '/home/emmanuel/rainbot_ws/build/rainbot_py' returned '0': PYTHONPATH=/home/emmanuel/rainbot_ws/build/rainbot_py/prefix_override:/home/emmanuel/rainbot_ws/install/rainbot_py/lib/python3.10/site-packages:${PYTHONPATH} /usr/bin/python3 setup.py develop --editable --build-directory /home/emmanuel/rainbot_ws/build/rainbot_py/build --no-deps install_data
[3.597s] INFO:colcon.colcon_core.shell:Creating environment hook '/home/emmanuel/rainbot_ws/build/rainbot_py/share/rainbot_py/hook/pythonpath_develop.ps1'
[3.598s] INFO:colcon.colcon_core.shell:Creating environment descriptor '/home/emmanuel/rainbot_ws/build/rainbot_py/share/rainbot_py/hook/pythonpath_develop.dsv'
[3.598s] INFO:colcon.colcon_core.shell:Creating environment hook '/home/emmanuel/rainbot_ws/build/rainbot_py/share/rainbot_py/hook/pythonpath_develop.sh'
[3.617s] Level 1:colcon.colcon_core.environment:checking '/home/emmanuel/rainbot_ws/install/rainbot_py' for CMake module files
[3.618s] Level 1:colcon.colcon_core.environment:checking '/home/emmanuel/rainbot_ws/install/rainbot_py' for CMake config files
[3.618s] Level 1:colcon.colcon_core.environment:checking '/home/emmanuel/rainbot_ws/install/rainbot_py/lib'
[3.619s] Level 1:colcon.colcon_core.environment:checking '/home/emmanuel/rainbot_ws/install/rainbot_py/bin'
[3.619s] Level 1:colcon.colcon_core.environment:checking '/home/emmanuel/rainbot_ws/install/rainbot_py/lib/pkgconfig/rainbot_py.pc'
[3.619s] Level 1:colcon.colcon_core.environment:checking '/home/emmanuel/rainbot_ws/install/rainbot_py/lib/python3.10/site-packages'
[3.619s] Level 1:colcon.colcon_core.shell:create_environment_hook('rainbot_py', 'pythonpath')
[3.638s] INFO:colcon.colcon_core.shell:Creating environment hook '/home/emmanuel/rainbot_ws/install/rainbot_py/share/rainbot_py/hook/pythonpath.ps1'
[3.638s] INFO:colcon.colcon_core.shell:Creating environment descriptor '/home/emmanuel/rainbot_ws/install/rainbot_py/share/rainbot_py/hook/pythonpath.dsv'
[3.639s] INFO:colcon.colcon_core.shell:Creating environment hook '/home/emmanuel/rainbot_ws/install/rainbot_py/share/rainbot_py/hook/pythonpath.sh'
[3.639s] Level 1:colcon.colcon_core.environment:checking '/home/emmanuel/rainbot_ws/install/rainbot_py/bin'
[3.639s] Level 1:colcon.colcon_core.environment:create_environment_scripts_only(rainbot_py)
[3.659s] INFO:colcon.colcon_core.shell:Creating package script '/home/emmanuel/rainbot_ws/install/rainbot_py/share/rainbot_py/package.ps1'
[3.660s] INFO:colcon.colcon_core.shell:Creating package descriptor '/home/emmanuel/rainbot_ws/install/rainbot_py/share/rainbot_py/package.dsv'
[3.661s] INFO:colcon.colcon_core.shell:Creating package script '/home/emmanuel/rainbot_ws/install/rainbot_py/share/rainbot_py/package.sh'
[3.661s] INFO:colcon.colcon_core.shell:Creating package script '/home/emmanuel/rainbot_ws/install/rainbot_py/share/rainbot_py/package.bash'
[3.662s] INFO:colcon.colcon_core.shell:Creating package script '/home/emmanuel/rainbot_ws/install/rainbot_py/share/rainbot_py/package.zsh'
[3.662s] Level 1:colcon.colcon_core.environment:create_file_with_runtime_dependencies(/home/emmanuel/rainbot_ws/install/rainbot_py/share/colcon-core/packages/rainbot_py)
[3.663s] DEBUG:colcon.colcon_parallel_executor.executor.parallel:closing loop
[3.663s] DEBUG:colcon.colcon_parallel_executor.executor.parallel:loop closed
[3.663s] DEBUG:colcon.colcon_parallel_executor.executor.parallel:run_until_complete finished with '0'
[3.664s] DEBUG:colcon.colcon_core.event_reactor:joining thread
[3.689s] INFO:colcon.colcon_core.plugin_system:Skipping extension 'colcon_notification.desktop_notification.terminal_notifier': Not used on non-Darwin systems
[3.689s] INFO:colcon.colcon_core.plugin_system:Skipping extension 'colcon_notification.desktop_notification.win32': Not used on non-Windows systems
[3.689s] INFO:colcon.colcon_notification.desktop_notification:Sending desktop notification using 'notify2'
[3.702s] DEBUG:colcon.colcon_core.event_reactor:joined thread
[3.722s] INFO:colcon.colcon_core.shell:Creating prefix script '/home/emmanuel/rainbot_ws/install/local_setup.ps1'
[3.723s] INFO:colcon.colcon_core.shell:Creating prefix util module '/home/emmanuel/rainbot_ws/install/_local_setup_util_ps1.py'
[3.725s] INFO:colcon.colcon_core.shell:Creating prefix chain script '/home/emmanuel/rainbot_ws/install/setup.ps1'
[3.745s] INFO:colcon.colcon_core.shell:Creating prefix script '/home/emmanuel/rainbot_ws/install/local_setup.sh'
[3.746s] INFO:colcon.colcon_core.shell:Creating prefix util module '/home/emmanuel/rainbot_ws/install/_local_setup_util_sh.py'
[3.747s] INFO:colcon.colcon_core.shell:Creating prefix chain script '/home/emmanuel/rainbot_ws/install/setup.sh'
[3.767s] INFO:colcon.colcon_core.shell:Creating prefix script '/home/emmanuel/rainbot_ws/install/local_setup.bash'
[3.768s] INFO:colcon.colcon_core.shell:Creating prefix chain script '/home/emmanuel/rainbot_ws/install/setup.bash'
[3.788s] INFO:colcon.colcon_core.shell:Creating prefix script '/home/emmanuel/rainbot_ws/install/local_setup.zsh'
[3.789s] INFO:colcon.colcon_core.shell:Creating prefix chain script '/home/emmanuel/rainbot_ws/install/setup.zsh'
