[0.392s] Invoking command in '/home/emmanuel/rainbot_ws/build/rain_arm_description': CMAKE_PREFIX_PATH=${CMAKE_PREFIX_PATH}:/home/emmanuel/rainbot_ws/install/rainbot_py:/opt/ros/humble /usr/bin/cmake --build /home/emmanuel/rainbot_ws/build/rain_arm_description -- -j4 -l4
[0.935s] Invoked command in '/home/emmanuel/rainbot_ws/build/rain_arm_description' returned '0': CMAKE_PREFIX_PATH=${CMAKE_PREFIX_PATH}:/home/emmanuel/rainbot_ws/install/rainbot_py:/opt/ros/humble /usr/bin/cmake --build /home/emmanuel/rainbot_ws/build/rain_arm_description -- -j4 -l4
[0.990s] Invoking command in '/home/emmanuel/rainbot_ws/build/rain_arm_description': CMAKE_PREFIX_PATH=${CMAKE_PREFIX_PATH}:/home/emmanuel/rainbot_ws/install/rainbot_py:/opt/ros/humble /usr/bin/cmake --install /home/emmanuel/rainbot_ws/build/rain_arm_description
[1.051s] -- Install configuration: ""
[1.139s] -- Execute custom install script
[1.164s] -- Up-to-date symlink: /home/emmanuel/rainbot_ws/install/rain_arm_description/share/rain_arm_description/meshes/base_plate.STL
[1.165s] -- Up-to-date symlink: /home/emmanuel/rainbot_ws/install/rain_arm_description/share/rain_arm_description/meshes/basement.STL
[1.165s] -- Up-to-date symlink: /home/emmanuel/rainbot_ws/install/rain_arm_description/share/rain_arm_description/meshes/claw_support.STL
[1.165s] -- Up-to-date symlink: /home/emmanuel/rainbot_ws/install/rain_arm_description/share/rain_arm_description/meshes/forward_drive_arm.STL
[1.165s] -- Up-to-date symlink: /home/emmanuel/rainbot_ws/install/rain_arm_description/share/rain_arm_description/meshes/horizontal_arm.STL
[1.166s] -- Up-to-date symlink: /home/emmanuel/rainbot_ws/install/rain_arm_description/share/rain_arm_description/meshes/left_finger.STL
[1.171s] -- Up-to-date symlink: /home/emmanuel/rainbot_ws/install/rain_arm_description/share/rain_arm_description/meshes/link.STL
[1.171s] -- Up-to-date symlink: /home/emmanuel/rainbot_ws/install/rain_arm_description/share/rain_arm_description/meshes/plate.STL
[1.171s] -- Up-to-date symlink: /home/emmanuel/rainbot_ws/install/rain_arm_description/share/rain_arm_description/meshes/right_finger.STL
[1.171s] -- Up-to-date symlink: /home/emmanuel/rainbot_ws/install/rain_arm_description/share/rain_arm_description/meshes/round_plate.STL
[1.171s] -- Up-to-date symlink: /home/emmanuel/rainbot_ws/install/rain_arm_description/share/rain_arm_description/meshes/servo_plate.STL
[1.171s] -- Up-to-date symlink: /home/emmanuel/rainbot_ws/install/rain_arm_description/share/rain_arm_description/meshes/triangular_link.STL
[1.171s] -- Up-to-date symlink: /home/emmanuel/rainbot_ws/install/rain_arm_description/share/rain_arm_description/meshes/vertical_drive_arm.STL
[1.172s] -- Up-to-date symlink: /home/emmanuel/rainbot_ws/install/rain_arm_description/share/rain_arm_description/urdf/rain_arm.urdf.xacro
[1.172s] -- Up-to-date symlink: /home/emmanuel/rainbot_ws/install/rain_arm_description/share/rain_arm_description/launch/display.launch.py
[1.172s] -- Symlinking: /home/emmanuel/rainbot_ws/install/rain_arm_description/share/rain_arm_description/launch/gazebo.launch.py
[1.185s] -- Up-to-date symlink: /home/emmanuel/rainbot_ws/install/rain_arm_description/share/rain_arm_description/rviz/display.rviz
[1.185s] -- Up-to-date symlink: /home/emmanuel/rainbot_ws/install/rain_arm_description/share/ament_index/resource_index/package_run_dependencies/rain_arm_description
[1.185s] -- Up-to-date symlink: /home/emmanuel/rainbot_ws/install/rain_arm_description/share/ament_index/resource_index/parent_prefix_path/rain_arm_description
[1.186s] -- Up-to-date symlink: /home/emmanuel/rainbot_ws/install/rain_arm_description/share/rain_arm_description/environment/ament_prefix_path.sh
[1.186s] -- Up-to-date symlink: /home/emmanuel/rainbot_ws/install/rain_arm_description/share/rain_arm_description/environment/ament_prefix_path.dsv
[1.186s] -- Up-to-date symlink: /home/emmanuel/rainbot_ws/install/rain_arm_description/share/rain_arm_description/environment/path.sh
[1.187s] -- Up-to-date symlink: /home/emmanuel/rainbot_ws/install/rain_arm_description/share/rain_arm_description/environment/path.dsv
[1.187s] -- Up-to-date symlink: /home/emmanuel/rainbot_ws/install/rain_arm_description/share/rain_arm_description/local_setup.bash
[1.187s] -- Up-to-date symlink: /home/emmanuel/rainbot_ws/install/rain_arm_description/share/rain_arm_description/local_setup.sh
[1.187s] -- Up-to-date symlink: /home/emmanuel/rainbot_ws/install/rain_arm_description/share/rain_arm_description/local_setup.zsh
[1.188s] -- Up-to-date symlink: /home/emmanuel/rainbot_ws/install/rain_arm_description/share/rain_arm_description/local_setup.dsv
[1.188s] -- Symlinking: /home/emmanuel/rainbot_ws/install/rain_arm_description/share/rain_arm_description/package.dsv
[1.205s] -- Up-to-date symlink: /home/emmanuel/rainbot_ws/install/rain_arm_description/share/ament_index/resource_index/packages/rain_arm_description
[1.205s] -- Up-to-date symlink: /home/emmanuel/rainbot_ws/install/rain_arm_description/share/rain_arm_description/cmake/rain_arm_descriptionConfig.cmake
[1.208s] -- Up-to-date symlink: /home/emmanuel/rainbot_ws/install/rain_arm_description/share/rain_arm_description/cmake/rain_arm_descriptionConfig-version.cmake
[1.209s] -- Up-to-date symlink: /home/emmanuel/rainbot_ws/install/rain_arm_description/share/rain_arm_description/package.xml
[1.433s] Invoked command in '/home/emmanuel/rainbot_ws/build/rain_arm_description' returned '0': CMAKE_PREFIX_PATH=${CMAKE_PREFIX_PATH}:/home/emmanuel/rainbot_ws/install/rainbot_py:/opt/ros/humble /usr/bin/cmake --install /home/emmanuel/rainbot_ws/build/rain_arm_description
