[1.697s] Invoking command in '/home/emmanuel/rainbot_ws/src/rainbot_py': PYTHONPATH=/home/emmanuel/rainbot_ws/build/rainbot_py/prefix_override:/home/emmanuel/rainbot_ws/install/rainbot_py/lib/python3.10/site-packages:${PYTHONPATH} /usr/bin/python3 setup.py egg_info --egg-base ../../build/rainbot_py build --build-base /home/emmanuel/rainbot_ws/build/rainbot_py/build install --record /home/emmanuel/rainbot_ws/build/rainbot_py/install.log --single-version-externally-managed
[2.047s] running egg_info
[2.047s] writing ../../build/rainbot_py/rainbot_py.egg-info/PKG-INFO
[2.048s] writing dependency_links to ../../build/rainbot_py/rainbot_py.egg-info/dependency_links.txt
[2.048s] writing entry points to ../../build/rainbot_py/rainbot_py.egg-info/entry_points.txt
[2.048s] writing requirements to ../../build/rainbot_py/rainbot_py.egg-info/requires.txt
[2.048s] writing top-level names to ../../build/rainbot_py/rainbot_py.egg-info/top_level.txt
[2.056s] reading manifest file '../../build/rainbot_py/rainbot_py.egg-info/SOURCES.txt'
[2.059s] writing manifest file '../../build/rainbot_py/rainbot_py.egg-info/SOURCES.txt'
[2.059s] running build
[2.060s] running build_py
[2.060s] copying rainbot_py/simple_service_server.py -> /home/emmanuel/rainbot_ws/build/rainbot_py/build/lib/rainbot_py
[2.060s] running install
[2.060s] /usr/lib/python3/dist-packages/setuptools/command/install.py:34: SetuptoolsDeprecationWarning: setup.py install is deprecated. Use build and pip and other standards-based tools.
[2.060s]   warnings.warn(
[2.061s] running install_lib
[2.062s] copying /home/emmanuel/rainbot_ws/build/rainbot_py/build/lib/rainbot_py/simple_service_server.py -> /home/emmanuel/rainbot_ws/install/rainbot_py/lib/python3.10/site-packages/rainbot_py
[2.063s] byte-compiling /home/emmanuel/rainbot_ws/install/rainbot_py/lib/python3.10/site-packages/rainbot_py/simple_service_server.py to simple_service_server.cpython-310.pyc
[2.064s] running install_data
[2.065s] running install_egg_info
[2.069s] removing '/home/emmanuel/rainbot_ws/install/rainbot_py/lib/python3.10/site-packages/rainbot_py-0.0.0-py3.10.egg-info' (and everything under it)
[2.069s] Copying ../../build/rainbot_py/rainbot_py.egg-info to /home/emmanuel/rainbot_ws/install/rainbot_py/lib/python3.10/site-packages/rainbot_py-0.0.0-py3.10.egg-info
[2.070s] running install_scripts
[2.098s] Installing rain_parameter script to /home/emmanuel/rainbot_ws/install/rainbot_py/lib/rainbot_py
[2.098s] Installing rain_publisher script to /home/emmanuel/rainbot_ws/install/rainbot_py/lib/rainbot_py
[2.098s] Installing rain_service script to /home/emmanuel/rainbot_ws/install/rainbot_py/lib/rainbot_py
[2.099s] Installing rain_subscriber script to /home/emmanuel/rainbot_ws/install/rainbot_py/lib/rainbot_py
[2.099s] writing list of installed files to '/home/emmanuel/rainbot_ws/build/rainbot_py/install.log'
[2.143s] Invoked command in '/home/emmanuel/rainbot_ws/src/rainbot_py' returned '0': PYTHONPATH=/home/emmanuel/rainbot_ws/build/rainbot_py/prefix_override:/home/emmanuel/rainbot_ws/install/rainbot_py/lib/python3.10/site-packages:${PYTHONPATH} /usr/bin/python3 setup.py egg_info --egg-base ../../build/rainbot_py build --build-base /home/emmanuel/rainbot_ws/build/rainbot_py/build install --record /home/emmanuel/rainbot_ws/build/rainbot_py/install.log --single-version-externally-managed
