running egg_info
writing ../../build/rainbot_py/rainbot_py.egg-info/PKG-INFO
writing dependency_links to ../../build/rainbot_py/rainbot_py.egg-info/dependency_links.txt
writing entry points to ../../build/rainbot_py/rainbot_py.egg-info/entry_points.txt
writing requirements to ../../build/rainbot_py/rainbot_py.egg-info/requires.txt
writing top-level names to ../../build/rainbot_py/rainbot_py.egg-info/top_level.txt
reading manifest file '../../build/rainbot_py/rainbot_py.egg-info/SOURCES.txt'
writing manifest file '../../build/rainbot_py/rainbot_py.egg-info/SOURCES.txt'
running build
running build_py
copying rainbot_py/simple_service_server.py -> /home/emmanuel/rainbot_ws/build/rainbot_py/build/lib/rainbot_py
running install
running install_lib
copying /home/emmanuel/rainbot_ws/build/rainbot_py/build/lib/rainbot_py/simple_service_server.py -> /home/emmanuel/rainbot_ws/install/rainbot_py/lib/python3.10/site-packages/rainbot_py
byte-compiling /home/emmanuel/rainbot_ws/install/rainbot_py/lib/python3.10/site-packages/rainbot_py/simple_service_server.py to simple_service_server.cpython-310.pyc
running install_data
running install_egg_info
removing '/home/emmanuel/rainbot_ws/install/rainbot_py/lib/python3.10/site-packages/rainbot_py-0.0.0-py3.10.egg-info' (and everything under it)
Copying ../../build/rainbot_py/rainbot_py.egg-info to /home/emmanuel/rainbot_ws/install/rainbot_py/lib/python3.10/site-packages/rainbot_py-0.0.0-py3.10.egg-info
running install_scripts
Installing rain_parameter script to /home/emmanuel/rainbot_ws/install/rainbot_py/lib/rainbot_py
Installing rain_publisher script to /home/emmanuel/rainbot_ws/install/rainbot_py/lib/rainbot_py
Installing rain_subscriber script to /home/emmanuel/rainbot_ws/install/rainbot_py/lib/rainbot_py
Installing simple_service_client script to /home/emmanuel/rainbot_ws/install/rainbot_py/lib/rainbot_py
Installing simple_service_server script to /home/emmanuel/rainbot_ws/install/rainbot_py/lib/rainbot_py
writing list of installed files to '/home/emmanuel/rainbot_ws/build/rainbot_py/install.log'
