[0.109s] Invoking command in '/home/emmanuel/rainbot_ws/build/rain_arm_moveit': CMAKE_PREFIX_PATH=${CMAKE_PREFIX_PATH}:/home/emmanuel/rainbot_ws/install/rainbot_py:/opt/ros/humble /usr/bin/cmake --build /home/emmanuel/rainbot_ws/build/rain_arm_moveit -- -j4 -l4
[0.372s] Invoked command in '/home/emmanuel/rainbot_ws/build/rain_arm_moveit' returned '0': CMAKE_PREFIX_PATH=${CMAKE_PREFIX_PATH}:/home/emmanuel/rainbot_ws/install/rainbot_py:/opt/ros/humble /usr/bin/cmake --build /home/emmanuel/rainbot_ws/build/rain_arm_moveit -- -j4 -l4
[0.434s] Invoking command in '/home/emmanuel/rainbot_ws/build/rain_arm_moveit': CMAKE_PREFIX_PATH=${CMAKE_PREFIX_PATH}:/home/emmanuel/rainbot_ws/install/rainbot_py:/opt/ros/humble /usr/bin/cmake --install /home/emmanuel/rainbot_ws/build/rain_arm_moveit
[0.478s] -- Install configuration: ""
[0.485s] -- Up-to-date: /home/emmanuel/rainbot_ws/install/rain_arm_moveit/share/rain_arm_moveit/config
[0.486s] -- Up-to-date: /home/emmanuel/rainbot_ws/install/rain_arm_moveit/share/rain_arm_moveit/config/kinematics.yaml
[0.486s] -- Up-to-date: /home/emmanuel/rainbot_ws/install/rain_arm_moveit/share/rain_arm_moveit/config/moveit_controllers.yaml
[0.487s] -- Up-to-date: /home/emmanuel/rainbot_ws/install/rain_arm_moveit/share/rain_arm_moveit/config/joint_limits.yaml
[0.487s] -- Up-to-date: /home/emmanuel/rainbot_ws/install/rain_arm_moveit/share/rain_arm_moveit/config/rain_arm.srdf
[0.488s] -- Up-to-date: /home/emmanuel/rainbot_ws/install/rain_arm_moveit/share/rain_arm_moveit/config/pilz_cartesian_limits.yaml
[0.488s] -- Up-to-date: /home/emmanuel/rainbot_ws/install/rain_arm_moveit/share/rain_arm_moveit/config/initial_positions.yaml
[0.489s] -- Up-to-date: /home/emmanuel/rainbot_ws/install/rain_arm_moveit/share/rain_arm_moveit/launch
[0.489s] -- Installing: /home/emmanuel/rainbot_ws/install/rain_arm_moveit/share/rain_arm_moveit/launch/moveit.launch.py
[0.490s] -- Up-to-date: /home/emmanuel/rainbot_ws/install/rain_arm_moveit/share/ament_index/resource_index/package_run_dependencies/rain_arm_moveit
[0.490s] -- Up-to-date: /home/emmanuel/rainbot_ws/install/rain_arm_moveit/share/ament_index/resource_index/parent_prefix_path/rain_arm_moveit
[0.490s] -- Up-to-date: /home/emmanuel/rainbot_ws/install/rain_arm_moveit/share/rain_arm_moveit/environment/ament_prefix_path.sh
[0.491s] -- Up-to-date: /home/emmanuel/rainbot_ws/install/rain_arm_moveit/share/rain_arm_moveit/environment/ament_prefix_path.dsv
[0.491s] -- Up-to-date: /home/emmanuel/rainbot_ws/install/rain_arm_moveit/share/rain_arm_moveit/environment/path.sh
[0.491s] -- Up-to-date: /home/emmanuel/rainbot_ws/install/rain_arm_moveit/share/rain_arm_moveit/environment/path.dsv
[0.492s] -- Up-to-date: /home/emmanuel/rainbot_ws/install/rain_arm_moveit/share/rain_arm_moveit/local_setup.bash
[0.493s] -- Up-to-date: /home/emmanuel/rainbot_ws/install/rain_arm_moveit/share/rain_arm_moveit/local_setup.sh
[0.493s] -- Up-to-date: /home/emmanuel/rainbot_ws/install/rain_arm_moveit/share/rain_arm_moveit/local_setup.zsh
[0.494s] -- Up-to-date: /home/emmanuel/rainbot_ws/install/rain_arm_moveit/share/rain_arm_moveit/local_setup.dsv
[0.494s] -- Installing: /home/emmanuel/rainbot_ws/install/rain_arm_moveit/share/rain_arm_moveit/package.dsv
[0.494s] -- Up-to-date: /home/emmanuel/rainbot_ws/install/rain_arm_moveit/share/ament_index/resource_index/packages/rain_arm_moveit
[0.495s] -- Up-to-date: /home/emmanuel/rainbot_ws/install/rain_arm_moveit/share/rain_arm_moveit/cmake/rain_arm_moveitConfig.cmake
[0.495s] -- Up-to-date: /home/emmanuel/rainbot_ws/install/rain_arm_moveit/share/rain_arm_moveit/cmake/rain_arm_moveitConfig-version.cmake
[0.495s] -- Up-to-date: /home/emmanuel/rainbot_ws/install/rain_arm_moveit/share/rain_arm_moveit/package.xml
[0.601s] Invoked command in '/home/emmanuel/rainbot_ws/build/rain_arm_moveit' returned '0': CMAKE_PREFIX_PATH=${CMAKE_PREFIX_PATH}:/home/emmanuel/rainbot_ws/install/rainbot_py:/opt/ros/humble /usr/bin/cmake --install /home/emmanuel/rainbot_ws/build/rain_arm_moveit
