[0.304s] Invoking command in '/home/emmanuel/rainbot_ws/build/rain_arm_description': CMAKE_PREFIX_PATH=${CMAKE_PREFIX_PATH}:/home/emmanuel/rainbot_ws/install/rainbot_py:/opt/ros/humble /usr/bin/cmake /home/emmanuel/rainbot_ws/src/rain_arm_description -DAMENT_CMAKE_SYMLINK_INSTALL=1 -DCMAKE_INSTALL_PREFIX=/home/emmanuel/rainbot_ws/install/rain_arm_description
[0.329s] -- Found ament_cmake: 1.3.5 (/opt/ros/humble/share/ament_cmake/cmake)
[0.564s] -- Override CMake install command with custom implementation using symlinks instead of copying resources
[0.599s] -- Found ament_lint_auto: 0.12.8 (/opt/ros/humble/share/ament_lint_auto/cmake)
[0.714s] -- Added test 'lint_cmake' to check CMake code style
[0.721s] -- Added test 'xmllint' to check XML markup files
[0.721s] -- Configuring done
[0.724s] -- Generating done
[0.727s] -- Build files have been written to: /home/emmanuel/rainbot_ws/build/rain_arm_description
[0.859s] Invoked command in '/home/emmanuel/rainbot_ws/build/rain_arm_description' returned '0': CMAKE_PREFIX_PATH=${CMAKE_PREFIX_PATH}:/home/emmanuel/rainbot_ws/install/rainbot_py:/opt/ros/humble /usr/bin/cmake /home/emmanuel/rainbot_ws/src/rain_arm_description -DAMENT_CMAKE_SYMLINK_INSTALL=1 -DCMAKE_INSTALL_PREFIX=/home/emmanuel/rainbot_ws/install/rain_arm_description
[0.861s] Invoking command in '/home/emmanuel/rainbot_ws/build/rain_arm_description': CMAKE_PREFIX_PATH=${CMAKE_PREFIX_PATH}:/home/emmanuel/rainbot_ws/install/rainbot_py:/opt/ros/humble /usr/bin/cmake --build /home/emmanuel/rainbot_ws/build/rain_arm_description -- -j4 -l4
[0.920s] Invoked command in '/home/emmanuel/rainbot_ws/build/rain_arm_description' returned '0': CMAKE_PREFIX_PATH=${CMAKE_PREFIX_PATH}:/home/emmanuel/rainbot_ws/install/rainbot_py:/opt/ros/humble /usr/bin/cmake --build /home/emmanuel/rainbot_ws/build/rain_arm_description -- -j4 -l4
[0.975s] Invoking command in '/home/emmanuel/rainbot_ws/build/rain_arm_description': CMAKE_PREFIX_PATH=${CMAKE_PREFIX_PATH}:/home/emmanuel/rainbot_ws/install/rainbot_py:/opt/ros/humble /usr/bin/cmake --install /home/emmanuel/rainbot_ws/build/rain_arm_description
[0.989s] -- Install configuration: ""
[0.991s] -- Execute custom install script
[0.992s] -- Symlinking: /home/emmanuel/rainbot_ws/install/rain_arm_description/share/rain_arm_description/meshes/base_plate.STL
[1.009s] -- Symlinking: /home/emmanuel/rainbot_ws/install/rain_arm_description/share/rain_arm_description/meshes/basement.STL
[1.023s] -- Symlinking: /home/emmanuel/rainbot_ws/install/rain_arm_description/share/rain_arm_description/meshes/claw_support.STL
[1.035s] -- Symlinking: /home/emmanuel/rainbot_ws/install/rain_arm_description/share/rain_arm_description/meshes/forward_drive_arm.STL
[1.046s] -- Symlinking: /home/emmanuel/rainbot_ws/install/rain_arm_description/share/rain_arm_description/meshes/horizontal_arm.STL
[1.066s] -- Symlinking: /home/emmanuel/rainbot_ws/install/rain_arm_description/share/rain_arm_description/meshes/left_finger.STL
[1.084s] -- Symlinking: /home/emmanuel/rainbot_ws/install/rain_arm_description/share/rain_arm_description/meshes/link.STL
[1.101s] -- Symlinking: /home/emmanuel/rainbot_ws/install/rain_arm_description/share/rain_arm_description/meshes/plate.STL
[1.118s] -- Symlinking: /home/emmanuel/rainbot_ws/install/rain_arm_description/share/rain_arm_description/meshes/right_finger.STL
[1.135s] -- Symlinking: /home/emmanuel/rainbot_ws/install/rain_arm_description/share/rain_arm_description/meshes/round_plate.STL
[1.151s] -- Symlinking: /home/emmanuel/rainbot_ws/install/rain_arm_description/share/rain_arm_description/meshes/servo_plate.STL
[1.164s] -- Symlinking: /home/emmanuel/rainbot_ws/install/rain_arm_description/share/rain_arm_description/meshes/triangular_link.STL
[1.180s] -- Symlinking: /home/emmanuel/rainbot_ws/install/rain_arm_description/share/rain_arm_description/meshes/vertical_drive_arm.STL
[1.197s] -- Symlinking: /home/emmanuel/rainbot_ws/install/rain_arm_description/share/rain_arm_description/urdf/rain_arm.urdf.xacro
[1.214s] -- Symlinking: /home/emmanuel/rainbot_ws/install/rain_arm_description/share/ament_index/resource_index/package_run_dependencies/rain_arm_description
[1.232s] -- Symlinking: /home/emmanuel/rainbot_ws/install/rain_arm_description/share/ament_index/resource_index/parent_prefix_path/rain_arm_description
[1.250s] -- Symlinking: /home/emmanuel/rainbot_ws/install/rain_arm_description/share/rain_arm_description/environment/ament_prefix_path.sh
[1.267s] -- Symlinking: /home/emmanuel/rainbot_ws/install/rain_arm_description/share/rain_arm_description/environment/ament_prefix_path.dsv
[1.279s] -- Symlinking: /home/emmanuel/rainbot_ws/install/rain_arm_description/share/rain_arm_description/environment/path.sh
[1.291s] -- Symlinking: /home/emmanuel/rainbot_ws/install/rain_arm_description/share/rain_arm_description/environment/path.dsv
[1.302s] -- Symlinking: /home/emmanuel/rainbot_ws/install/rain_arm_description/share/rain_arm_description/local_setup.bash
[1.317s] -- Symlinking: /home/emmanuel/rainbot_ws/install/rain_arm_description/share/rain_arm_description/local_setup.sh
[1.329s] -- Symlinking: /home/emmanuel/rainbot_ws/install/rain_arm_description/share/rain_arm_description/local_setup.zsh
[1.340s] -- Symlinking: /home/emmanuel/rainbot_ws/install/rain_arm_description/share/rain_arm_description/local_setup.dsv
[1.351s] -- Symlinking: /home/emmanuel/rainbot_ws/install/rain_arm_description/share/rain_arm_description/package.dsv
[1.363s] -- Symlinking: /home/emmanuel/rainbot_ws/install/rain_arm_description/share/ament_index/resource_index/packages/rain_arm_description
[1.374s] -- Symlinking: /home/emmanuel/rainbot_ws/install/rain_arm_description/share/rain_arm_description/cmake/rain_arm_descriptionConfig.cmake
[1.385s] -- Symlinking: /home/emmanuel/rainbot_ws/install/rain_arm_description/share/rain_arm_description/cmake/rain_arm_descriptionConfig-version.cmake
[1.396s] -- Symlinking: /home/emmanuel/rainbot_ws/install/rain_arm_description/share/rain_arm_description/package.xml
[1.412s] Invoked command in '/home/emmanuel/rainbot_ws/build/rain_arm_description' returned '0': CMAKE_PREFIX_PATH=${CMAKE_PREFIX_PATH}:/home/emmanuel/rainbot_ws/install/rainbot_py:/opt/ros/humble /usr/bin/cmake --install /home/emmanuel/rainbot_ws/build/rain_arm_description
