running develop
Removing /home/emmanuel/rainbot_ws/install/rainbot_py/lib/python3.10/site-packages/rainbot-py.egg-link (link to .)
running egg_info
writing ../../build/rainbot_py/rainbot_py.egg-info/PKG-INFO
writing dependency_links to ../../build/rainbot_py/rainbot_py.egg-info/dependency_links.txt
writing entry points to ../../build/rainbot_py/rainbot_py.egg-info/entry_points.txt
writing requirements to ../../build/rainbot_py/rainbot_py.egg-info/requires.txt
writing top-level names to ../../build/rainbot_py/rainbot_py.egg-info/top_level.txt
reading manifest file '../../build/rainbot_py/rainbot_py.egg-info/SOURCES.txt'
writing manifest file '../../build/rainbot_py/rainbot_py.egg-info/SOURCES.txt'
running build
running build_py
copying rainbot_py/simple_publisher.py -> /home/emmanuel/rainbot_ws/build/rainbot_py/build/lib/rainbot_py
running install
running install_lib
creating /home/emmanuel/rainbot_ws/install/rainbot_py/lib/python3.10/site-packages/rainbot_py
copying /home/emmanuel/rainbot_ws/build/rainbot_py/build/lib/rainbot_py/__init__.py -> /home/emmanuel/rainbot_ws/install/rainbot_py/lib/python3.10/site-packages/rainbot_py
copying /home/emmanuel/rainbot_ws/build/rainbot_py/build/lib/rainbot_py/simple_publisher.py -> /home/emmanuel/rainbot_ws/install/rainbot_py/lib/python3.10/site-packages/rainbot_py
byte-compiling /home/emmanuel/rainbot_ws/install/rainbot_py/lib/python3.10/site-packages/rainbot_py/__init__.py to __init__.cpython-310.pyc
byte-compiling /home/emmanuel/rainbot_ws/install/rainbot_py/lib/python3.10/site-packages/rainbot_py/simple_publisher.py to simple_publisher.cpython-310.pyc
running install_data
copying package.xml -> /home/emmanuel/rainbot_ws/install/rainbot_py/share/rainbot_py
running install_egg_info
Copying ../../build/rainbot_py/rainbot_py.egg-info to /home/emmanuel/rainbot_ws/install/rainbot_py/lib/python3.10/site-packages/rainbot_py-0.0.0-py3.10.egg-info
running install_scripts
Installing rain_publisher script to /home/emmanuel/rainbot_ws/install/rainbot_py/lib/rainbot_py
writing list of installed files to '/home/emmanuel/rainbot_ws/build/rainbot_py/install.log'
