[1.079s] Invoking command in '/home/emmanuel/rainbot_ws/build/rainbot_py': PYTHONPATH=/home/emmanuel/rainbot_ws/build/rainbot_py/prefix_override:/home/emmanuel/rainbot_ws/install/rainbot_py/lib/python3.10/site-packages:${PYTHONPATH} /usr/bin/python3 setup.py develop --uninstall --editable --build-directory /home/emmanuel/rainbot_ws/build/rainbot_py/build
[1.375s] running develop
[1.376s] /usr/lib/python3/dist-packages/setuptools/command/easy_install.py:158: EasyInstallDeprecationWarning: easy_install command is deprecated. Use build and pip and other standards-based tools.
[1.376s]   warnings.warn(
[1.377s] /usr/lib/python3/dist-packages/setuptools/command/install.py:34: SetuptoolsDeprecationWarning: setup.py install is deprecated. Use build and pip and other standards-based tools.
[1.377s]   warnings.warn(
[1.569s] Removing /home/emmanuel/rainbot_ws/install/rainbot_py/lib/python3.10/site-packages/rainbot-py.egg-link (link to .)
[1.606s] Invoked command in '/home/emmanuel/rainbot_ws/build/rainbot_py' returned '0': PYTHONPATH=/home/emmanuel/rainbot_ws/build/rainbot_py/prefix_override:/home/emmanuel/rainbot_ws/install/rainbot_py/lib/python3.10/site-packages:${PYTHONPATH} /usr/bin/python3 setup.py develop --uninstall --editable --build-directory /home/emmanuel/rainbot_ws/build/rainbot_py/build
[1.608s] Invoking command in '/home/emmanuel/rainbot_ws/src/rainbot_py': PYTHONPATH=/home/emmanuel/rainbot_ws/build/rainbot_py/prefix_override:/home/emmanuel/rainbot_ws/install/rainbot_py/lib/python3.10/site-packages:${PYTHONPATH} /usr/bin/python3 setup.py egg_info --egg-base ../../build/rainbot_py build --build-base /home/emmanuel/rainbot_ws/build/rainbot_py/build install --record /home/emmanuel/rainbot_ws/build/rainbot_py/install.log --single-version-externally-managed
[1.901s] running egg_info
[1.902s] writing ../../build/rainbot_py/rainbot_py.egg-info/PKG-INFO
[1.903s] writing dependency_links to ../../build/rainbot_py/rainbot_py.egg-info/dependency_links.txt
[1.903s] writing entry points to ../../build/rainbot_py/rainbot_py.egg-info/entry_points.txt
[1.903s] writing requirements to ../../build/rainbot_py/rainbot_py.egg-info/requires.txt
[1.903s] writing top-level names to ../../build/rainbot_py/rainbot_py.egg-info/top_level.txt
[1.906s] reading manifest file '../../build/rainbot_py/rainbot_py.egg-info/SOURCES.txt'
[1.908s] writing manifest file '../../build/rainbot_py/rainbot_py.egg-info/SOURCES.txt'
[1.908s] running build
[1.908s] running build_py
[1.908s] copying rainbot_py/simple_publisher.py -> /home/emmanuel/rainbot_ws/build/rainbot_py/build/lib/rainbot_py
[1.908s] running install
[1.909s] /usr/lib/python3/dist-packages/setuptools/command/install.py:34: SetuptoolsDeprecationWarning: setup.py install is deprecated. Use build and pip and other standards-based tools.
[1.909s]   warnings.warn(
[1.909s] running install_lib
[1.911s] creating /home/emmanuel/rainbot_ws/install/rainbot_py/lib/python3.10/site-packages/rainbot_py
[1.911s] copying /home/emmanuel/rainbot_ws/build/rainbot_py/build/lib/rainbot_py/__init__.py -> /home/emmanuel/rainbot_ws/install/rainbot_py/lib/python3.10/site-packages/rainbot_py
[1.911s] copying /home/emmanuel/rainbot_ws/build/rainbot_py/build/lib/rainbot_py/simple_publisher.py -> /home/emmanuel/rainbot_ws/install/rainbot_py/lib/python3.10/site-packages/rainbot_py
[1.912s] byte-compiling /home/emmanuel/rainbot_ws/install/rainbot_py/lib/python3.10/site-packages/rainbot_py/__init__.py to __init__.cpython-310.pyc
[1.912s] byte-compiling /home/emmanuel/rainbot_ws/install/rainbot_py/lib/python3.10/site-packages/rainbot_py/simple_publisher.py to simple_publisher.cpython-310.pyc
[1.913s] running install_data
[1.914s] copying package.xml -> /home/emmanuel/rainbot_ws/install/rainbot_py/share/rainbot_py
[1.914s] running install_egg_info
[1.918s] Copying ../../build/rainbot_py/rainbot_py.egg-info to /home/emmanuel/rainbot_ws/install/rainbot_py/lib/python3.10/site-packages/rainbot_py-0.0.0-py3.10.egg-info
[1.920s] running install_scripts
[1.944s] Installing rain_publisher script to /home/emmanuel/rainbot_ws/install/rainbot_py/lib/rainbot_py
[1.944s] writing list of installed files to '/home/emmanuel/rainbot_ws/build/rainbot_py/install.log'
[1.980s] Invoked command in '/home/emmanuel/rainbot_ws/src/rainbot_py' returned '0': PYTHONPATH=/home/emmanuel/rainbot_ws/build/rainbot_py/prefix_override:/home/emmanuel/rainbot_ws/install/rainbot_py/lib/python3.10/site-packages:${PYTHONPATH} /usr/bin/python3 setup.py egg_info --egg-base ../../build/rainbot_py build --build-base /home/emmanuel/rainbot_ws/build/rainbot_py/build install --record /home/emmanuel/rainbot_ws/build/rainbot_py/install.log --single-version-externally-managed
