[1.445s] Invoking command in '/home/emmanuel/rainbot_ws/build/rainbot_py': PYTHONPATH=/home/emmanuel/rainbot_ws/build/rainbot_py/prefix_override:/home/emmanuel/rainbot_ws/install/rainbot_py/lib/python3.10/site-packages:${PYTHONPATH} /usr/bin/python3 setup.py develop --editable --build-directory /home/emmanuel/rainbot_ws/build/rainbot_py/build --no-deps install_data
[1.756s] running develop
[1.765s] /usr/lib/python3/dist-packages/setuptools/command/easy_install.py:158: EasyInstallDeprecationWarning: easy_install command is deprecated. Use build and pip and other standards-based tools.
[1.765s]   warnings.warn(
[1.768s] /usr/lib/python3/dist-packages/setuptools/command/install.py:34: SetuptoolsDeprecationWarning: setup.py install is deprecated. Use build and pip and other standards-based tools.
[1.768s]   warnings.warn(
[1.972s] running egg_info
[1.972s] writing rainbot_py.egg-info/PKG-INFO
[1.973s] writing dependency_links to rainbot_py.egg-info/dependency_links.txt
[1.973s] writing entry points to rainbot_py.egg-info/entry_points.txt
[1.973s] writing requirements to rainbot_py.egg-info/requires.txt
[1.973s] writing top-level names to rainbot_py.egg-info/top_level.txt
[1.975s] reading manifest file 'rainbot_py.egg-info/SOURCES.txt'
[1.976s] writing manifest file 'rainbot_py.egg-info/SOURCES.txt'
[1.978s] running build_ext
[1.978s] Creating /home/emmanuel/rainbot_ws/install/rainbot_py/lib/python3.10/site-packages/rainbot-py.egg-link (link to .)
[1.979s] Installing rain_publisher script to /home/emmanuel/rainbot_ws/install/rainbot_py/lib/rainbot_py
[1.979s] Installing rain_subscriber script to /home/emmanuel/rainbot_ws/install/rainbot_py/lib/rainbot_py
[1.980s] 
[1.980s] Installed /home/emmanuel/rainbot_ws/build/rainbot_py
[1.980s] running install_data
[2.018s] Invoked command in '/home/emmanuel/rainbot_ws/build/rainbot_py' returned '0': PYTHONPATH=/home/emmanuel/rainbot_ws/build/rainbot_py/prefix_override:/home/emmanuel/rainbot_ws/install/rainbot_py/lib/python3.10/site-packages:${PYTHONPATH} /usr/bin/python3 setup.py develop --editable --build-directory /home/emmanuel/rainbot_ws/build/rainbot_py/build --no-deps install_data
