[0.257s] Invoking command in '/home/emmanuel/rainbot_ws/build/rainbot_cpp': CMAKE_PREFIX_PATH=${CMAKE_PREFIX_PATH}:/home/emmanuel/rainbot_ws/install/rainbot_py:/opt/ros/humble /usr/bin/cmake --build /home/emmanuel/rainbot_ws/build/rainbot_cpp -- -j4 -l4
[0.849s] Invoked command in '/home/emmanuel/rainbot_ws/build/rainbot_cpp' returned '0': CMAKE_PREFIX_PATH=${CMAKE_PREFIX_PATH}:/home/emmanuel/rainbot_ws/install/rainbot_py:/opt/ros/humble /usr/bin/cmake --build /home/emmanuel/rainbot_ws/build/rainbot_cpp -- -j4 -l4
[0.903s] Invoking command in '/home/emmanuel/rainbot_ws/build/rainbot_cpp': CMAKE_PREFIX_PATH=${CMAKE_PREFIX_PATH}:/home/emmanuel/rainbot_ws/install/rainbot_py:/opt/ros/humble /usr/bin/cmake --install /home/emmanuel/rainbot_ws/build/rainbot_cpp
[0.925s] -- Install configuration: ""
[0.930s] -- Execute custom install script
[0.931s] -- Up-to-date symlink: /home/emmanuel/rainbot_ws/install/rainbot_cpp/share/ament_index/resource_index/package_run_dependencies/rainbot_cpp
[0.933s] -- Up-to-date symlink: /home/emmanuel/rainbot_ws/install/rainbot_cpp/share/ament_index/resource_index/parent_prefix_path/rainbot_cpp
[0.943s] -- Up-to-date symlink: /home/emmanuel/rainbot_ws/install/rainbot_cpp/share/rainbot_cpp/environment/ament_prefix_path.sh
[0.945s] -- Up-to-date symlink: /home/emmanuel/rainbot_ws/install/rainbot_cpp/share/rainbot_cpp/environment/ament_prefix_path.dsv
[0.946s] -- Up-to-date symlink: /home/emmanuel/rainbot_ws/install/rainbot_cpp/share/rainbot_cpp/environment/path.sh
[0.953s] -- Up-to-date symlink: /home/emmanuel/rainbot_ws/install/rainbot_cpp/share/rainbot_cpp/environment/path.dsv
[0.956s] -- Up-to-date symlink: /home/emmanuel/rainbot_ws/install/rainbot_cpp/share/rainbot_cpp/local_setup.bash
[0.957s] -- Up-to-date symlink: /home/emmanuel/rainbot_ws/install/rainbot_cpp/share/rainbot_cpp/local_setup.sh
[0.958s] -- Up-to-date symlink: /home/emmanuel/rainbot_ws/install/rainbot_cpp/share/rainbot_cpp/local_setup.zsh
[0.959s] -- Up-to-date symlink: /home/emmanuel/rainbot_ws/install/rainbot_cpp/share/rainbot_cpp/local_setup.dsv
[0.960s] -- Symlinking: /home/emmanuel/rainbot_ws/install/rainbot_cpp/share/rainbot_cpp/package.dsv
[0.987s] -- Up-to-date symlink: /home/emmanuel/rainbot_ws/install/rainbot_cpp/share/ament_index/resource_index/packages/rainbot_cpp
[0.987s] -- Up-to-date symlink: /home/emmanuel/rainbot_ws/install/rainbot_cpp/share/rainbot_cpp/cmake/rainbot_cppConfig.cmake
[0.988s] -- Up-to-date symlink: /home/emmanuel/rainbot_ws/install/rainbot_cpp/share/rainbot_cpp/cmake/rainbot_cppConfig-version.cmake
[0.988s] -- Up-to-date symlink: /home/emmanuel/rainbot_ws/install/rainbot_cpp/share/rainbot_cpp/package.xml
[1.196s] Invoked command in '/home/emmanuel/rainbot_ws/build/rainbot_cpp' returned '0': CMAKE_PREFIX_PATH=${CMAKE_PREFIX_PATH}:/home/emmanuel/rainbot_ws/install/rainbot_py:/opt/ros/humble /usr/bin/cmake --install /home/emmanuel/rainbot_ws/build/rainbot_cpp
