[1.009s] Invoking command in '/home/emmanuel/rainbot_ws/build/rainbot_utils': CMAKE_PREFIX_PATH=/home/emmanuel/rainbot_ws/install/rain_arm_msgs:/home/emmanuel/rainbot_ws/install/rainbot_utils:/home/emmanuel/rainbot_ws/install/rainbot_cpp:/home/emmanuel/rainbot_ws/install/rain_arm_moveit:/home/emmanuel/rainbot_ws/install/rain_arm_description:/home/emmanuel/rainbot_ws/install/rain_arm_controller:/home/emmanuel/rainbot_ws/install/rainbot_py:/opt/ros/humble /usr/bin/cmake --build /home/emmanuel/rainbot_ws/build/rainbot_utils -- -j4 -l4
[1.271s] Built target ament_cmake_python_copy_rainbot_utils
[1.949s] running egg_info
[1.950s] writing rainbot_utils.egg-info/PKG-INFO
[1.951s] writing dependency_links to rainbot_utils.egg-info/dependency_links.txt
[1.951s] writing top-level names to rainbot_utils.egg-info/top_level.txt
[1.956s] reading manifest file 'rainbot_utils.egg-info/SOURCES.txt'
[1.971s] writing manifest file 'rainbot_utils.egg-info/SOURCES.txt'
[2.014s] Built target ament_cmake_python_build_rainbot_utils_egg
[2.028s] Invoked command in '/home/emmanuel/rainbot_ws/build/rainbot_utils' returned '0': CMAKE_PREFIX_PATH=/home/emmanuel/rainbot_ws/install/rain_arm_msgs:/home/emmanuel/rainbot_ws/install/rainbot_utils:/home/emmanuel/rainbot_ws/install/rainbot_cpp:/home/emmanuel/rainbot_ws/install/rain_arm_moveit:/home/emmanuel/rainbot_ws/install/rain_arm_description:/home/emmanuel/rainbot_ws/install/rain_arm_controller:/home/emmanuel/rainbot_ws/install/rainbot_py:/opt/ros/humble /usr/bin/cmake --build /home/emmanuel/rainbot_ws/build/rainbot_utils -- -j4 -l4
[2.060s] Invoking command in '/home/emmanuel/rainbot_ws/build/rainbot_utils': CMAKE_PREFIX_PATH=/home/emmanuel/rainbot_ws/install/rain_arm_msgs:/home/emmanuel/rainbot_ws/install/rainbot_utils:/home/emmanuel/rainbot_ws/install/rainbot_cpp:/home/emmanuel/rainbot_ws/install/rain_arm_moveit:/home/emmanuel/rainbot_ws/install/rain_arm_description:/home/emmanuel/rainbot_ws/install/rain_arm_controller:/home/emmanuel/rainbot_ws/install/rainbot_py:/opt/ros/humble /usr/bin/cmake --install /home/emmanuel/rainbot_ws/build/rainbot_utils
[2.079s] -- Install configuration: ""
[2.079s] -- Up-to-date: /home/emmanuel/rainbot_ws/install/rainbot_utils/share/rainbot_utils/environment/pythonpath.sh
[2.079s] -- Up-to-date: /home/emmanuel/rainbot_ws/install/rainbot_utils/share/rainbot_utils/environment/pythonpath.dsv
[2.080s] -- Up-to-date: /home/emmanuel/rainbot_ws/install/rainbot_utils/local/lib/python3.10/dist-packages/rainbot_utils-0.0.0-py3.10.egg-info
[2.080s] -- Installing: /home/emmanuel/rainbot_ws/install/rainbot_utils/local/lib/python3.10/dist-packages/rainbot_utils-0.0.0-py3.10.egg-info/dependency_links.txt
[2.080s] -- Installing: /home/emmanuel/rainbot_ws/install/rainbot_utils/local/lib/python3.10/dist-packages/rainbot_utils-0.0.0-py3.10.egg-info/top_level.txt
[2.080s] -- Installing: /home/emmanuel/rainbot_ws/install/rainbot_utils/local/lib/python3.10/dist-packages/rainbot_utils-0.0.0-py3.10.egg-info/PKG-INFO
[2.081s] -- Installing: /home/emmanuel/rainbot_ws/install/rainbot_utils/local/lib/python3.10/dist-packages/rainbot_utils-0.0.0-py3.10.egg-info/SOURCES.txt
[2.081s] -- Up-to-date: /home/emmanuel/rainbot_ws/install/rainbot_utils/local/lib/python3.10/dist-packages/rainbot_utils
[2.081s] -- Up-to-date: /home/emmanuel/rainbot_ws/install/rainbot_utils/local/lib/python3.10/dist-packages/rainbot_utils/__init__.py
[2.081s] -- Up-to-date: /home/emmanuel/rainbot_ws/install/rainbot_utils/local/lib/python3.10/dist-packages/rainbot_utils/angle_conversion.py
[2.169s] Listing '/home/emmanuel/rainbot_ws/install/rainbot_utils/local/lib/python3.10/dist-packages/rainbot_utils'...
[2.182s] -- Up-to-date: /home/emmanuel/rainbot_ws/install/rainbot_utils/lib/rainbot_utils/angle_conversion.py
[2.183s] -- Up-to-date: /home/emmanuel/rainbot_ws/install/rainbot_utils/share/ament_index/resource_index/package_run_dependencies/rainbot_utils
[2.183s] -- Up-to-date: /home/emmanuel/rainbot_ws/install/rainbot_utils/share/ament_index/resource_index/parent_prefix_path/rainbot_utils
[2.183s] -- Up-to-date: /home/emmanuel/rainbot_ws/install/rainbot_utils/share/rainbot_utils/environment/ament_prefix_path.sh
[2.183s] -- Up-to-date: /home/emmanuel/rainbot_ws/install/rainbot_utils/share/rainbot_utils/environment/ament_prefix_path.dsv
[2.183s] -- Up-to-date: /home/emmanuel/rainbot_ws/install/rainbot_utils/share/rainbot_utils/environment/path.sh
[2.184s] -- Up-to-date: /home/emmanuel/rainbot_ws/install/rainbot_utils/share/rainbot_utils/environment/path.dsv
[2.184s] -- Up-to-date: /home/emmanuel/rainbot_ws/install/rainbot_utils/share/rainbot_utils/local_setup.bash
[2.184s] -- Up-to-date: /home/emmanuel/rainbot_ws/install/rainbot_utils/share/rainbot_utils/local_setup.sh
[2.184s] -- Up-to-date: /home/emmanuel/rainbot_ws/install/rainbot_utils/share/rainbot_utils/local_setup.zsh
[2.184s] -- Up-to-date: /home/emmanuel/rainbot_ws/install/rainbot_utils/share/rainbot_utils/local_setup.dsv
[2.184s] -- Installing: /home/emmanuel/rainbot_ws/install/rainbot_utils/share/rainbot_utils/package.dsv
[2.196s] -- Up-to-date: /home/emmanuel/rainbot_ws/install/rainbot_utils/share/ament_index/resource_index/packages/rainbot_utils
[2.197s] -- Up-to-date: /home/emmanuel/rainbot_ws/install/rainbot_utils/share/rainbot_utils/cmake/rainbot_utilsConfig.cmake
[2.198s] -- Up-to-date: /home/emmanuel/rainbot_ws/install/rainbot_utils/share/rainbot_utils/cmake/rainbot_utilsConfig-version.cmake
[2.199s] -- Up-to-date: /home/emmanuel/rainbot_ws/install/rainbot_utils/share/rainbot_utils/package.xml
[2.203s] Invoked command in '/home/emmanuel/rainbot_ws/build/rainbot_utils' returned '0': CMAKE_PREFIX_PATH=/home/emmanuel/rainbot_ws/install/rain_arm_msgs:/home/emmanuel/rainbot_ws/install/rainbot_utils:/home/emmanuel/rainbot_ws/install/rainbot_cpp:/home/emmanuel/rainbot_ws/install/rain_arm_moveit:/home/emmanuel/rainbot_ws/install/rain_arm_description:/home/emmanuel/rainbot_ws/install/rain_arm_controller:/home/emmanuel/rainbot_ws/install/rainbot_py:/opt/ros/humble /usr/bin/cmake --install /home/emmanuel/rainbot_ws/build/rainbot_utils
