[1.396s] Invoking command in '/home/emmanuel/rainbot_ws/src/rainbot_py': PYTHONPATH=/home/emmanuel/rainbot_ws/build/rainbot_py/prefix_override:/home/emmanuel/rainbot_ws/install/rainbot_py/lib/python3.10/site-packages:${PYTHONPATH} /usr/bin/python3 setup.py egg_info --egg-base ../../build/rainbot_py build --build-base /home/emmanuel/rainbot_ws/build/rainbot_py/build install --record /home/emmanuel/rainbot_ws/build/rainbot_py/install.log --single-version-externally-managed
[1.768s] running egg_info
[1.769s] writing ../../build/rainbot_py/rainbot_py.egg-info/PKG-INFO
[1.769s] writing dependency_links to ../../build/rainbot_py/rainbot_py.egg-info/dependency_links.txt
[1.770s] writing entry points to ../../build/rainbot_py/rainbot_py.egg-info/entry_points.txt
[1.770s] writing requirements to ../../build/rainbot_py/rainbot_py.egg-info/requires.txt
[1.770s] writing top-level names to ../../build/rainbot_py/rainbot_py.egg-info/top_level.txt
[1.772s] reading manifest file '../../build/rainbot_py/rainbot_py.egg-info/SOURCES.txt'
[1.774s] writing manifest file '../../build/rainbot_py/rainbot_py.egg-info/SOURCES.txt'
[1.775s] running build
[1.775s] running build_py
[1.775s] running install
[1.776s] /usr/lib/python3/dist-packages/setuptools/command/install.py:34: SetuptoolsDeprecationWarning: setup.py install is deprecated. Use build and pip and other standards-based tools.
[1.776s]   warnings.warn(
[1.776s] running install_lib
[1.778s] running install_data
[1.779s] running install_egg_info
[1.781s] removing '/home/emmanuel/rainbot_ws/install/rainbot_py/lib/python3.10/site-packages/rainbot_py-0.0.0-py3.10.egg-info' (and everything under it)
[1.782s] Copying ../../build/rainbot_py/rainbot_py.egg-info to /home/emmanuel/rainbot_ws/install/rainbot_py/lib/python3.10/site-packages/rainbot_py-0.0.0-py3.10.egg-info
[1.783s] running install_scripts
[1.810s] Installing rain_parameter script to /home/emmanuel/rainbot_ws/install/rainbot_py/lib/rainbot_py
[1.811s] Installing rain_publisher script to /home/emmanuel/rainbot_ws/install/rainbot_py/lib/rainbot_py
[1.811s] Installing rain_subscriber script to /home/emmanuel/rainbot_ws/install/rainbot_py/lib/rainbot_py
[1.812s] writing list of installed files to '/home/emmanuel/rainbot_ws/build/rainbot_py/install.log'
[1.856s] Invoked command in '/home/emmanuel/rainbot_ws/src/rainbot_py' returned '0': PYTHONPATH=/home/emmanuel/rainbot_ws/build/rainbot_py/prefix_override:/home/emmanuel/rainbot_ws/install/rainbot_py/lib/python3.10/site-packages:${PYTHONPATH} /usr/bin/python3 setup.py egg_info --egg-base ../../build/rainbot_py build --build-base /home/emmanuel/rainbot_ws/build/rainbot_py/build install --record /home/emmanuel/rainbot_ws/build/rainbot_py/install.log --single-version-externally-managed
