[7.234s] DEBUG:colcon:Command line arguments: ['/usr/bin/colcon', 'build']
[7.234s] DEBUG:colcon:Parsed command line arguments: Namespace(log_base=None, log_level=None, verb_name='build', build_base='build', install_base='install', merge_install=False, symlink_install=False, test_result_base=None, continue_on_error=False, executor='parallel', parallel_workers=4, event_handlers=None, ignore_user_meta=False, metas=['./colcon.meta'], base_paths=['.'], packages_ignore=None, packages_ignore_regex=None, paths=None, packages_up_to=None, packages_up_to_regex=None, packages_above=None, packages_above_and_dependencies=None, packages_above_depth=None, packages_select_by_dep=None, packages_skip_by_dep=None, packages_skip_up_to=None, packages_select_build_failed=False, packages_skip_build_finished=False, packages_select_test_failures=False, packages_skip_test_passed=False, packages_select=None, packages_skip=None, packages_select_regex=None, packages_skip_regex=None, packages_start=None, packages_end=None, allow_overriding=[], cmake_args=None, cmake_target=None, cmake_target_skip_unavailable=False, cmake_clean_cache=False, cmake_clean_first=False, cmake_force_configure=False, ament_cmake_args=None, catkin_cmake_args=None, catkin_skip_building_tests=False, verb_parser=<colcon_defaults.argument_parser.defaults.DefaultArgumentsDecorator object at 0x7f6a43857820>, verb_extension=<colcon_core.verb.build.BuildVerb object at 0x7f6a441e3880>, main=<bound method BuildVerb.main of <colcon_core.verb.build.BuildVerb object at 0x7f6a441e3880>>)
[7.540s] Level 1:colcon.colcon_core.package_discovery:discover_packages(colcon_meta) check parameters
[7.540s] Level 1:colcon.colcon_core.package_discovery:discover_packages(recursive) check parameters
[7.540s] Level 1:colcon.colcon_core.package_discovery:discover_packages(ignore) check parameters
[7.540s] Level 1:colcon.colcon_core.package_discovery:discover_packages(path) check parameters
[7.540s] Level 1:colcon.colcon_core.package_discovery:discover_packages(colcon_meta) discover
[7.540s] Level 1:colcon.colcon_core.package_discovery:discover_packages(recursive) discover
[7.540s] INFO:colcon.colcon_core.package_discovery:Crawling recursively for packages in '/home/emmanuel/rainbot_ws'
[7.540s] Level 1:colcon.colcon_core.package_identification:_identify(.) by extensions ['ignore', 'ignore_ament_install']
[7.540s] Level 1:colcon.colcon_core.package_identification:_identify(.) by extension 'ignore'
[7.540s] Level 1:colcon.colcon_core.package_identification:_identify(.) by extension 'ignore_ament_install'
[7.540s] Level 1:colcon.colcon_core.package_identification:_identify(.) by extensions ['colcon_pkg']
[7.540s] Level 1:colcon.colcon_core.package_identification:_identify(.) by extension 'colcon_pkg'
[7.541s] Level 1:colcon.colcon_core.package_identification:_identify(.) by extensions ['colcon_meta']
[7.541s] Level 1:colcon.colcon_core.package_identification:_identify(.) by extension 'colcon_meta'
[7.541s] Level 1:colcon.colcon_core.package_identification:_identify(.) by extensions ['ros']
[7.541s] Level 1:colcon.colcon_core.package_identification:_identify(.) by extension 'ros'
[7.571s] Level 1:colcon.colcon_core.package_identification:_identify(.) by extensions ['cmake', 'python']
[7.571s] Level 1:colcon.colcon_core.package_identification:_identify(.) by extension 'cmake'
[7.571s] Level 1:colcon.colcon_core.package_identification:_identify(.) by extension 'python'
[7.571s] Level 1:colcon.colcon_core.package_identification:_identify(.) by extensions ['python_setup_py']
[7.571s] Level 1:colcon.colcon_core.package_identification:_identify(.) by extension 'python_setup_py'
[7.571s] Level 1:colcon.colcon_core.package_identification:_identify(build) by extensions ['ignore', 'ignore_ament_install']
[7.571s] Level 1:colcon.colcon_core.package_identification:_identify(build) by extension 'ignore'
[7.571s] Level 1:colcon.colcon_core.package_identification:_identify(build) ignored
[7.572s] Level 1:colcon.colcon_core.package_identification:_identify(install) by extensions ['ignore', 'ignore_ament_install']
[7.572s] Level 1:colcon.colcon_core.package_identification:_identify(install) by extension 'ignore'
[7.572s] Level 1:colcon.colcon_core.package_identification:_identify(install) ignored
[7.572s] Level 1:colcon.colcon_core.package_identification:_identify(log) by extensions ['ignore', 'ignore_ament_install']
[7.572s] Level 1:colcon.colcon_core.package_identification:_identify(log) by extension 'ignore'
[7.572s] Level 1:colcon.colcon_core.package_identification:_identify(log) ignored
[7.578s] Level 1:colcon.colcon_core.package_identification:_identify(src) by extensions ['ignore', 'ignore_ament_install']
[7.578s] Level 1:colcon.colcon_core.package_identification:_identify(src) by extension 'ignore'
[7.578s] Level 1:colcon.colcon_core.package_identification:_identify(src) by extension 'ignore_ament_install'
[7.578s] Level 1:colcon.colcon_core.package_identification:_identify(src) by extensions ['colcon_pkg']
[7.578s] Level 1:colcon.colcon_core.package_identification:_identify(src) by extension 'colcon_pkg'
[7.579s] Level 1:colcon.colcon_core.package_identification:_identify(src) by extensions ['colcon_meta']
[7.579s] Level 1:colcon.colcon_core.package_identification:_identify(src) by extension 'colcon_meta'
[7.579s] Level 1:colcon.colcon_core.package_identification:_identify(src) by extensions ['ros']
[7.579s] Level 1:colcon.colcon_core.package_identification:_identify(src) by extension 'ros'
[7.579s] Level 1:colcon.colcon_core.package_identification:_identify(src) by extensions ['cmake', 'python']
[7.579s] Level 1:colcon.colcon_core.package_identification:_identify(src) by extension 'cmake'
[7.579s] Level 1:colcon.colcon_core.package_identification:_identify(src) by extension 'python'
[7.579s] Level 1:colcon.colcon_core.package_identification:_identify(src) by extensions ['python_setup_py']
[7.579s] Level 1:colcon.colcon_core.package_identification:_identify(src) by extension 'python_setup_py'
[7.596s] Level 1:colcon.colcon_core.package_identification:_identify(src/rain_arm_controller) by extensions ['ignore', 'ignore_ament_install']
[7.596s] Level 1:colcon.colcon_core.package_identification:_identify(src/rain_arm_controller) by extension 'ignore'
[7.596s] Level 1:colcon.colcon_core.package_identification:_identify(src/rain_arm_controller) by extension 'ignore_ament_install'
[7.596s] Level 1:colcon.colcon_core.package_identification:_identify(src/rain_arm_controller) by extensions ['colcon_pkg']
[7.596s] Level 1:colcon.colcon_core.package_identification:_identify(src/rain_arm_controller) by extension 'colcon_pkg'
[7.596s] Level 1:colcon.colcon_core.package_identification:_identify(src/rain_arm_controller) by extensions ['colcon_meta']
[7.596s] Level 1:colcon.colcon_core.package_identification:_identify(src/rain_arm_controller) by extension 'colcon_meta'
[7.596s] Level 1:colcon.colcon_core.package_identification:_identify(src/rain_arm_controller) by extensions ['ros']
[7.596s] Level 1:colcon.colcon_core.package_identification:_identify(src/rain_arm_controller) by extension 'ros'
[7.599s] DEBUG:colcon.colcon_core.package_identification:Package 'src/rain_arm_controller' with type 'ros.ament_cmake' and name 'rain_arm_controller'
[7.616s] Level 1:colcon.colcon_core.package_identification:_identify(src/rain_arm_description) by extensions ['ignore', 'ignore_ament_install']
[7.617s] Level 1:colcon.colcon_core.package_identification:_identify(src/rain_arm_description) by extension 'ignore'
[7.617s] Level 1:colcon.colcon_core.package_identification:_identify(src/rain_arm_description) by extension 'ignore_ament_install'
[7.617s] Level 1:colcon.colcon_core.package_identification:_identify(src/rain_arm_description) by extensions ['colcon_pkg']
[7.617s] Level 1:colcon.colcon_core.package_identification:_identify(src/rain_arm_description) by extension 'colcon_pkg'
[7.617s] Level 1:colcon.colcon_core.package_identification:_identify(src/rain_arm_description) by extensions ['colcon_meta']
[7.617s] Level 1:colcon.colcon_core.package_identification:_identify(src/rain_arm_description) by extension 'colcon_meta'
[7.617s] Level 1:colcon.colcon_core.package_identification:_identify(src/rain_arm_description) by extensions ['ros']
[7.617s] Level 1:colcon.colcon_core.package_identification:_identify(src/rain_arm_description) by extension 'ros'
[7.618s] DEBUG:colcon.colcon_core.package_identification:Package 'src/rain_arm_description' with type 'ros.ament_cmake' and name 'rain_arm_description'
[7.643s] Level 1:colcon.colcon_core.package_identification:_identify(src/rain_arm_moveit) by extensions ['ignore', 'ignore_ament_install']
[7.643s] Level 1:colcon.colcon_core.package_identification:_identify(src/rain_arm_moveit) by extension 'ignore'
[7.643s] Level 1:colcon.colcon_core.package_identification:_identify(src/rain_arm_moveit) by extension 'ignore_ament_install'
[7.643s] Level 1:colcon.colcon_core.package_identification:_identify(src/rain_arm_moveit) by extensions ['colcon_pkg']
[7.643s] Level 1:colcon.colcon_core.package_identification:_identify(src/rain_arm_moveit) by extension 'colcon_pkg'
[7.643s] Level 1:colcon.colcon_core.package_identification:_identify(src/rain_arm_moveit) by extensions ['colcon_meta']
[7.643s] Level 1:colcon.colcon_core.package_identification:_identify(src/rain_arm_moveit) by extension 'colcon_meta'
[7.644s] Level 1:colcon.colcon_core.package_identification:_identify(src/rain_arm_moveit) by extensions ['ros']
[7.644s] Level 1:colcon.colcon_core.package_identification:_identify(src/rain_arm_moveit) by extension 'ros'
[7.645s] DEBUG:colcon.colcon_core.package_identification:Package 'src/rain_arm_moveit' with type 'ros.ament_cmake' and name 'rain_arm_moveit'
[7.653s] Level 1:colcon.colcon_core.package_identification:_identify(src/rain_arm_msgs) by extensions ['ignore', 'ignore_ament_install']
[7.653s] Level 1:colcon.colcon_core.package_identification:_identify(src/rain_arm_msgs) by extension 'ignore'
[7.653s] Level 1:colcon.colcon_core.package_identification:_identify(src/rain_arm_msgs) by extension 'ignore_ament_install'
[7.653s] Level 1:colcon.colcon_core.package_identification:_identify(src/rain_arm_msgs) by extensions ['colcon_pkg']
[7.653s] Level 1:colcon.colcon_core.package_identification:_identify(src/rain_arm_msgs) by extension 'colcon_pkg'
[7.653s] Level 1:colcon.colcon_core.package_identification:_identify(src/rain_arm_msgs) by extensions ['colcon_meta']
[7.653s] Level 1:colcon.colcon_core.package_identification:_identify(src/rain_arm_msgs) by extension 'colcon_meta'
[7.653s] Level 1:colcon.colcon_core.package_identification:_identify(src/rain_arm_msgs) by extensions ['ros']
[7.654s] Level 1:colcon.colcon_core.package_identification:_identify(src/rain_arm_msgs) by extension 'ros'
[7.654s] DEBUG:colcon.colcon_core.package_identification:Package 'src/rain_arm_msgs' with type 'ros.ament_cmake' and name 'rain_arm_msgs'
[7.655s] Level 1:colcon.colcon_core.package_identification:_identify(src/rainbot_cpp) by extensions ['ignore', 'ignore_ament_install']
[7.655s] Level 1:colcon.colcon_core.package_identification:_identify(src/rainbot_cpp) by extension 'ignore'
[7.655s] Level 1:colcon.colcon_core.package_identification:_identify(src/rainbot_cpp) by extension 'ignore_ament_install'
[7.655s] Level 1:colcon.colcon_core.package_identification:_identify(src/rainbot_cpp) by extensions ['colcon_pkg']
[7.655s] Level 1:colcon.colcon_core.package_identification:_identify(src/rainbot_cpp) by extension 'colcon_pkg'
[7.655s] Level 1:colcon.colcon_core.package_identification:_identify(src/rainbot_cpp) by extensions ['colcon_meta']
[7.655s] Level 1:colcon.colcon_core.package_identification:_identify(src/rainbot_cpp) by extension 'colcon_meta'
[7.655s] Level 1:colcon.colcon_core.package_identification:_identify(src/rainbot_cpp) by extensions ['ros']
[7.655s] Level 1:colcon.colcon_core.package_identification:_identify(src/rainbot_cpp) by extension 'ros'
[7.656s] DEBUG:colcon.colcon_core.package_identification:Package 'src/rainbot_cpp' with type 'ros.ament_cmake' and name 'rainbot_cpp'
[7.670s] Level 1:colcon.colcon_core.package_identification:_identify(src/rainbot_py) by extensions ['ignore', 'ignore_ament_install']
[7.670s] Level 1:colcon.colcon_core.package_identification:_identify(src/rainbot_py) by extension 'ignore'
[7.670s] Level 1:colcon.colcon_core.package_identification:_identify(src/rainbot_py) by extension 'ignore_ament_install'
[7.671s] Level 1:colcon.colcon_core.package_identification:_identify(src/rainbot_py) by extensions ['colcon_pkg']
[7.671s] Level 1:colcon.colcon_core.package_identification:_identify(src/rainbot_py) by extension 'colcon_pkg'
[7.671s] Level 1:colcon.colcon_core.package_identification:_identify(src/rainbot_py) by extensions ['colcon_meta']
[7.671s] Level 1:colcon.colcon_core.package_identification:_identify(src/rainbot_py) by extension 'colcon_meta'
[7.671s] Level 1:colcon.colcon_core.package_identification:_identify(src/rainbot_py) by extensions ['ros']
[7.671s] Level 1:colcon.colcon_core.package_identification:_identify(src/rainbot_py) by extension 'ros'
[7.673s] DEBUG:colcon.colcon_core.package_identification:Package 'src/rainbot_py' with type 'ros.ament_python' and name 'rainbot_py'
[7.690s] Level 1:colcon.colcon_core.package_identification:_identify(src/rainbot_utils) by extensions ['ignore', 'ignore_ament_install']
[7.690s] Level 1:colcon.colcon_core.package_identification:_identify(src/rainbot_utils) by extension 'ignore'
[7.690s] Level 1:colcon.colcon_core.package_identification:_identify(src/rainbot_utils) by extension 'ignore_ament_install'
[7.690s] Level 1:colcon.colcon_core.package_identification:_identify(src/rainbot_utils) by extensions ['colcon_pkg']
[7.691s] Level 1:colcon.colcon_core.package_identification:_identify(src/rainbot_utils) by extension 'colcon_pkg'
[7.691s] Level 1:colcon.colcon_core.package_identification:_identify(src/rainbot_utils) by extensions ['colcon_meta']
[7.691s] Level 1:colcon.colcon_core.package_identification:_identify(src/rainbot_utils) by extension 'colcon_meta'
[7.691s] Level 1:colcon.colcon_core.package_identification:_identify(src/rainbot_utils) by extensions ['ros']
[7.691s] Level 1:colcon.colcon_core.package_identification:_identify(src/rainbot_utils) by extension 'ros'
[7.692s] DEBUG:colcon.colcon_core.package_identification:Package 'src/rainbot_utils' with type 'ros.ament_cmake' and name 'rainbot_utils'
[7.692s] Level 1:colcon.colcon_core.package_discovery:discover_packages(recursive) using defaults
[7.692s] Level 1:colcon.colcon_core.package_discovery:discover_packages(ignore) discover
[7.692s] Level 1:colcon.colcon_core.package_discovery:discover_packages(ignore) using defaults
[7.692s] Level 1:colcon.colcon_core.package_discovery:discover_packages(path) discover
[7.692s] Level 1:colcon.colcon_core.package_discovery:discover_packages(path) using defaults
[8.061s] Level 1:colcon.colcon_core.package_discovery:discover_packages(prefix_path) check parameters
[8.061s] Level 1:colcon.colcon_core.package_discovery:discover_packages(prefix_path) discover
[8.394s] DEBUG:colcon.colcon_installed_package_information.package_discovery:Found 7 installed packages in /home/emmanuel/rainbot_ws/install
[8.441s] DEBUG:colcon.colcon_installed_package_information.package_discovery:Found 429 installed packages in /opt/ros/humble
[8.457s] Level 1:colcon.colcon_core.package_discovery:discover_packages(prefix_path) using defaults
[15.340s] Level 5:colcon.colcon_core.verb:set package 'rain_arm_controller' build argument 'cmake_args' from command line to 'None'
[15.341s] Level 5:colcon.colcon_core.verb:set package 'rain_arm_controller' build argument 'cmake_target' from command line to 'None'
[15.341s] Level 5:colcon.colcon_core.verb:set package 'rain_arm_controller' build argument 'cmake_target_skip_unavailable' from command line to 'False'
[15.341s] Level 5:colcon.colcon_core.verb:set package 'rain_arm_controller' build argument 'cmake_clean_cache' from command line to 'False'
[15.341s] Level 5:colcon.colcon_core.verb:set package 'rain_arm_controller' build argument 'cmake_clean_first' from command line to 'False'
[15.341s] Level 5:colcon.colcon_core.verb:set package 'rain_arm_controller' build argument 'cmake_force_configure' from command line to 'False'
[15.341s] Level 5:colcon.colcon_core.verb:set package 'rain_arm_controller' build argument 'ament_cmake_args' from command line to 'None'
[15.341s] Level 5:colcon.colcon_core.verb:set package 'rain_arm_controller' build argument 'catkin_cmake_args' from command line to 'None'
[15.341s] Level 5:colcon.colcon_core.verb:set package 'rain_arm_controller' build argument 'catkin_skip_building_tests' from command line to 'False'
[15.341s] DEBUG:colcon.colcon_core.verb:Building package 'rain_arm_controller' with the following arguments: {'ament_cmake_args': None, 'build_base': '/home/emmanuel/rainbot_ws/build/rain_arm_controller', 'catkin_cmake_args': None, 'catkin_skip_building_tests': False, 'cmake_args': None, 'cmake_clean_cache': False, 'cmake_clean_first': False, 'cmake_force_configure': False, 'cmake_target': None, 'cmake_target_skip_unavailable': False, 'install_base': '/home/emmanuel/rainbot_ws/install/rain_arm_controller', 'merge_install': False, 'path': '/home/emmanuel/rainbot_ws/src/rain_arm_controller', 'symlink_install': False, 'test_result_base': None}
[15.364s] Level 5:colcon.colcon_core.verb:set package 'rain_arm_description' build argument 'cmake_args' from command line to 'None'
[15.364s] Level 5:colcon.colcon_core.verb:set package 'rain_arm_description' build argument 'cmake_target' from command line to 'None'
[15.364s] Level 5:colcon.colcon_core.verb:set package 'rain_arm_description' build argument 'cmake_target_skip_unavailable' from command line to 'False'
[15.364s] Level 5:colcon.colcon_core.verb:set package 'rain_arm_description' build argument 'cmake_clean_cache' from command line to 'False'
[15.364s] Level 5:colcon.colcon_core.verb:set package 'rain_arm_description' build argument 'cmake_clean_first' from command line to 'False'
[15.364s] Level 5:colcon.colcon_core.verb:set package 'rain_arm_description' build argument 'cmake_force_configure' from command line to 'False'
[15.364s] Level 5:colcon.colcon_core.verb:set package 'rain_arm_description' build argument 'ament_cmake_args' from command line to 'None'
[15.365s] Level 5:colcon.colcon_core.verb:set package 'rain_arm_description' build argument 'catkin_cmake_args' from command line to 'None'
[15.365s] Level 5:colcon.colcon_core.verb:set package 'rain_arm_description' build argument 'catkin_skip_building_tests' from command line to 'False'
[15.365s] DEBUG:colcon.colcon_core.verb:Building package 'rain_arm_description' with the following arguments: {'ament_cmake_args': None, 'build_base': '/home/emmanuel/rainbot_ws/build/rain_arm_description', 'catkin_cmake_args': None, 'catkin_skip_building_tests': False, 'cmake_args': None, 'cmake_clean_cache': False, 'cmake_clean_first': False, 'cmake_force_configure': False, 'cmake_target': None, 'cmake_target_skip_unavailable': False, 'install_base': '/home/emmanuel/rainbot_ws/install/rain_arm_description', 'merge_install': False, 'path': '/home/emmanuel/rainbot_ws/src/rain_arm_description', 'symlink_install': False, 'test_result_base': None}
[15.388s] Level 5:colcon.colcon_core.verb:set package 'rain_arm_moveit' build argument 'cmake_args' from command line to 'None'
[15.388s] Level 5:colcon.colcon_core.verb:set package 'rain_arm_moveit' build argument 'cmake_target' from command line to 'None'
[15.388s] Level 5:colcon.colcon_core.verb:set package 'rain_arm_moveit' build argument 'cmake_target_skip_unavailable' from command line to 'False'
[15.388s] Level 5:colcon.colcon_core.verb:set package 'rain_arm_moveit' build argument 'cmake_clean_cache' from command line to 'False'
[15.388s] Level 5:colcon.colcon_core.verb:set package 'rain_arm_moveit' build argument 'cmake_clean_first' from command line to 'False'
[15.388s] Level 5:colcon.colcon_core.verb:set package 'rain_arm_moveit' build argument 'cmake_force_configure' from command line to 'False'
[15.388s] Level 5:colcon.colcon_core.verb:set package 'rain_arm_moveit' build argument 'ament_cmake_args' from command line to 'None'
[15.388s] Level 5:colcon.colcon_core.verb:set package 'rain_arm_moveit' build argument 'catkin_cmake_args' from command line to 'None'
[15.388s] Level 5:colcon.colcon_core.verb:set package 'rain_arm_moveit' build argument 'catkin_skip_building_tests' from command line to 'False'
[15.388s] DEBUG:colcon.colcon_core.verb:Building package 'rain_arm_moveit' with the following arguments: {'ament_cmake_args': None, 'build_base': '/home/emmanuel/rainbot_ws/build/rain_arm_moveit', 'catkin_cmake_args': None, 'catkin_skip_building_tests': False, 'cmake_args': None, 'cmake_clean_cache': False, 'cmake_clean_first': False, 'cmake_force_configure': False, 'cmake_target': None, 'cmake_target_skip_unavailable': False, 'install_base': '/home/emmanuel/rainbot_ws/install/rain_arm_moveit', 'merge_install': False, 'path': '/home/emmanuel/rainbot_ws/src/rain_arm_moveit', 'symlink_install': False, 'test_result_base': None}
[15.410s] Level 5:colcon.colcon_core.verb:set package 'rain_arm_msgs' build argument 'cmake_args' from command line to 'None'
[15.410s] Level 5:colcon.colcon_core.verb:set package 'rain_arm_msgs' build argument 'cmake_target' from command line to 'None'
[15.410s] Level 5:colcon.colcon_core.verb:set package 'rain_arm_msgs' build argument 'cmake_target_skip_unavailable' from command line to 'False'
[15.410s] Level 5:colcon.colcon_core.verb:set package 'rain_arm_msgs' build argument 'cmake_clean_cache' from command line to 'False'
[15.410s] Level 5:colcon.colcon_core.verb:set package 'rain_arm_msgs' build argument 'cmake_clean_first' from command line to 'False'
[15.410s] Level 5:colcon.colcon_core.verb:set package 'rain_arm_msgs' build argument 'cmake_force_configure' from command line to 'False'
[15.411s] Level 5:colcon.colcon_core.verb:set package 'rain_arm_msgs' build argument 'ament_cmake_args' from command line to 'None'
[15.411s] Level 5:colcon.colcon_core.verb:set package 'rain_arm_msgs' build argument 'catkin_cmake_args' from command line to 'None'
[15.411s] Level 5:colcon.colcon_core.verb:set package 'rain_arm_msgs' build argument 'catkin_skip_building_tests' from command line to 'False'
[15.411s] DEBUG:colcon.colcon_core.verb:Building package 'rain_arm_msgs' with the following arguments: {'ament_cmake_args': None, 'build_base': '/home/emmanuel/rainbot_ws/build/rain_arm_msgs', 'catkin_cmake_args': None, 'catkin_skip_building_tests': False, 'cmake_args': None, 'cmake_clean_cache': False, 'cmake_clean_first': False, 'cmake_force_configure': False, 'cmake_target': None, 'cmake_target_skip_unavailable': False, 'install_base': '/home/emmanuel/rainbot_ws/install/rain_arm_msgs', 'merge_install': False, 'path': '/home/emmanuel/rainbot_ws/src/rain_arm_msgs', 'symlink_install': False, 'test_result_base': None}
[15.432s] Level 5:colcon.colcon_core.verb:set package 'rainbot_cpp' build argument 'cmake_args' from command line to 'None'
[15.433s] Level 5:colcon.colcon_core.verb:set package 'rainbot_cpp' build argument 'cmake_target' from command line to 'None'
[15.433s] Level 5:colcon.colcon_core.verb:set package 'rainbot_cpp' build argument 'cmake_target_skip_unavailable' from command line to 'False'
[15.433s] Level 5:colcon.colcon_core.verb:set package 'rainbot_cpp' build argument 'cmake_clean_cache' from command line to 'False'
[15.433s] Level 5:colcon.colcon_core.verb:set package 'rainbot_cpp' build argument 'cmake_clean_first' from command line to 'False'
[15.433s] Level 5:colcon.colcon_core.verb:set package 'rainbot_cpp' build argument 'cmake_force_configure' from command line to 'False'
[15.433s] Level 5:colcon.colcon_core.verb:set package 'rainbot_cpp' build argument 'ament_cmake_args' from command line to 'None'
[15.433s] Level 5:colcon.colcon_core.verb:set package 'rainbot_cpp' build argument 'catkin_cmake_args' from command line to 'None'
[15.433s] Level 5:colcon.colcon_core.verb:set package 'rainbot_cpp' build argument 'catkin_skip_building_tests' from command line to 'False'
[15.433s] DEBUG:colcon.colcon_core.verb:Building package 'rainbot_cpp' with the following arguments: {'ament_cmake_args': None, 'build_base': '/home/emmanuel/rainbot_ws/build/rainbot_cpp', 'catkin_cmake_args': None, 'catkin_skip_building_tests': False, 'cmake_args': None, 'cmake_clean_cache': False, 'cmake_clean_first': False, 'cmake_force_configure': False, 'cmake_target': None, 'cmake_target_skip_unavailable': False, 'install_base': '/home/emmanuel/rainbot_ws/install/rainbot_cpp', 'merge_install': False, 'path': '/home/emmanuel/rainbot_ws/src/rainbot_cpp', 'symlink_install': False, 'test_result_base': None}
[15.456s] Level 5:colcon.colcon_core.verb:set package 'rainbot_py' build argument 'cmake_args' from command line to 'None'
[15.457s] Level 5:colcon.colcon_core.verb:set package 'rainbot_py' build argument 'cmake_target' from command line to 'None'
[15.457s] Level 5:colcon.colcon_core.verb:set package 'rainbot_py' build argument 'cmake_target_skip_unavailable' from command line to 'False'
[15.457s] Level 5:colcon.colcon_core.verb:set package 'rainbot_py' build argument 'cmake_clean_cache' from command line to 'False'
[15.457s] Level 5:colcon.colcon_core.verb:set package 'rainbot_py' build argument 'cmake_clean_first' from command line to 'False'
[15.457s] Level 5:colcon.colcon_core.verb:set package 'rainbot_py' build argument 'cmake_force_configure' from command line to 'False'
[15.457s] Level 5:colcon.colcon_core.verb:set package 'rainbot_py' build argument 'ament_cmake_args' from command line to 'None'
[15.457s] Level 5:colcon.colcon_core.verb:set package 'rainbot_py' build argument 'catkin_cmake_args' from command line to 'None'
[15.457s] Level 5:colcon.colcon_core.verb:set package 'rainbot_py' build argument 'catkin_skip_building_tests' from command line to 'False'
[15.457s] DEBUG:colcon.colcon_core.verb:Building package 'rainbot_py' with the following arguments: {'ament_cmake_args': None, 'build_base': '/home/emmanuel/rainbot_ws/build/rainbot_py', 'catkin_cmake_args': None, 'catkin_skip_building_tests': False, 'cmake_args': None, 'cmake_clean_cache': False, 'cmake_clean_first': False, 'cmake_force_configure': False, 'cmake_target': None, 'cmake_target_skip_unavailable': False, 'install_base': '/home/emmanuel/rainbot_ws/install/rainbot_py', 'merge_install': False, 'path': '/home/emmanuel/rainbot_ws/src/rainbot_py', 'symlink_install': False, 'test_result_base': None}
[15.486s] Level 5:colcon.colcon_core.verb:set package 'rainbot_utils' build argument 'cmake_args' from command line to 'None'
[15.486s] Level 5:colcon.colcon_core.verb:set package 'rainbot_utils' build argument 'cmake_target' from command line to 'None'
[15.486s] Level 5:colcon.colcon_core.verb:set package 'rainbot_utils' build argument 'cmake_target_skip_unavailable' from command line to 'False'
[15.486s] Level 5:colcon.colcon_core.verb:set package 'rainbot_utils' build argument 'cmake_clean_cache' from command line to 'False'
[15.486s] Level 5:colcon.colcon_core.verb:set package 'rainbot_utils' build argument 'cmake_clean_first' from command line to 'False'
[15.486s] Level 5:colcon.colcon_core.verb:set package 'rainbot_utils' build argument 'cmake_force_configure' from command line to 'False'
[15.486s] Level 5:colcon.colcon_core.verb:set package 'rainbot_utils' build argument 'ament_cmake_args' from command line to 'None'
[15.486s] Level 5:colcon.colcon_core.verb:set package 'rainbot_utils' build argument 'catkin_cmake_args' from command line to 'None'
[15.486s] Level 5:colcon.colcon_core.verb:set package 'rainbot_utils' build argument 'catkin_skip_building_tests' from command line to 'False'
[15.486s] DEBUG:colcon.colcon_core.verb:Building package 'rainbot_utils' with the following arguments: {'ament_cmake_args': None, 'build_base': '/home/emmanuel/rainbot_ws/build/rainbot_utils', 'catkin_cmake_args': None, 'catkin_skip_building_tests': False, 'cmake_args': None, 'cmake_clean_cache': False, 'cmake_clean_first': False, 'cmake_force_configure': False, 'cmake_target': None, 'cmake_target_skip_unavailable': False, 'install_base': '/home/emmanuel/rainbot_ws/install/rainbot_utils', 'merge_install': False, 'path': '/home/emmanuel/rainbot_ws/src/rainbot_utils', 'symlink_install': False, 'test_result_base': None}
[15.513s] INFO:colcon.colcon_core.executor:Executing jobs using 'parallel' executor
[15.537s] DEBUG:colcon.colcon_parallel_executor.executor.parallel:run_until_complete
[15.538s] INFO:colcon.colcon_ros.task.ament_cmake.build:Building ROS package in '/home/emmanuel/rainbot_ws/src/rain_arm_msgs' with build type 'ament_cmake'
[15.538s] INFO:colcon.colcon_cmake.task.cmake.build:Building CMake package in '/home/emmanuel/rainbot_ws/src/rain_arm_msgs'
[15.633s] INFO:colcon.colcon_core.plugin_system:Skipping extension 'colcon_core.shell.bat': Not used on non-Windows systems
[15.633s] INFO:colcon.colcon_core.shell:Skip shell extension 'powershell' for command environment: Not usable outside of PowerShell
[15.633s] DEBUG:colcon.colcon_core.shell:Skip shell extension 'dsv' for command environment
[15.775s] INFO:colcon.colcon_ros.task.ament_cmake.build:Building ROS package in '/home/emmanuel/rainbot_ws/src/rain_arm_controller' with build type 'ament_cmake'
[15.776s] INFO:colcon.colcon_cmake.task.cmake.build:Building CMake package in '/home/emmanuel/rainbot_ws/src/rain_arm_controller'
[15.798s] INFO:colcon.colcon_core.shell:Skip shell extension 'powershell' for command environment: Not usable outside of PowerShell
[15.798s] DEBUG:colcon.colcon_core.shell:Skip shell extension 'dsv' for command environment
[15.960s] INFO:colcon.colcon_ros.task.ament_cmake.build:Building ROS package in '/home/emmanuel/rainbot_ws/src/rain_arm_description' with build type 'ament_cmake'
[15.961s] INFO:colcon.colcon_cmake.task.cmake.build:Building CMake package in '/home/emmanuel/rainbot_ws/src/rain_arm_description'
[15.984s] INFO:colcon.colcon_core.shell:Skip shell extension 'powershell' for command environment: Not usable outside of PowerShell
[15.984s] DEBUG:colcon.colcon_core.shell:Skip shell extension 'dsv' for command environment
[16.083s] INFO:colcon.colcon_ros.task.ament_cmake.build:Building ROS package in '/home/emmanuel/rainbot_ws/src/rain_arm_moveit' with build type 'ament_cmake'
[16.083s] INFO:colcon.colcon_cmake.task.cmake.build:Building CMake package in '/home/emmanuel/rainbot_ws/src/rain_arm_moveit'
[16.105s] INFO:colcon.colcon_core.shell:Skip shell extension 'powershell' for command environment: Not usable outside of PowerShell
[16.105s] DEBUG:colcon.colcon_core.shell:Skip shell extension 'dsv' for command environment
[16.288s] DEBUG:colcon.colcon_core.event_handler.log_command:Invoking command in '/home/emmanuel/rainbot_ws/build/rain_arm_msgs': CMAKE_PREFIX_PATH=${CMAKE_PREFIX_PATH}:/home/emmanuel/rainbot_ws/install/rainbot_py:/opt/ros/humble /usr/bin/cmake --build /home/emmanuel/rainbot_ws/build/rain_arm_msgs -- -j4 -l4
[16.354s] DEBUG:colcon.colcon_core.event_handler.log_command:Invoking command in '/home/emmanuel/rainbot_ws/build/rain_arm_controller': CMAKE_PREFIX_PATH=${CMAKE_PREFIX_PATH}:/home/emmanuel/rainbot_ws/install/rainbot_py:/opt/ros/humble /usr/bin/cmake --build /home/emmanuel/rainbot_ws/build/rain_arm_controller -- -j4 -l4
[16.414s] DEBUG:colcon.colcon_core.event_handler.log_command:Invoking command in '/home/emmanuel/rainbot_ws/build/rain_arm_description': CMAKE_PREFIX_PATH=${CMAKE_PREFIX_PATH}:/home/emmanuel/rainbot_ws/install/rainbot_py:/opt/ros/humble /usr/bin/cmake --build /home/emmanuel/rainbot_ws/build/rain_arm_description -- -j4 -l4
[16.476s] DEBUG:colcon.colcon_core.event_handler.log_command:Invoking command in '/home/emmanuel/rainbot_ws/build/rain_arm_moveit': CMAKE_PREFIX_PATH=${CMAKE_PREFIX_PATH}:/home/emmanuel/rainbot_ws/install/rainbot_py:/opt/ros/humble /usr/bin/cmake --build /home/emmanuel/rainbot_ws/build/rain_arm_moveit -- -j4 -l4
[17.651s] DEBUG:colcon.colcon_core.event_handler.log_command:Invoked command in '/home/emmanuel/rainbot_ws/build/rain_arm_description' returned '0': CMAKE_PREFIX_PATH=${CMAKE_PREFIX_PATH}:/home/emmanuel/rainbot_ws/install/rainbot_py:/opt/ros/humble /usr/bin/cmake --build /home/emmanuel/rainbot_ws/build/rain_arm_description -- -j4 -l4
[17.691s] DEBUG:colcon.colcon_core.event_handler.log_command:Invoking command in '/home/emmanuel/rainbot_ws/build/rain_arm_description': CMAKE_PREFIX_PATH=${CMAKE_PREFIX_PATH}:/home/emmanuel/rainbot_ws/install/rainbot_py:/opt/ros/humble /usr/bin/cmake --install /home/emmanuel/rainbot_ws/build/rain_arm_description
[17.693s] DEBUG:colcon.colcon_core.event_handler.log_command:Invoked command in '/home/emmanuel/rainbot_ws/build/rain_arm_moveit' returned '0': CMAKE_PREFIX_PATH=${CMAKE_PREFIX_PATH}:/home/emmanuel/rainbot_ws/install/rainbot_py:/opt/ros/humble /usr/bin/cmake --build /home/emmanuel/rainbot_ws/build/rain_arm_moveit -- -j4 -l4
[17.696s] DEBUG:colcon.colcon_core.event_handler.log_command:Invoked command in '/home/emmanuel/rainbot_ws/build/rain_arm_controller' returned '0': CMAKE_PREFIX_PATH=${CMAKE_PREFIX_PATH}:/home/emmanuel/rainbot_ws/install/rainbot_py:/opt/ros/humble /usr/bin/cmake --build /home/emmanuel/rainbot_ws/build/rain_arm_controller -- -j4 -l4
[17.730s] DEBUG:colcon.colcon_core.event_handler.log_command:Invoking command in '/home/emmanuel/rainbot_ws/build/rain_arm_moveit': CMAKE_PREFIX_PATH=${CMAKE_PREFIX_PATH}:/home/emmanuel/rainbot_ws/install/rainbot_py:/opt/ros/humble /usr/bin/cmake --install /home/emmanuel/rainbot_ws/build/rain_arm_moveit
[17.733s] DEBUG:colcon.colcon_core.event_handler.log_command:Invoking command in '/home/emmanuel/rainbot_ws/build/rain_arm_controller': CMAKE_PREFIX_PATH=${CMAKE_PREFIX_PATH}:/home/emmanuel/rainbot_ws/install/rainbot_py:/opt/ros/humble /usr/bin/cmake --install /home/emmanuel/rainbot_ws/build/rain_arm_controller
[17.818s] Level 1:colcon.colcon_core.environment:create_environment_scripts_only(rain_arm_moveit)
[17.820s] DEBUG:colcon.colcon_core.event_handler.log_command:Invoked command in '/home/emmanuel/rainbot_ws/build/rain_arm_moveit' returned '0': CMAKE_PREFIX_PATH=${CMAKE_PREFIX_PATH}:/home/emmanuel/rainbot_ws/install/rainbot_py:/opt/ros/humble /usr/bin/cmake --install /home/emmanuel/rainbot_ws/build/rain_arm_moveit
[18.245s] Level 1:colcon.colcon_core.environment:checking '/home/emmanuel/rainbot_ws/install/rain_arm_moveit' for CMake module files
[18.246s] Level 1:colcon.colcon_core.environment:checking '/home/emmanuel/rainbot_ws/install/rain_arm_moveit' for CMake config files
[18.307s] Level 1:colcon.colcon_core.shell:create_environment_hook('rain_arm_moveit', 'cmake_prefix_path')
[18.329s] INFO:colcon.colcon_core.shell:Creating environment hook '/home/emmanuel/rainbot_ws/install/rain_arm_moveit/share/rain_arm_moveit/hook/cmake_prefix_path.ps1'
[18.393s] INFO:colcon.colcon_core.shell:Creating environment descriptor '/home/emmanuel/rainbot_ws/install/rain_arm_moveit/share/rain_arm_moveit/hook/cmake_prefix_path.dsv'
[18.422s] INFO:colcon.colcon_core.shell:Creating environment hook '/home/emmanuel/rainbot_ws/install/rain_arm_moveit/share/rain_arm_moveit/hook/cmake_prefix_path.sh'
[18.439s] Level 1:colcon.colcon_core.environment:checking '/home/emmanuel/rainbot_ws/install/rain_arm_moveit/bin'
[18.439s] Level 1:colcon.colcon_core.environment:checking '/home/emmanuel/rainbot_ws/install/rain_arm_moveit/lib/pkgconfig/rain_arm_moveit.pc'
[18.439s] Level 1:colcon.colcon_core.environment:checking '/home/emmanuel/rainbot_ws/install/rain_arm_moveit/lib/python3.10/site-packages'
[18.440s] Level 1:colcon.colcon_core.environment:checking '/home/emmanuel/rainbot_ws/install/rain_arm_moveit/bin'
[18.471s] INFO:colcon.colcon_core.shell:Creating package script '/home/emmanuel/rainbot_ws/install/rain_arm_moveit/share/rain_arm_moveit/package.ps1'
[18.502s] INFO:colcon.colcon_core.shell:Creating package descriptor '/home/emmanuel/rainbot_ws/install/rain_arm_moveit/share/rain_arm_moveit/package.dsv'
[18.517s] INFO:colcon.colcon_core.shell:Creating package script '/home/emmanuel/rainbot_ws/install/rain_arm_moveit/share/rain_arm_moveit/package.sh'
[18.552s] INFO:colcon.colcon_core.shell:Creating package script '/home/emmanuel/rainbot_ws/install/rain_arm_moveit/share/rain_arm_moveit/package.bash'
[18.612s] INFO:colcon.colcon_core.shell:Creating package script '/home/emmanuel/rainbot_ws/install/rain_arm_moveit/share/rain_arm_moveit/package.zsh'
[18.755s] Level 1:colcon.colcon_core.environment:create_file_with_runtime_dependencies(/home/emmanuel/rainbot_ws/install/rain_arm_moveit/share/colcon-core/packages/rain_arm_moveit)
[18.759s] Level 1:colcon.colcon_core.environment:create_environment_scripts_only(rain_arm_controller)
[18.759s] DEBUG:colcon.colcon_core.event_handler.log_command:Invoked command in '/home/emmanuel/rainbot_ws/build/rain_arm_controller' returned '0': CMAKE_PREFIX_PATH=${CMAKE_PREFIX_PATH}:/home/emmanuel/rainbot_ws/install/rainbot_py:/opt/ros/humble /usr/bin/cmake --install /home/emmanuel/rainbot_ws/build/rain_arm_controller
[18.792s] Level 1:colcon.colcon_core.environment:checking '/home/emmanuel/rainbot_ws/install/rain_arm_controller' for CMake module files
[18.793s] Level 1:colcon.colcon_core.environment:checking '/home/emmanuel/rainbot_ws/install/rain_arm_controller' for CMake config files
[18.797s] Level 1:colcon.colcon_core.shell:create_environment_hook('rain_arm_controller', 'cmake_prefix_path')
[18.820s] INFO:colcon.colcon_core.shell:Creating environment hook '/home/emmanuel/rainbot_ws/install/rain_arm_controller/share/rain_arm_controller/hook/cmake_prefix_path.ps1'
[18.821s] INFO:colcon.colcon_core.shell:Creating environment descriptor '/home/emmanuel/rainbot_ws/install/rain_arm_controller/share/rain_arm_controller/hook/cmake_prefix_path.dsv'
[18.821s] INFO:colcon.colcon_core.shell:Creating environment hook '/home/emmanuel/rainbot_ws/install/rain_arm_controller/share/rain_arm_controller/hook/cmake_prefix_path.sh'
[18.822s] Level 1:colcon.colcon_core.environment:checking '/home/emmanuel/rainbot_ws/install/rain_arm_controller/bin'
[18.822s] Level 1:colcon.colcon_core.environment:checking '/home/emmanuel/rainbot_ws/install/rain_arm_controller/lib/pkgconfig/rain_arm_controller.pc'
[18.822s] Level 1:colcon.colcon_core.environment:checking '/home/emmanuel/rainbot_ws/install/rain_arm_controller/lib/python3.10/site-packages'
[18.822s] Level 1:colcon.colcon_core.environment:checking '/home/emmanuel/rainbot_ws/install/rain_arm_controller/bin'
[18.847s] INFO:colcon.colcon_core.shell:Creating package script '/home/emmanuel/rainbot_ws/install/rain_arm_controller/share/rain_arm_controller/package.ps1'
[18.848s] INFO:colcon.colcon_core.shell:Creating package descriptor '/home/emmanuel/rainbot_ws/install/rain_arm_controller/share/rain_arm_controller/package.dsv'
[18.848s] INFO:colcon.colcon_core.shell:Creating package script '/home/emmanuel/rainbot_ws/install/rain_arm_controller/share/rain_arm_controller/package.sh'
[18.849s] INFO:colcon.colcon_core.shell:Creating package script '/home/emmanuel/rainbot_ws/install/rain_arm_controller/share/rain_arm_controller/package.bash'
[18.849s] INFO:colcon.colcon_core.shell:Creating package script '/home/emmanuel/rainbot_ws/install/rain_arm_controller/share/rain_arm_controller/package.zsh'
[18.849s] Level 1:colcon.colcon_core.environment:create_file_with_runtime_dependencies(/home/emmanuel/rainbot_ws/install/rain_arm_controller/share/colcon-core/packages/rain_arm_controller)
[18.881s] Level 1:colcon.colcon_core.environment:create_environment_scripts_only(rain_arm_moveit)
[18.903s] Level 1:colcon.colcon_core.environment:checking '/home/emmanuel/rainbot_ws/install/rain_arm_moveit' for CMake module files
[18.903s] Level 1:colcon.colcon_core.environment:checking '/home/emmanuel/rainbot_ws/install/rain_arm_moveit' for CMake config files
[18.904s] Level 1:colcon.colcon_core.shell:create_environment_hook('rain_arm_moveit', 'cmake_prefix_path')
[18.924s] INFO:colcon.colcon_core.shell:Creating environment hook '/home/emmanuel/rainbot_ws/install/rain_arm_moveit/share/rain_arm_moveit/hook/cmake_prefix_path.ps1'
[18.925s] INFO:colcon.colcon_core.shell:Creating environment descriptor '/home/emmanuel/rainbot_ws/install/rain_arm_moveit/share/rain_arm_moveit/hook/cmake_prefix_path.dsv'
[18.925s] INFO:colcon.colcon_core.shell:Creating environment hook '/home/emmanuel/rainbot_ws/install/rain_arm_moveit/share/rain_arm_moveit/hook/cmake_prefix_path.sh'
[18.926s] Level 1:colcon.colcon_core.environment:checking '/home/emmanuel/rainbot_ws/install/rain_arm_moveit/bin'
[18.926s] Level 1:colcon.colcon_core.environment:checking '/home/emmanuel/rainbot_ws/install/rain_arm_moveit/lib/pkgconfig/rain_arm_moveit.pc'
[18.927s] Level 1:colcon.colcon_core.environment:checking '/home/emmanuel/rainbot_ws/install/rain_arm_moveit/lib/python3.10/site-packages'
[18.927s] Level 1:colcon.colcon_core.environment:checking '/home/emmanuel/rainbot_ws/install/rain_arm_moveit/bin'
[18.954s] INFO:colcon.colcon_core.shell:Creating package script '/home/emmanuel/rainbot_ws/install/rain_arm_moveit/share/rain_arm_moveit/package.ps1'
[18.954s] INFO:colcon.colcon_core.shell:Creating package descriptor '/home/emmanuel/rainbot_ws/install/rain_arm_moveit/share/rain_arm_moveit/package.dsv'
[18.955s] INFO:colcon.colcon_core.shell:Creating package script '/home/emmanuel/rainbot_ws/install/rain_arm_moveit/share/rain_arm_moveit/package.sh'
[18.955s] INFO:colcon.colcon_core.shell:Creating package script '/home/emmanuel/rainbot_ws/install/rain_arm_moveit/share/rain_arm_moveit/package.bash'
[18.956s] INFO:colcon.colcon_core.shell:Creating package script '/home/emmanuel/rainbot_ws/install/rain_arm_moveit/share/rain_arm_moveit/package.zsh'
[18.956s] Level 1:colcon.colcon_core.environment:create_file_with_runtime_dependencies(/home/emmanuel/rainbot_ws/install/rain_arm_moveit/share/colcon-core/packages/rain_arm_moveit)
[18.957s] INFO:colcon.colcon_ros.task.ament_cmake.build:Building ROS package in '/home/emmanuel/rainbot_ws/src/rainbot_cpp' with build type 'ament_cmake'
[18.957s] INFO:colcon.colcon_cmake.task.cmake.build:Building CMake package in '/home/emmanuel/rainbot_ws/src/rainbot_cpp'
[18.981s] INFO:colcon.colcon_core.shell:Skip shell extension 'powershell' for command environment: Not usable outside of PowerShell
[18.982s] DEBUG:colcon.colcon_core.shell:Skip shell extension 'dsv' for command environment
[19.089s] Level 1:colcon.colcon_core.environment:create_environment_scripts_only(rain_arm_controller)
[19.112s] Level 1:colcon.colcon_core.environment:checking '/home/emmanuel/rainbot_ws/install/rain_arm_controller' for CMake module files
[19.113s] Level 1:colcon.colcon_core.environment:checking '/home/emmanuel/rainbot_ws/install/rain_arm_controller' for CMake config files
[19.113s] Level 1:colcon.colcon_core.shell:create_environment_hook('rain_arm_controller', 'cmake_prefix_path')
[19.134s] INFO:colcon.colcon_core.shell:Creating environment hook '/home/emmanuel/rainbot_ws/install/rain_arm_controller/share/rain_arm_controller/hook/cmake_prefix_path.ps1'
[19.135s] INFO:colcon.colcon_core.shell:Creating environment descriptor '/home/emmanuel/rainbot_ws/install/rain_arm_controller/share/rain_arm_controller/hook/cmake_prefix_path.dsv'
[19.135s] INFO:colcon.colcon_core.shell:Creating environment hook '/home/emmanuel/rainbot_ws/install/rain_arm_controller/share/rain_arm_controller/hook/cmake_prefix_path.sh'
[19.136s] Level 1:colcon.colcon_core.environment:checking '/home/emmanuel/rainbot_ws/install/rain_arm_controller/bin'
[19.136s] Level 1:colcon.colcon_core.environment:checking '/home/emmanuel/rainbot_ws/install/rain_arm_controller/lib/pkgconfig/rain_arm_controller.pc'
[19.136s] Level 1:colcon.colcon_core.environment:checking '/home/emmanuel/rainbot_ws/install/rain_arm_controller/lib/python3.10/site-packages'
[19.137s] Level 1:colcon.colcon_core.environment:checking '/home/emmanuel/rainbot_ws/install/rain_arm_controller/bin'
[19.159s] INFO:colcon.colcon_core.shell:Creating package script '/home/emmanuel/rainbot_ws/install/rain_arm_controller/share/rain_arm_controller/package.ps1'
[19.159s] INFO:colcon.colcon_core.shell:Creating package descriptor '/home/emmanuel/rainbot_ws/install/rain_arm_controller/share/rain_arm_controller/package.dsv'
[19.160s] INFO:colcon.colcon_core.shell:Creating package script '/home/emmanuel/rainbot_ws/install/rain_arm_controller/share/rain_arm_controller/package.sh'
[19.160s] INFO:colcon.colcon_core.shell:Creating package script '/home/emmanuel/rainbot_ws/install/rain_arm_controller/share/rain_arm_controller/package.bash'
[19.161s] INFO:colcon.colcon_core.shell:Creating package script '/home/emmanuel/rainbot_ws/install/rain_arm_controller/share/rain_arm_controller/package.zsh'
[19.161s] Level 1:colcon.colcon_core.environment:create_file_with_runtime_dependencies(/home/emmanuel/rainbot_ws/install/rain_arm_controller/share/colcon-core/packages/rain_arm_controller)
[19.162s] Level 1:colcon.colcon_core.environment:create_environment_scripts_only(rain_arm_description)
[19.183s] Level 1:colcon.colcon_core.environment:checking '/home/emmanuel/rainbot_ws/install/rain_arm_description' for CMake module files
[19.188s] DEBUG:colcon.colcon_core.event_handler.log_command:Invoked command in '/home/emmanuel/rainbot_ws/build/rain_arm_description' returned '0': CMAKE_PREFIX_PATH=${CMAKE_PREFIX_PATH}:/home/emmanuel/rainbot_ws/install/rainbot_py:/opt/ros/humble /usr/bin/cmake --install /home/emmanuel/rainbot_ws/build/rain_arm_description
[19.202s] Level 1:colcon.colcon_core.environment:checking '/home/emmanuel/rainbot_ws/install/rain_arm_description' for CMake config files
[19.246s] Level 1:colcon.colcon_core.shell:create_environment_hook('rain_arm_description', 'cmake_prefix_path')
[19.268s] INFO:colcon.colcon_core.shell:Creating environment hook '/home/emmanuel/rainbot_ws/install/rain_arm_description/share/rain_arm_description/hook/cmake_prefix_path.ps1'
[19.269s] INFO:colcon.colcon_core.shell:Creating environment descriptor '/home/emmanuel/rainbot_ws/install/rain_arm_description/share/rain_arm_description/hook/cmake_prefix_path.dsv'
[19.269s] INFO:colcon.colcon_core.shell:Creating environment hook '/home/emmanuel/rainbot_ws/install/rain_arm_description/share/rain_arm_description/hook/cmake_prefix_path.sh'
[19.270s] Level 1:colcon.colcon_core.environment:checking '/home/emmanuel/rainbot_ws/install/rain_arm_description/bin'
[19.270s] Level 1:colcon.colcon_core.environment:checking '/home/emmanuel/rainbot_ws/install/rain_arm_description/lib/pkgconfig/rain_arm_description.pc'
[19.270s] Level 1:colcon.colcon_core.environment:checking '/home/emmanuel/rainbot_ws/install/rain_arm_description/lib/python3.10/site-packages'
[19.271s] Level 1:colcon.colcon_core.environment:checking '/home/emmanuel/rainbot_ws/install/rain_arm_description/bin'
[19.300s] INFO:colcon.colcon_core.shell:Creating package script '/home/emmanuel/rainbot_ws/install/rain_arm_description/share/rain_arm_description/package.ps1'
[19.301s] INFO:colcon.colcon_core.shell:Creating package descriptor '/home/emmanuel/rainbot_ws/install/rain_arm_description/share/rain_arm_description/package.dsv'
[19.301s] INFO:colcon.colcon_core.shell:Creating package script '/home/emmanuel/rainbot_ws/install/rain_arm_description/share/rain_arm_description/package.sh'
[19.302s] INFO:colcon.colcon_core.shell:Creating package script '/home/emmanuel/rainbot_ws/install/rain_arm_description/share/rain_arm_description/package.bash'
[19.302s] INFO:colcon.colcon_core.shell:Creating package script '/home/emmanuel/rainbot_ws/install/rain_arm_description/share/rain_arm_description/package.zsh'
[19.303s] Level 1:colcon.colcon_core.environment:create_file_with_runtime_dependencies(/home/emmanuel/rainbot_ws/install/rain_arm_description/share/colcon-core/packages/rain_arm_description)
[19.397s] DEBUG:colcon.colcon_core.event_handler.log_command:Invoking command in '/home/emmanuel/rainbot_ws/build/rainbot_cpp': CMAKE_PREFIX_PATH=${CMAKE_PREFIX_PATH}:/home/emmanuel/rainbot_ws/install/rainbot_py:/opt/ros/humble /usr/bin/cmake --build /home/emmanuel/rainbot_ws/build/rainbot_cpp -- -j4 -l4
[19.432s] Level 1:colcon.colcon_core.environment:create_environment_scripts_only(rain_arm_description)
[19.466s] Level 1:colcon.colcon_core.environment:checking '/home/emmanuel/rainbot_ws/install/rain_arm_description' for CMake module files
[19.466s] Level 1:colcon.colcon_core.environment:checking '/home/emmanuel/rainbot_ws/install/rain_arm_description' for CMake config files
[19.467s] Level 1:colcon.colcon_core.shell:create_environment_hook('rain_arm_description', 'cmake_prefix_path')
[19.488s] INFO:colcon.colcon_core.shell:Creating environment hook '/home/emmanuel/rainbot_ws/install/rain_arm_description/share/rain_arm_description/hook/cmake_prefix_path.ps1'
[19.488s] INFO:colcon.colcon_core.shell:Creating environment descriptor '/home/emmanuel/rainbot_ws/install/rain_arm_description/share/rain_arm_description/hook/cmake_prefix_path.dsv'
[19.489s] INFO:colcon.colcon_core.shell:Creating environment hook '/home/emmanuel/rainbot_ws/install/rain_arm_description/share/rain_arm_description/hook/cmake_prefix_path.sh'
[19.490s] Level 1:colcon.colcon_core.environment:checking '/home/emmanuel/rainbot_ws/install/rain_arm_description/bin'
[19.490s] Level 1:colcon.colcon_core.environment:checking '/home/emmanuel/rainbot_ws/install/rain_arm_description/lib/pkgconfig/rain_arm_description.pc'
[19.490s] Level 1:colcon.colcon_core.environment:checking '/home/emmanuel/rainbot_ws/install/rain_arm_description/lib/python3.10/site-packages'
[19.491s] Level 1:colcon.colcon_core.environment:checking '/home/emmanuel/rainbot_ws/install/rain_arm_description/bin'
[19.514s] INFO:colcon.colcon_core.shell:Creating package script '/home/emmanuel/rainbot_ws/install/rain_arm_description/share/rain_arm_description/package.ps1'
[19.515s] INFO:colcon.colcon_core.shell:Creating package descriptor '/home/emmanuel/rainbot_ws/install/rain_arm_description/share/rain_arm_description/package.dsv'
[19.516s] INFO:colcon.colcon_core.shell:Creating package script '/home/emmanuel/rainbot_ws/install/rain_arm_description/share/rain_arm_description/package.sh'
[19.516s] INFO:colcon.colcon_core.shell:Creating package script '/home/emmanuel/rainbot_ws/install/rain_arm_description/share/rain_arm_description/package.bash'
[19.517s] INFO:colcon.colcon_core.shell:Creating package script '/home/emmanuel/rainbot_ws/install/rain_arm_description/share/rain_arm_description/package.zsh'
[19.518s] Level 1:colcon.colcon_core.environment:create_file_with_runtime_dependencies(/home/emmanuel/rainbot_ws/install/rain_arm_description/share/colcon-core/packages/rain_arm_description)
[20.050s] DEBUG:colcon.colcon_core.event_handler.log_command:Invoked command in '/home/emmanuel/rainbot_ws/build/rainbot_cpp' returned '0': CMAKE_PREFIX_PATH=${CMAKE_PREFIX_PATH}:/home/emmanuel/rainbot_ws/install/rainbot_py:/opt/ros/humble /usr/bin/cmake --build /home/emmanuel/rainbot_ws/build/rainbot_cpp -- -j4 -l4
[20.077s] DEBUG:colcon.colcon_core.event_handler.log_command:Invoking command in '/home/emmanuel/rainbot_ws/build/rainbot_cpp': CMAKE_PREFIX_PATH=${CMAKE_PREFIX_PATH}:/home/emmanuel/rainbot_ws/install/rainbot_py:/opt/ros/humble /usr/bin/cmake --install /home/emmanuel/rainbot_ws/build/rainbot_cpp
[20.548s] Level 1:colcon.colcon_core.environment:create_environment_scripts_only(rainbot_cpp)
[20.549s] DEBUG:colcon.colcon_core.event_handler.log_command:Invoked command in '/home/emmanuel/rainbot_ws/build/rainbot_cpp' returned '0': CMAKE_PREFIX_PATH=${CMAKE_PREFIX_PATH}:/home/emmanuel/rainbot_ws/install/rainbot_py:/opt/ros/humble /usr/bin/cmake --install /home/emmanuel/rainbot_ws/build/rainbot_cpp
[20.573s] Level 1:colcon.colcon_core.environment:checking '/home/emmanuel/rainbot_ws/install/rainbot_cpp' for CMake module files
[20.573s] Level 1:colcon.colcon_core.environment:checking '/home/emmanuel/rainbot_ws/install/rainbot_cpp' for CMake config files
[20.588s] Level 1:colcon.colcon_core.shell:create_environment_hook('rainbot_cpp', 'cmake_prefix_path')
[20.612s] INFO:colcon.colcon_core.shell:Creating environment hook '/home/emmanuel/rainbot_ws/install/rainbot_cpp/share/rainbot_cpp/hook/cmake_prefix_path.ps1'
[20.630s] INFO:colcon.colcon_core.shell:Creating environment descriptor '/home/emmanuel/rainbot_ws/install/rainbot_cpp/share/rainbot_cpp/hook/cmake_prefix_path.dsv'
[20.631s] INFO:colcon.colcon_core.shell:Creating environment hook '/home/emmanuel/rainbot_ws/install/rainbot_cpp/share/rainbot_cpp/hook/cmake_prefix_path.sh'
[20.632s] Level 1:colcon.colcon_core.environment:checking '/home/emmanuel/rainbot_ws/install/rainbot_cpp/bin'
[20.632s] Level 1:colcon.colcon_core.environment:checking '/home/emmanuel/rainbot_ws/install/rainbot_cpp/lib/pkgconfig/rainbot_cpp.pc'
[20.632s] Level 1:colcon.colcon_core.environment:checking '/home/emmanuel/rainbot_ws/install/rainbot_cpp/lib/python3.10/site-packages'
[20.633s] Level 1:colcon.colcon_core.environment:checking '/home/emmanuel/rainbot_ws/install/rainbot_cpp/bin'
[20.677s] INFO:colcon.colcon_core.shell:Creating package script '/home/emmanuel/rainbot_ws/install/rainbot_cpp/share/rainbot_cpp/package.ps1'
[20.678s] INFO:colcon.colcon_core.shell:Creating package descriptor '/home/emmanuel/rainbot_ws/install/rainbot_cpp/share/rainbot_cpp/package.dsv'
[20.678s] INFO:colcon.colcon_core.shell:Creating package script '/home/emmanuel/rainbot_ws/install/rainbot_cpp/share/rainbot_cpp/package.sh'
[20.679s] INFO:colcon.colcon_core.shell:Creating package script '/home/emmanuel/rainbot_ws/install/rainbot_cpp/share/rainbot_cpp/package.bash'
[20.680s] INFO:colcon.colcon_core.shell:Creating package script '/home/emmanuel/rainbot_ws/install/rainbot_cpp/share/rainbot_cpp/package.zsh'
[20.680s] Level 1:colcon.colcon_core.environment:create_file_with_runtime_dependencies(/home/emmanuel/rainbot_ws/install/rainbot_cpp/share/colcon-core/packages/rainbot_cpp)
[20.745s] Level 1:colcon.colcon_core.environment:create_environment_scripts_only(rainbot_cpp)
[20.786s] Level 1:colcon.colcon_core.environment:checking '/home/emmanuel/rainbot_ws/install/rainbot_cpp' for CMake module files
[20.787s] Level 1:colcon.colcon_core.environment:checking '/home/emmanuel/rainbot_ws/install/rainbot_cpp' for CMake config files
[20.787s] Level 1:colcon.colcon_core.shell:create_environment_hook('rainbot_cpp', 'cmake_prefix_path')
[20.826s] INFO:colcon.colcon_core.shell:Creating environment hook '/home/emmanuel/rainbot_ws/install/rainbot_cpp/share/rainbot_cpp/hook/cmake_prefix_path.ps1'
[20.826s] INFO:colcon.colcon_core.shell:Creating environment descriptor '/home/emmanuel/rainbot_ws/install/rainbot_cpp/share/rainbot_cpp/hook/cmake_prefix_path.dsv'
[20.827s] INFO:colcon.colcon_core.shell:Creating environment hook '/home/emmanuel/rainbot_ws/install/rainbot_cpp/share/rainbot_cpp/hook/cmake_prefix_path.sh'
[20.827s] Level 1:colcon.colcon_core.environment:checking '/home/emmanuel/rainbot_ws/install/rainbot_cpp/bin'
[20.828s] Level 1:colcon.colcon_core.environment:checking '/home/emmanuel/rainbot_ws/install/rainbot_cpp/lib/pkgconfig/rainbot_cpp.pc'
[20.828s] Level 1:colcon.colcon_core.environment:checking '/home/emmanuel/rainbot_ws/install/rainbot_cpp/lib/python3.10/site-packages'
[20.828s] Level 1:colcon.colcon_core.environment:checking '/home/emmanuel/rainbot_ws/install/rainbot_cpp/bin'
[20.850s] INFO:colcon.colcon_core.shell:Creating package script '/home/emmanuel/rainbot_ws/install/rainbot_cpp/share/rainbot_cpp/package.ps1'
[20.851s] INFO:colcon.colcon_core.shell:Creating package descriptor '/home/emmanuel/rainbot_ws/install/rainbot_cpp/share/rainbot_cpp/package.dsv'
[20.851s] INFO:colcon.colcon_core.shell:Creating package script '/home/emmanuel/rainbot_ws/install/rainbot_cpp/share/rainbot_cpp/package.sh'
[20.852s] INFO:colcon.colcon_core.shell:Creating package script '/home/emmanuel/rainbot_ws/install/rainbot_cpp/share/rainbot_cpp/package.bash'
[20.852s] INFO:colcon.colcon_core.shell:Creating package script '/home/emmanuel/rainbot_ws/install/rainbot_cpp/share/rainbot_cpp/package.zsh'
[20.853s] Level 1:colcon.colcon_core.environment:create_file_with_runtime_dependencies(/home/emmanuel/rainbot_ws/install/rainbot_cpp/share/colcon-core/packages/rainbot_cpp)
[24.041s] DEBUG:colcon.colcon_core.event_handler.log_command:Invoked command in '/home/emmanuel/rainbot_ws/build/rain_arm_msgs' returned '0': CMAKE_PREFIX_PATH=${CMAKE_PREFIX_PATH}:/home/emmanuel/rainbot_ws/install/rainbot_py:/opt/ros/humble /usr/bin/cmake --build /home/emmanuel/rainbot_ws/build/rain_arm_msgs -- -j4 -l4
[24.147s] DEBUG:colcon.colcon_core.event_handler.log_command:Invoking command in '/home/emmanuel/rainbot_ws/build/rain_arm_msgs': CMAKE_PREFIX_PATH=${CMAKE_PREFIX_PATH}:/home/emmanuel/rainbot_ws/install/rainbot_py:/opt/ros/humble /usr/bin/cmake --install /home/emmanuel/rainbot_ws/build/rain_arm_msgs
[26.210s] Level 1:colcon.colcon_core.environment:create_environment_scripts_only(rain_arm_msgs)
[26.211s] DEBUG:colcon.colcon_core.event_handler.log_command:Invoked command in '/home/emmanuel/rainbot_ws/build/rain_arm_msgs' returned '0': CMAKE_PREFIX_PATH=${CMAKE_PREFIX_PATH}:/home/emmanuel/rainbot_ws/install/rainbot_py:/opt/ros/humble /usr/bin/cmake --install /home/emmanuel/rainbot_ws/build/rain_arm_msgs
[26.235s] Level 1:colcon.colcon_core.environment:checking '/home/emmanuel/rainbot_ws/install/rain_arm_msgs' for CMake module files
[26.236s] Level 1:colcon.colcon_core.environment:checking '/home/emmanuel/rainbot_ws/install/rain_arm_msgs' for CMake config files
[26.237s] Level 1:colcon.colcon_core.shell:create_environment_hook('rain_arm_msgs', 'cmake_prefix_path')
[26.258s] INFO:colcon.colcon_core.shell:Creating environment hook '/home/emmanuel/rainbot_ws/install/rain_arm_msgs/share/rain_arm_msgs/hook/cmake_prefix_path.ps1'
[26.266s] INFO:colcon.colcon_core.shell:Creating environment descriptor '/home/emmanuel/rainbot_ws/install/rain_arm_msgs/share/rain_arm_msgs/hook/cmake_prefix_path.dsv'
[26.269s] INFO:colcon.colcon_core.shell:Creating environment hook '/home/emmanuel/rainbot_ws/install/rain_arm_msgs/share/rain_arm_msgs/hook/cmake_prefix_path.sh'
[26.272s] Level 1:colcon.colcon_core.environment:checking '/home/emmanuel/rainbot_ws/install/rain_arm_msgs/lib'
[26.272s] Level 1:colcon.colcon_core.shell:create_environment_hook('rain_arm_msgs', 'ld_library_path_lib')
[26.293s] INFO:colcon.colcon_core.shell:Creating environment hook '/home/emmanuel/rainbot_ws/install/rain_arm_msgs/share/rain_arm_msgs/hook/ld_library_path_lib.ps1'
[26.301s] INFO:colcon.colcon_core.shell:Creating environment descriptor '/home/emmanuel/rainbot_ws/install/rain_arm_msgs/share/rain_arm_msgs/hook/ld_library_path_lib.dsv'
[26.306s] INFO:colcon.colcon_core.shell:Creating environment hook '/home/emmanuel/rainbot_ws/install/rain_arm_msgs/share/rain_arm_msgs/hook/ld_library_path_lib.sh'
[26.306s] Level 1:colcon.colcon_core.environment:checking '/home/emmanuel/rainbot_ws/install/rain_arm_msgs/bin'
[26.307s] Level 1:colcon.colcon_core.environment:checking '/home/emmanuel/rainbot_ws/install/rain_arm_msgs/lib/pkgconfig/rain_arm_msgs.pc'
[26.307s] Level 1:colcon.colcon_core.environment:checking '/home/emmanuel/rainbot_ws/install/rain_arm_msgs/lib/python3.10/site-packages'
[26.307s] Level 1:colcon.colcon_core.environment:checking '/home/emmanuel/rainbot_ws/install/rain_arm_msgs/bin'
[26.329s] INFO:colcon.colcon_core.shell:Creating package script '/home/emmanuel/rainbot_ws/install/rain_arm_msgs/share/rain_arm_msgs/package.ps1'
[26.330s] INFO:colcon.colcon_core.shell:Creating package descriptor '/home/emmanuel/rainbot_ws/install/rain_arm_msgs/share/rain_arm_msgs/package.dsv'
[26.330s] INFO:colcon.colcon_core.shell:Creating package script '/home/emmanuel/rainbot_ws/install/rain_arm_msgs/share/rain_arm_msgs/package.sh'
[26.331s] INFO:colcon.colcon_core.shell:Creating package script '/home/emmanuel/rainbot_ws/install/rain_arm_msgs/share/rain_arm_msgs/package.bash'
[26.331s] INFO:colcon.colcon_core.shell:Creating package script '/home/emmanuel/rainbot_ws/install/rain_arm_msgs/share/rain_arm_msgs/package.zsh'
[26.332s] Level 1:colcon.colcon_core.environment:create_file_with_runtime_dependencies(/home/emmanuel/rainbot_ws/install/rain_arm_msgs/share/colcon-core/packages/rain_arm_msgs)
[26.532s] Level 1:colcon.colcon_core.environment:create_environment_scripts_only(rain_arm_msgs)
[26.555s] Level 1:colcon.colcon_core.environment:checking '/home/emmanuel/rainbot_ws/install/rain_arm_msgs' for CMake module files
[26.556s] Level 1:colcon.colcon_core.environment:checking '/home/emmanuel/rainbot_ws/install/rain_arm_msgs' for CMake config files
[26.556s] Level 1:colcon.colcon_core.shell:create_environment_hook('rain_arm_msgs', 'cmake_prefix_path')
[26.577s] INFO:colcon.colcon_core.shell:Creating environment hook '/home/emmanuel/rainbot_ws/install/rain_arm_msgs/share/rain_arm_msgs/hook/cmake_prefix_path.ps1'
[26.577s] INFO:colcon.colcon_core.shell:Creating environment descriptor '/home/emmanuel/rainbot_ws/install/rain_arm_msgs/share/rain_arm_msgs/hook/cmake_prefix_path.dsv'
[26.578s] INFO:colcon.colcon_core.shell:Creating environment hook '/home/emmanuel/rainbot_ws/install/rain_arm_msgs/share/rain_arm_msgs/hook/cmake_prefix_path.sh'
[26.579s] Level 1:colcon.colcon_core.environment:checking '/home/emmanuel/rainbot_ws/install/rain_arm_msgs/lib'
[26.579s] Level 1:colcon.colcon_core.shell:create_environment_hook('rain_arm_msgs', 'ld_library_path_lib')
[26.603s] INFO:colcon.colcon_core.shell:Creating environment hook '/home/emmanuel/rainbot_ws/install/rain_arm_msgs/share/rain_arm_msgs/hook/ld_library_path_lib.ps1'
[26.604s] INFO:colcon.colcon_core.shell:Creating environment descriptor '/home/emmanuel/rainbot_ws/install/rain_arm_msgs/share/rain_arm_msgs/hook/ld_library_path_lib.dsv'
[26.604s] INFO:colcon.colcon_core.shell:Creating environment hook '/home/emmanuel/rainbot_ws/install/rain_arm_msgs/share/rain_arm_msgs/hook/ld_library_path_lib.sh'
[26.605s] Level 1:colcon.colcon_core.environment:checking '/home/emmanuel/rainbot_ws/install/rain_arm_msgs/bin'
[26.605s] Level 1:colcon.colcon_core.environment:checking '/home/emmanuel/rainbot_ws/install/rain_arm_msgs/lib/pkgconfig/rain_arm_msgs.pc'
[26.605s] Level 1:colcon.colcon_core.environment:checking '/home/emmanuel/rainbot_ws/install/rain_arm_msgs/lib/python3.10/site-packages'
[26.606s] Level 1:colcon.colcon_core.environment:checking '/home/emmanuel/rainbot_ws/install/rain_arm_msgs/bin'
[26.627s] INFO:colcon.colcon_core.shell:Creating package script '/home/emmanuel/rainbot_ws/install/rain_arm_msgs/share/rain_arm_msgs/package.ps1'
[26.627s] INFO:colcon.colcon_core.shell:Creating package descriptor '/home/emmanuel/rainbot_ws/install/rain_arm_msgs/share/rain_arm_msgs/package.dsv'
[26.628s] INFO:colcon.colcon_core.shell:Creating package script '/home/emmanuel/rainbot_ws/install/rain_arm_msgs/share/rain_arm_msgs/package.sh'
[26.628s] INFO:colcon.colcon_core.shell:Creating package script '/home/emmanuel/rainbot_ws/install/rain_arm_msgs/share/rain_arm_msgs/package.bash'
[26.629s] INFO:colcon.colcon_core.shell:Creating package script '/home/emmanuel/rainbot_ws/install/rain_arm_msgs/share/rain_arm_msgs/package.zsh'
[26.629s] Level 1:colcon.colcon_core.environment:create_file_with_runtime_dependencies(/home/emmanuel/rainbot_ws/install/rain_arm_msgs/share/colcon-core/packages/rain_arm_msgs)
[26.630s] INFO:colcon.colcon_ros.task.ament_python.build:Building ROS package in '/home/emmanuel/rainbot_ws/src/rainbot_py' with build type 'ament_python'
[26.630s] Level 1:colcon.colcon_core.shell:create_environment_hook('rainbot_py', 'ament_prefix_path')
[26.652s] INFO:colcon.colcon_core.shell:Creating environment hook '/home/emmanuel/rainbot_ws/install/rainbot_py/share/rainbot_py/hook/ament_prefix_path.ps1'
[26.671s] INFO:colcon.colcon_core.shell:Creating environment descriptor '/home/emmanuel/rainbot_ws/install/rainbot_py/share/rainbot_py/hook/ament_prefix_path.dsv'
[26.672s] INFO:colcon.colcon_core.shell:Creating environment hook '/home/emmanuel/rainbot_ws/install/rainbot_py/share/rainbot_py/hook/ament_prefix_path.sh'
[26.696s] INFO:colcon.colcon_core.shell:Skip shell extension 'powershell' for command environment: Not usable outside of PowerShell
[26.696s] DEBUG:colcon.colcon_core.shell:Skip shell extension 'dsv' for command environment
[26.764s] INFO:colcon.colcon_ros.task.ament_cmake.build:Building ROS package in '/home/emmanuel/rainbot_ws/src/rainbot_utils' with build type 'ament_cmake'
[26.765s] INFO:colcon.colcon_cmake.task.cmake.build:Building CMake package in '/home/emmanuel/rainbot_ws/src/rainbot_utils'
[26.786s] INFO:colcon.colcon_core.shell:Skip shell extension 'powershell' for command environment: Not usable outside of PowerShell
[26.786s] DEBUG:colcon.colcon_core.shell:Skip shell extension 'dsv' for command environment
[27.161s] DEBUG:colcon.colcon_core.event_handler.log_command:Invoking command in '/home/emmanuel/rainbot_ws/build/rainbot_utils': CMAKE_PREFIX_PATH=/home/emmanuel/rainbot_ws/install/rain_arm_msgs:/home/emmanuel/rainbot_ws/install/rainbot_utils:/home/emmanuel/rainbot_ws/install/rainbot_cpp:/home/emmanuel/rainbot_ws/install/rain_arm_moveit:/home/emmanuel/rainbot_ws/install/rain_arm_description:/home/emmanuel/rainbot_ws/install/rain_arm_controller:/home/emmanuel/rainbot_ws/install/rainbot_py:/opt/ros/humble /usr/bin/cmake --build /home/emmanuel/rainbot_ws/build/rainbot_utils -- -j4 -l4
[27.813s] INFO:colcon.colcon_core.task.python.build:Building Python package in '/home/emmanuel/rainbot_ws/src/rainbot_py'
[27.838s] INFO:colcon.colcon_core.shell:Skip shell extension 'powershell' for command environment: Not usable outside of PowerShell
[27.838s] DEBUG:colcon.colcon_core.shell:Skip shell extension 'dsv' for command environment
[28.298s] DEBUG:colcon.colcon_core.event_handler.log_command:Invoked command in '/home/emmanuel/rainbot_ws/build/rainbot_utils' returned '0': CMAKE_PREFIX_PATH=/home/emmanuel/rainbot_ws/install/rain_arm_msgs:/home/emmanuel/rainbot_ws/install/rainbot_utils:/home/emmanuel/rainbot_ws/install/rainbot_cpp:/home/emmanuel/rainbot_ws/install/rain_arm_moveit:/home/emmanuel/rainbot_ws/install/rain_arm_description:/home/emmanuel/rainbot_ws/install/rain_arm_controller:/home/emmanuel/rainbot_ws/install/rainbot_py:/opt/ros/humble /usr/bin/cmake --build /home/emmanuel/rainbot_ws/build/rainbot_utils -- -j4 -l4
[28.330s] DEBUG:colcon.colcon_core.event_handler.log_command:Invoking command in '/home/emmanuel/rainbot_ws/build/rainbot_utils': CMAKE_PREFIX_PATH=/home/emmanuel/rainbot_ws/install/rain_arm_msgs:/home/emmanuel/rainbot_ws/install/rainbot_utils:/home/emmanuel/rainbot_ws/install/rainbot_cpp:/home/emmanuel/rainbot_ws/install/rain_arm_moveit:/home/emmanuel/rainbot_ws/install/rain_arm_description:/home/emmanuel/rainbot_ws/install/rain_arm_controller:/home/emmanuel/rainbot_ws/install/rainbot_py:/opt/ros/humble /usr/bin/cmake --install /home/emmanuel/rainbot_ws/build/rainbot_utils
[28.574s] Level 1:colcon.colcon_core.environment:create_environment_scripts_only(rainbot_utils)
[28.575s] DEBUG:colcon.colcon_core.event_handler.log_command:Invoked command in '/home/emmanuel/rainbot_ws/build/rainbot_utils' returned '0': CMAKE_PREFIX_PATH=/home/emmanuel/rainbot_ws/install/rain_arm_msgs:/home/emmanuel/rainbot_ws/install/rainbot_utils:/home/emmanuel/rainbot_ws/install/rainbot_cpp:/home/emmanuel/rainbot_ws/install/rain_arm_moveit:/home/emmanuel/rainbot_ws/install/rain_arm_description:/home/emmanuel/rainbot_ws/install/rain_arm_controller:/home/emmanuel/rainbot_ws/install/rainbot_py:/opt/ros/humble /usr/bin/cmake --install /home/emmanuel/rainbot_ws/build/rainbot_utils
[28.599s] Level 1:colcon.colcon_core.environment:checking '/home/emmanuel/rainbot_ws/install/rainbot_utils' for CMake module files
[28.642s] Level 1:colcon.colcon_core.environment:checking '/home/emmanuel/rainbot_ws/install/rainbot_utils' for CMake config files
[28.642s] Level 1:colcon.colcon_core.shell:create_environment_hook('rainbot_utils', 'cmake_prefix_path')
[28.671s] INFO:colcon.colcon_core.shell:Creating environment hook '/home/emmanuel/rainbot_ws/install/rainbot_utils/share/rainbot_utils/hook/cmake_prefix_path.ps1'
[28.672s] INFO:colcon.colcon_core.shell:Creating environment descriptor '/home/emmanuel/rainbot_ws/install/rainbot_utils/share/rainbot_utils/hook/cmake_prefix_path.dsv'
[28.672s] INFO:colcon.colcon_core.shell:Creating environment hook '/home/emmanuel/rainbot_ws/install/rainbot_utils/share/rainbot_utils/hook/cmake_prefix_path.sh'
[28.673s] Level 1:colcon.colcon_core.environment:checking '/home/emmanuel/rainbot_ws/install/rainbot_utils/lib'
[28.673s] Level 1:colcon.colcon_core.environment:checking '/home/emmanuel/rainbot_ws/install/rainbot_utils/bin'
[28.673s] Level 1:colcon.colcon_core.environment:checking '/home/emmanuel/rainbot_ws/install/rainbot_utils/lib/pkgconfig/rainbot_utils.pc'
[28.674s] Level 1:colcon.colcon_core.environment:checking '/home/emmanuel/rainbot_ws/install/rainbot_utils/lib/python3.10/site-packages'
[28.674s] Level 1:colcon.colcon_core.environment:checking '/home/emmanuel/rainbot_ws/install/rainbot_utils/bin'
[28.697s] INFO:colcon.colcon_core.shell:Creating package script '/home/emmanuel/rainbot_ws/install/rainbot_utils/share/rainbot_utils/package.ps1'
[28.697s] INFO:colcon.colcon_core.shell:Creating package descriptor '/home/emmanuel/rainbot_ws/install/rainbot_utils/share/rainbot_utils/package.dsv'
[28.698s] INFO:colcon.colcon_core.shell:Creating package script '/home/emmanuel/rainbot_ws/install/rainbot_utils/share/rainbot_utils/package.sh'
[28.698s] INFO:colcon.colcon_core.shell:Creating package script '/home/emmanuel/rainbot_ws/install/rainbot_utils/share/rainbot_utils/package.bash'
[28.699s] INFO:colcon.colcon_core.shell:Creating package script '/home/emmanuel/rainbot_ws/install/rainbot_utils/share/rainbot_utils/package.zsh'
[28.699s] Level 1:colcon.colcon_core.environment:create_file_with_runtime_dependencies(/home/emmanuel/rainbot_ws/install/rainbot_utils/share/colcon-core/packages/rainbot_utils)
[28.745s] Level 1:colcon.colcon_core.environment:create_environment_scripts_only(rainbot_utils)
[28.766s] Level 1:colcon.colcon_core.environment:checking '/home/emmanuel/rainbot_ws/install/rainbot_utils' for CMake module files
[28.767s] Level 1:colcon.colcon_core.environment:checking '/home/emmanuel/rainbot_ws/install/rainbot_utils' for CMake config files
[28.767s] Level 1:colcon.colcon_core.shell:create_environment_hook('rainbot_utils', 'cmake_prefix_path')
[28.790s] INFO:colcon.colcon_core.shell:Creating environment hook '/home/emmanuel/rainbot_ws/install/rainbot_utils/share/rainbot_utils/hook/cmake_prefix_path.ps1'
[29.331s] INFO:colcon.colcon_core.shell:Creating environment descriptor '/home/emmanuel/rainbot_ws/install/rainbot_utils/share/rainbot_utils/hook/cmake_prefix_path.dsv'
[29.332s] INFO:colcon.colcon_core.shell:Creating environment hook '/home/emmanuel/rainbot_ws/install/rainbot_utils/share/rainbot_utils/hook/cmake_prefix_path.sh'
[29.333s] Level 1:colcon.colcon_core.environment:checking '/home/emmanuel/rainbot_ws/install/rainbot_utils/lib'
[29.333s] Level 1:colcon.colcon_core.environment:checking '/home/emmanuel/rainbot_ws/install/rainbot_utils/bin'
[29.333s] Level 1:colcon.colcon_core.environment:checking '/home/emmanuel/rainbot_ws/install/rainbot_utils/lib/pkgconfig/rainbot_utils.pc'
[29.333s] Level 1:colcon.colcon_core.environment:checking '/home/emmanuel/rainbot_ws/install/rainbot_utils/lib/python3.10/site-packages'
[29.333s] Level 1:colcon.colcon_core.environment:checking '/home/emmanuel/rainbot_ws/install/rainbot_utils/bin'
[29.355s] INFO:colcon.colcon_core.shell:Creating package script '/home/emmanuel/rainbot_ws/install/rainbot_utils/share/rainbot_utils/package.ps1'
[29.356s] INFO:colcon.colcon_core.shell:Creating package descriptor '/home/emmanuel/rainbot_ws/install/rainbot_utils/share/rainbot_utils/package.dsv'
[29.356s] INFO:colcon.colcon_core.shell:Creating package script '/home/emmanuel/rainbot_ws/install/rainbot_utils/share/rainbot_utils/package.sh'
[29.357s] INFO:colcon.colcon_core.shell:Creating package script '/home/emmanuel/rainbot_ws/install/rainbot_utils/share/rainbot_utils/package.bash'
[29.357s] INFO:colcon.colcon_core.shell:Creating package script '/home/emmanuel/rainbot_ws/install/rainbot_utils/share/rainbot_utils/package.zsh'
[29.357s] Level 1:colcon.colcon_core.environment:create_file_with_runtime_dependencies(/home/emmanuel/rainbot_ws/install/rainbot_utils/share/colcon-core/packages/rainbot_utils)
[35.773s] DEBUG:colcon.colcon_core.event_handler.log_command:Invoking command in '/home/emmanuel/rainbot_ws/src/rainbot_py': CMAKE_PREFIX_PATH=/home/emmanuel/rainbot_ws/install/rain_arm_msgs:/home/emmanuel/rainbot_ws/install/rainbot_utils:/home/emmanuel/rainbot_ws/install/rainbot_cpp:/home/emmanuel/rainbot_ws/install/rain_arm_moveit:/home/emmanuel/rainbot_ws/install/rain_arm_description:/home/emmanuel/rainbot_ws/install/rain_arm_controller PYTHONPATH=/home/emmanuel/rainbot_ws/build/rainbot_py/prefix_override:/home/emmanuel/rainbot_ws/install/rainbot_py/lib/python3.10/site-packages:${PYTHONPATH} /usr/bin/python3 setup.py egg_info --egg-base ../../build/rainbot_py build --build-base /home/emmanuel/rainbot_ws/build/rainbot_py/build install --record /home/emmanuel/rainbot_ws/build/rainbot_py/install.log --single-version-externally-managed
[36.490s] DEBUG:colcon.colcon_core.event_handler.log_command:Invoked command in '/home/emmanuel/rainbot_ws/src/rainbot_py' returned '0': CMAKE_PREFIX_PATH=/home/emmanuel/rainbot_ws/install/rain_arm_msgs:/home/emmanuel/rainbot_ws/install/rainbot_utils:/home/emmanuel/rainbot_ws/install/rainbot_cpp:/home/emmanuel/rainbot_ws/install/rain_arm_moveit:/home/emmanuel/rainbot_ws/install/rain_arm_description:/home/emmanuel/rainbot_ws/install/rain_arm_controller PYTHONPATH=/home/emmanuel/rainbot_ws/build/rainbot_py/prefix_override:/home/emmanuel/rainbot_ws/install/rainbot_py/lib/python3.10/site-packages:${PYTHONPATH} /usr/bin/python3 setup.py egg_info --egg-base ../../build/rainbot_py build --build-base /home/emmanuel/rainbot_ws/build/rainbot_py/build install --record /home/emmanuel/rainbot_ws/build/rainbot_py/install.log --single-version-externally-managed
[36.519s] Level 1:colcon.colcon_core.environment:checking '/home/emmanuel/rainbot_ws/install/rainbot_py' for CMake module files
[36.520s] Level 1:colcon.colcon_core.environment:checking '/home/emmanuel/rainbot_ws/install/rainbot_py' for CMake config files
[36.521s] Level 1:colcon.colcon_core.environment:checking '/home/emmanuel/rainbot_ws/install/rainbot_py/lib'
[36.522s] Level 1:colcon.colcon_core.environment:checking '/home/emmanuel/rainbot_ws/install/rainbot_py/bin'
[36.522s] Level 1:colcon.colcon_core.environment:checking '/home/emmanuel/rainbot_ws/install/rainbot_py/lib/pkgconfig/rainbot_py.pc'
[36.523s] Level 1:colcon.colcon_core.environment:checking '/home/emmanuel/rainbot_ws/install/rainbot_py/lib/python3.10/site-packages'
[36.523s] Level 1:colcon.colcon_core.shell:create_environment_hook('rainbot_py', 'pythonpath')
[36.545s] INFO:colcon.colcon_core.shell:Creating environment hook '/home/emmanuel/rainbot_ws/install/rainbot_py/share/rainbot_py/hook/pythonpath.ps1'
[36.546s] INFO:colcon.colcon_core.shell:Creating environment descriptor '/home/emmanuel/rainbot_ws/install/rainbot_py/share/rainbot_py/hook/pythonpath.dsv'
[36.546s] INFO:colcon.colcon_core.shell:Creating environment hook '/home/emmanuel/rainbot_ws/install/rainbot_py/share/rainbot_py/hook/pythonpath.sh'
[36.547s] Level 1:colcon.colcon_core.environment:checking '/home/emmanuel/rainbot_ws/install/rainbot_py/bin'
[36.547s] Level 1:colcon.colcon_core.environment:create_environment_scripts_only(rainbot_py)
[36.569s] INFO:colcon.colcon_core.shell:Creating package script '/home/emmanuel/rainbot_ws/install/rainbot_py/share/rainbot_py/package.ps1'
[36.569s] INFO:colcon.colcon_core.shell:Creating package descriptor '/home/emmanuel/rainbot_ws/install/rainbot_py/share/rainbot_py/package.dsv'
[36.570s] INFO:colcon.colcon_core.shell:Creating package script '/home/emmanuel/rainbot_ws/install/rainbot_py/share/rainbot_py/package.sh'
[36.571s] INFO:colcon.colcon_core.shell:Creating package script '/home/emmanuel/rainbot_ws/install/rainbot_py/share/rainbot_py/package.bash'
[36.571s] INFO:colcon.colcon_core.shell:Creating package script '/home/emmanuel/rainbot_ws/install/rainbot_py/share/rainbot_py/package.zsh'
[36.572s] Level 1:colcon.colcon_core.environment:create_file_with_runtime_dependencies(/home/emmanuel/rainbot_ws/install/rainbot_py/share/colcon-core/packages/rainbot_py)
[36.572s] DEBUG:colcon.colcon_parallel_executor.executor.parallel:closing loop
[36.573s] DEBUG:colcon.colcon_parallel_executor.executor.parallel:loop closed
[36.573s] DEBUG:colcon.colcon_parallel_executor.executor.parallel:run_until_complete finished with '0'
[36.573s] DEBUG:colcon.colcon_core.event_reactor:joining thread
[36.878s] INFO:colcon.colcon_core.plugin_system:Skipping extension 'colcon_notification.desktop_notification.terminal_notifier': Not used on non-Darwin systems
[36.878s] INFO:colcon.colcon_core.plugin_system:Skipping extension 'colcon_notification.desktop_notification.win32': Not used on non-Windows systems
[36.879s] INFO:colcon.colcon_notification.desktop_notification:Sending desktop notification using 'notify2'
[36.926s] DEBUG:colcon.colcon_core.event_reactor:joined thread
[36.951s] INFO:colcon.colcon_core.shell:Creating prefix script '/home/emmanuel/rainbot_ws/install/local_setup.ps1'
[37.041s] INFO:colcon.colcon_core.shell:Creating prefix util module '/home/emmanuel/rainbot_ws/install/_local_setup_util_ps1.py'
[37.063s] INFO:colcon.colcon_core.shell:Creating prefix chain script '/home/emmanuel/rainbot_ws/install/setup.ps1'
[37.108s] INFO:colcon.colcon_core.shell:Creating prefix script '/home/emmanuel/rainbot_ws/install/local_setup.sh'
[37.261s] INFO:colcon.colcon_core.shell:Creating prefix util module '/home/emmanuel/rainbot_ws/install/_local_setup_util_sh.py'
[37.262s] INFO:colcon.colcon_core.shell:Creating prefix chain script '/home/emmanuel/rainbot_ws/install/setup.sh'
[37.318s] INFO:colcon.colcon_core.shell:Creating prefix script '/home/emmanuel/rainbot_ws/install/local_setup.bash'
[37.341s] INFO:colcon.colcon_core.shell:Creating prefix chain script '/home/emmanuel/rainbot_ws/install/setup.bash'
[37.385s] INFO:colcon.colcon_core.shell:Creating prefix script '/home/emmanuel/rainbot_ws/install/local_setup.zsh'
[37.460s] INFO:colcon.colcon_core.shell:Creating prefix chain script '/home/emmanuel/rainbot_ws/install/setup.zsh'
