[0.335s] Invoking command in '/home/emmanuel/rainbot_ws/build/rain_arm_description': CMAKE_PREFIX_PATH=${CMAKE_PREFIX_PATH}:/home/emmanuel/rainbot_ws/install/rainbot_py:/opt/ros/humble /usr/bin/cmake --build /home/emmanuel/rainbot_ws/build/rain_arm_description -- -j4 -l4
[0.831s] Invoked command in '/home/emmanuel/rainbot_ws/build/rain_arm_description' returned '0': CMAKE_PREFIX_PATH=${CMAKE_PREFIX_PATH}:/home/emmanuel/rainbot_ws/install/rainbot_py:/opt/ros/humble /usr/bin/cmake --build /home/emmanuel/rainbot_ws/build/rain_arm_description -- -j4 -l4
[0.885s] Invoking command in '/home/emmanuel/rainbot_ws/build/rain_arm_description': CMAKE_PREFIX_PATH=${CMAKE_PREFIX_PATH}:/home/emmanuel/rainbot_ws/install/rainbot_py:/opt/ros/humble /usr/bin/cmake --install /home/emmanuel/rainbot_ws/build/rain_arm_description
[0.897s] -- Install configuration: ""
[0.897s] -- Execute custom install script
[0.898s] -- Up-to-date symlink: /home/emmanuel/rainbot_ws/install/rain_arm_description/share/rain_arm_description/meshes/base_plate.STL
[0.898s] -- Up-to-date symlink: /home/emmanuel/rainbot_ws/install/rain_arm_description/share/rain_arm_description/meshes/basement.STL
[0.899s] -- Up-to-date symlink: /home/emmanuel/rainbot_ws/install/rain_arm_description/share/rain_arm_description/meshes/claw_support.STL
[0.899s] -- Up-to-date symlink: /home/emmanuel/rainbot_ws/install/rain_arm_description/share/rain_arm_description/meshes/forward_drive_arm.STL
[0.899s] -- Up-to-date symlink: /home/emmanuel/rainbot_ws/install/rain_arm_description/share/rain_arm_description/meshes/horizontal_arm.STL
[0.900s] -- Up-to-date symlink: /home/emmanuel/rainbot_ws/install/rain_arm_description/share/rain_arm_description/meshes/left_finger.STL
[0.900s] -- Up-to-date symlink: /home/emmanuel/rainbot_ws/install/rain_arm_description/share/rain_arm_description/meshes/link.STL
[0.900s] -- Up-to-date symlink: /home/emmanuel/rainbot_ws/install/rain_arm_description/share/rain_arm_description/meshes/plate.STL
[0.901s] -- Up-to-date symlink: /home/emmanuel/rainbot_ws/install/rain_arm_description/share/rain_arm_description/meshes/right_finger.STL
[0.901s] -- Up-to-date symlink: /home/emmanuel/rainbot_ws/install/rain_arm_description/share/rain_arm_description/meshes/round_plate.STL
[0.901s] -- Up-to-date symlink: /home/emmanuel/rainbot_ws/install/rain_arm_description/share/rain_arm_description/meshes/servo_plate.STL
[0.901s] -- Up-to-date symlink: /home/emmanuel/rainbot_ws/install/rain_arm_description/share/rain_arm_description/meshes/triangular_link.STL
[0.902s] -- Up-to-date symlink: /home/emmanuel/rainbot_ws/install/rain_arm_description/share/rain_arm_description/meshes/vertical_drive_arm.STL
[0.902s] -- Up-to-date symlink: /home/emmanuel/rainbot_ws/install/rain_arm_description/share/rain_arm_description/urdf/rain_arm.urdf.xacro
[0.902s] -- Up-to-date symlink: /home/emmanuel/rainbot_ws/install/rain_arm_description/share/rain_arm_description/urdf/rain_arm_gazebo.xacro
[0.902s] -- Up-to-date symlink: /home/emmanuel/rainbot_ws/install/rain_arm_description/share/rain_arm_description/urdf/rain_arm_ros2_control.xacro
[0.903s] -- Up-to-date symlink: /home/emmanuel/rainbot_ws/install/rain_arm_description/share/rain_arm_description/launch/display.launch.py
[0.903s] -- Up-to-date symlink: /home/emmanuel/rainbot_ws/install/rain_arm_description/share/rain_arm_description/launch/gazebo.launch.py
[0.903s] -- Up-to-date symlink: /home/emmanuel/rainbot_ws/install/rain_arm_description/share/rain_arm_description/rviz/display.rviz
[0.904s] -- Up-to-date symlink: /home/emmanuel/rainbot_ws/install/rain_arm_description/share/ament_index/resource_index/package_run_dependencies/rain_arm_description
[0.904s] -- Up-to-date symlink: /home/emmanuel/rainbot_ws/install/rain_arm_description/share/ament_index/resource_index/parent_prefix_path/rain_arm_description
[0.904s] -- Up-to-date symlink: /home/emmanuel/rainbot_ws/install/rain_arm_description/share/rain_arm_description/environment/ament_prefix_path.sh
[0.905s] -- Up-to-date symlink: /home/emmanuel/rainbot_ws/install/rain_arm_description/share/rain_arm_description/environment/ament_prefix_path.dsv
[0.905s] -- Up-to-date symlink: /home/emmanuel/rainbot_ws/install/rain_arm_description/share/rain_arm_description/environment/path.sh
[0.905s] -- Up-to-date symlink: /home/emmanuel/rainbot_ws/install/rain_arm_description/share/rain_arm_description/environment/path.dsv
[0.906s] -- Up-to-date symlink: /home/emmanuel/rainbot_ws/install/rain_arm_description/share/rain_arm_description/local_setup.bash
[0.906s] -- Up-to-date symlink: /home/emmanuel/rainbot_ws/install/rain_arm_description/share/rain_arm_description/local_setup.sh
[0.906s] -- Up-to-date symlink: /home/emmanuel/rainbot_ws/install/rain_arm_description/share/rain_arm_description/local_setup.zsh
[0.907s] -- Up-to-date symlink: /home/emmanuel/rainbot_ws/install/rain_arm_description/share/rain_arm_description/local_setup.dsv
[0.907s] -- Symlinking: /home/emmanuel/rainbot_ws/install/rain_arm_description/share/rain_arm_description/package.dsv
[0.932s] -- Up-to-date symlink: /home/emmanuel/rainbot_ws/install/rain_arm_description/share/ament_index/resource_index/packages/rain_arm_description
[0.932s] -- Up-to-date symlink: /home/emmanuel/rainbot_ws/install/rain_arm_description/share/rain_arm_description/cmake/rain_arm_descriptionConfig.cmake
[0.932s] -- Up-to-date symlink: /home/emmanuel/rainbot_ws/install/rain_arm_description/share/rain_arm_description/cmake/rain_arm_descriptionConfig-version.cmake
[0.932s] -- Up-to-date symlink: /home/emmanuel/rainbot_ws/install/rain_arm_description/share/rain_arm_description/package.xml
[1.043s] Invoked command in '/home/emmanuel/rainbot_ws/build/rain_arm_description' returned '0': CMAKE_PREFIX_PATH=${CMAKE_PREFIX_PATH}:/home/emmanuel/rainbot_ws/install/rainbot_py:/opt/ros/humble /usr/bin/cmake --install /home/emmanuel/rainbot_ws/build/rain_arm_description
