[1.382s] DEBUG:colcon:Command line arguments: ['/usr/bin/colcon', 'build']
[1.382s] DEBUG:colcon:Parsed command line arguments: Namespace(log_base=None, log_level=None, verb_name='build', build_base='build', install_base='install', merge_install=False, symlink_install=False, test_result_base=None, continue_on_error=False, executor='parallel', parallel_workers=4, event_handlers=None, ignore_user_meta=False, metas=['./colcon.meta'], base_paths=['.'], packages_ignore=None, packages_ignore_regex=None, paths=None, packages_up_to=None, packages_up_to_regex=None, packages_above=None, packages_above_and_dependencies=None, packages_above_depth=None, packages_select_by_dep=None, packages_skip_by_dep=None, packages_skip_up_to=None, packages_select_build_failed=False, packages_skip_build_finished=False, packages_select_test_failures=False, packages_skip_test_passed=False, packages_select=None, packages_skip=None, packages_select_regex=None, packages_skip_regex=None, packages_start=None, packages_end=None, allow_overriding=[], cmake_args=None, cmake_target=None, cmake_target_skip_unavailable=False, cmake_clean_cache=False, cmake_clean_first=False, cmake_force_configure=False, ament_cmake_args=None, catkin_cmake_args=None, catkin_skip_building_tests=False, verb_parser=<colcon_defaults.argument_parser.defaults.DefaultArgumentsDecorator object at 0x7fdf1c3b56f0>, verb_extension=<colcon_core.verb.build.BuildVerb object at 0x7fdf1c7f3f10>, main=<bound method BuildVerb.main of <colcon_core.verb.build.BuildVerb object at 0x7fdf1c7f3f10>>)
[1.455s] Level 1:colcon.colcon_core.package_discovery:discover_packages(colcon_meta) check parameters
[1.456s] Level 1:colcon.colcon_core.package_discovery:discover_packages(recursive) check parameters
[1.456s] Level 1:colcon.colcon_core.package_discovery:discover_packages(ignore) check parameters
[1.456s] Level 1:colcon.colcon_core.package_discovery:discover_packages(path) check parameters
[1.456s] Level 1:colcon.colcon_core.package_discovery:discover_packages(colcon_meta) discover
[1.456s] Level 1:colcon.colcon_core.package_discovery:discover_packages(recursive) discover
[1.456s] INFO:colcon.colcon_core.package_discovery:Crawling recursively for packages in '/home/emmanuel/rainbot_ws'
[1.456s] Level 1:colcon.colcon_core.package_identification:_identify(.) by extensions ['ignore', 'ignore_ament_install']
[1.456s] Level 1:colcon.colcon_core.package_identification:_identify(.) by extension 'ignore'
[1.456s] Level 1:colcon.colcon_core.package_identification:_identify(.) by extension 'ignore_ament_install'
[1.457s] Level 1:colcon.colcon_core.package_identification:_identify(.) by extensions ['colcon_pkg']
[1.457s] Level 1:colcon.colcon_core.package_identification:_identify(.) by extension 'colcon_pkg'
[1.457s] Level 1:colcon.colcon_core.package_identification:_identify(.) by extensions ['colcon_meta']
[1.457s] Level 1:colcon.colcon_core.package_identification:_identify(.) by extension 'colcon_meta'
[1.457s] Level 1:colcon.colcon_core.package_identification:_identify(.) by extensions ['ros']
[1.457s] Level 1:colcon.colcon_core.package_identification:_identify(.) by extension 'ros'
[1.473s] Level 1:colcon.colcon_core.package_identification:_identify(.) by extensions ['cmake', 'python']
[1.473s] Level 1:colcon.colcon_core.package_identification:_identify(.) by extension 'cmake'
[1.473s] Level 1:colcon.colcon_core.package_identification:_identify(.) by extension 'python'
[1.473s] Level 1:colcon.colcon_core.package_identification:_identify(.) by extensions ['python_setup_py']
[1.474s] Level 1:colcon.colcon_core.package_identification:_identify(.) by extension 'python_setup_py'
[1.474s] Level 1:colcon.colcon_core.package_identification:_identify(build) by extensions ['ignore', 'ignore_ament_install']
[1.474s] Level 1:colcon.colcon_core.package_identification:_identify(build) by extension 'ignore'
[1.474s] Level 1:colcon.colcon_core.package_identification:_identify(build) ignored
[1.474s] Level 1:colcon.colcon_core.package_identification:_identify(install) by extensions ['ignore', 'ignore_ament_install']
[1.474s] Level 1:colcon.colcon_core.package_identification:_identify(install) by extension 'ignore'
[1.475s] Level 1:colcon.colcon_core.package_identification:_identify(install) ignored
[1.475s] Level 1:colcon.colcon_core.package_identification:_identify(log) by extensions ['ignore', 'ignore_ament_install']
[1.475s] Level 1:colcon.colcon_core.package_identification:_identify(log) by extension 'ignore'
[1.475s] Level 1:colcon.colcon_core.package_identification:_identify(log) ignored
[1.475s] Level 1:colcon.colcon_core.package_identification:_identify(src) by extensions ['ignore', 'ignore_ament_install']
[1.476s] Level 1:colcon.colcon_core.package_identification:_identify(src) by extension 'ignore'
[1.476s] Level 1:colcon.colcon_core.package_identification:_identify(src) by extension 'ignore_ament_install'
[1.476s] Level 1:colcon.colcon_core.package_identification:_identify(src) by extensions ['colcon_pkg']
[1.476s] Level 1:colcon.colcon_core.package_identification:_identify(src) by extension 'colcon_pkg'
[1.476s] Level 1:colcon.colcon_core.package_identification:_identify(src) by extensions ['colcon_meta']
[1.476s] Level 1:colcon.colcon_core.package_identification:_identify(src) by extension 'colcon_meta'
[1.476s] Level 1:colcon.colcon_core.package_identification:_identify(src) by extensions ['ros']
[1.476s] Level 1:colcon.colcon_core.package_identification:_identify(src) by extension 'ros'
[1.477s] Level 1:colcon.colcon_core.package_identification:_identify(src) by extensions ['cmake', 'python']
[1.477s] Level 1:colcon.colcon_core.package_identification:_identify(src) by extension 'cmake'
[1.477s] Level 1:colcon.colcon_core.package_identification:_identify(src) by extension 'python'
[1.477s] Level 1:colcon.colcon_core.package_identification:_identify(src) by extensions ['python_setup_py']
[1.477s] Level 1:colcon.colcon_core.package_identification:_identify(src) by extension 'python_setup_py'
[1.477s] Level 1:colcon.colcon_core.package_identification:_identify(src/rain_arm_controller) by extensions ['ignore', 'ignore_ament_install']
[1.477s] Level 1:colcon.colcon_core.package_identification:_identify(src/rain_arm_controller) by extension 'ignore'
[1.477s] Level 1:colcon.colcon_core.package_identification:_identify(src/rain_arm_controller) by extension 'ignore_ament_install'
[1.477s] Level 1:colcon.colcon_core.package_identification:_identify(src/rain_arm_controller) by extensions ['colcon_pkg']
[1.478s] Level 1:colcon.colcon_core.package_identification:_identify(src/rain_arm_controller) by extension 'colcon_pkg'
[1.478s] Level 1:colcon.colcon_core.package_identification:_identify(src/rain_arm_controller) by extensions ['colcon_meta']
[1.478s] Level 1:colcon.colcon_core.package_identification:_identify(src/rain_arm_controller) by extension 'colcon_meta'
[1.478s] Level 1:colcon.colcon_core.package_identification:_identify(src/rain_arm_controller) by extensions ['ros']
[1.478s] Level 1:colcon.colcon_core.package_identification:_identify(src/rain_arm_controller) by extension 'ros'
[1.483s] DEBUG:colcon.colcon_core.package_identification:Package 'src/rain_arm_controller' with type 'ros.ament_cmake' and name 'rain_arm_controller'
[1.483s] Level 1:colcon.colcon_core.package_identification:_identify(src/rain_arm_description) by extensions ['ignore', 'ignore_ament_install']
[1.483s] Level 1:colcon.colcon_core.package_identification:_identify(src/rain_arm_description) by extension 'ignore'
[1.483s] Level 1:colcon.colcon_core.package_identification:_identify(src/rain_arm_description) by extension 'ignore_ament_install'
[1.483s] Level 1:colcon.colcon_core.package_identification:_identify(src/rain_arm_description) by extensions ['colcon_pkg']
[1.483s] Level 1:colcon.colcon_core.package_identification:_identify(src/rain_arm_description) by extension 'colcon_pkg'
[1.484s] Level 1:colcon.colcon_core.package_identification:_identify(src/rain_arm_description) by extensions ['colcon_meta']
[1.484s] Level 1:colcon.colcon_core.package_identification:_identify(src/rain_arm_description) by extension 'colcon_meta'
[1.484s] Level 1:colcon.colcon_core.package_identification:_identify(src/rain_arm_description) by extensions ['ros']
[1.484s] Level 1:colcon.colcon_core.package_identification:_identify(src/rain_arm_description) by extension 'ros'
[1.485s] DEBUG:colcon.colcon_core.package_identification:Package 'src/rain_arm_description' with type 'ros.ament_cmake' and name 'rain_arm_description'
[1.485s] Level 1:colcon.colcon_core.package_identification:_identify(src/rain_arm_msgs) by extensions ['ignore', 'ignore_ament_install']
[1.485s] Level 1:colcon.colcon_core.package_identification:_identify(src/rain_arm_msgs) by extension 'ignore'
[1.485s] Level 1:colcon.colcon_core.package_identification:_identify(src/rain_arm_msgs) by extension 'ignore_ament_install'
[1.486s] Level 1:colcon.colcon_core.package_identification:_identify(src/rain_arm_msgs) by extensions ['colcon_pkg']
[1.486s] Level 1:colcon.colcon_core.package_identification:_identify(src/rain_arm_msgs) by extension 'colcon_pkg'
[1.486s] Level 1:colcon.colcon_core.package_identification:_identify(src/rain_arm_msgs) by extensions ['colcon_meta']
[1.486s] Level 1:colcon.colcon_core.package_identification:_identify(src/rain_arm_msgs) by extension 'colcon_meta'
[1.486s] Level 1:colcon.colcon_core.package_identification:_identify(src/rain_arm_msgs) by extensions ['ros']
[1.486s] Level 1:colcon.colcon_core.package_identification:_identify(src/rain_arm_msgs) by extension 'ros'
[1.487s] DEBUG:colcon.colcon_core.package_identification:Package 'src/rain_arm_msgs' with type 'ros.ament_cmake' and name 'rain_arm_msgs'
[1.487s] Level 1:colcon.colcon_core.package_identification:_identify(src/rainbot_cpp) by extensions ['ignore', 'ignore_ament_install']
[1.488s] Level 1:colcon.colcon_core.package_identification:_identify(src/rainbot_cpp) by extension 'ignore'
[1.488s] Level 1:colcon.colcon_core.package_identification:_identify(src/rainbot_cpp) by extension 'ignore_ament_install'
[1.488s] Level 1:colcon.colcon_core.package_identification:_identify(src/rainbot_cpp) by extensions ['colcon_pkg']
[1.488s] Level 1:colcon.colcon_core.package_identification:_identify(src/rainbot_cpp) by extension 'colcon_pkg'
[1.488s] Level 1:colcon.colcon_core.package_identification:_identify(src/rainbot_cpp) by extensions ['colcon_meta']
[1.488s] Level 1:colcon.colcon_core.package_identification:_identify(src/rainbot_cpp) by extension 'colcon_meta'
[1.488s] Level 1:colcon.colcon_core.package_identification:_identify(src/rainbot_cpp) by extensions ['ros']
[1.488s] Level 1:colcon.colcon_core.package_identification:_identify(src/rainbot_cpp) by extension 'ros'
[1.489s] DEBUG:colcon.colcon_core.package_identification:Package 'src/rainbot_cpp' with type 'ros.ament_cmake' and name 'rainbot_cpp'
[1.489s] Level 1:colcon.colcon_core.package_identification:_identify(src/rainbot_py) by extensions ['ignore', 'ignore_ament_install']
[1.489s] Level 1:colcon.colcon_core.package_identification:_identify(src/rainbot_py) by extension 'ignore'
[1.489s] Level 1:colcon.colcon_core.package_identification:_identify(src/rainbot_py) by extension 'ignore_ament_install'
[1.490s] Level 1:colcon.colcon_core.package_identification:_identify(src/rainbot_py) by extensions ['colcon_pkg']
[1.490s] Level 1:colcon.colcon_core.package_identification:_identify(src/rainbot_py) by extension 'colcon_pkg'
[1.490s] Level 1:colcon.colcon_core.package_identification:_identify(src/rainbot_py) by extensions ['colcon_meta']
[1.490s] Level 1:colcon.colcon_core.package_identification:_identify(src/rainbot_py) by extension 'colcon_meta'
[1.490s] Level 1:colcon.colcon_core.package_identification:_identify(src/rainbot_py) by extensions ['ros']
[1.490s] Level 1:colcon.colcon_core.package_identification:_identify(src/rainbot_py) by extension 'ros'
[1.491s] DEBUG:colcon.colcon_core.package_identification:Package 'src/rainbot_py' with type 'ros.ament_python' and name 'rainbot_py'
[1.491s] Level 1:colcon.colcon_core.package_identification:_identify(src/rainbot_utils) by extensions ['ignore', 'ignore_ament_install']
[1.491s] Level 1:colcon.colcon_core.package_identification:_identify(src/rainbot_utils) by extension 'ignore'
[1.492s] Level 1:colcon.colcon_core.package_identification:_identify(src/rainbot_utils) by extension 'ignore_ament_install'
[1.492s] Level 1:colcon.colcon_core.package_identification:_identify(src/rainbot_utils) by extensions ['colcon_pkg']
[1.492s] Level 1:colcon.colcon_core.package_identification:_identify(src/rainbot_utils) by extension 'colcon_pkg'
[1.492s] Level 1:colcon.colcon_core.package_identification:_identify(src/rainbot_utils) by extensions ['colcon_meta']
[1.492s] Level 1:colcon.colcon_core.package_identification:_identify(src/rainbot_utils) by extension 'colcon_meta'
[1.492s] Level 1:colcon.colcon_core.package_identification:_identify(src/rainbot_utils) by extensions ['ros']
[1.492s] Level 1:colcon.colcon_core.package_identification:_identify(src/rainbot_utils) by extension 'ros'
[1.493s] DEBUG:colcon.colcon_core.package_identification:Package 'src/rainbot_utils' with type 'ros.ament_cmake' and name 'rainbot_utils'
[1.493s] Level 1:colcon.colcon_core.package_discovery:discover_packages(recursive) using defaults
[1.493s] Level 1:colcon.colcon_core.package_discovery:discover_packages(ignore) discover
[1.493s] Level 1:colcon.colcon_core.package_discovery:discover_packages(ignore) using defaults
[1.493s] Level 1:colcon.colcon_core.package_discovery:discover_packages(path) discover
[1.493s] Level 1:colcon.colcon_core.package_discovery:discover_packages(path) using defaults
[1.680s] Level 1:colcon.colcon_core.package_discovery:discover_packages(prefix_path) check parameters
[1.681s] Level 1:colcon.colcon_core.package_discovery:discover_packages(prefix_path) discover
[1.725s] DEBUG:colcon.colcon_installed_package_information.package_discovery:Found 6 installed packages in /home/emmanuel/rainbot_ws/install
[1.750s] DEBUG:colcon.colcon_installed_package_information.package_discovery:Found 427 installed packages in /opt/ros/humble
[1.768s] Level 1:colcon.colcon_core.package_discovery:discover_packages(prefix_path) using defaults
[1.914s] Level 5:colcon.colcon_core.verb:set package 'rain_arm_controller' build argument 'cmake_args' from command line to 'None'
[1.914s] Level 5:colcon.colcon_core.verb:set package 'rain_arm_controller' build argument 'cmake_target' from command line to 'None'
[1.914s] Level 5:colcon.colcon_core.verb:set package 'rain_arm_controller' build argument 'cmake_target_skip_unavailable' from command line to 'False'
[1.914s] Level 5:colcon.colcon_core.verb:set package 'rain_arm_controller' build argument 'cmake_clean_cache' from command line to 'False'
[1.914s] Level 5:colcon.colcon_core.verb:set package 'rain_arm_controller' build argument 'cmake_clean_first' from command line to 'False'
[1.914s] Level 5:colcon.colcon_core.verb:set package 'rain_arm_controller' build argument 'cmake_force_configure' from command line to 'False'
[1.914s] Level 5:colcon.colcon_core.verb:set package 'rain_arm_controller' build argument 'ament_cmake_args' from command line to 'None'
[1.914s] Level 5:colcon.colcon_core.verb:set package 'rain_arm_controller' build argument 'catkin_cmake_args' from command line to 'None'
[1.915s] Level 5:colcon.colcon_core.verb:set package 'rain_arm_controller' build argument 'catkin_skip_building_tests' from command line to 'False'
[1.915s] DEBUG:colcon.colcon_core.verb:Building package 'rain_arm_controller' with the following arguments: {'ament_cmake_args': None, 'build_base': '/home/emmanuel/rainbot_ws/build/rain_arm_controller', 'catkin_cmake_args': None, 'catkin_skip_building_tests': False, 'cmake_args': None, 'cmake_clean_cache': False, 'cmake_clean_first': False, 'cmake_force_configure': False, 'cmake_target': None, 'cmake_target_skip_unavailable': False, 'install_base': '/home/emmanuel/rainbot_ws/install/rain_arm_controller', 'merge_install': False, 'path': '/home/emmanuel/rainbot_ws/src/rain_arm_controller', 'symlink_install': False, 'test_result_base': None}
[1.946s] Level 5:colcon.colcon_core.verb:set package 'rain_arm_description' build argument 'cmake_args' from command line to 'None'
[1.946s] Level 5:colcon.colcon_core.verb:set package 'rain_arm_description' build argument 'cmake_target' from command line to 'None'
[1.946s] Level 5:colcon.colcon_core.verb:set package 'rain_arm_description' build argument 'cmake_target_skip_unavailable' from command line to 'False'
[1.946s] Level 5:colcon.colcon_core.verb:set package 'rain_arm_description' build argument 'cmake_clean_cache' from command line to 'False'
[1.946s] Level 5:colcon.colcon_core.verb:set package 'rain_arm_description' build argument 'cmake_clean_first' from command line to 'False'
[1.947s] Level 5:colcon.colcon_core.verb:set package 'rain_arm_description' build argument 'cmake_force_configure' from command line to 'False'
[1.947s] Level 5:colcon.colcon_core.verb:set package 'rain_arm_description' build argument 'ament_cmake_args' from command line to 'None'
[1.947s] Level 5:colcon.colcon_core.verb:set package 'rain_arm_description' build argument 'catkin_cmake_args' from command line to 'None'
[1.947s] Level 5:colcon.colcon_core.verb:set package 'rain_arm_description' build argument 'catkin_skip_building_tests' from command line to 'False'
[1.947s] DEBUG:colcon.colcon_core.verb:Building package 'rain_arm_description' with the following arguments: {'ament_cmake_args': None, 'build_base': '/home/emmanuel/rainbot_ws/build/rain_arm_description', 'catkin_cmake_args': None, 'catkin_skip_building_tests': False, 'cmake_args': None, 'cmake_clean_cache': False, 'cmake_clean_first': False, 'cmake_force_configure': False, 'cmake_target': None, 'cmake_target_skip_unavailable': False, 'install_base': '/home/emmanuel/rainbot_ws/install/rain_arm_description', 'merge_install': False, 'path': '/home/emmanuel/rainbot_ws/src/rain_arm_description', 'symlink_install': False, 'test_result_base': None}
[1.983s] Level 5:colcon.colcon_core.verb:set package 'rain_arm_msgs' build argument 'cmake_args' from command line to 'None'
[1.984s] Level 5:colcon.colcon_core.verb:set package 'rain_arm_msgs' build argument 'cmake_target' from command line to 'None'
[1.984s] Level 5:colcon.colcon_core.verb:set package 'rain_arm_msgs' build argument 'cmake_target_skip_unavailable' from command line to 'False'
[1.984s] Level 5:colcon.colcon_core.verb:set package 'rain_arm_msgs' build argument 'cmake_clean_cache' from command line to 'False'
[1.984s] Level 5:colcon.colcon_core.verb:set package 'rain_arm_msgs' build argument 'cmake_clean_first' from command line to 'False'
[1.984s] Level 5:colcon.colcon_core.verb:set package 'rain_arm_msgs' build argument 'cmake_force_configure' from command line to 'False'
[1.984s] Level 5:colcon.colcon_core.verb:set package 'rain_arm_msgs' build argument 'ament_cmake_args' from command line to 'None'
[1.984s] Level 5:colcon.colcon_core.verb:set package 'rain_arm_msgs' build argument 'catkin_cmake_args' from command line to 'None'
[1.984s] Level 5:colcon.colcon_core.verb:set package 'rain_arm_msgs' build argument 'catkin_skip_building_tests' from command line to 'False'
[1.984s] DEBUG:colcon.colcon_core.verb:Building package 'rain_arm_msgs' with the following arguments: {'ament_cmake_args': None, 'build_base': '/home/emmanuel/rainbot_ws/build/rain_arm_msgs', 'catkin_cmake_args': None, 'catkin_skip_building_tests': False, 'cmake_args': None, 'cmake_clean_cache': False, 'cmake_clean_first': False, 'cmake_force_configure': False, 'cmake_target': None, 'cmake_target_skip_unavailable': False, 'install_base': '/home/emmanuel/rainbot_ws/install/rain_arm_msgs', 'merge_install': False, 'path': '/home/emmanuel/rainbot_ws/src/rain_arm_msgs', 'symlink_install': False, 'test_result_base': None}
[2.013s] Level 5:colcon.colcon_core.verb:set package 'rainbot_cpp' build argument 'cmake_args' from command line to 'None'
[2.013s] Level 5:colcon.colcon_core.verb:set package 'rainbot_cpp' build argument 'cmake_target' from command line to 'None'
[2.014s] Level 5:colcon.colcon_core.verb:set package 'rainbot_cpp' build argument 'cmake_target_skip_unavailable' from command line to 'False'
[2.014s] Level 5:colcon.colcon_core.verb:set package 'rainbot_cpp' build argument 'cmake_clean_cache' from command line to 'False'
[2.014s] Level 5:colcon.colcon_core.verb:set package 'rainbot_cpp' build argument 'cmake_clean_first' from command line to 'False'
[2.014s] Level 5:colcon.colcon_core.verb:set package 'rainbot_cpp' build argument 'cmake_force_configure' from command line to 'False'
[2.014s] Level 5:colcon.colcon_core.verb:set package 'rainbot_cpp' build argument 'ament_cmake_args' from command line to 'None'
[2.014s] Level 5:colcon.colcon_core.verb:set package 'rainbot_cpp' build argument 'catkin_cmake_args' from command line to 'None'
[2.014s] Level 5:colcon.colcon_core.verb:set package 'rainbot_cpp' build argument 'catkin_skip_building_tests' from command line to 'False'
[2.014s] DEBUG:colcon.colcon_core.verb:Building package 'rainbot_cpp' with the following arguments: {'ament_cmake_args': None, 'build_base': '/home/emmanuel/rainbot_ws/build/rainbot_cpp', 'catkin_cmake_args': None, 'catkin_skip_building_tests': False, 'cmake_args': None, 'cmake_clean_cache': False, 'cmake_clean_first': False, 'cmake_force_configure': False, 'cmake_target': None, 'cmake_target_skip_unavailable': False, 'install_base': '/home/emmanuel/rainbot_ws/install/rainbot_cpp', 'merge_install': False, 'path': '/home/emmanuel/rainbot_ws/src/rainbot_cpp', 'symlink_install': False, 'test_result_base': None}
[2.040s] Level 5:colcon.colcon_core.verb:set package 'rainbot_utils' build argument 'cmake_args' from command line to 'None'
[2.040s] Level 5:colcon.colcon_core.verb:set package 'rainbot_utils' build argument 'cmake_target' from command line to 'None'
[2.040s] Level 5:colcon.colcon_core.verb:set package 'rainbot_utils' build argument 'cmake_target_skip_unavailable' from command line to 'False'
[2.040s] Level 5:colcon.colcon_core.verb:set package 'rainbot_utils' build argument 'cmake_clean_cache' from command line to 'False'
[2.040s] Level 5:colcon.colcon_core.verb:set package 'rainbot_utils' build argument 'cmake_clean_first' from command line to 'False'
[2.040s] Level 5:colcon.colcon_core.verb:set package 'rainbot_utils' build argument 'cmake_force_configure' from command line to 'False'
[2.040s] Level 5:colcon.colcon_core.verb:set package 'rainbot_utils' build argument 'ament_cmake_args' from command line to 'None'
[2.041s] Level 5:colcon.colcon_core.verb:set package 'rainbot_utils' build argument 'catkin_cmake_args' from command line to 'None'
[2.041s] Level 5:colcon.colcon_core.verb:set package 'rainbot_utils' build argument 'catkin_skip_building_tests' from command line to 'False'
[2.041s] DEBUG:colcon.colcon_core.verb:Building package 'rainbot_utils' with the following arguments: {'ament_cmake_args': None, 'build_base': '/home/emmanuel/rainbot_ws/build/rainbot_utils', 'catkin_cmake_args': None, 'catkin_skip_building_tests': False, 'cmake_args': None, 'cmake_clean_cache': False, 'cmake_clean_first': False, 'cmake_force_configure': False, 'cmake_target': None, 'cmake_target_skip_unavailable': False, 'install_base': '/home/emmanuel/rainbot_ws/install/rainbot_utils', 'merge_install': False, 'path': '/home/emmanuel/rainbot_ws/src/rainbot_utils', 'symlink_install': False, 'test_result_base': None}
[2.071s] Level 5:colcon.colcon_core.verb:set package 'rainbot_py' build argument 'cmake_args' from command line to 'None'
[2.072s] Level 5:colcon.colcon_core.verb:set package 'rainbot_py' build argument 'cmake_target' from command line to 'None'
[2.072s] Level 5:colcon.colcon_core.verb:set package 'rainbot_py' build argument 'cmake_target_skip_unavailable' from command line to 'False'
[2.072s] Level 5:colcon.colcon_core.verb:set package 'rainbot_py' build argument 'cmake_clean_cache' from command line to 'False'
[2.072s] Level 5:colcon.colcon_core.verb:set package 'rainbot_py' build argument 'cmake_clean_first' from command line to 'False'
[2.072s] Level 5:colcon.colcon_core.verb:set package 'rainbot_py' build argument 'cmake_force_configure' from command line to 'False'
[2.072s] Level 5:colcon.colcon_core.verb:set package 'rainbot_py' build argument 'ament_cmake_args' from command line to 'None'
[2.072s] Level 5:colcon.colcon_core.verb:set package 'rainbot_py' build argument 'catkin_cmake_args' from command line to 'None'
[2.072s] Level 5:colcon.colcon_core.verb:set package 'rainbot_py' build argument 'catkin_skip_building_tests' from command line to 'False'
[2.072s] DEBUG:colcon.colcon_core.verb:Building package 'rainbot_py' with the following arguments: {'ament_cmake_args': None, 'build_base': '/home/emmanuel/rainbot_ws/build/rainbot_py', 'catkin_cmake_args': None, 'catkin_skip_building_tests': False, 'cmake_args': None, 'cmake_clean_cache': False, 'cmake_clean_first': False, 'cmake_force_configure': False, 'cmake_target': None, 'cmake_target_skip_unavailable': False, 'install_base': '/home/emmanuel/rainbot_ws/install/rainbot_py', 'merge_install': False, 'path': '/home/emmanuel/rainbot_ws/src/rainbot_py', 'symlink_install': False, 'test_result_base': None}
[2.101s] INFO:colcon.colcon_core.executor:Executing jobs using 'parallel' executor
[2.123s] DEBUG:colcon.colcon_parallel_executor.executor.parallel:run_until_complete
[2.124s] INFO:colcon.colcon_ros.task.ament_cmake.build:Building ROS package in '/home/emmanuel/rainbot_ws/src/rain_arm_msgs' with build type 'ament_cmake'
[2.125s] INFO:colcon.colcon_cmake.task.cmake.build:Building CMake package in '/home/emmanuel/rainbot_ws/src/rain_arm_msgs'
[2.159s] INFO:colcon.colcon_core.plugin_system:Skipping extension 'colcon_core.shell.bat': Not used on non-Windows systems
[2.160s] INFO:colcon.colcon_core.shell:Skip shell extension 'powershell' for command environment: Not usable outside of PowerShell
[2.160s] DEBUG:colcon.colcon_core.shell:Skip shell extension 'dsv' for command environment
[2.239s] INFO:colcon.colcon_ros.task.ament_cmake.build:Building ROS package in '/home/emmanuel/rainbot_ws/src/rain_arm_controller' with build type 'ament_cmake'
[2.239s] INFO:colcon.colcon_cmake.task.cmake.build:Building CMake package in '/home/emmanuel/rainbot_ws/src/rain_arm_controller'
[2.267s] INFO:colcon.colcon_core.shell:Skip shell extension 'powershell' for command environment: Not usable outside of PowerShell
[2.267s] DEBUG:colcon.colcon_core.shell:Skip shell extension 'dsv' for command environment
[2.343s] INFO:colcon.colcon_ros.task.ament_cmake.build:Building ROS package in '/home/emmanuel/rainbot_ws/src/rain_arm_description' with build type 'ament_cmake'
[2.344s] INFO:colcon.colcon_cmake.task.cmake.build:Building CMake package in '/home/emmanuel/rainbot_ws/src/rain_arm_description'
[2.368s] INFO:colcon.colcon_core.shell:Skip shell extension 'powershell' for command environment: Not usable outside of PowerShell
[2.368s] DEBUG:colcon.colcon_core.shell:Skip shell extension 'dsv' for command environment
[2.441s] INFO:colcon.colcon_ros.task.ament_cmake.build:Building ROS package in '/home/emmanuel/rainbot_ws/src/rainbot_cpp' with build type 'ament_cmake'
[2.441s] INFO:colcon.colcon_cmake.task.cmake.build:Building CMake package in '/home/emmanuel/rainbot_ws/src/rainbot_cpp'
[2.470s] INFO:colcon.colcon_core.shell:Skip shell extension 'powershell' for command environment: Not usable outside of PowerShell
[2.470s] DEBUG:colcon.colcon_core.shell:Skip shell extension 'dsv' for command environment
[2.556s] DEBUG:colcon.colcon_core.event_handler.log_command:Invoking command in '/home/emmanuel/rainbot_ws/build/rain_arm_msgs': CMAKE_PREFIX_PATH=${CMAKE_PREFIX_PATH}:/home/emmanuel/rainbot_ws/install/rainbot_py:/opt/ros/humble /usr/bin/cmake --build /home/emmanuel/rainbot_ws/build/rain_arm_msgs -- -j4 -l4
[2.564s] DEBUG:colcon.colcon_core.event_handler.log_command:Invoking command in '/home/emmanuel/rainbot_ws/build/rain_arm_controller': CMAKE_PREFIX_PATH=${CMAKE_PREFIX_PATH}:/home/emmanuel/rainbot_ws/install/rainbot_py:/opt/ros/humble /usr/bin/cmake --build /home/emmanuel/rainbot_ws/build/rain_arm_controller -- -j4 -l4
[2.581s] DEBUG:colcon.colcon_core.event_handler.log_command:Invoking command in '/home/emmanuel/rainbot_ws/build/rain_arm_description': CMAKE_PREFIX_PATH=${CMAKE_PREFIX_PATH}:/home/emmanuel/rainbot_ws/install/rainbot_py:/opt/ros/humble /usr/bin/cmake --build /home/emmanuel/rainbot_ws/build/rain_arm_description -- -j4 -l4
[2.657s] DEBUG:colcon.colcon_core.event_handler.log_command:Invoking command in '/home/emmanuel/rainbot_ws/build/rainbot_cpp': CMAKE_PREFIX_PATH=${CMAKE_PREFIX_PATH}:/home/emmanuel/rainbot_ws/install/rainbot_py:/opt/ros/humble /usr/bin/cmake --build /home/emmanuel/rainbot_ws/build/rainbot_cpp -- -j4 -l4
[2.689s] DEBUG:colcon.colcon_core.event_handler.log_command:Invoked command in '/home/emmanuel/rainbot_ws/build/rain_arm_controller' returned '0': CMAKE_PREFIX_PATH=${CMAKE_PREFIX_PATH}:/home/emmanuel/rainbot_ws/install/rainbot_py:/opt/ros/humble /usr/bin/cmake --build /home/emmanuel/rainbot_ws/build/rain_arm_controller -- -j4 -l4
[2.727s] DEBUG:colcon.colcon_core.event_handler.log_command:Invoked command in '/home/emmanuel/rainbot_ws/build/rain_arm_description' returned '0': CMAKE_PREFIX_PATH=${CMAKE_PREFIX_PATH}:/home/emmanuel/rainbot_ws/install/rainbot_py:/opt/ros/humble /usr/bin/cmake --build /home/emmanuel/rainbot_ws/build/rain_arm_description -- -j4 -l4
[2.768s] DEBUG:colcon.colcon_core.event_handler.log_command:Invoked command in '/home/emmanuel/rainbot_ws/build/rainbot_cpp' returned '0': CMAKE_PREFIX_PATH=${CMAKE_PREFIX_PATH}:/home/emmanuel/rainbot_ws/install/rainbot_py:/opt/ros/humble /usr/bin/cmake --build /home/emmanuel/rainbot_ws/build/rainbot_cpp -- -j4 -l4
[2.812s] DEBUG:colcon.colcon_core.event_handler.log_command:Invoking command in '/home/emmanuel/rainbot_ws/build/rain_arm_controller': CMAKE_PREFIX_PATH=${CMAKE_PREFIX_PATH}:/home/emmanuel/rainbot_ws/install/rainbot_py:/opt/ros/humble /usr/bin/cmake --install /home/emmanuel/rainbot_ws/build/rain_arm_controller
[2.850s] DEBUG:colcon.colcon_core.event_handler.log_command:Invoking command in '/home/emmanuel/rainbot_ws/build/rain_arm_description': CMAKE_PREFIX_PATH=${CMAKE_PREFIX_PATH}:/home/emmanuel/rainbot_ws/install/rainbot_py:/opt/ros/humble /usr/bin/cmake --install /home/emmanuel/rainbot_ws/build/rain_arm_description
[2.852s] Level 1:colcon.colcon_core.environment:create_environment_scripts_only(rain_arm_controller)
[2.856s] DEBUG:colcon.colcon_core.event_handler.log_command:Invoked command in '/home/emmanuel/rainbot_ws/build/rain_arm_controller' returned '0': CMAKE_PREFIX_PATH=${CMAKE_PREFIX_PATH}:/home/emmanuel/rainbot_ws/install/rainbot_py:/opt/ros/humble /usr/bin/cmake --install /home/emmanuel/rainbot_ws/build/rain_arm_controller
[2.939s] Level 1:colcon.colcon_core.environment:checking '/home/emmanuel/rainbot_ws/install/rain_arm_controller' for CMake module files
[2.940s] Level 1:colcon.colcon_core.environment:checking '/home/emmanuel/rainbot_ws/install/rain_arm_controller' for CMake config files
[2.941s] Level 1:colcon.colcon_core.shell:create_environment_hook('rain_arm_controller', 'cmake_prefix_path')
[2.978s] INFO:colcon.colcon_core.shell:Creating environment hook '/home/emmanuel/rainbot_ws/install/rain_arm_controller/share/rain_arm_controller/hook/cmake_prefix_path.ps1'
[2.980s] INFO:colcon.colcon_core.shell:Creating environment descriptor '/home/emmanuel/rainbot_ws/install/rain_arm_controller/share/rain_arm_controller/hook/cmake_prefix_path.dsv'
[2.981s] INFO:colcon.colcon_core.shell:Creating environment hook '/home/emmanuel/rainbot_ws/install/rain_arm_controller/share/rain_arm_controller/hook/cmake_prefix_path.sh'
[2.982s] Level 1:colcon.colcon_core.environment:checking '/home/emmanuel/rainbot_ws/install/rain_arm_controller/bin'
[2.982s] Level 1:colcon.colcon_core.environment:checking '/home/emmanuel/rainbot_ws/install/rain_arm_controller/lib/pkgconfig/rain_arm_controller.pc'
[2.983s] Level 1:colcon.colcon_core.environment:checking '/home/emmanuel/rainbot_ws/install/rain_arm_controller/lib/python3.10/site-packages'
[2.983s] Level 1:colcon.colcon_core.environment:checking '/home/emmanuel/rainbot_ws/install/rain_arm_controller/bin'
[3.028s] INFO:colcon.colcon_core.shell:Creating package script '/home/emmanuel/rainbot_ws/install/rain_arm_controller/share/rain_arm_controller/package.ps1'
[3.030s] INFO:colcon.colcon_core.shell:Creating package descriptor '/home/emmanuel/rainbot_ws/install/rain_arm_controller/share/rain_arm_controller/package.dsv'
[3.031s] INFO:colcon.colcon_core.shell:Creating package script '/home/emmanuel/rainbot_ws/install/rain_arm_controller/share/rain_arm_controller/package.sh'
[3.032s] INFO:colcon.colcon_core.shell:Creating package script '/home/emmanuel/rainbot_ws/install/rain_arm_controller/share/rain_arm_controller/package.bash'
[3.034s] INFO:colcon.colcon_core.shell:Creating package script '/home/emmanuel/rainbot_ws/install/rain_arm_controller/share/rain_arm_controller/package.zsh'
[3.036s] Level 1:colcon.colcon_core.environment:create_file_with_runtime_dependencies(/home/emmanuel/rainbot_ws/install/rain_arm_controller/share/colcon-core/packages/rain_arm_controller)
[3.041s] DEBUG:colcon.colcon_core.event_handler.log_command:Invoking command in '/home/emmanuel/rainbot_ws/build/rainbot_cpp': CMAKE_PREFIX_PATH=${CMAKE_PREFIX_PATH}:/home/emmanuel/rainbot_ws/install/rainbot_py:/opt/ros/humble /usr/bin/cmake --install /home/emmanuel/rainbot_ws/build/rainbot_cpp
[3.053s] Level 1:colcon.colcon_core.environment:create_environment_scripts_only(rain_arm_description)
[3.060s] DEBUG:colcon.colcon_core.event_handler.log_command:Invoked command in '/home/emmanuel/rainbot_ws/build/rain_arm_description' returned '0': CMAKE_PREFIX_PATH=${CMAKE_PREFIX_PATH}:/home/emmanuel/rainbot_ws/install/rainbot_py:/opt/ros/humble /usr/bin/cmake --install /home/emmanuel/rainbot_ws/build/rain_arm_description
[3.138s] Level 1:colcon.colcon_core.environment:checking '/home/emmanuel/rainbot_ws/install/rain_arm_description' for CMake module files
[3.140s] Level 1:colcon.colcon_core.environment:checking '/home/emmanuel/rainbot_ws/install/rain_arm_description' for CMake config files
[3.140s] Level 1:colcon.colcon_core.shell:create_environment_hook('rain_arm_description', 'cmake_prefix_path')
[3.184s] INFO:colcon.colcon_core.shell:Creating environment hook '/home/emmanuel/rainbot_ws/install/rain_arm_description/share/rain_arm_description/hook/cmake_prefix_path.ps1'
[3.185s] INFO:colcon.colcon_core.shell:Creating environment descriptor '/home/emmanuel/rainbot_ws/install/rain_arm_description/share/rain_arm_description/hook/cmake_prefix_path.dsv'
[3.186s] INFO:colcon.colcon_core.shell:Creating environment hook '/home/emmanuel/rainbot_ws/install/rain_arm_description/share/rain_arm_description/hook/cmake_prefix_path.sh'
[3.188s] Level 1:colcon.colcon_core.environment:checking '/home/emmanuel/rainbot_ws/install/rain_arm_description/bin'
[3.188s] Level 1:colcon.colcon_core.environment:checking '/home/emmanuel/rainbot_ws/install/rain_arm_description/lib/pkgconfig/rain_arm_description.pc'
[3.188s] Level 1:colcon.colcon_core.environment:checking '/home/emmanuel/rainbot_ws/install/rain_arm_description/lib/python3.10/site-packages'
[3.189s] Level 1:colcon.colcon_core.environment:checking '/home/emmanuel/rainbot_ws/install/rain_arm_description/bin'
[3.226s] INFO:colcon.colcon_core.shell:Creating package script '/home/emmanuel/rainbot_ws/install/rain_arm_description/share/rain_arm_description/package.ps1'
[3.227s] INFO:colcon.colcon_core.shell:Creating package descriptor '/home/emmanuel/rainbot_ws/install/rain_arm_description/share/rain_arm_description/package.dsv'
[3.228s] INFO:colcon.colcon_core.shell:Creating package script '/home/emmanuel/rainbot_ws/install/rain_arm_description/share/rain_arm_description/package.sh'
[3.230s] INFO:colcon.colcon_core.shell:Creating package script '/home/emmanuel/rainbot_ws/install/rain_arm_description/share/rain_arm_description/package.bash'
[3.231s] INFO:colcon.colcon_core.shell:Creating package script '/home/emmanuel/rainbot_ws/install/rain_arm_description/share/rain_arm_description/package.zsh'
[3.232s] Level 1:colcon.colcon_core.environment:create_file_with_runtime_dependencies(/home/emmanuel/rainbot_ws/install/rain_arm_description/share/colcon-core/packages/rain_arm_description)
[3.299s] Level 1:colcon.colcon_core.environment:create_environment_scripts_only(rain_arm_controller)
[3.356s] Level 1:colcon.colcon_core.environment:checking '/home/emmanuel/rainbot_ws/install/rain_arm_controller' for CMake module files
[3.357s] Level 1:colcon.colcon_core.environment:checking '/home/emmanuel/rainbot_ws/install/rain_arm_controller' for CMake config files
[3.357s] Level 1:colcon.colcon_core.shell:create_environment_hook('rain_arm_controller', 'cmake_prefix_path')
[3.399s] INFO:colcon.colcon_core.shell:Creating environment hook '/home/emmanuel/rainbot_ws/install/rain_arm_controller/share/rain_arm_controller/hook/cmake_prefix_path.ps1'
[3.400s] INFO:colcon.colcon_core.shell:Creating environment descriptor '/home/emmanuel/rainbot_ws/install/rain_arm_controller/share/rain_arm_controller/hook/cmake_prefix_path.dsv'
[3.401s] INFO:colcon.colcon_core.shell:Creating environment hook '/home/emmanuel/rainbot_ws/install/rain_arm_controller/share/rain_arm_controller/hook/cmake_prefix_path.sh'
[3.402s] Level 1:colcon.colcon_core.environment:checking '/home/emmanuel/rainbot_ws/install/rain_arm_controller/bin'
[3.402s] Level 1:colcon.colcon_core.environment:checking '/home/emmanuel/rainbot_ws/install/rain_arm_controller/lib/pkgconfig/rain_arm_controller.pc'
[3.402s] Level 1:colcon.colcon_core.environment:checking '/home/emmanuel/rainbot_ws/install/rain_arm_controller/lib/python3.10/site-packages'
[3.403s] Level 1:colcon.colcon_core.environment:checking '/home/emmanuel/rainbot_ws/install/rain_arm_controller/bin'
[3.440s] INFO:colcon.colcon_core.shell:Creating package script '/home/emmanuel/rainbot_ws/install/rain_arm_controller/share/rain_arm_controller/package.ps1'
[3.441s] INFO:colcon.colcon_core.shell:Creating package descriptor '/home/emmanuel/rainbot_ws/install/rain_arm_controller/share/rain_arm_controller/package.dsv'
[3.442s] INFO:colcon.colcon_core.shell:Creating package script '/home/emmanuel/rainbot_ws/install/rain_arm_controller/share/rain_arm_controller/package.sh'
[3.442s] INFO:colcon.colcon_core.shell:Creating package script '/home/emmanuel/rainbot_ws/install/rain_arm_controller/share/rain_arm_controller/package.bash'
[3.443s] INFO:colcon.colcon_core.shell:Creating package script '/home/emmanuel/rainbot_ws/install/rain_arm_controller/share/rain_arm_controller/package.zsh'
[3.444s] Level 1:colcon.colcon_core.environment:create_file_with_runtime_dependencies(/home/emmanuel/rainbot_ws/install/rain_arm_controller/share/colcon-core/packages/rain_arm_controller)
[3.446s] INFO:colcon.colcon_ros.task.ament_cmake.build:Building ROS package in '/home/emmanuel/rainbot_ws/src/rainbot_utils' with build type 'ament_cmake'
[3.446s] INFO:colcon.colcon_cmake.task.cmake.build:Building CMake package in '/home/emmanuel/rainbot_ws/src/rainbot_utils'
[3.484s] INFO:colcon.colcon_core.shell:Skip shell extension 'powershell' for command environment: Not usable outside of PowerShell
[3.484s] DEBUG:colcon.colcon_core.shell:Skip shell extension 'dsv' for command environment
[3.610s] Level 1:colcon.colcon_core.environment:create_environment_scripts_only(rainbot_cpp)
[3.610s] DEBUG:colcon.colcon_core.event_handler.log_command:Invoked command in '/home/emmanuel/rainbot_ws/build/rainbot_cpp' returned '0': CMAKE_PREFIX_PATH=${CMAKE_PREFIX_PATH}:/home/emmanuel/rainbot_ws/install/rainbot_py:/opt/ros/humble /usr/bin/cmake --install /home/emmanuel/rainbot_ws/build/rainbot_cpp
[3.654s] Level 1:colcon.colcon_core.environment:checking '/home/emmanuel/rainbot_ws/install/rainbot_cpp' for CMake module files
[3.655s] Level 1:colcon.colcon_core.environment:checking '/home/emmanuel/rainbot_ws/install/rainbot_cpp' for CMake config files
[3.656s] Level 1:colcon.colcon_core.shell:create_environment_hook('rainbot_cpp', 'cmake_prefix_path')
[3.698s] INFO:colcon.colcon_core.shell:Creating environment hook '/home/emmanuel/rainbot_ws/install/rainbot_cpp/share/rainbot_cpp/hook/cmake_prefix_path.ps1'
[3.699s] INFO:colcon.colcon_core.shell:Creating environment descriptor '/home/emmanuel/rainbot_ws/install/rainbot_cpp/share/rainbot_cpp/hook/cmake_prefix_path.dsv'
[3.700s] INFO:colcon.colcon_core.shell:Creating environment hook '/home/emmanuel/rainbot_ws/install/rainbot_cpp/share/rainbot_cpp/hook/cmake_prefix_path.sh'
[3.701s] Level 1:colcon.colcon_core.environment:checking '/home/emmanuel/rainbot_ws/install/rainbot_cpp/bin'
[3.701s] Level 1:colcon.colcon_core.environment:checking '/home/emmanuel/rainbot_ws/install/rainbot_cpp/lib/pkgconfig/rainbot_cpp.pc'
[3.702s] Level 1:colcon.colcon_core.environment:checking '/home/emmanuel/rainbot_ws/install/rainbot_cpp/lib/python3.10/site-packages'
[3.702s] Level 1:colcon.colcon_core.environment:checking '/home/emmanuel/rainbot_ws/install/rainbot_cpp/bin'
[3.740s] INFO:colcon.colcon_core.shell:Creating package script '/home/emmanuel/rainbot_ws/install/rainbot_cpp/share/rainbot_cpp/package.ps1'
[3.741s] INFO:colcon.colcon_core.shell:Creating package descriptor '/home/emmanuel/rainbot_ws/install/rainbot_cpp/share/rainbot_cpp/package.dsv'
[3.741s] INFO:colcon.colcon_core.shell:Creating package script '/home/emmanuel/rainbot_ws/install/rainbot_cpp/share/rainbot_cpp/package.sh'
[3.742s] INFO:colcon.colcon_core.shell:Creating package script '/home/emmanuel/rainbot_ws/install/rainbot_cpp/share/rainbot_cpp/package.bash'
[3.743s] INFO:colcon.colcon_core.shell:Creating package script '/home/emmanuel/rainbot_ws/install/rainbot_cpp/share/rainbot_cpp/package.zsh'
[3.743s] Level 1:colcon.colcon_core.environment:create_file_with_runtime_dependencies(/home/emmanuel/rainbot_ws/install/rainbot_cpp/share/colcon-core/packages/rainbot_cpp)
[3.758s] DEBUG:colcon.colcon_core.event_handler.log_command:Invoked command in '/home/emmanuel/rainbot_ws/build/rain_arm_msgs' returned '2': CMAKE_PREFIX_PATH=${CMAKE_PREFIX_PATH}:/home/emmanuel/rainbot_ws/install/rainbot_py:/opt/ros/humble /usr/bin/cmake --build /home/emmanuel/rainbot_ws/build/rain_arm_msgs -- -j4 -l4
[3.816s] Level 1:colcon.colcon_core.environment:create_environment_scripts_only(rain_arm_description)
[3.858s] Level 1:colcon.colcon_core.environment:checking '/home/emmanuel/rainbot_ws/install/rain_arm_description' for CMake module files
[3.859s] Level 1:colcon.colcon_core.environment:checking '/home/emmanuel/rainbot_ws/install/rain_arm_description' for CMake config files
[3.859s] Level 1:colcon.colcon_core.shell:create_environment_hook('rain_arm_description', 'cmake_prefix_path')
[3.902s] INFO:colcon.colcon_core.shell:Creating environment hook '/home/emmanuel/rainbot_ws/install/rain_arm_description/share/rain_arm_description/hook/cmake_prefix_path.ps1'
[3.902s] INFO:colcon.colcon_core.shell:Creating environment descriptor '/home/emmanuel/rainbot_ws/install/rain_arm_description/share/rain_arm_description/hook/cmake_prefix_path.dsv'
[3.903s] INFO:colcon.colcon_core.shell:Creating environment hook '/home/emmanuel/rainbot_ws/install/rain_arm_description/share/rain_arm_description/hook/cmake_prefix_path.sh'
[3.904s] Level 1:colcon.colcon_core.environment:checking '/home/emmanuel/rainbot_ws/install/rain_arm_description/bin'
[3.904s] Level 1:colcon.colcon_core.environment:checking '/home/emmanuel/rainbot_ws/install/rain_arm_description/lib/pkgconfig/rain_arm_description.pc'
[3.905s] Level 1:colcon.colcon_core.environment:checking '/home/emmanuel/rainbot_ws/install/rain_arm_description/lib/python3.10/site-packages'
[3.905s] Level 1:colcon.colcon_core.environment:checking '/home/emmanuel/rainbot_ws/install/rain_arm_description/bin'
[3.944s] INFO:colcon.colcon_core.shell:Creating package script '/home/emmanuel/rainbot_ws/install/rain_arm_description/share/rain_arm_description/package.ps1'
[3.945s] INFO:colcon.colcon_core.shell:Creating package descriptor '/home/emmanuel/rainbot_ws/install/rain_arm_description/share/rain_arm_description/package.dsv'
[3.946s] INFO:colcon.colcon_core.shell:Creating package script '/home/emmanuel/rainbot_ws/install/rain_arm_description/share/rain_arm_description/package.sh'
[3.947s] INFO:colcon.colcon_core.shell:Creating package script '/home/emmanuel/rainbot_ws/install/rain_arm_description/share/rain_arm_description/package.bash'
[3.947s] INFO:colcon.colcon_core.shell:Creating package script '/home/emmanuel/rainbot_ws/install/rain_arm_description/share/rain_arm_description/package.zsh'
[3.948s] Level 1:colcon.colcon_core.environment:create_file_with_runtime_dependencies(/home/emmanuel/rainbot_ws/install/rain_arm_description/share/colcon-core/packages/rain_arm_description)
[3.954s] DEBUG:colcon.colcon_core.event_handler.log_command:Invoking command in '/home/emmanuel/rainbot_ws/build/rainbot_utils': CMAKE_PREFIX_PATH=${CMAKE_PREFIX_PATH}:/home/emmanuel/rainbot_ws/install/rainbot_py:/opt/ros/humble /usr/bin/cmake --build /home/emmanuel/rainbot_ws/build/rainbot_utils -- -j4 -l4
[4.049s] Level 1:colcon.colcon_core.environment:create_environment_scripts_only(rainbot_cpp)
[4.111s] Level 1:colcon.colcon_core.environment:checking '/home/emmanuel/rainbot_ws/install/rainbot_cpp' for CMake module files
[4.112s] Level 1:colcon.colcon_core.environment:checking '/home/emmanuel/rainbot_ws/install/rainbot_cpp' for CMake config files
[4.113s] Level 1:colcon.colcon_core.shell:create_environment_hook('rainbot_cpp', 'cmake_prefix_path')
[4.151s] INFO:colcon.colcon_core.shell:Creating environment hook '/home/emmanuel/rainbot_ws/install/rainbot_cpp/share/rainbot_cpp/hook/cmake_prefix_path.ps1'
[4.152s] INFO:colcon.colcon_core.shell:Creating environment descriptor '/home/emmanuel/rainbot_ws/install/rainbot_cpp/share/rainbot_cpp/hook/cmake_prefix_path.dsv'
[4.153s] INFO:colcon.colcon_core.shell:Creating environment hook '/home/emmanuel/rainbot_ws/install/rainbot_cpp/share/rainbot_cpp/hook/cmake_prefix_path.sh'
[4.153s] Level 1:colcon.colcon_core.environment:checking '/home/emmanuel/rainbot_ws/install/rainbot_cpp/bin'
[4.154s] Level 1:colcon.colcon_core.environment:checking '/home/emmanuel/rainbot_ws/install/rainbot_cpp/lib/pkgconfig/rainbot_cpp.pc'
[4.154s] Level 1:colcon.colcon_core.environment:checking '/home/emmanuel/rainbot_ws/install/rainbot_cpp/lib/python3.10/site-packages'
[4.155s] Level 1:colcon.colcon_core.environment:checking '/home/emmanuel/rainbot_ws/install/rainbot_cpp/bin'
[4.194s] INFO:colcon.colcon_core.shell:Creating package script '/home/emmanuel/rainbot_ws/install/rainbot_cpp/share/rainbot_cpp/package.ps1'
[4.195s] INFO:colcon.colcon_core.shell:Creating package descriptor '/home/emmanuel/rainbot_ws/install/rainbot_cpp/share/rainbot_cpp/package.dsv'
[4.196s] INFO:colcon.colcon_core.shell:Creating package script '/home/emmanuel/rainbot_ws/install/rainbot_cpp/share/rainbot_cpp/package.sh'
[4.197s] INFO:colcon.colcon_core.shell:Creating package script '/home/emmanuel/rainbot_ws/install/rainbot_cpp/share/rainbot_cpp/package.bash'
[4.198s] INFO:colcon.colcon_core.shell:Creating package script '/home/emmanuel/rainbot_ws/install/rainbot_cpp/share/rainbot_cpp/package.zsh'
[4.198s] Level 1:colcon.colcon_core.environment:create_file_with_runtime_dependencies(/home/emmanuel/rainbot_ws/install/rainbot_cpp/share/colcon-core/packages/rainbot_cpp)
[4.248s] Level 1:colcon.colcon_core.environment:create_environment_scripts_only(rain_arm_msgs)
[4.287s] Level 1:colcon.colcon_core.environment:checking '/home/emmanuel/rainbot_ws/install/rain_arm_msgs' for CMake module files
[4.289s] Level 1:colcon.colcon_core.environment:checking '/home/emmanuel/rainbot_ws/install/rain_arm_msgs' for CMake config files
[4.289s] Level 1:colcon.colcon_core.shell:create_environment_hook('rain_arm_msgs', 'cmake_prefix_path')
[4.327s] INFO:colcon.colcon_core.shell:Creating environment hook '/home/emmanuel/rainbot_ws/install/rain_arm_msgs/share/rain_arm_msgs/hook/cmake_prefix_path.ps1'
[4.328s] INFO:colcon.colcon_core.shell:Creating environment descriptor '/home/emmanuel/rainbot_ws/install/rain_arm_msgs/share/rain_arm_msgs/hook/cmake_prefix_path.dsv'
[4.329s] INFO:colcon.colcon_core.shell:Creating environment hook '/home/emmanuel/rainbot_ws/install/rain_arm_msgs/share/rain_arm_msgs/hook/cmake_prefix_path.sh'
[4.330s] Level 1:colcon.colcon_core.environment:checking '/home/emmanuel/rainbot_ws/install/rain_arm_msgs/lib'
[4.331s] Level 1:colcon.colcon_core.shell:create_environment_hook('rain_arm_msgs', 'ld_library_path_lib')
[4.368s] INFO:colcon.colcon_core.shell:Creating environment hook '/home/emmanuel/rainbot_ws/install/rain_arm_msgs/share/rain_arm_msgs/hook/ld_library_path_lib.ps1'
[4.369s] INFO:colcon.colcon_core.shell:Creating environment descriptor '/home/emmanuel/rainbot_ws/install/rain_arm_msgs/share/rain_arm_msgs/hook/ld_library_path_lib.dsv'
[4.370s] INFO:colcon.colcon_core.shell:Creating environment hook '/home/emmanuel/rainbot_ws/install/rain_arm_msgs/share/rain_arm_msgs/hook/ld_library_path_lib.sh'
[4.371s] Level 1:colcon.colcon_core.environment:checking '/home/emmanuel/rainbot_ws/install/rain_arm_msgs/bin'
[4.371s] Level 1:colcon.colcon_core.environment:checking '/home/emmanuel/rainbot_ws/install/rain_arm_msgs/lib/pkgconfig/rain_arm_msgs.pc'
[4.371s] Level 1:colcon.colcon_core.environment:checking '/home/emmanuel/rainbot_ws/install/rain_arm_msgs/lib/python3.10/site-packages'
[4.372s] Level 1:colcon.colcon_core.environment:checking '/home/emmanuel/rainbot_ws/install/rain_arm_msgs/bin'
[4.410s] INFO:colcon.colcon_core.shell:Creating package script '/home/emmanuel/rainbot_ws/install/rain_arm_msgs/share/rain_arm_msgs/package.ps1'
[4.411s] INFO:colcon.colcon_core.shell:Creating package descriptor '/home/emmanuel/rainbot_ws/install/rain_arm_msgs/share/rain_arm_msgs/package.dsv'
[4.412s] INFO:colcon.colcon_core.shell:Creating package script '/home/emmanuel/rainbot_ws/install/rain_arm_msgs/share/rain_arm_msgs/package.sh'
[4.413s] INFO:colcon.colcon_core.shell:Creating package script '/home/emmanuel/rainbot_ws/install/rain_arm_msgs/share/rain_arm_msgs/package.bash'
[4.414s] INFO:colcon.colcon_core.shell:Creating package script '/home/emmanuel/rainbot_ws/install/rain_arm_msgs/share/rain_arm_msgs/package.zsh'
[4.415s] Level 1:colcon.colcon_core.environment:create_file_with_runtime_dependencies(/home/emmanuel/rainbot_ws/install/rain_arm_msgs/share/colcon-core/packages/rain_arm_msgs)
[4.417s] DEBUG:colcon.colcon_parallel_executor.executor.parallel:closing loop
[4.418s] DEBUG:colcon.colcon_parallel_executor.executor.parallel:loop closed
[4.418s] DEBUG:colcon.colcon_parallel_executor.executor.parallel:run_until_complete finished with '2'
[4.418s] DEBUG:colcon.colcon_core.event_reactor:joining thread
[4.470s] INFO:colcon.colcon_core.plugin_system:Skipping extension 'colcon_notification.desktop_notification.terminal_notifier': Not used on non-Darwin systems
[4.470s] INFO:colcon.colcon_core.plugin_system:Skipping extension 'colcon_notification.desktop_notification.win32': Not used on non-Windows systems
[4.470s] INFO:colcon.colcon_notification.desktop_notification:Sending desktop notification using 'notify2'
[4.508s] DEBUG:colcon.colcon_core.event_reactor:joined thread
[4.548s] INFO:colcon.colcon_core.shell:Creating prefix script '/home/emmanuel/rainbot_ws/install/local_setup.ps1'
[4.550s] INFO:colcon.colcon_core.shell:Creating prefix util module '/home/emmanuel/rainbot_ws/install/_local_setup_util_ps1.py'
[4.554s] INFO:colcon.colcon_core.shell:Creating prefix chain script '/home/emmanuel/rainbot_ws/install/setup.ps1'
[4.595s] INFO:colcon.colcon_core.shell:Creating prefix script '/home/emmanuel/rainbot_ws/install/local_setup.sh'
[4.596s] INFO:colcon.colcon_core.shell:Creating prefix util module '/home/emmanuel/rainbot_ws/install/_local_setup_util_sh.py'
[4.597s] INFO:colcon.colcon_core.shell:Creating prefix chain script '/home/emmanuel/rainbot_ws/install/setup.sh'
[4.636s] INFO:colcon.colcon_core.shell:Creating prefix script '/home/emmanuel/rainbot_ws/install/local_setup.bash'
[4.637s] INFO:colcon.colcon_core.shell:Creating prefix chain script '/home/emmanuel/rainbot_ws/install/setup.bash'
[4.677s] INFO:colcon.colcon_core.shell:Creating prefix script '/home/emmanuel/rainbot_ws/install/local_setup.zsh'
[4.678s] INFO:colcon.colcon_core.shell:Creating prefix chain script '/home/emmanuel/rainbot_ws/install/setup.zsh'
