[0.930s] Invoking command in '/home/emmanuel/rainbot_ws/build/rainbot_utils': CMAKE_PREFIX_PATH=/home/emmanuel/rainbot_ws/install/rain_arm_msgs:/home/emmanuel/rainbot_ws/install/rainbot_utils:/home/emmanuel/rainbot_ws/install/rainbot_cpp:/home/emmanuel/rainbot_ws/install/rain_arm_moveit:/home/emmanuel/rainbot_ws/install/rain_arm_description:/home/emmanuel/rainbot_ws/install/rain_arm_controller:/home/emmanuel/rainbot_ws/install/rainbot_py:/opt/ros/humble /usr/bin/cmake --build /home/emmanuel/rainbot_ws/build/rainbot_utils -- -j4 -l4
[1.094s] Built target ament_cmake_python_copy_rainbot_utils
[1.801s] running egg_info
[1.803s] writing rainbot_utils.egg-info/PKG-INFO
[1.803s] writing dependency_links to rainbot_utils.egg-info/dependency_links.txt
[1.804s] writing top-level names to rainbot_utils.egg-info/top_level.txt
[1.809s] reading manifest file 'rainbot_utils.egg-info/SOURCES.txt'
[1.810s] writing manifest file 'rainbot_utils.egg-info/SOURCES.txt'
[1.882s] Built target ament_cmake_python_build_rainbot_utils_egg
[1.906s] Invoked command in '/home/emmanuel/rainbot_ws/build/rainbot_utils' returned '0': CMAKE_PREFIX_PATH=/home/emmanuel/rainbot_ws/install/rain_arm_msgs:/home/emmanuel/rainbot_ws/install/rainbot_utils:/home/emmanuel/rainbot_ws/install/rainbot_cpp:/home/emmanuel/rainbot_ws/install/rain_arm_moveit:/home/emmanuel/rainbot_ws/install/rain_arm_description:/home/emmanuel/rainbot_ws/install/rain_arm_controller:/home/emmanuel/rainbot_ws/install/rainbot_py:/opt/ros/humble /usr/bin/cmake --build /home/emmanuel/rainbot_ws/build/rainbot_utils -- -j4 -l4
[1.998s] Invoking command in '/home/emmanuel/rainbot_ws/build/rainbot_utils': CMAKE_PREFIX_PATH=/home/emmanuel/rainbot_ws/install/rain_arm_msgs:/home/emmanuel/rainbot_ws/install/rainbot_utils:/home/emmanuel/rainbot_ws/install/rainbot_cpp:/home/emmanuel/rainbot_ws/install/rain_arm_moveit:/home/emmanuel/rainbot_ws/install/rain_arm_description:/home/emmanuel/rainbot_ws/install/rain_arm_controller:/home/emmanuel/rainbot_ws/install/rainbot_py:/opt/ros/humble /usr/bin/cmake --install /home/emmanuel/rainbot_ws/build/rainbot_utils
[2.011s] -- Install configuration: ""
[2.012s] -- Up-to-date: /home/emmanuel/rainbot_ws/install/rainbot_utils/share/rainbot_utils/environment/pythonpath.sh
[2.012s] -- Up-to-date: /home/emmanuel/rainbot_ws/install/rainbot_utils/share/rainbot_utils/environment/pythonpath.dsv
[2.012s] -- Up-to-date: /home/emmanuel/rainbot_ws/install/rainbot_utils/local/lib/python3.10/dist-packages/rainbot_utils-0.0.0-py3.10.egg-info
[2.013s] -- Installing: /home/emmanuel/rainbot_ws/install/rainbot_utils/local/lib/python3.10/dist-packages/rainbot_utils-0.0.0-py3.10.egg-info/dependency_links.txt
[2.013s] -- Installing: /home/emmanuel/rainbot_ws/install/rainbot_utils/local/lib/python3.10/dist-packages/rainbot_utils-0.0.0-py3.10.egg-info/top_level.txt
[2.013s] -- Installing: /home/emmanuel/rainbot_ws/install/rainbot_utils/local/lib/python3.10/dist-packages/rainbot_utils-0.0.0-py3.10.egg-info/PKG-INFO
[2.013s] -- Installing: /home/emmanuel/rainbot_ws/install/rainbot_utils/local/lib/python3.10/dist-packages/rainbot_utils-0.0.0-py3.10.egg-info/SOURCES.txt
[2.013s] -- Up-to-date: /home/emmanuel/rainbot_ws/install/rainbot_utils/local/lib/python3.10/dist-packages/rainbot_utils
[2.014s] -- Up-to-date: /home/emmanuel/rainbot_ws/install/rainbot_utils/local/lib/python3.10/dist-packages/rainbot_utils/__init__.py
[2.014s] -- Up-to-date: /home/emmanuel/rainbot_ws/install/rainbot_utils/local/lib/python3.10/dist-packages/rainbot_utils/angle_conversion.py
[2.170s] Listing '/home/emmanuel/rainbot_ws/install/rainbot_utils/local/lib/python3.10/dist-packages/rainbot_utils'...
[2.176s] -- Up-to-date: /home/emmanuel/rainbot_ws/install/rainbot_utils/lib/rainbot_utils/angle_conversion.py
[2.176s] -- Up-to-date: /home/emmanuel/rainbot_ws/install/rainbot_utils/share/ament_index/resource_index/package_run_dependencies/rainbot_utils
[2.176s] -- Up-to-date: /home/emmanuel/rainbot_ws/install/rainbot_utils/share/ament_index/resource_index/parent_prefix_path/rainbot_utils
[2.176s] -- Up-to-date: /home/emmanuel/rainbot_ws/install/rainbot_utils/share/rainbot_utils/environment/ament_prefix_path.sh
[2.176s] -- Up-to-date: /home/emmanuel/rainbot_ws/install/rainbot_utils/share/rainbot_utils/environment/ament_prefix_path.dsv
[2.177s] -- Up-to-date: /home/emmanuel/rainbot_ws/install/rainbot_utils/share/rainbot_utils/environment/path.sh
[2.177s] -- Up-to-date: /home/emmanuel/rainbot_ws/install/rainbot_utils/share/rainbot_utils/environment/path.dsv
[2.177s] -- Up-to-date: /home/emmanuel/rainbot_ws/install/rainbot_utils/share/rainbot_utils/local_setup.bash
[2.178s] -- Up-to-date: /home/emmanuel/rainbot_ws/install/rainbot_utils/share/rainbot_utils/local_setup.sh
[2.178s] -- Up-to-date: /home/emmanuel/rainbot_ws/install/rainbot_utils/share/rainbot_utils/local_setup.zsh
[2.178s] -- Up-to-date: /home/emmanuel/rainbot_ws/install/rainbot_utils/share/rainbot_utils/local_setup.dsv
[2.178s] -- Installing: /home/emmanuel/rainbot_ws/install/rainbot_utils/share/rainbot_utils/package.dsv
[2.178s] -- Up-to-date: /home/emmanuel/rainbot_ws/install/rainbot_utils/share/ament_index/resource_index/packages/rainbot_utils
[2.178s] -- Up-to-date: /home/emmanuel/rainbot_ws/install/rainbot_utils/share/rainbot_utils/cmake/rainbot_utilsConfig.cmake
[2.178s] -- Up-to-date: /home/emmanuel/rainbot_ws/install/rainbot_utils/share/rainbot_utils/cmake/rainbot_utilsConfig-version.cmake
[2.179s] -- Up-to-date: /home/emmanuel/rainbot_ws/install/rainbot_utils/share/rainbot_utils/package.xml
[2.194s] Invoked command in '/home/emmanuel/rainbot_ws/build/rainbot_utils' returned '0': CMAKE_PREFIX_PATH=/home/emmanuel/rainbot_ws/install/rain_arm_msgs:/home/emmanuel/rainbot_ws/install/rainbot_utils:/home/emmanuel/rainbot_ws/install/rainbot_cpp:/home/emmanuel/rainbot_ws/install/rain_arm_moveit:/home/emmanuel/rainbot_ws/install/rain_arm_description:/home/emmanuel/rainbot_ws/install/rain_arm_controller:/home/emmanuel/rainbot_ws/install/rainbot_py:/opt/ros/humble /usr/bin/cmake --install /home/emmanuel/rainbot_ws/build/rainbot_utils
