[0.433s] Invoking command in '/home/emmanuel/rainbot_ws/build/rainbot_utils': CMAKE_PREFIX_PATH=${CMAKE_PREFIX_PATH}:/home/emmanuel/rainbot_ws/install/rainbot_py:/opt/ros/humble /usr/bin/cmake --build /home/emmanuel/rainbot_ws/build/rainbot_utils -- -j4 -l4
[0.585s] Invoked command in '/home/emmanuel/rainbot_ws/build/rainbot_utils' returned '0': CMAKE_PREFIX_PATH=${CMAKE_PREFIX_PATH}:/home/emmanuel/rainbot_ws/install/rainbot_py:/opt/ros/humble /usr/bin/cmake --build /home/emmanuel/rainbot_ws/build/rainbot_utils -- -j4 -l4
[0.638s] Invoking command in '/home/emmanuel/rainbot_ws/build/rainbot_utils': CMAKE_PREFIX_PATH=${CMAKE_PREFIX_PATH}:/home/emmanuel/rainbot_ws/install/rainbot_py:/opt/ros/humble /usr/bin/cmake --install /home/emmanuel/rainbot_ws/build/rainbot_utils
[0.667s] -- Install configuration: ""
[0.667s] -- Up-to-date: /home/emmanuel/rainbot_ws/install/rainbot_utils/share/ament_index/resource_index/package_run_dependencies/rainbot_utils
[0.668s] -- Up-to-date: /home/emmanuel/rainbot_ws/install/rainbot_utils/share/ament_index/resource_index/parent_prefix_path/rainbot_utils
[0.668s] -- Up-to-date: /home/emmanuel/rainbot_ws/install/rainbot_utils/share/rainbot_utils/environment/ament_prefix_path.sh
[0.668s] -- Up-to-date: /home/emmanuel/rainbot_ws/install/rainbot_utils/share/rainbot_utils/environment/ament_prefix_path.dsv
[0.668s] -- Up-to-date: /home/emmanuel/rainbot_ws/install/rainbot_utils/share/rainbot_utils/environment/path.sh
[0.668s] -- Up-to-date: /home/emmanuel/rainbot_ws/install/rainbot_utils/share/rainbot_utils/environment/path.dsv
[0.669s] -- Up-to-date: /home/emmanuel/rainbot_ws/install/rainbot_utils/share/rainbot_utils/local_setup.bash
[0.669s] -- Up-to-date: /home/emmanuel/rainbot_ws/install/rainbot_utils/share/rainbot_utils/local_setup.sh
[0.669s] -- Up-to-date: /home/emmanuel/rainbot_ws/install/rainbot_utils/share/rainbot_utils/local_setup.zsh
[0.669s] -- Up-to-date: /home/emmanuel/rainbot_ws/install/rainbot_utils/share/rainbot_utils/local_setup.dsv
[0.669s] -- Up-to-date: /home/emmanuel/rainbot_ws/install/rainbot_utils/share/rainbot_utils/package.dsv
[0.669s] -- Up-to-date: /home/emmanuel/rainbot_ws/install/rainbot_utils/share/ament_index/resource_index/packages/rainbot_utils
[0.669s] -- Up-to-date: /home/emmanuel/rainbot_ws/install/rainbot_utils/share/rainbot_utils/cmake/rainbot_utilsConfig.cmake
[0.670s] -- Up-to-date: /home/emmanuel/rainbot_ws/install/rainbot_utils/share/rainbot_utils/cmake/rainbot_utilsConfig-version.cmake
[0.670s] -- Up-to-date: /home/emmanuel/rainbot_ws/install/rainbot_utils/share/rainbot_utils/package.xml
[0.679s] Invoked command in '/home/emmanuel/rainbot_ws/build/rainbot_utils' returned '0': CMAKE_PREFIX_PATH=${CMAKE_PREFIX_PATH}:/home/emmanuel/rainbot_ws/install/rainbot_py:/opt/ros/humble /usr/bin/cmake --install /home/emmanuel/rainbot_ws/build/rainbot_utils
