[0.298s] Invoking command in '/home/emmanuel/rainbot_ws/build/rain_arm_controller': CMAKE_PREFIX_PATH=${CMAKE_PREFIX_PATH}:/home/emmanuel/rainbot_ws/install/rainbot_py:/opt/ros/humble /usr/bin/cmake --build /home/emmanuel/rainbot_ws/build/rain_arm_controller -- -j4 -l4
[0.341s] -- Found ament_cmake: 1.3.5 (/opt/ros/humble/share/ament_cmake/cmake)
[0.694s] -- Found ament_lint_auto: 0.12.8 (/opt/ros/humble/share/ament_lint_auto/cmake)
[0.874s] -- Added test 'flake8' to check Python code syntax and style conventions
[0.874s] -- Added test 'lint_cmake' to check CMake code style
[0.874s] -- Added test 'pep257' to check Python code against some of the docstring style conventions in PEP 257
[0.874s] -- Added test 'xmllint' to check XML markup files
[0.874s] -- Configuring done
[0.875s] -- Generating done
[0.875s] -- Build files have been written to: /home/emmanuel/rainbot_ws/build/rain_arm_controller
[1.363s] Invoked command in '/home/emmanuel/rainbot_ws/build/rain_arm_controller' returned '0': CMAKE_PREFIX_PATH=${CMAKE_PREFIX_PATH}:/home/emmanuel/rainbot_ws/install/rainbot_py:/opt/ros/humble /usr/bin/cmake --build /home/emmanuel/rainbot_ws/build/rain_arm_controller -- -j4 -l4
[1.586s] Invoking command in '/home/emmanuel/rainbot_ws/build/rain_arm_controller': CMAKE_PREFIX_PATH=${CMAKE_PREFIX_PATH}:/home/emmanuel/rainbot_ws/install/rainbot_py:/opt/ros/humble /usr/bin/cmake --install /home/emmanuel/rainbot_ws/build/rain_arm_controller
[1.614s] -- Install configuration: ""
[1.614s] -- Up-to-date: /home/emmanuel/rainbot_ws/install/rain_arm_controller/share/rain_arm_controller/config
[1.614s] -- Installing: /home/emmanuel/rainbot_ws/install/rain_arm_controller/share/rain_arm_controller/config/rain_arm_controllers.yaml
[1.625s] -- Installing: /home/emmanuel/rainbot_ws/install/rain_arm_controller/share/ament_index/resource_index/package_run_dependencies/rain_arm_controller
[1.625s] -- Up-to-date: /home/emmanuel/rainbot_ws/install/rain_arm_controller/share/ament_index/resource_index/parent_prefix_path/rain_arm_controller
[1.625s] -- Up-to-date: /home/emmanuel/rainbot_ws/install/rain_arm_controller/share/rain_arm_controller/environment/ament_prefix_path.sh
[1.625s] -- Installing: /home/emmanuel/rainbot_ws/install/rain_arm_controller/share/rain_arm_controller/environment/ament_prefix_path.dsv
[1.625s] -- Up-to-date: /home/emmanuel/rainbot_ws/install/rain_arm_controller/share/rain_arm_controller/environment/path.sh
[1.625s] -- Installing: /home/emmanuel/rainbot_ws/install/rain_arm_controller/share/rain_arm_controller/environment/path.dsv
[1.626s] -- Up-to-date: /home/emmanuel/rainbot_ws/install/rain_arm_controller/share/rain_arm_controller/local_setup.bash
[1.626s] -- Up-to-date: /home/emmanuel/rainbot_ws/install/rain_arm_controller/share/rain_arm_controller/local_setup.sh
[1.626s] -- Up-to-date: /home/emmanuel/rainbot_ws/install/rain_arm_controller/share/rain_arm_controller/local_setup.zsh
[1.626s] -- Installing: /home/emmanuel/rainbot_ws/install/rain_arm_controller/share/rain_arm_controller/local_setup.dsv
[1.626s] -- Installing: /home/emmanuel/rainbot_ws/install/rain_arm_controller/share/rain_arm_controller/package.dsv
[1.626s] -- Up-to-date: /home/emmanuel/rainbot_ws/install/rain_arm_controller/share/ament_index/resource_index/packages/rain_arm_controller
[1.627s] -- Up-to-date: /home/emmanuel/rainbot_ws/install/rain_arm_controller/share/rain_arm_controller/cmake/rain_arm_controllerConfig.cmake
[1.627s] -- Up-to-date: /home/emmanuel/rainbot_ws/install/rain_arm_controller/share/rain_arm_controller/cmake/rain_arm_controllerConfig-version.cmake
[1.627s] -- Installing: /home/emmanuel/rainbot_ws/install/rain_arm_controller/share/rain_arm_controller/package.xml
[1.642s] Invoked command in '/home/emmanuel/rainbot_ws/build/rain_arm_controller' returned '0': CMAKE_PREFIX_PATH=${CMAKE_PREFIX_PATH}:/home/emmanuel/rainbot_ws/install/rainbot_py:/opt/ros/humble /usr/bin/cmake --install /home/emmanuel/rainbot_ws/build/rain_arm_controller
