[1.646s] DEBUG:colcon:Command line arguments: ['/usr/bin/colcon', 'build']
[1.646s] DEBUG:colcon:Parsed command line arguments: Namespace(log_base=None, log_level=None, verb_name='build', build_base='build', install_base='install', merge_install=False, symlink_install=False, test_result_base=None, continue_on_error=False, executor='parallel', parallel_workers=4, event_handlers=None, ignore_user_meta=False, metas=['./colcon.meta'], base_paths=['.'], packages_ignore=None, packages_ignore_regex=None, paths=None, packages_up_to=None, packages_up_to_regex=None, packages_above=None, packages_above_and_dependencies=None, packages_above_depth=None, packages_select_by_dep=None, packages_skip_by_dep=None, packages_skip_up_to=None, packages_select_build_failed=False, packages_skip_build_finished=False, packages_select_test_failures=False, packages_skip_test_passed=False, packages_select=None, packages_skip=None, packages_select_regex=None, packages_skip_regex=None, packages_start=None, packages_end=None, allow_overriding=[], cmake_args=None, cmake_target=None, cmake_target_skip_unavailable=False, cmake_clean_cache=False, cmake_clean_first=False, cmake_force_configure=False, ament_cmake_args=None, catkin_cmake_args=None, catkin_skip_building_tests=False, verb_parser=<colcon_defaults.argument_parser.defaults.DefaultArgumentsDecorator object at 0x7fd1a90542b0>, verb_extension=<colcon_core.verb.build.BuildVerb object at 0x7fd1a99e3880>, main=<bound method BuildVerb.main of <colcon_core.verb.build.BuildVerb object at 0x7fd1a99e3880>>)
[1.729s] Level 1:colcon.colcon_core.package_discovery:discover_packages(colcon_meta) check parameters
[1.729s] Level 1:colcon.colcon_core.package_discovery:discover_packages(recursive) check parameters
[1.729s] Level 1:colcon.colcon_core.package_discovery:discover_packages(ignore) check parameters
[1.729s] Level 1:colcon.colcon_core.package_discovery:discover_packages(path) check parameters
[1.729s] Level 1:colcon.colcon_core.package_discovery:discover_packages(colcon_meta) discover
[1.729s] Level 1:colcon.colcon_core.package_discovery:discover_packages(recursive) discover
[1.729s] INFO:colcon.colcon_core.package_discovery:Crawling recursively for packages in '/home/emmanuel/rainbot_ws'
[1.729s] Level 1:colcon.colcon_core.package_identification:_identify(.) by extensions ['ignore', 'ignore_ament_install']
[1.730s] Level 1:colcon.colcon_core.package_identification:_identify(.) by extension 'ignore'
[1.730s] Level 1:colcon.colcon_core.package_identification:_identify(.) by extension 'ignore_ament_install'
[1.730s] Level 1:colcon.colcon_core.package_identification:_identify(.) by extensions ['colcon_pkg']
[1.730s] Level 1:colcon.colcon_core.package_identification:_identify(.) by extension 'colcon_pkg'
[1.730s] Level 1:colcon.colcon_core.package_identification:_identify(.) by extensions ['colcon_meta']
[1.730s] Level 1:colcon.colcon_core.package_identification:_identify(.) by extension 'colcon_meta'
[1.730s] Level 1:colcon.colcon_core.package_identification:_identify(.) by extensions ['ros']
[1.730s] Level 1:colcon.colcon_core.package_identification:_identify(.) by extension 'ros'
[1.747s] Level 1:colcon.colcon_core.package_identification:_identify(.) by extensions ['cmake', 'python']
[1.747s] Level 1:colcon.colcon_core.package_identification:_identify(.) by extension 'cmake'
[1.748s] Level 1:colcon.colcon_core.package_identification:_identify(.) by extension 'python'
[1.748s] Level 1:colcon.colcon_core.package_identification:_identify(.) by extensions ['python_setup_py']
[1.748s] Level 1:colcon.colcon_core.package_identification:_identify(.) by extension 'python_setup_py'
[1.748s] Level 1:colcon.colcon_core.package_identification:_identify(build) by extensions ['ignore', 'ignore_ament_install']
[1.748s] Level 1:colcon.colcon_core.package_identification:_identify(build) by extension 'ignore'
[1.748s] Level 1:colcon.colcon_core.package_identification:_identify(build) ignored
[1.749s] Level 1:colcon.colcon_core.package_identification:_identify(install) by extensions ['ignore', 'ignore_ament_install']
[1.749s] Level 1:colcon.colcon_core.package_identification:_identify(install) by extension 'ignore'
[1.749s] Level 1:colcon.colcon_core.package_identification:_identify(install) ignored
[1.749s] Level 1:colcon.colcon_core.package_identification:_identify(log) by extensions ['ignore', 'ignore_ament_install']
[1.749s] Level 1:colcon.colcon_core.package_identification:_identify(log) by extension 'ignore'
[1.750s] Level 1:colcon.colcon_core.package_identification:_identify(log) ignored
[1.750s] Level 1:colcon.colcon_core.package_identification:_identify(src) by extensions ['ignore', 'ignore_ament_install']
[1.750s] Level 1:colcon.colcon_core.package_identification:_identify(src) by extension 'ignore'
[1.750s] Level 1:colcon.colcon_core.package_identification:_identify(src) by extension 'ignore_ament_install'
[1.750s] Level 1:colcon.colcon_core.package_identification:_identify(src) by extensions ['colcon_pkg']
[1.750s] Level 1:colcon.colcon_core.package_identification:_identify(src) by extension 'colcon_pkg'
[1.750s] Level 1:colcon.colcon_core.package_identification:_identify(src) by extensions ['colcon_meta']
[1.750s] Level 1:colcon.colcon_core.package_identification:_identify(src) by extension 'colcon_meta'
[1.750s] Level 1:colcon.colcon_core.package_identification:_identify(src) by extensions ['ros']
[1.751s] Level 1:colcon.colcon_core.package_identification:_identify(src) by extension 'ros'
[1.751s] Level 1:colcon.colcon_core.package_identification:_identify(src) by extensions ['cmake', 'python']
[1.751s] Level 1:colcon.colcon_core.package_identification:_identify(src) by extension 'cmake'
[1.751s] Level 1:colcon.colcon_core.package_identification:_identify(src) by extension 'python'
[1.751s] Level 1:colcon.colcon_core.package_identification:_identify(src) by extensions ['python_setup_py']
[1.751s] Level 1:colcon.colcon_core.package_identification:_identify(src) by extension 'python_setup_py'
[1.751s] Level 1:colcon.colcon_core.package_identification:_identify(src/rain_arm_controller) by extensions ['ignore', 'ignore_ament_install']
[1.752s] Level 1:colcon.colcon_core.package_identification:_identify(src/rain_arm_controller) by extension 'ignore'
[1.752s] Level 1:colcon.colcon_core.package_identification:_identify(src/rain_arm_controller) by extension 'ignore_ament_install'
[1.752s] Level 1:colcon.colcon_core.package_identification:_identify(src/rain_arm_controller) by extensions ['colcon_pkg']
[1.752s] Level 1:colcon.colcon_core.package_identification:_identify(src/rain_arm_controller) by extension 'colcon_pkg'
[1.752s] Level 1:colcon.colcon_core.package_identification:_identify(src/rain_arm_controller) by extensions ['colcon_meta']
[1.752s] Level 1:colcon.colcon_core.package_identification:_identify(src/rain_arm_controller) by extension 'colcon_meta'
[1.752s] Level 1:colcon.colcon_core.package_identification:_identify(src/rain_arm_controller) by extensions ['ros']
[1.752s] Level 1:colcon.colcon_core.package_identification:_identify(src/rain_arm_controller) by extension 'ros'
[1.757s] DEBUG:colcon.colcon_core.package_identification:Package 'src/rain_arm_controller' with type 'ros.ament_cmake' and name 'rain_arm_controller'
[1.757s] Level 1:colcon.colcon_core.package_identification:_identify(src/rain_arm_description) by extensions ['ignore', 'ignore_ament_install']
[1.758s] Level 1:colcon.colcon_core.package_identification:_identify(src/rain_arm_description) by extension 'ignore'
[1.758s] Level 1:colcon.colcon_core.package_identification:_identify(src/rain_arm_description) by extension 'ignore_ament_install'
[1.758s] Level 1:colcon.colcon_core.package_identification:_identify(src/rain_arm_description) by extensions ['colcon_pkg']
[1.758s] Level 1:colcon.colcon_core.package_identification:_identify(src/rain_arm_description) by extension 'colcon_pkg'
[1.758s] Level 1:colcon.colcon_core.package_identification:_identify(src/rain_arm_description) by extensions ['colcon_meta']
[1.758s] Level 1:colcon.colcon_core.package_identification:_identify(src/rain_arm_description) by extension 'colcon_meta'
[1.758s] Level 1:colcon.colcon_core.package_identification:_identify(src/rain_arm_description) by extensions ['ros']
[1.758s] Level 1:colcon.colcon_core.package_identification:_identify(src/rain_arm_description) by extension 'ros'
[1.760s] DEBUG:colcon.colcon_core.package_identification:Package 'src/rain_arm_description' with type 'ros.ament_cmake' and name 'rain_arm_description'
[1.760s] Level 1:colcon.colcon_core.package_identification:_identify(src/rain_arm_moveit) by extensions ['ignore', 'ignore_ament_install']
[1.760s] Level 1:colcon.colcon_core.package_identification:_identify(src/rain_arm_moveit) by extension 'ignore'
[1.760s] Level 1:colcon.colcon_core.package_identification:_identify(src/rain_arm_moveit) by extension 'ignore_ament_install'
[1.761s] Level 1:colcon.colcon_core.package_identification:_identify(src/rain_arm_moveit) by extensions ['colcon_pkg']
[1.761s] Level 1:colcon.colcon_core.package_identification:_identify(src/rain_arm_moveit) by extension 'colcon_pkg'
[1.761s] Level 1:colcon.colcon_core.package_identification:_identify(src/rain_arm_moveit) by extensions ['colcon_meta']
[1.761s] Level 1:colcon.colcon_core.package_identification:_identify(src/rain_arm_moveit) by extension 'colcon_meta'
[1.761s] Level 1:colcon.colcon_core.package_identification:_identify(src/rain_arm_moveit) by extensions ['ros']
[1.761s] Level 1:colcon.colcon_core.package_identification:_identify(src/rain_arm_moveit) by extension 'ros'
[1.762s] DEBUG:colcon.colcon_core.package_identification:Package 'src/rain_arm_moveit' with type 'ros.ament_cmake' and name 'rain_arm_moveit'
[1.762s] Level 1:colcon.colcon_core.package_identification:_identify(src/rain_arm_msgs) by extensions ['ignore', 'ignore_ament_install']
[1.762s] Level 1:colcon.colcon_core.package_identification:_identify(src/rain_arm_msgs) by extension 'ignore'
[1.763s] Level 1:colcon.colcon_core.package_identification:_identify(src/rain_arm_msgs) by extension 'ignore_ament_install'
[1.763s] Level 1:colcon.colcon_core.package_identification:_identify(src/rain_arm_msgs) by extensions ['colcon_pkg']
[1.763s] Level 1:colcon.colcon_core.package_identification:_identify(src/rain_arm_msgs) by extension 'colcon_pkg'
[1.763s] Level 1:colcon.colcon_core.package_identification:_identify(src/rain_arm_msgs) by extensions ['colcon_meta']
[1.763s] Level 1:colcon.colcon_core.package_identification:_identify(src/rain_arm_msgs) by extension 'colcon_meta'
[1.763s] Level 1:colcon.colcon_core.package_identification:_identify(src/rain_arm_msgs) by extensions ['ros']
[1.763s] Level 1:colcon.colcon_core.package_identification:_identify(src/rain_arm_msgs) by extension 'ros'
[1.764s] DEBUG:colcon.colcon_core.package_identification:Package 'src/rain_arm_msgs' with type 'ros.ament_cmake' and name 'rain_arm_msgs'
[1.764s] Level 1:colcon.colcon_core.package_identification:_identify(src/rainbot_cpp) by extensions ['ignore', 'ignore_ament_install']
[1.764s] Level 1:colcon.colcon_core.package_identification:_identify(src/rainbot_cpp) by extension 'ignore'
[1.764s] Level 1:colcon.colcon_core.package_identification:_identify(src/rainbot_cpp) by extension 'ignore_ament_install'
[1.764s] Level 1:colcon.colcon_core.package_identification:_identify(src/rainbot_cpp) by extensions ['colcon_pkg']
[1.764s] Level 1:colcon.colcon_core.package_identification:_identify(src/rainbot_cpp) by extension 'colcon_pkg'
[1.764s] Level 1:colcon.colcon_core.package_identification:_identify(src/rainbot_cpp) by extensions ['colcon_meta']
[1.764s] Level 1:colcon.colcon_core.package_identification:_identify(src/rainbot_cpp) by extension 'colcon_meta'
[1.765s] Level 1:colcon.colcon_core.package_identification:_identify(src/rainbot_cpp) by extensions ['ros']
[1.765s] Level 1:colcon.colcon_core.package_identification:_identify(src/rainbot_cpp) by extension 'ros'
[1.765s] DEBUG:colcon.colcon_core.package_identification:Package 'src/rainbot_cpp' with type 'ros.ament_cmake' and name 'rainbot_cpp'
[1.765s] Level 1:colcon.colcon_core.package_identification:_identify(src/rainbot_py) by extensions ['ignore', 'ignore_ament_install']
[1.765s] Level 1:colcon.colcon_core.package_identification:_identify(src/rainbot_py) by extension 'ignore'
[1.765s] Level 1:colcon.colcon_core.package_identification:_identify(src/rainbot_py) by extension 'ignore_ament_install'
[1.766s] Level 1:colcon.colcon_core.package_identification:_identify(src/rainbot_py) by extensions ['colcon_pkg']
[1.766s] Level 1:colcon.colcon_core.package_identification:_identify(src/rainbot_py) by extension 'colcon_pkg'
[1.766s] Level 1:colcon.colcon_core.package_identification:_identify(src/rainbot_py) by extensions ['colcon_meta']
[1.766s] Level 1:colcon.colcon_core.package_identification:_identify(src/rainbot_py) by extension 'colcon_meta'
[1.766s] Level 1:colcon.colcon_core.package_identification:_identify(src/rainbot_py) by extensions ['ros']
[1.766s] Level 1:colcon.colcon_core.package_identification:_identify(src/rainbot_py) by extension 'ros'
[1.767s] DEBUG:colcon.colcon_core.package_identification:Package 'src/rainbot_py' with type 'ros.ament_python' and name 'rainbot_py'
[1.767s] Level 1:colcon.colcon_core.package_identification:_identify(src/rainbot_utils) by extensions ['ignore', 'ignore_ament_install']
[1.767s] Level 1:colcon.colcon_core.package_identification:_identify(src/rainbot_utils) by extension 'ignore'
[1.767s] Level 1:colcon.colcon_core.package_identification:_identify(src/rainbot_utils) by extension 'ignore_ament_install'
[1.767s] Level 1:colcon.colcon_core.package_identification:_identify(src/rainbot_utils) by extensions ['colcon_pkg']
[1.767s] Level 1:colcon.colcon_core.package_identification:_identify(src/rainbot_utils) by extension 'colcon_pkg'
[1.767s] Level 1:colcon.colcon_core.package_identification:_identify(src/rainbot_utils) by extensions ['colcon_meta']
[1.767s] Level 1:colcon.colcon_core.package_identification:_identify(src/rainbot_utils) by extension 'colcon_meta'
[1.767s] Level 1:colcon.colcon_core.package_identification:_identify(src/rainbot_utils) by extensions ['ros']
[1.767s] Level 1:colcon.colcon_core.package_identification:_identify(src/rainbot_utils) by extension 'ros'
[1.768s] DEBUG:colcon.colcon_core.package_identification:Package 'src/rainbot_utils' with type 'ros.ament_cmake' and name 'rainbot_utils'
[1.768s] Level 1:colcon.colcon_core.package_discovery:discover_packages(recursive) using defaults
[1.768s] Level 1:colcon.colcon_core.package_discovery:discover_packages(ignore) discover
[1.768s] Level 1:colcon.colcon_core.package_discovery:discover_packages(ignore) using defaults
[1.768s] Level 1:colcon.colcon_core.package_discovery:discover_packages(path) discover
[1.768s] Level 1:colcon.colcon_core.package_discovery:discover_packages(path) using defaults
[1.954s] Level 1:colcon.colcon_core.package_discovery:discover_packages(prefix_path) check parameters
[1.954s] Level 1:colcon.colcon_core.package_discovery:discover_packages(prefix_path) discover
[2.005s] DEBUG:colcon.colcon_installed_package_information.package_discovery:Found 7 installed packages in /home/emmanuel/rainbot_ws/install
[2.029s] DEBUG:colcon.colcon_installed_package_information.package_discovery:Found 429 installed packages in /opt/ros/humble
[2.045s] Level 1:colcon.colcon_core.package_discovery:discover_packages(prefix_path) using defaults
[2.198s] Level 5:colcon.colcon_core.verb:set package 'rain_arm_controller' build argument 'cmake_args' from command line to 'None'
[2.198s] Level 5:colcon.colcon_core.verb:set package 'rain_arm_controller' build argument 'cmake_target' from command line to 'None'
[2.198s] Level 5:colcon.colcon_core.verb:set package 'rain_arm_controller' build argument 'cmake_target_skip_unavailable' from command line to 'False'
[2.198s] Level 5:colcon.colcon_core.verb:set package 'rain_arm_controller' build argument 'cmake_clean_cache' from command line to 'False'
[2.198s] Level 5:colcon.colcon_core.verb:set package 'rain_arm_controller' build argument 'cmake_clean_first' from command line to 'False'
[2.198s] Level 5:colcon.colcon_core.verb:set package 'rain_arm_controller' build argument 'cmake_force_configure' from command line to 'False'
[2.198s] Level 5:colcon.colcon_core.verb:set package 'rain_arm_controller' build argument 'ament_cmake_args' from command line to 'None'
[2.198s] Level 5:colcon.colcon_core.verb:set package 'rain_arm_controller' build argument 'catkin_cmake_args' from command line to 'None'
[2.198s] Level 5:colcon.colcon_core.verb:set package 'rain_arm_controller' build argument 'catkin_skip_building_tests' from command line to 'False'
[2.198s] DEBUG:colcon.colcon_core.verb:Building package 'rain_arm_controller' with the following arguments: {'ament_cmake_args': None, 'build_base': '/home/emmanuel/rainbot_ws/build/rain_arm_controller', 'catkin_cmake_args': None, 'catkin_skip_building_tests': False, 'cmake_args': None, 'cmake_clean_cache': False, 'cmake_clean_first': False, 'cmake_force_configure': False, 'cmake_target': None, 'cmake_target_skip_unavailable': False, 'install_base': '/home/emmanuel/rainbot_ws/install/rain_arm_controller', 'merge_install': False, 'path': '/home/emmanuel/rainbot_ws/src/rain_arm_controller', 'symlink_install': False, 'test_result_base': None}
[2.221s] Level 5:colcon.colcon_core.verb:set package 'rain_arm_description' build argument 'cmake_args' from command line to 'None'
[2.221s] Level 5:colcon.colcon_core.verb:set package 'rain_arm_description' build argument 'cmake_target' from command line to 'None'
[2.221s] Level 5:colcon.colcon_core.verb:set package 'rain_arm_description' build argument 'cmake_target_skip_unavailable' from command line to 'False'
[2.221s] Level 5:colcon.colcon_core.verb:set package 'rain_arm_description' build argument 'cmake_clean_cache' from command line to 'False'
[2.221s] Level 5:colcon.colcon_core.verb:set package 'rain_arm_description' build argument 'cmake_clean_first' from command line to 'False'
[2.221s] Level 5:colcon.colcon_core.verb:set package 'rain_arm_description' build argument 'cmake_force_configure' from command line to 'False'
[2.221s] Level 5:colcon.colcon_core.verb:set package 'rain_arm_description' build argument 'ament_cmake_args' from command line to 'None'
[2.221s] Level 5:colcon.colcon_core.verb:set package 'rain_arm_description' build argument 'catkin_cmake_args' from command line to 'None'
[2.221s] Level 5:colcon.colcon_core.verb:set package 'rain_arm_description' build argument 'catkin_skip_building_tests' from command line to 'False'
[2.221s] DEBUG:colcon.colcon_core.verb:Building package 'rain_arm_description' with the following arguments: {'ament_cmake_args': None, 'build_base': '/home/emmanuel/rainbot_ws/build/rain_arm_description', 'catkin_cmake_args': None, 'catkin_skip_building_tests': False, 'cmake_args': None, 'cmake_clean_cache': False, 'cmake_clean_first': False, 'cmake_force_configure': False, 'cmake_target': None, 'cmake_target_skip_unavailable': False, 'install_base': '/home/emmanuel/rainbot_ws/install/rain_arm_description', 'merge_install': False, 'path': '/home/emmanuel/rainbot_ws/src/rain_arm_description', 'symlink_install': False, 'test_result_base': None}
[2.244s] Level 5:colcon.colcon_core.verb:set package 'rain_arm_moveit' build argument 'cmake_args' from command line to 'None'
[2.244s] Level 5:colcon.colcon_core.verb:set package 'rain_arm_moveit' build argument 'cmake_target' from command line to 'None'
[2.244s] Level 5:colcon.colcon_core.verb:set package 'rain_arm_moveit' build argument 'cmake_target_skip_unavailable' from command line to 'False'
[2.245s] Level 5:colcon.colcon_core.verb:set package 'rain_arm_moveit' build argument 'cmake_clean_cache' from command line to 'False'
[2.245s] Level 5:colcon.colcon_core.verb:set package 'rain_arm_moveit' build argument 'cmake_clean_first' from command line to 'False'
[2.245s] Level 5:colcon.colcon_core.verb:set package 'rain_arm_moveit' build argument 'cmake_force_configure' from command line to 'False'
[2.245s] Level 5:colcon.colcon_core.verb:set package 'rain_arm_moveit' build argument 'ament_cmake_args' from command line to 'None'
[2.245s] Level 5:colcon.colcon_core.verb:set package 'rain_arm_moveit' build argument 'catkin_cmake_args' from command line to 'None'
[2.245s] Level 5:colcon.colcon_core.verb:set package 'rain_arm_moveit' build argument 'catkin_skip_building_tests' from command line to 'False'
[2.245s] DEBUG:colcon.colcon_core.verb:Building package 'rain_arm_moveit' with the following arguments: {'ament_cmake_args': None, 'build_base': '/home/emmanuel/rainbot_ws/build/rain_arm_moveit', 'catkin_cmake_args': None, 'catkin_skip_building_tests': False, 'cmake_args': None, 'cmake_clean_cache': False, 'cmake_clean_first': False, 'cmake_force_configure': False, 'cmake_target': None, 'cmake_target_skip_unavailable': False, 'install_base': '/home/emmanuel/rainbot_ws/install/rain_arm_moveit', 'merge_install': False, 'path': '/home/emmanuel/rainbot_ws/src/rain_arm_moveit', 'symlink_install': False, 'test_result_base': None}
[2.267s] Level 5:colcon.colcon_core.verb:set package 'rain_arm_msgs' build argument 'cmake_args' from command line to 'None'
[2.267s] Level 5:colcon.colcon_core.verb:set package 'rain_arm_msgs' build argument 'cmake_target' from command line to 'None'
[2.267s] Level 5:colcon.colcon_core.verb:set package 'rain_arm_msgs' build argument 'cmake_target_skip_unavailable' from command line to 'False'
[2.267s] Level 5:colcon.colcon_core.verb:set package 'rain_arm_msgs' build argument 'cmake_clean_cache' from command line to 'False'
[2.268s] Level 5:colcon.colcon_core.verb:set package 'rain_arm_msgs' build argument 'cmake_clean_first' from command line to 'False'
[2.268s] Level 5:colcon.colcon_core.verb:set package 'rain_arm_msgs' build argument 'cmake_force_configure' from command line to 'False'
[2.268s] Level 5:colcon.colcon_core.verb:set package 'rain_arm_msgs' build argument 'ament_cmake_args' from command line to 'None'
[2.268s] Level 5:colcon.colcon_core.verb:set package 'rain_arm_msgs' build argument 'catkin_cmake_args' from command line to 'None'
[2.268s] Level 5:colcon.colcon_core.verb:set package 'rain_arm_msgs' build argument 'catkin_skip_building_tests' from command line to 'False'
[2.268s] DEBUG:colcon.colcon_core.verb:Building package 'rain_arm_msgs' with the following arguments: {'ament_cmake_args': None, 'build_base': '/home/emmanuel/rainbot_ws/build/rain_arm_msgs', 'catkin_cmake_args': None, 'catkin_skip_building_tests': False, 'cmake_args': None, 'cmake_clean_cache': False, 'cmake_clean_first': False, 'cmake_force_configure': False, 'cmake_target': None, 'cmake_target_skip_unavailable': False, 'install_base': '/home/emmanuel/rainbot_ws/install/rain_arm_msgs', 'merge_install': False, 'path': '/home/emmanuel/rainbot_ws/src/rain_arm_msgs', 'symlink_install': False, 'test_result_base': None}
[2.289s] Level 5:colcon.colcon_core.verb:set package 'rainbot_cpp' build argument 'cmake_args' from command line to 'None'
[2.289s] Level 5:colcon.colcon_core.verb:set package 'rainbot_cpp' build argument 'cmake_target' from command line to 'None'
[2.289s] Level 5:colcon.colcon_core.verb:set package 'rainbot_cpp' build argument 'cmake_target_skip_unavailable' from command line to 'False'
[2.289s] Level 5:colcon.colcon_core.verb:set package 'rainbot_cpp' build argument 'cmake_clean_cache' from command line to 'False'
[2.289s] Level 5:colcon.colcon_core.verb:set package 'rainbot_cpp' build argument 'cmake_clean_first' from command line to 'False'
[2.289s] Level 5:colcon.colcon_core.verb:set package 'rainbot_cpp' build argument 'cmake_force_configure' from command line to 'False'
[2.289s] Level 5:colcon.colcon_core.verb:set package 'rainbot_cpp' build argument 'ament_cmake_args' from command line to 'None'
[2.289s] Level 5:colcon.colcon_core.verb:set package 'rainbot_cpp' build argument 'catkin_cmake_args' from command line to 'None'
[2.289s] Level 5:colcon.colcon_core.verb:set package 'rainbot_cpp' build argument 'catkin_skip_building_tests' from command line to 'False'
[2.289s] DEBUG:colcon.colcon_core.verb:Building package 'rainbot_cpp' with the following arguments: {'ament_cmake_args': None, 'build_base': '/home/emmanuel/rainbot_ws/build/rainbot_cpp', 'catkin_cmake_args': None, 'catkin_skip_building_tests': False, 'cmake_args': None, 'cmake_clean_cache': False, 'cmake_clean_first': False, 'cmake_force_configure': False, 'cmake_target': None, 'cmake_target_skip_unavailable': False, 'install_base': '/home/emmanuel/rainbot_ws/install/rainbot_cpp', 'merge_install': False, 'path': '/home/emmanuel/rainbot_ws/src/rainbot_cpp', 'symlink_install': False, 'test_result_base': None}
[2.313s] Level 5:colcon.colcon_core.verb:set package 'rainbot_py' build argument 'cmake_args' from command line to 'None'
[2.313s] Level 5:colcon.colcon_core.verb:set package 'rainbot_py' build argument 'cmake_target' from command line to 'None'
[2.313s] Level 5:colcon.colcon_core.verb:set package 'rainbot_py' build argument 'cmake_target_skip_unavailable' from command line to 'False'
[2.313s] Level 5:colcon.colcon_core.verb:set package 'rainbot_py' build argument 'cmake_clean_cache' from command line to 'False'
[2.313s] Level 5:colcon.colcon_core.verb:set package 'rainbot_py' build argument 'cmake_clean_first' from command line to 'False'
[2.313s] Level 5:colcon.colcon_core.verb:set package 'rainbot_py' build argument 'cmake_force_configure' from command line to 'False'
[2.313s] Level 5:colcon.colcon_core.verb:set package 'rainbot_py' build argument 'ament_cmake_args' from command line to 'None'
[2.313s] Level 5:colcon.colcon_core.verb:set package 'rainbot_py' build argument 'catkin_cmake_args' from command line to 'None'
[2.313s] Level 5:colcon.colcon_core.verb:set package 'rainbot_py' build argument 'catkin_skip_building_tests' from command line to 'False'
[2.313s] DEBUG:colcon.colcon_core.verb:Building package 'rainbot_py' with the following arguments: {'ament_cmake_args': None, 'build_base': '/home/emmanuel/rainbot_ws/build/rainbot_py', 'catkin_cmake_args': None, 'catkin_skip_building_tests': False, 'cmake_args': None, 'cmake_clean_cache': False, 'cmake_clean_first': False, 'cmake_force_configure': False, 'cmake_target': None, 'cmake_target_skip_unavailable': False, 'install_base': '/home/emmanuel/rainbot_ws/install/rainbot_py', 'merge_install': False, 'path': '/home/emmanuel/rainbot_ws/src/rainbot_py', 'symlink_install': False, 'test_result_base': None}
[2.336s] Level 5:colcon.colcon_core.verb:set package 'rainbot_utils' build argument 'cmake_args' from command line to 'None'
[2.336s] Level 5:colcon.colcon_core.verb:set package 'rainbot_utils' build argument 'cmake_target' from command line to 'None'
[2.336s] Level 5:colcon.colcon_core.verb:set package 'rainbot_utils' build argument 'cmake_target_skip_unavailable' from command line to 'False'
[2.336s] Level 5:colcon.colcon_core.verb:set package 'rainbot_utils' build argument 'cmake_clean_cache' from command line to 'False'
[2.336s] Level 5:colcon.colcon_core.verb:set package 'rainbot_utils' build argument 'cmake_clean_first' from command line to 'False'
[2.336s] Level 5:colcon.colcon_core.verb:set package 'rainbot_utils' build argument 'cmake_force_configure' from command line to 'False'
[2.336s] Level 5:colcon.colcon_core.verb:set package 'rainbot_utils' build argument 'ament_cmake_args' from command line to 'None'
[2.336s] Level 5:colcon.colcon_core.verb:set package 'rainbot_utils' build argument 'catkin_cmake_args' from command line to 'None'
[2.336s] Level 5:colcon.colcon_core.verb:set package 'rainbot_utils' build argument 'catkin_skip_building_tests' from command line to 'False'
[2.336s] DEBUG:colcon.colcon_core.verb:Building package 'rainbot_utils' with the following arguments: {'ament_cmake_args': None, 'build_base': '/home/emmanuel/rainbot_ws/build/rainbot_utils', 'catkin_cmake_args': None, 'catkin_skip_building_tests': False, 'cmake_args': None, 'cmake_clean_cache': False, 'cmake_clean_first': False, 'cmake_force_configure': False, 'cmake_target': None, 'cmake_target_skip_unavailable': False, 'install_base': '/home/emmanuel/rainbot_ws/install/rainbot_utils', 'merge_install': False, 'path': '/home/emmanuel/rainbot_ws/src/rainbot_utils', 'symlink_install': False, 'test_result_base': None}
[2.360s] INFO:colcon.colcon_core.executor:Executing jobs using 'parallel' executor
[2.384s] DEBUG:colcon.colcon_parallel_executor.executor.parallel:run_until_complete
[2.384s] INFO:colcon.colcon_ros.task.ament_cmake.build:Building ROS package in '/home/emmanuel/rainbot_ws/src/rain_arm_msgs' with build type 'ament_cmake'
[2.384s] INFO:colcon.colcon_cmake.task.cmake.build:Building CMake package in '/home/emmanuel/rainbot_ws/src/rain_arm_msgs'
[2.409s] INFO:colcon.colcon_core.plugin_system:Skipping extension 'colcon_core.shell.bat': Not used on non-Windows systems
[2.410s] INFO:colcon.colcon_core.shell:Skip shell extension 'powershell' for command environment: Not usable outside of PowerShell
[2.410s] DEBUG:colcon.colcon_core.shell:Skip shell extension 'dsv' for command environment
[2.483s] INFO:colcon.colcon_ros.task.ament_cmake.build:Building ROS package in '/home/emmanuel/rainbot_ws/src/rain_arm_controller' with build type 'ament_cmake'
[2.483s] INFO:colcon.colcon_cmake.task.cmake.build:Building CMake package in '/home/emmanuel/rainbot_ws/src/rain_arm_controller'
[2.505s] INFO:colcon.colcon_core.shell:Skip shell extension 'powershell' for command environment: Not usable outside of PowerShell
[2.506s] DEBUG:colcon.colcon_core.shell:Skip shell extension 'dsv' for command environment
[2.581s] INFO:colcon.colcon_ros.task.ament_cmake.build:Building ROS package in '/home/emmanuel/rainbot_ws/src/rain_arm_description' with build type 'ament_cmake'
[2.582s] INFO:colcon.colcon_cmake.task.cmake.build:Building CMake package in '/home/emmanuel/rainbot_ws/src/rain_arm_description'
[2.610s] INFO:colcon.colcon_core.shell:Skip shell extension 'powershell' for command environment: Not usable outside of PowerShell
[2.610s] DEBUG:colcon.colcon_core.shell:Skip shell extension 'dsv' for command environment
[2.688s] INFO:colcon.colcon_ros.task.ament_cmake.build:Building ROS package in '/home/emmanuel/rainbot_ws/src/rain_arm_moveit' with build type 'ament_cmake'
[2.689s] INFO:colcon.colcon_cmake.task.cmake.build:Building CMake package in '/home/emmanuel/rainbot_ws/src/rain_arm_moveit'
[2.714s] INFO:colcon.colcon_core.shell:Skip shell extension 'powershell' for command environment: Not usable outside of PowerShell
[2.714s] DEBUG:colcon.colcon_core.shell:Skip shell extension 'dsv' for command environment
[2.802s] DEBUG:colcon.colcon_core.event_handler.log_command:Invoking command in '/home/emmanuel/rainbot_ws/build/rain_arm_msgs': CMAKE_PREFIX_PATH=${CMAKE_PREFIX_PATH}:/home/emmanuel/rainbot_ws/install/rainbot_py:/opt/ros/humble /usr/bin/cmake --build /home/emmanuel/rainbot_ws/build/rain_arm_msgs -- -j4 -l4
[2.810s] DEBUG:colcon.colcon_core.event_handler.log_command:Invoking command in '/home/emmanuel/rainbot_ws/build/rain_arm_controller': CMAKE_PREFIX_PATH=${CMAKE_PREFIX_PATH}:/home/emmanuel/rainbot_ws/install/rainbot_py:/opt/ros/humble /usr/bin/cmake --build /home/emmanuel/rainbot_ws/build/rain_arm_controller -- -j4 -l4
[2.815s] DEBUG:colcon.colcon_core.event_handler.log_command:Invoking command in '/home/emmanuel/rainbot_ws/build/rain_arm_description': CMAKE_PREFIX_PATH=${CMAKE_PREFIX_PATH}:/home/emmanuel/rainbot_ws/install/rainbot_py:/opt/ros/humble /usr/bin/cmake --build /home/emmanuel/rainbot_ws/build/rain_arm_description -- -j4 -l4
[2.835s] DEBUG:colcon.colcon_core.event_handler.log_command:Invoking command in '/home/emmanuel/rainbot_ws/build/rain_arm_moveit': CMAKE_PREFIX_PATH=${CMAKE_PREFIX_PATH}:/home/emmanuel/rainbot_ws/install/rainbot_py:/opt/ros/humble /usr/bin/cmake --build /home/emmanuel/rainbot_ws/build/rain_arm_moveit -- -j4 -l4
[2.886s] DEBUG:colcon.colcon_core.event_handler.log_command:Invoked command in '/home/emmanuel/rainbot_ws/build/rain_arm_controller' returned '0': CMAKE_PREFIX_PATH=${CMAKE_PREFIX_PATH}:/home/emmanuel/rainbot_ws/install/rainbot_py:/opt/ros/humble /usr/bin/cmake --build /home/emmanuel/rainbot_ws/build/rain_arm_controller -- -j4 -l4
[2.900s] DEBUG:colcon.colcon_core.event_handler.log_command:Invoked command in '/home/emmanuel/rainbot_ws/build/rain_arm_description' returned '0': CMAKE_PREFIX_PATH=${CMAKE_PREFIX_PATH}:/home/emmanuel/rainbot_ws/install/rainbot_py:/opt/ros/humble /usr/bin/cmake --build /home/emmanuel/rainbot_ws/build/rain_arm_description -- -j4 -l4
[2.930s] DEBUG:colcon.colcon_core.event_handler.log_command:Invoked command in '/home/emmanuel/rainbot_ws/build/rain_arm_moveit' returned '0': CMAKE_PREFIX_PATH=${CMAKE_PREFIX_PATH}:/home/emmanuel/rainbot_ws/install/rainbot_py:/opt/ros/humble /usr/bin/cmake --build /home/emmanuel/rainbot_ws/build/rain_arm_moveit -- -j4 -l4
[2.968s] DEBUG:colcon.colcon_core.event_handler.log_command:Invoking command in '/home/emmanuel/rainbot_ws/build/rain_arm_controller': CMAKE_PREFIX_PATH=${CMAKE_PREFIX_PATH}:/home/emmanuel/rainbot_ws/install/rainbot_py:/opt/ros/humble /usr/bin/cmake --install /home/emmanuel/rainbot_ws/build/rain_arm_controller
[2.985s] DEBUG:colcon.colcon_core.event_handler.log_command:Invoking command in '/home/emmanuel/rainbot_ws/build/rain_arm_description': CMAKE_PREFIX_PATH=${CMAKE_PREFIX_PATH}:/home/emmanuel/rainbot_ws/install/rainbot_py:/opt/ros/humble /usr/bin/cmake --install /home/emmanuel/rainbot_ws/build/rain_arm_description
[3.011s] DEBUG:colcon.colcon_core.event_handler.log_command:Invoking command in '/home/emmanuel/rainbot_ws/build/rain_arm_moveit': CMAKE_PREFIX_PATH=${CMAKE_PREFIX_PATH}:/home/emmanuel/rainbot_ws/install/rainbot_py:/opt/ros/humble /usr/bin/cmake --install /home/emmanuel/rainbot_ws/build/rain_arm_moveit
[3.020s] Level 1:colcon.colcon_core.environment:create_environment_scripts_only(rain_arm_controller)
[3.025s] DEBUG:colcon.colcon_core.event_handler.log_command:Invoked command in '/home/emmanuel/rainbot_ws/build/rain_arm_controller' returned '0': CMAKE_PREFIX_PATH=${CMAKE_PREFIX_PATH}:/home/emmanuel/rainbot_ws/install/rainbot_py:/opt/ros/humble /usr/bin/cmake --install /home/emmanuel/rainbot_ws/build/rain_arm_controller
[3.076s] Level 1:colcon.colcon_core.environment:checking '/home/emmanuel/rainbot_ws/install/rain_arm_controller' for CMake module files
[3.077s] Level 1:colcon.colcon_core.environment:checking '/home/emmanuel/rainbot_ws/install/rain_arm_controller' for CMake config files
[3.078s] Level 1:colcon.colcon_core.shell:create_environment_hook('rain_arm_controller', 'cmake_prefix_path')
[3.121s] INFO:colcon.colcon_core.shell:Creating environment hook '/home/emmanuel/rainbot_ws/install/rain_arm_controller/share/rain_arm_controller/hook/cmake_prefix_path.ps1'
[3.122s] INFO:colcon.colcon_core.shell:Creating environment descriptor '/home/emmanuel/rainbot_ws/install/rain_arm_controller/share/rain_arm_controller/hook/cmake_prefix_path.dsv'
[3.123s] INFO:colcon.colcon_core.shell:Creating environment hook '/home/emmanuel/rainbot_ws/install/rain_arm_controller/share/rain_arm_controller/hook/cmake_prefix_path.sh'
[3.126s] Level 1:colcon.colcon_core.environment:checking '/home/emmanuel/rainbot_ws/install/rain_arm_controller/bin'
[3.127s] Level 1:colcon.colcon_core.environment:checking '/home/emmanuel/rainbot_ws/install/rain_arm_controller/lib/pkgconfig/rain_arm_controller.pc'
[3.127s] Level 1:colcon.colcon_core.environment:checking '/home/emmanuel/rainbot_ws/install/rain_arm_controller/lib/python3.10/site-packages'
[3.128s] Level 1:colcon.colcon_core.environment:checking '/home/emmanuel/rainbot_ws/install/rain_arm_controller/bin'
[3.170s] INFO:colcon.colcon_core.shell:Creating package script '/home/emmanuel/rainbot_ws/install/rain_arm_controller/share/rain_arm_controller/package.ps1'
[3.173s] INFO:colcon.colcon_core.shell:Creating package descriptor '/home/emmanuel/rainbot_ws/install/rain_arm_controller/share/rain_arm_controller/package.dsv'
[3.174s] INFO:colcon.colcon_core.shell:Creating package script '/home/emmanuel/rainbot_ws/install/rain_arm_controller/share/rain_arm_controller/package.sh'
[3.177s] INFO:colcon.colcon_core.shell:Creating package script '/home/emmanuel/rainbot_ws/install/rain_arm_controller/share/rain_arm_controller/package.bash'
[3.179s] INFO:colcon.colcon_core.shell:Creating package script '/home/emmanuel/rainbot_ws/install/rain_arm_controller/share/rain_arm_controller/package.zsh'
[3.181s] Level 1:colcon.colcon_core.environment:create_file_with_runtime_dependencies(/home/emmanuel/rainbot_ws/install/rain_arm_controller/share/colcon-core/packages/rain_arm_controller)
[3.207s] Level 1:colcon.colcon_core.environment:create_environment_scripts_only(rain_arm_moveit)
[3.212s] DEBUG:colcon.colcon_core.event_handler.log_command:Invoked command in '/home/emmanuel/rainbot_ws/build/rain_arm_moveit' returned '0': CMAKE_PREFIX_PATH=${CMAKE_PREFIX_PATH}:/home/emmanuel/rainbot_ws/install/rainbot_py:/opt/ros/humble /usr/bin/cmake --install /home/emmanuel/rainbot_ws/build/rain_arm_moveit
[3.268s] Level 1:colcon.colcon_core.environment:checking '/home/emmanuel/rainbot_ws/install/rain_arm_moveit' for CMake module files
[3.269s] Level 1:colcon.colcon_core.environment:checking '/home/emmanuel/rainbot_ws/install/rain_arm_moveit' for CMake config files
[3.270s] Level 1:colcon.colcon_core.shell:create_environment_hook('rain_arm_moveit', 'cmake_prefix_path')
[3.315s] INFO:colcon.colcon_core.shell:Creating environment hook '/home/emmanuel/rainbot_ws/install/rain_arm_moveit/share/rain_arm_moveit/hook/cmake_prefix_path.ps1'
[3.318s] INFO:colcon.colcon_core.shell:Creating environment descriptor '/home/emmanuel/rainbot_ws/install/rain_arm_moveit/share/rain_arm_moveit/hook/cmake_prefix_path.dsv'
[3.320s] INFO:colcon.colcon_core.shell:Creating environment hook '/home/emmanuel/rainbot_ws/install/rain_arm_moveit/share/rain_arm_moveit/hook/cmake_prefix_path.sh'
[3.321s] Level 1:colcon.colcon_core.environment:checking '/home/emmanuel/rainbot_ws/install/rain_arm_moveit/bin'
[3.322s] Level 1:colcon.colcon_core.environment:checking '/home/emmanuel/rainbot_ws/install/rain_arm_moveit/lib/pkgconfig/rain_arm_moveit.pc'
[3.322s] Level 1:colcon.colcon_core.environment:checking '/home/emmanuel/rainbot_ws/install/rain_arm_moveit/lib/python3.10/site-packages'
[3.323s] Level 1:colcon.colcon_core.environment:checking '/home/emmanuel/rainbot_ws/install/rain_arm_moveit/bin'
[3.371s] INFO:colcon.colcon_core.shell:Creating package script '/home/emmanuel/rainbot_ws/install/rain_arm_moveit/share/rain_arm_moveit/package.ps1'
[3.372s] INFO:colcon.colcon_core.shell:Creating package descriptor '/home/emmanuel/rainbot_ws/install/rain_arm_moveit/share/rain_arm_moveit/package.dsv'
[3.373s] INFO:colcon.colcon_core.shell:Creating package script '/home/emmanuel/rainbot_ws/install/rain_arm_moveit/share/rain_arm_moveit/package.sh'
[3.373s] INFO:colcon.colcon_core.shell:Creating package script '/home/emmanuel/rainbot_ws/install/rain_arm_moveit/share/rain_arm_moveit/package.bash'
[3.374s] INFO:colcon.colcon_core.shell:Creating package script '/home/emmanuel/rainbot_ws/install/rain_arm_moveit/share/rain_arm_moveit/package.zsh'
[3.374s] Level 1:colcon.colcon_core.environment:create_file_with_runtime_dependencies(/home/emmanuel/rainbot_ws/install/rain_arm_moveit/share/colcon-core/packages/rain_arm_moveit)
[3.392s] Level 1:colcon.colcon_core.environment:create_environment_scripts_only(rain_arm_description)
[3.397s] DEBUG:colcon.colcon_core.event_handler.log_command:Invoked command in '/home/emmanuel/rainbot_ws/build/rain_arm_description' returned '0': CMAKE_PREFIX_PATH=${CMAKE_PREFIX_PATH}:/home/emmanuel/rainbot_ws/install/rainbot_py:/opt/ros/humble /usr/bin/cmake --install /home/emmanuel/rainbot_ws/build/rain_arm_description
[3.451s] Level 1:colcon.colcon_core.environment:checking '/home/emmanuel/rainbot_ws/install/rain_arm_description' for CMake module files
[3.453s] Level 1:colcon.colcon_core.environment:checking '/home/emmanuel/rainbot_ws/install/rain_arm_description' for CMake config files
[3.453s] Level 1:colcon.colcon_core.shell:create_environment_hook('rain_arm_description', 'cmake_prefix_path')
[3.501s] INFO:colcon.colcon_core.shell:Creating environment hook '/home/emmanuel/rainbot_ws/install/rain_arm_description/share/rain_arm_description/hook/cmake_prefix_path.ps1'
[3.501s] INFO:colcon.colcon_core.shell:Creating environment descriptor '/home/emmanuel/rainbot_ws/install/rain_arm_description/share/rain_arm_description/hook/cmake_prefix_path.dsv'
[3.502s] INFO:colcon.colcon_core.shell:Creating environment hook '/home/emmanuel/rainbot_ws/install/rain_arm_description/share/rain_arm_description/hook/cmake_prefix_path.sh'
[3.503s] Level 1:colcon.colcon_core.environment:checking '/home/emmanuel/rainbot_ws/install/rain_arm_description/bin'
[3.504s] Level 1:colcon.colcon_core.environment:checking '/home/emmanuel/rainbot_ws/install/rain_arm_description/lib/pkgconfig/rain_arm_description.pc'
[3.504s] Level 1:colcon.colcon_core.environment:checking '/home/emmanuel/rainbot_ws/install/rain_arm_description/lib/python3.10/site-packages'
[3.505s] Level 1:colcon.colcon_core.environment:checking '/home/emmanuel/rainbot_ws/install/rain_arm_description/bin'
[3.558s] INFO:colcon.colcon_core.shell:Creating package script '/home/emmanuel/rainbot_ws/install/rain_arm_description/share/rain_arm_description/package.ps1'
[3.561s] INFO:colcon.colcon_core.shell:Creating package descriptor '/home/emmanuel/rainbot_ws/install/rain_arm_description/share/rain_arm_description/package.dsv'
[3.562s] INFO:colcon.colcon_core.shell:Creating package script '/home/emmanuel/rainbot_ws/install/rain_arm_description/share/rain_arm_description/package.sh'
[3.563s] INFO:colcon.colcon_core.shell:Creating package script '/home/emmanuel/rainbot_ws/install/rain_arm_description/share/rain_arm_description/package.bash'
[3.563s] INFO:colcon.colcon_core.shell:Creating package script '/home/emmanuel/rainbot_ws/install/rain_arm_description/share/rain_arm_description/package.zsh'
[3.564s] Level 1:colcon.colcon_core.environment:create_file_with_runtime_dependencies(/home/emmanuel/rainbot_ws/install/rain_arm_description/share/colcon-core/packages/rain_arm_description)
[3.638s] Level 1:colcon.colcon_core.environment:create_environment_scripts_only(rain_arm_controller)
[3.701s] Level 1:colcon.colcon_core.environment:checking '/home/emmanuel/rainbot_ws/install/rain_arm_controller' for CMake module files
[3.702s] Level 1:colcon.colcon_core.environment:checking '/home/emmanuel/rainbot_ws/install/rain_arm_controller' for CMake config files
[3.703s] Level 1:colcon.colcon_core.shell:create_environment_hook('rain_arm_controller', 'cmake_prefix_path')
[3.775s] INFO:colcon.colcon_core.shell:Creating environment hook '/home/emmanuel/rainbot_ws/install/rain_arm_controller/share/rain_arm_controller/hook/cmake_prefix_path.ps1'
[3.777s] INFO:colcon.colcon_core.shell:Creating environment descriptor '/home/emmanuel/rainbot_ws/install/rain_arm_controller/share/rain_arm_controller/hook/cmake_prefix_path.dsv'
[3.777s] INFO:colcon.colcon_core.shell:Creating environment hook '/home/emmanuel/rainbot_ws/install/rain_arm_controller/share/rain_arm_controller/hook/cmake_prefix_path.sh'
[3.778s] Level 1:colcon.colcon_core.environment:checking '/home/emmanuel/rainbot_ws/install/rain_arm_controller/bin'
[3.779s] Level 1:colcon.colcon_core.environment:checking '/home/emmanuel/rainbot_ws/install/rain_arm_controller/lib/pkgconfig/rain_arm_controller.pc'
[3.779s] Level 1:colcon.colcon_core.environment:checking '/home/emmanuel/rainbot_ws/install/rain_arm_controller/lib/python3.10/site-packages'
[3.781s] Level 1:colcon.colcon_core.environment:checking '/home/emmanuel/rainbot_ws/install/rain_arm_controller/bin'
[3.827s] INFO:colcon.colcon_core.shell:Creating package script '/home/emmanuel/rainbot_ws/install/rain_arm_controller/share/rain_arm_controller/package.ps1'
[3.829s] INFO:colcon.colcon_core.shell:Creating package descriptor '/home/emmanuel/rainbot_ws/install/rain_arm_controller/share/rain_arm_controller/package.dsv'
[3.830s] INFO:colcon.colcon_core.shell:Creating package script '/home/emmanuel/rainbot_ws/install/rain_arm_controller/share/rain_arm_controller/package.sh'
[3.831s] INFO:colcon.colcon_core.shell:Creating package script '/home/emmanuel/rainbot_ws/install/rain_arm_controller/share/rain_arm_controller/package.bash'
[3.833s] INFO:colcon.colcon_core.shell:Creating package script '/home/emmanuel/rainbot_ws/install/rain_arm_controller/share/rain_arm_controller/package.zsh'
[3.834s] Level 1:colcon.colcon_core.environment:create_file_with_runtime_dependencies(/home/emmanuel/rainbot_ws/install/rain_arm_controller/share/colcon-core/packages/rain_arm_controller)
[3.837s] INFO:colcon.colcon_ros.task.ament_cmake.build:Building ROS package in '/home/emmanuel/rainbot_ws/src/rainbot_cpp' with build type 'ament_cmake'
[3.838s] INFO:colcon.colcon_cmake.task.cmake.build:Building CMake package in '/home/emmanuel/rainbot_ws/src/rainbot_cpp'
[3.883s] INFO:colcon.colcon_core.shell:Skip shell extension 'powershell' for command environment: Not usable outside of PowerShell
[3.883s] DEBUG:colcon.colcon_core.shell:Skip shell extension 'dsv' for command environment
[4.102s] Level 1:colcon.colcon_core.environment:create_environment_scripts_only(rain_arm_moveit)
[4.146s] Level 1:colcon.colcon_core.environment:checking '/home/emmanuel/rainbot_ws/install/rain_arm_moveit' for CMake module files
[4.147s] Level 1:colcon.colcon_core.environment:checking '/home/emmanuel/rainbot_ws/install/rain_arm_moveit' for CMake config files
[4.147s] Level 1:colcon.colcon_core.shell:create_environment_hook('rain_arm_moveit', 'cmake_prefix_path')
[4.192s] INFO:colcon.colcon_core.shell:Creating environment hook '/home/emmanuel/rainbot_ws/install/rain_arm_moveit/share/rain_arm_moveit/hook/cmake_prefix_path.ps1'
[4.193s] INFO:colcon.colcon_core.shell:Creating environment descriptor '/home/emmanuel/rainbot_ws/install/rain_arm_moveit/share/rain_arm_moveit/hook/cmake_prefix_path.dsv'
[4.194s] INFO:colcon.colcon_core.shell:Creating environment hook '/home/emmanuel/rainbot_ws/install/rain_arm_moveit/share/rain_arm_moveit/hook/cmake_prefix_path.sh'
[4.194s] Level 1:colcon.colcon_core.environment:checking '/home/emmanuel/rainbot_ws/install/rain_arm_moveit/bin'
[4.194s] Level 1:colcon.colcon_core.environment:checking '/home/emmanuel/rainbot_ws/install/rain_arm_moveit/lib/pkgconfig/rain_arm_moveit.pc'
[4.195s] Level 1:colcon.colcon_core.environment:checking '/home/emmanuel/rainbot_ws/install/rain_arm_moveit/lib/python3.10/site-packages'
[4.195s] Level 1:colcon.colcon_core.environment:checking '/home/emmanuel/rainbot_ws/install/rain_arm_moveit/bin'
[4.240s] INFO:colcon.colcon_core.shell:Creating package script '/home/emmanuel/rainbot_ws/install/rain_arm_moveit/share/rain_arm_moveit/package.ps1'
[4.241s] INFO:colcon.colcon_core.shell:Creating package descriptor '/home/emmanuel/rainbot_ws/install/rain_arm_moveit/share/rain_arm_moveit/package.dsv'
[4.242s] INFO:colcon.colcon_core.shell:Creating package script '/home/emmanuel/rainbot_ws/install/rain_arm_moveit/share/rain_arm_moveit/package.sh'
[4.243s] INFO:colcon.colcon_core.shell:Creating package script '/home/emmanuel/rainbot_ws/install/rain_arm_moveit/share/rain_arm_moveit/package.bash'
[4.244s] INFO:colcon.colcon_core.shell:Creating package script '/home/emmanuel/rainbot_ws/install/rain_arm_moveit/share/rain_arm_moveit/package.zsh'
[4.245s] Level 1:colcon.colcon_core.environment:create_file_with_runtime_dependencies(/home/emmanuel/rainbot_ws/install/rain_arm_moveit/share/colcon-core/packages/rain_arm_moveit)
[4.377s] Level 1:colcon.colcon_core.environment:create_environment_scripts_only(rain_arm_description)
[4.441s] Level 1:colcon.colcon_core.environment:checking '/home/emmanuel/rainbot_ws/install/rain_arm_description' for CMake module files
[4.447s] Level 1:colcon.colcon_core.environment:checking '/home/emmanuel/rainbot_ws/install/rain_arm_description' for CMake config files
[4.448s] Level 1:colcon.colcon_core.shell:create_environment_hook('rain_arm_description', 'cmake_prefix_path')
[4.515s] INFO:colcon.colcon_core.shell:Creating environment hook '/home/emmanuel/rainbot_ws/install/rain_arm_description/share/rain_arm_description/hook/cmake_prefix_path.ps1'
[4.516s] INFO:colcon.colcon_core.shell:Creating environment descriptor '/home/emmanuel/rainbot_ws/install/rain_arm_description/share/rain_arm_description/hook/cmake_prefix_path.dsv'
[4.516s] INFO:colcon.colcon_core.shell:Creating environment hook '/home/emmanuel/rainbot_ws/install/rain_arm_description/share/rain_arm_description/hook/cmake_prefix_path.sh'
[4.519s] Level 1:colcon.colcon_core.environment:checking '/home/emmanuel/rainbot_ws/install/rain_arm_description/bin'
[4.519s] Level 1:colcon.colcon_core.environment:checking '/home/emmanuel/rainbot_ws/install/rain_arm_description/lib/pkgconfig/rain_arm_description.pc'
[4.519s] Level 1:colcon.colcon_core.environment:checking '/home/emmanuel/rainbot_ws/install/rain_arm_description/lib/python3.10/site-packages'
[4.520s] Level 1:colcon.colcon_core.environment:checking '/home/emmanuel/rainbot_ws/install/rain_arm_description/bin'
[4.603s] INFO:colcon.colcon_core.shell:Creating package script '/home/emmanuel/rainbot_ws/install/rain_arm_description/share/rain_arm_description/package.ps1'
[4.605s] INFO:colcon.colcon_core.shell:Creating package descriptor '/home/emmanuel/rainbot_ws/install/rain_arm_description/share/rain_arm_description/package.dsv'
[4.606s] INFO:colcon.colcon_core.shell:Creating package script '/home/emmanuel/rainbot_ws/install/rain_arm_description/share/rain_arm_description/package.sh'
[4.608s] INFO:colcon.colcon_core.shell:Creating package script '/home/emmanuel/rainbot_ws/install/rain_arm_description/share/rain_arm_description/package.bash'
[4.609s] INFO:colcon.colcon_core.shell:Creating package script '/home/emmanuel/rainbot_ws/install/rain_arm_description/share/rain_arm_description/package.zsh'
[4.610s] Level 1:colcon.colcon_core.environment:create_file_with_runtime_dependencies(/home/emmanuel/rainbot_ws/install/rain_arm_description/share/colcon-core/packages/rain_arm_description)
[4.633s] DEBUG:colcon.colcon_core.event_handler.log_command:Invoking command in '/home/emmanuel/rainbot_ws/build/rainbot_cpp': CMAKE_PREFIX_PATH=${CMAKE_PREFIX_PATH}:/home/emmanuel/rainbot_ws/install/rainbot_py:/opt/ros/humble /usr/bin/cmake --build /home/emmanuel/rainbot_ws/build/rainbot_cpp -- -j4 -l4
[4.678s] DEBUG:colcon.colcon_core.event_handler.log_command:Invoked command in '/home/emmanuel/rainbot_ws/build/rain_arm_msgs' returned '0': CMAKE_PREFIX_PATH=${CMAKE_PREFIX_PATH}:/home/emmanuel/rainbot_ws/install/rainbot_py:/opt/ros/humble /usr/bin/cmake --build /home/emmanuel/rainbot_ws/build/rain_arm_msgs -- -j4 -l4
[4.756s] DEBUG:colcon.colcon_core.event_handler.log_command:Invoked command in '/home/emmanuel/rainbot_ws/build/rainbot_cpp' returned '0': CMAKE_PREFIX_PATH=${CMAKE_PREFIX_PATH}:/home/emmanuel/rainbot_ws/install/rainbot_py:/opt/ros/humble /usr/bin/cmake --build /home/emmanuel/rainbot_ws/build/rainbot_cpp -- -j4 -l4
[4.816s] DEBUG:colcon.colcon_core.event_handler.log_command:Invoking command in '/home/emmanuel/rainbot_ws/build/rainbot_cpp': CMAKE_PREFIX_PATH=${CMAKE_PREFIX_PATH}:/home/emmanuel/rainbot_ws/install/rainbot_py:/opt/ros/humble /usr/bin/cmake --install /home/emmanuel/rainbot_ws/build/rainbot_cpp
[4.868s] Level 1:colcon.colcon_core.environment:create_environment_scripts_only(rainbot_cpp)
[4.876s] DEBUG:colcon.colcon_core.event_handler.log_command:Invoked command in '/home/emmanuel/rainbot_ws/build/rainbot_cpp' returned '0': CMAKE_PREFIX_PATH=${CMAKE_PREFIX_PATH}:/home/emmanuel/rainbot_ws/install/rainbot_py:/opt/ros/humble /usr/bin/cmake --install /home/emmanuel/rainbot_ws/build/rainbot_cpp
[4.923s] Level 1:colcon.colcon_core.environment:checking '/home/emmanuel/rainbot_ws/install/rainbot_cpp' for CMake module files
[4.924s] Level 1:colcon.colcon_core.environment:checking '/home/emmanuel/rainbot_ws/install/rainbot_cpp' for CMake config files
[4.925s] Level 1:colcon.colcon_core.shell:create_environment_hook('rainbot_cpp', 'cmake_prefix_path')
[4.978s] INFO:colcon.colcon_core.shell:Creating environment hook '/home/emmanuel/rainbot_ws/install/rainbot_cpp/share/rainbot_cpp/hook/cmake_prefix_path.ps1'
[4.979s] INFO:colcon.colcon_core.shell:Creating environment descriptor '/home/emmanuel/rainbot_ws/install/rainbot_cpp/share/rainbot_cpp/hook/cmake_prefix_path.dsv'
[4.982s] INFO:colcon.colcon_core.shell:Creating environment hook '/home/emmanuel/rainbot_ws/install/rainbot_cpp/share/rainbot_cpp/hook/cmake_prefix_path.sh'
[4.983s] Level 1:colcon.colcon_core.environment:checking '/home/emmanuel/rainbot_ws/install/rainbot_cpp/bin'
[4.983s] Level 1:colcon.colcon_core.environment:checking '/home/emmanuel/rainbot_ws/install/rainbot_cpp/lib/pkgconfig/rainbot_cpp.pc'
[4.984s] Level 1:colcon.colcon_core.environment:checking '/home/emmanuel/rainbot_ws/install/rainbot_cpp/lib/python3.10/site-packages'
[4.985s] Level 1:colcon.colcon_core.environment:checking '/home/emmanuel/rainbot_ws/install/rainbot_cpp/bin'
[5.031s] INFO:colcon.colcon_core.shell:Creating package script '/home/emmanuel/rainbot_ws/install/rainbot_cpp/share/rainbot_cpp/package.ps1'
[5.032s] INFO:colcon.colcon_core.shell:Creating package descriptor '/home/emmanuel/rainbot_ws/install/rainbot_cpp/share/rainbot_cpp/package.dsv'
[5.033s] INFO:colcon.colcon_core.shell:Creating package script '/home/emmanuel/rainbot_ws/install/rainbot_cpp/share/rainbot_cpp/package.sh'
[5.033s] INFO:colcon.colcon_core.shell:Creating package script '/home/emmanuel/rainbot_ws/install/rainbot_cpp/share/rainbot_cpp/package.bash'
[5.034s] INFO:colcon.colcon_core.shell:Creating package script '/home/emmanuel/rainbot_ws/install/rainbot_cpp/share/rainbot_cpp/package.zsh'
[5.035s] Level 1:colcon.colcon_core.environment:create_file_with_runtime_dependencies(/home/emmanuel/rainbot_ws/install/rainbot_cpp/share/colcon-core/packages/rainbot_cpp)
[5.154s] Level 1:colcon.colcon_core.environment:create_environment_scripts_only(rainbot_cpp)
[5.212s] Level 1:colcon.colcon_core.environment:checking '/home/emmanuel/rainbot_ws/install/rainbot_cpp' for CMake module files
[5.216s] Level 1:colcon.colcon_core.environment:checking '/home/emmanuel/rainbot_ws/install/rainbot_cpp' for CMake config files
[5.217s] Level 1:colcon.colcon_core.shell:create_environment_hook('rainbot_cpp', 'cmake_prefix_path')
[5.259s] INFO:colcon.colcon_core.shell:Creating environment hook '/home/emmanuel/rainbot_ws/install/rainbot_cpp/share/rainbot_cpp/hook/cmake_prefix_path.ps1'
[5.260s] INFO:colcon.colcon_core.shell:Creating environment descriptor '/home/emmanuel/rainbot_ws/install/rainbot_cpp/share/rainbot_cpp/hook/cmake_prefix_path.dsv'
[5.261s] INFO:colcon.colcon_core.shell:Creating environment hook '/home/emmanuel/rainbot_ws/install/rainbot_cpp/share/rainbot_cpp/hook/cmake_prefix_path.sh'
[5.263s] Level 1:colcon.colcon_core.environment:checking '/home/emmanuel/rainbot_ws/install/rainbot_cpp/bin'
[5.263s] Level 1:colcon.colcon_core.environment:checking '/home/emmanuel/rainbot_ws/install/rainbot_cpp/lib/pkgconfig/rainbot_cpp.pc'
[5.263s] Level 1:colcon.colcon_core.environment:checking '/home/emmanuel/rainbot_ws/install/rainbot_cpp/lib/python3.10/site-packages'
[5.264s] Level 1:colcon.colcon_core.environment:checking '/home/emmanuel/rainbot_ws/install/rainbot_cpp/bin'
[5.309s] INFO:colcon.colcon_core.shell:Creating package script '/home/emmanuel/rainbot_ws/install/rainbot_cpp/share/rainbot_cpp/package.ps1'
[5.311s] INFO:colcon.colcon_core.shell:Creating package descriptor '/home/emmanuel/rainbot_ws/install/rainbot_cpp/share/rainbot_cpp/package.dsv'
[5.312s] INFO:colcon.colcon_core.shell:Creating package script '/home/emmanuel/rainbot_ws/install/rainbot_cpp/share/rainbot_cpp/package.sh'
[5.313s] INFO:colcon.colcon_core.shell:Creating package script '/home/emmanuel/rainbot_ws/install/rainbot_cpp/share/rainbot_cpp/package.bash'
[5.314s] INFO:colcon.colcon_core.shell:Creating package script '/home/emmanuel/rainbot_ws/install/rainbot_cpp/share/rainbot_cpp/package.zsh'
[5.315s] Level 1:colcon.colcon_core.environment:create_file_with_runtime_dependencies(/home/emmanuel/rainbot_ws/install/rainbot_cpp/share/colcon-core/packages/rainbot_cpp)
[5.319s] DEBUG:colcon.colcon_core.event_handler.log_command:Invoking command in '/home/emmanuel/rainbot_ws/build/rain_arm_msgs': CMAKE_PREFIX_PATH=${CMAKE_PREFIX_PATH}:/home/emmanuel/rainbot_ws/install/rainbot_py:/opt/ros/humble /usr/bin/cmake --install /home/emmanuel/rainbot_ws/build/rain_arm_msgs
[5.516s] Level 1:colcon.colcon_core.environment:create_environment_scripts_only(rain_arm_msgs)
[5.529s] DEBUG:colcon.colcon_core.event_handler.log_command:Invoked command in '/home/emmanuel/rainbot_ws/build/rain_arm_msgs' returned '0': CMAKE_PREFIX_PATH=${CMAKE_PREFIX_PATH}:/home/emmanuel/rainbot_ws/install/rainbot_py:/opt/ros/humble /usr/bin/cmake --install /home/emmanuel/rainbot_ws/build/rain_arm_msgs
[5.578s] Level 1:colcon.colcon_core.environment:checking '/home/emmanuel/rainbot_ws/install/rain_arm_msgs' for CMake module files
[5.579s] Level 1:colcon.colcon_core.environment:checking '/home/emmanuel/rainbot_ws/install/rain_arm_msgs' for CMake config files
[5.580s] Level 1:colcon.colcon_core.shell:create_environment_hook('rain_arm_msgs', 'cmake_prefix_path')
[5.626s] INFO:colcon.colcon_core.shell:Creating environment hook '/home/emmanuel/rainbot_ws/install/rain_arm_msgs/share/rain_arm_msgs/hook/cmake_prefix_path.ps1'
[5.627s] INFO:colcon.colcon_core.shell:Creating environment descriptor '/home/emmanuel/rainbot_ws/install/rain_arm_msgs/share/rain_arm_msgs/hook/cmake_prefix_path.dsv'
[5.628s] INFO:colcon.colcon_core.shell:Creating environment hook '/home/emmanuel/rainbot_ws/install/rain_arm_msgs/share/rain_arm_msgs/hook/cmake_prefix_path.sh'
[5.629s] Level 1:colcon.colcon_core.environment:checking '/home/emmanuel/rainbot_ws/install/rain_arm_msgs/lib'
[5.629s] Level 1:colcon.colcon_core.shell:create_environment_hook('rain_arm_msgs', 'ld_library_path_lib')
[5.677s] INFO:colcon.colcon_core.shell:Creating environment hook '/home/emmanuel/rainbot_ws/install/rain_arm_msgs/share/rain_arm_msgs/hook/ld_library_path_lib.ps1'
[5.678s] INFO:colcon.colcon_core.shell:Creating environment descriptor '/home/emmanuel/rainbot_ws/install/rain_arm_msgs/share/rain_arm_msgs/hook/ld_library_path_lib.dsv'
[5.678s] INFO:colcon.colcon_core.shell:Creating environment hook '/home/emmanuel/rainbot_ws/install/rain_arm_msgs/share/rain_arm_msgs/hook/ld_library_path_lib.sh'
[5.679s] Level 1:colcon.colcon_core.environment:checking '/home/emmanuel/rainbot_ws/install/rain_arm_msgs/bin'
[5.680s] Level 1:colcon.colcon_core.environment:checking '/home/emmanuel/rainbot_ws/install/rain_arm_msgs/lib/pkgconfig/rain_arm_msgs.pc'
[5.680s] Level 1:colcon.colcon_core.environment:checking '/home/emmanuel/rainbot_ws/install/rain_arm_msgs/lib/python3.10/site-packages'
[5.681s] Level 1:colcon.colcon_core.environment:checking '/home/emmanuel/rainbot_ws/install/rain_arm_msgs/bin'
[5.726s] INFO:colcon.colcon_core.shell:Creating package script '/home/emmanuel/rainbot_ws/install/rain_arm_msgs/share/rain_arm_msgs/package.ps1'
[5.727s] INFO:colcon.colcon_core.shell:Creating package descriptor '/home/emmanuel/rainbot_ws/install/rain_arm_msgs/share/rain_arm_msgs/package.dsv'
[5.729s] INFO:colcon.colcon_core.shell:Creating package script '/home/emmanuel/rainbot_ws/install/rain_arm_msgs/share/rain_arm_msgs/package.sh'
[5.729s] INFO:colcon.colcon_core.shell:Creating package script '/home/emmanuel/rainbot_ws/install/rain_arm_msgs/share/rain_arm_msgs/package.bash'
[5.730s] INFO:colcon.colcon_core.shell:Creating package script '/home/emmanuel/rainbot_ws/install/rain_arm_msgs/share/rain_arm_msgs/package.zsh'
[5.731s] Level 1:colcon.colcon_core.environment:create_file_with_runtime_dependencies(/home/emmanuel/rainbot_ws/install/rain_arm_msgs/share/colcon-core/packages/rain_arm_msgs)
[6.027s] Level 1:colcon.colcon_core.environment:create_environment_scripts_only(rain_arm_msgs)
[6.075s] Level 1:colcon.colcon_core.environment:checking '/home/emmanuel/rainbot_ws/install/rain_arm_msgs' for CMake module files
[6.077s] Level 1:colcon.colcon_core.environment:checking '/home/emmanuel/rainbot_ws/install/rain_arm_msgs' for CMake config files
[6.077s] Level 1:colcon.colcon_core.shell:create_environment_hook('rain_arm_msgs', 'cmake_prefix_path')
[6.122s] INFO:colcon.colcon_core.shell:Creating environment hook '/home/emmanuel/rainbot_ws/install/rain_arm_msgs/share/rain_arm_msgs/hook/cmake_prefix_path.ps1'
[6.123s] INFO:colcon.colcon_core.shell:Creating environment descriptor '/home/emmanuel/rainbot_ws/install/rain_arm_msgs/share/rain_arm_msgs/hook/cmake_prefix_path.dsv'
[6.123s] INFO:colcon.colcon_core.shell:Creating environment hook '/home/emmanuel/rainbot_ws/install/rain_arm_msgs/share/rain_arm_msgs/hook/cmake_prefix_path.sh'
[6.124s] Level 1:colcon.colcon_core.environment:checking '/home/emmanuel/rainbot_ws/install/rain_arm_msgs/lib'
[6.124s] Level 1:colcon.colcon_core.shell:create_environment_hook('rain_arm_msgs', 'ld_library_path_lib')
[6.166s] INFO:colcon.colcon_core.shell:Creating environment hook '/home/emmanuel/rainbot_ws/install/rain_arm_msgs/share/rain_arm_msgs/hook/ld_library_path_lib.ps1'
[6.167s] INFO:colcon.colcon_core.shell:Creating environment descriptor '/home/emmanuel/rainbot_ws/install/rain_arm_msgs/share/rain_arm_msgs/hook/ld_library_path_lib.dsv'
[6.167s] INFO:colcon.colcon_core.shell:Creating environment hook '/home/emmanuel/rainbot_ws/install/rain_arm_msgs/share/rain_arm_msgs/hook/ld_library_path_lib.sh'
[6.168s] Level 1:colcon.colcon_core.environment:checking '/home/emmanuel/rainbot_ws/install/rain_arm_msgs/bin'
[6.168s] Level 1:colcon.colcon_core.environment:checking '/home/emmanuel/rainbot_ws/install/rain_arm_msgs/lib/pkgconfig/rain_arm_msgs.pc'
[6.168s] Level 1:colcon.colcon_core.environment:checking '/home/emmanuel/rainbot_ws/install/rain_arm_msgs/lib/python3.10/site-packages'
[6.169s] Level 1:colcon.colcon_core.environment:checking '/home/emmanuel/rainbot_ws/install/rain_arm_msgs/bin'
[6.216s] INFO:colcon.colcon_core.shell:Creating package script '/home/emmanuel/rainbot_ws/install/rain_arm_msgs/share/rain_arm_msgs/package.ps1'
[6.218s] INFO:colcon.colcon_core.shell:Creating package descriptor '/home/emmanuel/rainbot_ws/install/rain_arm_msgs/share/rain_arm_msgs/package.dsv'
[6.219s] INFO:colcon.colcon_core.shell:Creating package script '/home/emmanuel/rainbot_ws/install/rain_arm_msgs/share/rain_arm_msgs/package.sh'
[6.220s] INFO:colcon.colcon_core.shell:Creating package script '/home/emmanuel/rainbot_ws/install/rain_arm_msgs/share/rain_arm_msgs/package.bash'
[6.221s] INFO:colcon.colcon_core.shell:Creating package script '/home/emmanuel/rainbot_ws/install/rain_arm_msgs/share/rain_arm_msgs/package.zsh'
[6.222s] Level 1:colcon.colcon_core.environment:create_file_with_runtime_dependencies(/home/emmanuel/rainbot_ws/install/rain_arm_msgs/share/colcon-core/packages/rain_arm_msgs)
[6.226s] INFO:colcon.colcon_ros.task.ament_python.build:Building ROS package in '/home/emmanuel/rainbot_ws/src/rainbot_py' with build type 'ament_python'
[6.226s] Level 1:colcon.colcon_core.shell:create_environment_hook('rainbot_py', 'ament_prefix_path')
[6.277s] INFO:colcon.colcon_core.shell:Creating environment hook '/home/emmanuel/rainbot_ws/install/rainbot_py/share/rainbot_py/hook/ament_prefix_path.ps1'
[6.278s] INFO:colcon.colcon_core.shell:Creating environment descriptor '/home/emmanuel/rainbot_ws/install/rainbot_py/share/rainbot_py/hook/ament_prefix_path.dsv'
[6.278s] INFO:colcon.colcon_core.shell:Creating environment hook '/home/emmanuel/rainbot_ws/install/rainbot_py/share/rainbot_py/hook/ament_prefix_path.sh'
[6.325s] INFO:colcon.colcon_core.shell:Skip shell extension 'powershell' for command environment: Not usable outside of PowerShell
[6.325s] DEBUG:colcon.colcon_core.shell:Skip shell extension 'dsv' for command environment
[6.479s] INFO:colcon.colcon_ros.task.ament_cmake.build:Building ROS package in '/home/emmanuel/rainbot_ws/src/rainbot_utils' with build type 'ament_cmake'
[6.480s] INFO:colcon.colcon_cmake.task.cmake.build:Building CMake package in '/home/emmanuel/rainbot_ws/src/rainbot_utils'
[6.534s] INFO:colcon.colcon_core.shell:Skip shell extension 'powershell' for command environment: Not usable outside of PowerShell
[6.534s] DEBUG:colcon.colcon_core.shell:Skip shell extension 'dsv' for command environment
[7.309s] INFO:colcon.colcon_core.task.python.build:Building Python package in '/home/emmanuel/rainbot_ws/src/rainbot_py'
[7.355s] INFO:colcon.colcon_core.shell:Skip shell extension 'powershell' for command environment: Not usable outside of PowerShell
[7.355s] DEBUG:colcon.colcon_core.shell:Skip shell extension 'dsv' for command environment
[7.493s] DEBUG:colcon.colcon_core.event_handler.log_command:Invoking command in '/home/emmanuel/rainbot_ws/build/rainbot_utils': CMAKE_PREFIX_PATH=/home/emmanuel/rainbot_ws/install/rain_arm_msgs:/home/emmanuel/rainbot_ws/install/rainbot_utils:/home/emmanuel/rainbot_ws/install/rainbot_cpp:/home/emmanuel/rainbot_ws/install/rain_arm_moveit:/home/emmanuel/rainbot_ws/install/rain_arm_description:/home/emmanuel/rainbot_ws/install/rain_arm_controller:/home/emmanuel/rainbot_ws/install/rainbot_py:/opt/ros/humble /usr/bin/cmake --build /home/emmanuel/rainbot_ws/build/rainbot_utils -- -j4 -l4
[8.525s] DEBUG:colcon.colcon_core.event_handler.log_command:Invoking command in '/home/emmanuel/rainbot_ws/src/rainbot_py': CMAKE_PREFIX_PATH=/home/emmanuel/rainbot_ws/install/rain_arm_msgs:/home/emmanuel/rainbot_ws/install/rainbot_utils:/home/emmanuel/rainbot_ws/install/rainbot_cpp:/home/emmanuel/rainbot_ws/install/rain_arm_moveit:/home/emmanuel/rainbot_ws/install/rain_arm_description:/home/emmanuel/rainbot_ws/install/rain_arm_controller PYTHONPATH=/home/emmanuel/rainbot_ws/build/rainbot_py/prefix_override:/home/emmanuel/rainbot_ws/install/rainbot_py/lib/python3.10/site-packages:${PYTHONPATH} /usr/bin/python3 setup.py egg_info --egg-base ../../build/rainbot_py build --build-base /home/emmanuel/rainbot_ws/build/rainbot_py/build install --record /home/emmanuel/rainbot_ws/build/rainbot_py/install.log --single-version-externally-managed
[8.749s] DEBUG:colcon.colcon_core.event_handler.log_command:Invoked command in '/home/emmanuel/rainbot_ws/build/rainbot_utils' returned '0': CMAKE_PREFIX_PATH=/home/emmanuel/rainbot_ws/install/rain_arm_msgs:/home/emmanuel/rainbot_ws/install/rainbot_utils:/home/emmanuel/rainbot_ws/install/rainbot_cpp:/home/emmanuel/rainbot_ws/install/rain_arm_moveit:/home/emmanuel/rainbot_ws/install/rain_arm_description:/home/emmanuel/rainbot_ws/install/rain_arm_controller:/home/emmanuel/rainbot_ws/install/rainbot_py:/opt/ros/humble /usr/bin/cmake --build /home/emmanuel/rainbot_ws/build/rainbot_utils -- -j4 -l4
[8.821s] DEBUG:colcon.colcon_core.event_handler.log_command:Invoking command in '/home/emmanuel/rainbot_ws/build/rainbot_utils': CMAKE_PREFIX_PATH=/home/emmanuel/rainbot_ws/install/rain_arm_msgs:/home/emmanuel/rainbot_ws/install/rainbot_utils:/home/emmanuel/rainbot_ws/install/rainbot_cpp:/home/emmanuel/rainbot_ws/install/rain_arm_moveit:/home/emmanuel/rainbot_ws/install/rain_arm_description:/home/emmanuel/rainbot_ws/install/rain_arm_controller:/home/emmanuel/rainbot_ws/install/rainbot_py:/opt/ros/humble /usr/bin/cmake --install /home/emmanuel/rainbot_ws/build/rainbot_utils
[8.931s] Level 1:colcon.colcon_core.environment:create_environment_scripts_only(rainbot_utils)
[8.943s] DEBUG:colcon.colcon_core.event_handler.log_command:Invoked command in '/home/emmanuel/rainbot_ws/build/rainbot_utils' returned '0': CMAKE_PREFIX_PATH=/home/emmanuel/rainbot_ws/install/rain_arm_msgs:/home/emmanuel/rainbot_ws/install/rainbot_utils:/home/emmanuel/rainbot_ws/install/rainbot_cpp:/home/emmanuel/rainbot_ws/install/rain_arm_moveit:/home/emmanuel/rainbot_ws/install/rain_arm_description:/home/emmanuel/rainbot_ws/install/rain_arm_controller:/home/emmanuel/rainbot_ws/install/rainbot_py:/opt/ros/humble /usr/bin/cmake --install /home/emmanuel/rainbot_ws/build/rainbot_utils
[9.002s] Level 1:colcon.colcon_core.environment:checking '/home/emmanuel/rainbot_ws/install/rainbot_utils' for CMake module files
[9.003s] Level 1:colcon.colcon_core.environment:checking '/home/emmanuel/rainbot_ws/install/rainbot_utils' for CMake config files
[9.003s] Level 1:colcon.colcon_core.shell:create_environment_hook('rainbot_utils', 'cmake_prefix_path')
[9.064s] INFO:colcon.colcon_core.shell:Creating environment hook '/home/emmanuel/rainbot_ws/install/rainbot_utils/share/rainbot_utils/hook/cmake_prefix_path.ps1'
[9.079s] INFO:colcon.colcon_core.shell:Creating environment descriptor '/home/emmanuel/rainbot_ws/install/rainbot_utils/share/rainbot_utils/hook/cmake_prefix_path.dsv'
[9.087s] INFO:colcon.colcon_core.shell:Creating environment hook '/home/emmanuel/rainbot_ws/install/rainbot_utils/share/rainbot_utils/hook/cmake_prefix_path.sh'
[9.177s] Level 1:colcon.colcon_core.environment:checking '/home/emmanuel/rainbot_ws/install/rainbot_utils/lib'
[9.177s] Level 1:colcon.colcon_core.environment:checking '/home/emmanuel/rainbot_ws/install/rainbot_utils/bin'
[9.177s] Level 1:colcon.colcon_core.environment:checking '/home/emmanuel/rainbot_ws/install/rainbot_utils/lib/pkgconfig/rainbot_utils.pc'
[9.178s] Level 1:colcon.colcon_core.environment:checking '/home/emmanuel/rainbot_ws/install/rainbot_utils/lib/python3.10/site-packages'
[9.178s] Level 1:colcon.colcon_core.environment:checking '/home/emmanuel/rainbot_ws/install/rainbot_utils/bin'
[9.234s] INFO:colcon.colcon_core.shell:Creating package script '/home/emmanuel/rainbot_ws/install/rainbot_utils/share/rainbot_utils/package.ps1'
[9.235s] INFO:colcon.colcon_core.shell:Creating package descriptor '/home/emmanuel/rainbot_ws/install/rainbot_utils/share/rainbot_utils/package.dsv'
[9.237s] INFO:colcon.colcon_core.shell:Creating package script '/home/emmanuel/rainbot_ws/install/rainbot_utils/share/rainbot_utils/package.sh'
[9.238s] INFO:colcon.colcon_core.shell:Creating package script '/home/emmanuel/rainbot_ws/install/rainbot_utils/share/rainbot_utils/package.bash'
[9.239s] INFO:colcon.colcon_core.shell:Creating package script '/home/emmanuel/rainbot_ws/install/rainbot_utils/share/rainbot_utils/package.zsh'
[9.240s] Level 1:colcon.colcon_core.environment:create_file_with_runtime_dependencies(/home/emmanuel/rainbot_ws/install/rainbot_utils/share/colcon-core/packages/rainbot_utils)
[9.357s] Level 1:colcon.colcon_core.environment:create_environment_scripts_only(rainbot_utils)
[9.395s] Level 1:colcon.colcon_core.environment:checking '/home/emmanuel/rainbot_ws/install/rainbot_utils' for CMake module files
[9.396s] Level 1:colcon.colcon_core.environment:checking '/home/emmanuel/rainbot_ws/install/rainbot_utils' for CMake config files
[9.397s] Level 1:colcon.colcon_core.shell:create_environment_hook('rainbot_utils', 'cmake_prefix_path')
[9.435s] INFO:colcon.colcon_core.shell:Creating environment hook '/home/emmanuel/rainbot_ws/install/rainbot_utils/share/rainbot_utils/hook/cmake_prefix_path.ps1'
[9.436s] INFO:colcon.colcon_core.shell:Creating environment descriptor '/home/emmanuel/rainbot_ws/install/rainbot_utils/share/rainbot_utils/hook/cmake_prefix_path.dsv'
[9.436s] INFO:colcon.colcon_core.shell:Creating environment hook '/home/emmanuel/rainbot_ws/install/rainbot_utils/share/rainbot_utils/hook/cmake_prefix_path.sh'
[9.438s] Level 1:colcon.colcon_core.environment:checking '/home/emmanuel/rainbot_ws/install/rainbot_utils/lib'
[9.438s] Level 1:colcon.colcon_core.environment:checking '/home/emmanuel/rainbot_ws/install/rainbot_utils/bin'
[9.438s] Level 1:colcon.colcon_core.environment:checking '/home/emmanuel/rainbot_ws/install/rainbot_utils/lib/pkgconfig/rainbot_utils.pc'
[9.438s] Level 1:colcon.colcon_core.environment:checking '/home/emmanuel/rainbot_ws/install/rainbot_utils/lib/python3.10/site-packages'
[9.439s] Level 1:colcon.colcon_core.environment:checking '/home/emmanuel/rainbot_ws/install/rainbot_utils/bin'
[9.467s] INFO:colcon.colcon_core.shell:Creating package script '/home/emmanuel/rainbot_ws/install/rainbot_utils/share/rainbot_utils/package.ps1'
[9.468s] INFO:colcon.colcon_core.shell:Creating package descriptor '/home/emmanuel/rainbot_ws/install/rainbot_utils/share/rainbot_utils/package.dsv'
[9.469s] INFO:colcon.colcon_core.shell:Creating package script '/home/emmanuel/rainbot_ws/install/rainbot_utils/share/rainbot_utils/package.sh'
[9.470s] INFO:colcon.colcon_core.shell:Creating package script '/home/emmanuel/rainbot_ws/install/rainbot_utils/share/rainbot_utils/package.bash'
[9.470s] INFO:colcon.colcon_core.shell:Creating package script '/home/emmanuel/rainbot_ws/install/rainbot_utils/share/rainbot_utils/package.zsh'
[9.471s] Level 1:colcon.colcon_core.environment:create_file_with_runtime_dependencies(/home/emmanuel/rainbot_ws/install/rainbot_utils/share/colcon-core/packages/rainbot_utils)
[9.478s] DEBUG:colcon.colcon_core.event_handler.log_command:Invoked command in '/home/emmanuel/rainbot_ws/src/rainbot_py' returned '0': CMAKE_PREFIX_PATH=/home/emmanuel/rainbot_ws/install/rain_arm_msgs:/home/emmanuel/rainbot_ws/install/rainbot_utils:/home/emmanuel/rainbot_ws/install/rainbot_cpp:/home/emmanuel/rainbot_ws/install/rain_arm_moveit:/home/emmanuel/rainbot_ws/install/rain_arm_description:/home/emmanuel/rainbot_ws/install/rain_arm_controller PYTHONPATH=/home/emmanuel/rainbot_ws/build/rainbot_py/prefix_override:/home/emmanuel/rainbot_ws/install/rainbot_py/lib/python3.10/site-packages:${PYTHONPATH} /usr/bin/python3 setup.py egg_info --egg-base ../../build/rainbot_py build --build-base /home/emmanuel/rainbot_ws/build/rainbot_py/build install --record /home/emmanuel/rainbot_ws/build/rainbot_py/install.log --single-version-externally-managed
[9.517s] Level 1:colcon.colcon_core.environment:checking '/home/emmanuel/rainbot_ws/install/rainbot_py' for CMake module files
[9.517s] Level 1:colcon.colcon_core.environment:checking '/home/emmanuel/rainbot_ws/install/rainbot_py' for CMake config files
[9.519s] Level 1:colcon.colcon_core.environment:checking '/home/emmanuel/rainbot_ws/install/rainbot_py/lib'
[9.519s] Level 1:colcon.colcon_core.environment:checking '/home/emmanuel/rainbot_ws/install/rainbot_py/bin'
[9.519s] Level 1:colcon.colcon_core.environment:checking '/home/emmanuel/rainbot_ws/install/rainbot_py/lib/pkgconfig/rainbot_py.pc'
[9.519s] Level 1:colcon.colcon_core.environment:checking '/home/emmanuel/rainbot_ws/install/rainbot_py/lib/python3.10/site-packages'
[9.519s] Level 1:colcon.colcon_core.shell:create_environment_hook('rainbot_py', 'pythonpath')
[9.559s] INFO:colcon.colcon_core.shell:Creating environment hook '/home/emmanuel/rainbot_ws/install/rainbot_py/share/rainbot_py/hook/pythonpath.ps1'
[9.560s] INFO:colcon.colcon_core.shell:Creating environment descriptor '/home/emmanuel/rainbot_ws/install/rainbot_py/share/rainbot_py/hook/pythonpath.dsv'
[9.560s] INFO:colcon.colcon_core.shell:Creating environment hook '/home/emmanuel/rainbot_ws/install/rainbot_py/share/rainbot_py/hook/pythonpath.sh'
[9.561s] Level 1:colcon.colcon_core.environment:checking '/home/emmanuel/rainbot_ws/install/rainbot_py/bin'
[9.562s] Level 1:colcon.colcon_core.environment:create_environment_scripts_only(rainbot_py)
[9.603s] INFO:colcon.colcon_core.shell:Creating package script '/home/emmanuel/rainbot_ws/install/rainbot_py/share/rainbot_py/package.ps1'
[9.604s] INFO:colcon.colcon_core.shell:Creating package descriptor '/home/emmanuel/rainbot_ws/install/rainbot_py/share/rainbot_py/package.dsv'
[9.605s] INFO:colcon.colcon_core.shell:Creating package script '/home/emmanuel/rainbot_ws/install/rainbot_py/share/rainbot_py/package.sh'
[9.605s] INFO:colcon.colcon_core.shell:Creating package script '/home/emmanuel/rainbot_ws/install/rainbot_py/share/rainbot_py/package.bash'
[9.606s] INFO:colcon.colcon_core.shell:Creating package script '/home/emmanuel/rainbot_ws/install/rainbot_py/share/rainbot_py/package.zsh'
[9.607s] Level 1:colcon.colcon_core.environment:create_file_with_runtime_dependencies(/home/emmanuel/rainbot_ws/install/rainbot_py/share/colcon-core/packages/rainbot_py)
[9.608s] DEBUG:colcon.colcon_parallel_executor.executor.parallel:closing loop
[9.608s] DEBUG:colcon.colcon_parallel_executor.executor.parallel:loop closed
[9.608s] DEBUG:colcon.colcon_parallel_executor.executor.parallel:run_until_complete finished with '0'
[9.608s] DEBUG:colcon.colcon_core.event_reactor:joining thread
[9.659s] INFO:colcon.colcon_core.plugin_system:Skipping extension 'colcon_notification.desktop_notification.terminal_notifier': Not used on non-Darwin systems
[9.660s] INFO:colcon.colcon_core.plugin_system:Skipping extension 'colcon_notification.desktop_notification.win32': Not used on non-Windows systems
[9.660s] INFO:colcon.colcon_notification.desktop_notification:Sending desktop notification using 'notify2'
[9.682s] DEBUG:colcon.colcon_core.event_reactor:joined thread
[9.725s] INFO:colcon.colcon_core.shell:Creating prefix script '/home/emmanuel/rainbot_ws/install/local_setup.ps1'
[9.727s] INFO:colcon.colcon_core.shell:Creating prefix util module '/home/emmanuel/rainbot_ws/install/_local_setup_util_ps1.py'
[9.731s] INFO:colcon.colcon_core.shell:Creating prefix chain script '/home/emmanuel/rainbot_ws/install/setup.ps1'
[9.773s] INFO:colcon.colcon_core.shell:Creating prefix script '/home/emmanuel/rainbot_ws/install/local_setup.sh'
[9.774s] INFO:colcon.colcon_core.shell:Creating prefix util module '/home/emmanuel/rainbot_ws/install/_local_setup_util_sh.py'
[9.775s] INFO:colcon.colcon_core.shell:Creating prefix chain script '/home/emmanuel/rainbot_ws/install/setup.sh'
[9.820s] INFO:colcon.colcon_core.shell:Creating prefix script '/home/emmanuel/rainbot_ws/install/local_setup.bash'
[9.821s] INFO:colcon.colcon_core.shell:Creating prefix chain script '/home/emmanuel/rainbot_ws/install/setup.bash'
[9.865s] INFO:colcon.colcon_core.shell:Creating prefix script '/home/emmanuel/rainbot_ws/install/local_setup.zsh'
[9.866s] INFO:colcon.colcon_core.shell:Creating prefix chain script '/home/emmanuel/rainbot_ws/install/setup.zsh'
