[0.249s] Invoking command in '/home/emmanuel/rainbot_ws/build/rain_arm_moveit': CMAKE_PREFIX_PATH=${CMAKE_PREFIX_PATH}:/home/emmanuel/rainbot_ws/install/rainbot_py:/opt/ros/humble /usr/bin/cmake --build /home/emmanuel/rainbot_ws/build/rain_arm_moveit -- -j4 -l4
[1.316s] -- Found ament_cmake: 1.3.5 (/opt/ros/humble/share/ament_cmake/cmake)
[3.212s] -- Found ament_lint_auto: 0.12.8 (/opt/ros/humble/share/ament_lint_auto/cmake)
[3.490s] -- Added test 'flake8' to check Python code syntax and style conventions
[3.494s] -- Added test 'lint_cmake' to check CMake code style
[3.496s] -- Added test 'pep257' to check Python code against some of the docstring style conventions in PEP 257
[3.502s] -- Added test 'xmllint' to check XML markup files
[3.508s] -- Configuring done
[3.553s] -- Generating done
[3.559s] -- Build files have been written to: /home/emmanuel/rainbot_ws/build/rain_arm_moveit
[3.629s] Invoked command in '/home/emmanuel/rainbot_ws/build/rain_arm_moveit' returned '0': CMAKE_PREFIX_PATH=${CMAKE_PREFIX_PATH}:/home/emmanuel/rainbot_ws/install/rainbot_py:/opt/ros/humble /usr/bin/cmake --build /home/emmanuel/rainbot_ws/build/rain_arm_moveit -- -j4 -l4
[3.680s] Invoking command in '/home/emmanuel/rainbot_ws/build/rain_arm_moveit': CMAKE_PREFIX_PATH=${CMAKE_PREFIX_PATH}:/home/emmanuel/rainbot_ws/install/rainbot_py:/opt/ros/humble /usr/bin/cmake --install /home/emmanuel/rainbot_ws/build/rain_arm_moveit
[3.697s] -- Install configuration: ""
[3.700s] -- Installing: /home/emmanuel/rainbot_ws/install/rain_arm_moveit/share/rain_arm_moveit/config
[3.700s] -- Installing: /home/emmanuel/rainbot_ws/install/rain_arm_moveit/share/rain_arm_moveit/config/kinematics.yaml
[3.733s] -- Installing: /home/emmanuel/rainbot_ws/install/rain_arm_moveit/share/rain_arm_moveit/config/moveit_controllers.yaml
[3.733s] -- Installing: /home/emmanuel/rainbot_ws/install/rain_arm_moveit/share/rain_arm_moveit/config/joint_limits.yaml
[3.756s] -- Installing: /home/emmanuel/rainbot_ws/install/rain_arm_moveit/share/rain_arm_moveit/config/rain_arm.srdf
[3.757s] -- Installing: /home/emmanuel/rainbot_ws/install/rain_arm_moveit/share/rain_arm_moveit/config/pilz_cartesian_limits.yaml
[3.757s] -- Installing: /home/emmanuel/rainbot_ws/install/rain_arm_moveit/share/rain_arm_moveit/config/initial_positions.yaml
[3.789s] -- Installing: /home/emmanuel/rainbot_ws/install/rain_arm_moveit/share/rain_arm_moveit/launch
[3.789s] -- Installing: /home/emmanuel/rainbot_ws/install/rain_arm_moveit/share/rain_arm_moveit/launch/moveit.launch.py
[3.789s] -- Installing: /home/emmanuel/rainbot_ws/install/rain_arm_moveit/share/ament_index/resource_index/package_run_dependencies/rain_arm_moveit
[3.789s] -- Installing: /home/emmanuel/rainbot_ws/install/rain_arm_moveit/share/ament_index/resource_index/parent_prefix_path/rain_arm_moveit
[3.790s] -- Up-to-date: /home/emmanuel/rainbot_ws/install/rain_arm_moveit/share/rain_arm_moveit/environment/ament_prefix_path.sh
[3.790s] -- Installing: /home/emmanuel/rainbot_ws/install/rain_arm_moveit/share/rain_arm_moveit/environment/ament_prefix_path.dsv
[3.790s] -- Up-to-date: /home/emmanuel/rainbot_ws/install/rain_arm_moveit/share/rain_arm_moveit/environment/path.sh
[3.790s] -- Installing: /home/emmanuel/rainbot_ws/install/rain_arm_moveit/share/rain_arm_moveit/environment/path.dsv
[3.791s] -- Up-to-date: /home/emmanuel/rainbot_ws/install/rain_arm_moveit/share/rain_arm_moveit/local_setup.bash
[3.791s] -- Up-to-date: /home/emmanuel/rainbot_ws/install/rain_arm_moveit/share/rain_arm_moveit/local_setup.sh
[3.791s] -- Up-to-date: /home/emmanuel/rainbot_ws/install/rain_arm_moveit/share/rain_arm_moveit/local_setup.zsh
[3.791s] -- Installing: /home/emmanuel/rainbot_ws/install/rain_arm_moveit/share/rain_arm_moveit/local_setup.dsv
[3.791s] -- Installing: /home/emmanuel/rainbot_ws/install/rain_arm_moveit/share/rain_arm_moveit/package.dsv
[3.791s] -- Up-to-date: /home/emmanuel/rainbot_ws/install/rain_arm_moveit/share/ament_index/resource_index/packages/rain_arm_moveit
[3.792s] -- Up-to-date: /home/emmanuel/rainbot_ws/install/rain_arm_moveit/share/rain_arm_moveit/cmake/rain_arm_moveitConfig.cmake
[3.792s] -- Up-to-date: /home/emmanuel/rainbot_ws/install/rain_arm_moveit/share/rain_arm_moveit/cmake/rain_arm_moveitConfig-version.cmake
[3.792s] -- Installing: /home/emmanuel/rainbot_ws/install/rain_arm_moveit/share/rain_arm_moveit/package.xml
[3.813s] Invoked command in '/home/emmanuel/rainbot_ws/build/rain_arm_moveit' returned '0': CMAKE_PREFIX_PATH=${CMAKE_PREFIX_PATH}:/home/emmanuel/rainbot_ws/install/rainbot_py:/opt/ros/humble /usr/bin/cmake --install /home/emmanuel/rainbot_ws/build/rain_arm_moveit
