[1.848s] Invoking command in '/home/emmanuel/rainbot_ws/src/rainbot_py': PYTHONPATH=/home/emmanuel/rainbot_ws/build/rainbot_py/prefix_override:/home/emmanuel/rainbot_ws/install/rainbot_py/lib/python3.10/site-packages:${PYTHONPATH} /usr/bin/python3 setup.py egg_info --egg-base ../../build/rainbot_py build --build-base /home/emmanuel/rainbot_ws/build/rainbot_py/build install --record /home/emmanuel/rainbot_ws/build/rainbot_py/install.log --single-version-externally-managed
[2.137s] running egg_info
[2.137s] writing ../../build/rainbot_py/rainbot_py.egg-info/PKG-INFO
[2.138s] writing dependency_links to ../../build/rainbot_py/rainbot_py.egg-info/dependency_links.txt
[2.138s] writing entry points to ../../build/rainbot_py/rainbot_py.egg-info/entry_points.txt
[2.138s] writing requirements to ../../build/rainbot_py/rainbot_py.egg-info/requires.txt
[2.139s] writing top-level names to ../../build/rainbot_py/rainbot_py.egg-info/top_level.txt
[2.142s] reading manifest file '../../build/rainbot_py/rainbot_py.egg-info/SOURCES.txt'
[2.156s] writing manifest file '../../build/rainbot_py/rainbot_py.egg-info/SOURCES.txt'
[2.156s] running build
[2.157s] running build_py
[2.157s] copying rainbot_py/simple_parameter.py -> /home/emmanuel/rainbot_ws/build/rainbot_py/build/lib/rainbot_py
[2.157s] running install
[2.173s] /usr/lib/python3/dist-packages/setuptools/command/install.py:34: SetuptoolsDeprecationWarning: setup.py install is deprecated. Use build and pip and other standards-based tools.
[2.173s]   warnings.warn(
[2.173s] running install_lib
[2.175s] copying /home/emmanuel/rainbot_ws/build/rainbot_py/build/lib/rainbot_py/simple_parameter.py -> /home/emmanuel/rainbot_ws/install/rainbot_py/lib/python3.10/site-packages/rainbot_py
[2.176s] byte-compiling /home/emmanuel/rainbot_ws/install/rainbot_py/lib/python3.10/site-packages/rainbot_py/simple_parameter.py to simple_parameter.cpython-310.pyc
[2.177s] running install_data
[2.178s] copying package.xml -> /home/emmanuel/rainbot_ws/install/rainbot_py/share/rainbot_py
[2.178s] running install_egg_info
[2.181s] removing '/home/emmanuel/rainbot_ws/install/rainbot_py/lib/python3.10/site-packages/rainbot_py-0.0.0-py3.10.egg-info' (and everything under it)
[2.182s] Copying ../../build/rainbot_py/rainbot_py.egg-info to /home/emmanuel/rainbot_ws/install/rainbot_py/lib/python3.10/site-packages/rainbot_py-0.0.0-py3.10.egg-info
[2.198s] running install_scripts
[2.223s] Installing rain_parameter script to /home/emmanuel/rainbot_ws/install/rainbot_py/lib/rainbot_py
[2.224s] Installing rain_publisher script to /home/emmanuel/rainbot_ws/install/rainbot_py/lib/rainbot_py
[2.224s] Installing rain_subscriber script to /home/emmanuel/rainbot_ws/install/rainbot_py/lib/rainbot_py
[2.224s] writing list of installed files to '/home/emmanuel/rainbot_ws/build/rainbot_py/install.log'
[2.260s] Invoked command in '/home/emmanuel/rainbot_ws/src/rainbot_py' returned '0': PYTHONPATH=/home/emmanuel/rainbot_ws/build/rainbot_py/prefix_override:/home/emmanuel/rainbot_ws/install/rainbot_py/lib/python3.10/site-packages:${PYTHONPATH} /usr/bin/python3 setup.py egg_info --egg-base ../../build/rainbot_py build --build-base /home/emmanuel/rainbot_ws/build/rainbot_py/build install --record /home/emmanuel/rainbot_ws/build/rainbot_py/install.log --single-version-externally-managed
