[3.987s] Invoking command in '/home/emmanuel/rainbot_ws/src/rainbot_py': CMAKE_PREFIX_PATH=/home/emmanuel/rainbot_ws/install/rain_arm_msgs:/home/emmanuel/rainbot_ws/install/rainbot_utils:/home/emmanuel/rainbot_ws/install/rainbot_cpp:/home/emmanuel/rainbot_ws/install/rain_arm_moveit:/home/emmanuel/rainbot_ws/install/rain_arm_description:/home/emmanuel/rainbot_ws/install/rain_arm_controller PYTHONPATH=/home/emmanuel/rainbot_ws/build/rainbot_py/prefix_override:/home/emmanuel/rainbot_ws/install/rainbot_py/lib/python3.10/site-packages:${PYTHONPATH} /usr/bin/python3 setup.py egg_info --egg-base ../../build/rainbot_py build --build-base /home/emmanuel/rainbot_ws/build/rainbot_py/build install --record /home/emmanuel/rainbot_ws/build/rainbot_py/install.log --single-version-externally-managed
[4.303s] running egg_info
[4.305s] writing ../../build/rainbot_py/rainbot_py.egg-info/PKG-INFO
[4.305s] writing dependency_links to ../../build/rainbot_py/rainbot_py.egg-info/dependency_links.txt
[4.305s] writing entry points to ../../build/rainbot_py/rainbot_py.egg-info/entry_points.txt
[4.306s] writing requirements to ../../build/rainbot_py/rainbot_py.egg-info/requires.txt
[4.306s] writing top-level names to ../../build/rainbot_py/rainbot_py.egg-info/top_level.txt
[4.309s] reading manifest file '../../build/rainbot_py/rainbot_py.egg-info/SOURCES.txt'
[4.311s] writing manifest file '../../build/rainbot_py/rainbot_py.egg-info/SOURCES.txt'
[4.311s] running build
[4.311s] running build_py
[4.312s] running install
[4.352s] /usr/lib/python3/dist-packages/setuptools/command/install.py:34: SetuptoolsDeprecationWarning: setup.py install is deprecated. Use build and pip and other standards-based tools.
[4.352s]   warnings.warn(
[4.353s] running install_lib
[4.356s] running install_data
[4.357s] running install_egg_info
[4.360s] removing '/home/emmanuel/rainbot_ws/install/rainbot_py/lib/python3.10/site-packages/rainbot_py-0.0.0-py3.10.egg-info' (and everything under it)
[4.361s] Copying ../../build/rainbot_py/rainbot_py.egg-info to /home/emmanuel/rainbot_ws/install/rainbot_py/lib/python3.10/site-packages/rainbot_py-0.0.0-py3.10.egg-info
[4.378s] running install_scripts
[4.403s] Installing rain_parameter script to /home/emmanuel/rainbot_ws/install/rainbot_py/lib/rainbot_py
[4.404s] Installing rain_publisher script to /home/emmanuel/rainbot_ws/install/rainbot_py/lib/rainbot_py
[4.404s] Installing rain_subscriber script to /home/emmanuel/rainbot_ws/install/rainbot_py/lib/rainbot_py
[4.404s] Installing simple_service_client script to /home/emmanuel/rainbot_ws/install/rainbot_py/lib/rainbot_py
[4.404s] Installing simple_service_server script to /home/emmanuel/rainbot_ws/install/rainbot_py/lib/rainbot_py
[4.405s] writing list of installed files to '/home/emmanuel/rainbot_ws/build/rainbot_py/install.log'
[4.441s] Invoked command in '/home/emmanuel/rainbot_ws/src/rainbot_py' returned '0': CMAKE_PREFIX_PATH=/home/emmanuel/rainbot_ws/install/rain_arm_msgs:/home/emmanuel/rainbot_ws/install/rainbot_utils:/home/emmanuel/rainbot_ws/install/rainbot_cpp:/home/emmanuel/rainbot_ws/install/rain_arm_moveit:/home/emmanuel/rainbot_ws/install/rain_arm_description:/home/emmanuel/rainbot_ws/install/rain_arm_controller PYTHONPATH=/home/emmanuel/rainbot_ws/build/rainbot_py/prefix_override:/home/emmanuel/rainbot_ws/install/rainbot_py/lib/python3.10/site-packages:${PYTHONPATH} /usr/bin/python3 setup.py egg_info --egg-base ../../build/rainbot_py build --build-base /home/emmanuel/rainbot_ws/build/rainbot_py/build install --record /home/emmanuel/rainbot_ws/build/rainbot_py/install.log --single-version-externally-managed
