[2.231s] Invoking command in '/home/emmanuel/rainbot_ws/src/rainbot_py': PYTHONPATH=/home/emmanuel/rainbot_ws/build/rainbot_py/prefix_override:/home/emmanuel/rainbot_ws/install/rainbot_py/lib/python3.10/site-packages:${PYTHONPATH} /usr/bin/python3 setup.py egg_info --egg-base ../../build/rainbot_py build --build-base /home/emmanuel/rainbot_ws/build/rainbot_py/build install --record /home/emmanuel/rainbot_ws/build/rainbot_py/install.log --single-version-externally-managed
[2.508s] running egg_info
[2.509s] writing ../../build/rainbot_py/rainbot_py.egg-info/PKG-INFO
[2.509s] writing dependency_links to ../../build/rainbot_py/rainbot_py.egg-info/dependency_links.txt
[2.509s] writing entry points to ../../build/rainbot_py/rainbot_py.egg-info/entry_points.txt
[2.510s] writing requirements to ../../build/rainbot_py/rainbot_py.egg-info/requires.txt
[2.510s] writing top-level names to ../../build/rainbot_py/rainbot_py.egg-info/top_level.txt
[2.512s] reading manifest file '../../build/rainbot_py/rainbot_py.egg-info/SOURCES.txt'
[2.514s] writing manifest file '../../build/rainbot_py/rainbot_py.egg-info/SOURCES.txt'
[2.514s] running build
[2.514s] running build_py
[2.515s] running install
[2.531s] /usr/lib/python3/dist-packages/setuptools/command/install.py:34: SetuptoolsDeprecationWarning: setup.py install is deprecated. Use build and pip and other standards-based tools.
[2.531s]   warnings.warn(
[2.532s] running install_lib
[2.534s] running install_data
[2.534s] running install_egg_info
[2.536s] removing '/home/emmanuel/rainbot_ws/install/rainbot_py/lib/python3.10/site-packages/rainbot_py-0.0.0-py3.10.egg-info' (and everything under it)
[2.536s] Copying ../../build/rainbot_py/rainbot_py.egg-info to /home/emmanuel/rainbot_ws/install/rainbot_py/lib/python3.10/site-packages/rainbot_py-0.0.0-py3.10.egg-info
[2.546s] running install_scripts
[2.568s] Installing rain_parameter script to /home/emmanuel/rainbot_ws/install/rainbot_py/lib/rainbot_py
[2.568s] Installing rain_publisher script to /home/emmanuel/rainbot_ws/install/rainbot_py/lib/rainbot_py
[2.568s] Installing rain_subscriber script to /home/emmanuel/rainbot_ws/install/rainbot_py/lib/rainbot_py
[2.569s] writing list of installed files to '/home/emmanuel/rainbot_ws/build/rainbot_py/install.log'
[2.600s] Invoked command in '/home/emmanuel/rainbot_ws/src/rainbot_py' returned '0': PYTHONPATH=/home/emmanuel/rainbot_ws/build/rainbot_py/prefix_override:/home/emmanuel/rainbot_ws/install/rainbot_py/lib/python3.10/site-packages:${PYTHONPATH} /usr/bin/python3 setup.py egg_info --egg-base ../../build/rainbot_py build --build-base /home/emmanuel/rainbot_ws/build/rainbot_py/build install --record /home/emmanuel/rainbot_ws/build/rainbot_py/install.log --single-version-externally-managed
