[0.343s] Invoking command in '/home/emmanuel/rainbot_ws/build/rainbot_utils': CMAKE_PREFIX_PATH=${CMAKE_PREFIX_PATH}:/home/emmanuel/rainbot_ws/install/rainbot_py:/opt/ros/humble /usr/bin/cmake /home/emmanuel/rainbot_ws/src/rainbot_utils -DCMAKE_INSTALL_PREFIX=/home/emmanuel/rainbot_ws/install/rainbot_utils
[0.506s] -- The C compiler identification is GNU 11.4.0
[0.648s] -- The CXX compiler identification is GNU 11.4.0
[0.665s] -- Detecting C compiler ABI info
[0.912s] -- Detecting C compiler ABI info - done
[0.941s] -- Check for working C compiler: /usr/bin/cc - skipped
[0.945s] -- Detecting C compile features
[0.945s] -- Detecting C compile features - done
[0.948s] -- Detecting CXX compiler ABI info
[1.181s] -- Detecting CXX compiler ABI info - done
[1.213s] -- Check for working CXX compiler: /usr/bin/c++ - skipped
[1.213s] -- Detecting CXX compile features
[1.214s] -- Detecting CXX compile features - done
[1.220s] -- Found ament_cmake: 1.3.5 (/opt/ros/humble/share/ament_cmake/cmake)
[1.623s] -- Found Python3: /usr/bin/python3.10 (found version "3.10.12") found components: Interpreter 
[1.837s] -- Found ament_lint_auto: 0.12.8 (/opt/ros/humble/share/ament_lint_auto/cmake)
[2.016s] -- Added test 'lint_cmake' to check CMake code style
[2.020s] -- Added test 'xmllint' to check XML markup files
[2.023s] -- Configuring done
[2.028s] -- Generating done
[2.031s] -- Build files have been written to: /home/emmanuel/rainbot_ws/build/rainbot_utils
[2.526s] Invoked command in '/home/emmanuel/rainbot_ws/build/rainbot_utils' returned '0': CMAKE_PREFIX_PATH=${CMAKE_PREFIX_PATH}:/home/emmanuel/rainbot_ws/install/rainbot_py:/opt/ros/humble /usr/bin/cmake /home/emmanuel/rainbot_ws/src/rainbot_utils -DCMAKE_INSTALL_PREFIX=/home/emmanuel/rainbot_ws/install/rainbot_utils
[2.527s] Invoking command in '/home/emmanuel/rainbot_ws/build/rainbot_utils': CMAKE_PREFIX_PATH=${CMAKE_PREFIX_PATH}:/home/emmanuel/rainbot_ws/install/rainbot_py:/opt/ros/humble /usr/bin/cmake --build /home/emmanuel/rainbot_ws/build/rainbot_utils -- -j4 -l4
[2.600s] Invoked command in '/home/emmanuel/rainbot_ws/build/rainbot_utils' returned '0': CMAKE_PREFIX_PATH=${CMAKE_PREFIX_PATH}:/home/emmanuel/rainbot_ws/install/rainbot_py:/opt/ros/humble /usr/bin/cmake --build /home/emmanuel/rainbot_ws/build/rainbot_utils -- -j4 -l4
[2.642s] Invoking command in '/home/emmanuel/rainbot_ws/build/rainbot_utils': CMAKE_PREFIX_PATH=${CMAKE_PREFIX_PATH}:/home/emmanuel/rainbot_ws/install/rainbot_py:/opt/ros/humble /usr/bin/cmake --install /home/emmanuel/rainbot_ws/build/rainbot_utils
[2.657s] -- Install configuration: ""
[2.658s] -- Installing: /home/emmanuel/rainbot_ws/install/rainbot_utils/share/ament_index/resource_index/package_run_dependencies/rainbot_utils
[2.660s] -- Installing: /home/emmanuel/rainbot_ws/install/rainbot_utils/share/ament_index/resource_index/parent_prefix_path/rainbot_utils
[2.660s] -- Installing: /home/emmanuel/rainbot_ws/install/rainbot_utils/share/rainbot_utils/environment/ament_prefix_path.sh
[2.660s] -- Installing: /home/emmanuel/rainbot_ws/install/rainbot_utils/share/rainbot_utils/environment/ament_prefix_path.dsv
[2.661s] -- Installing: /home/emmanuel/rainbot_ws/install/rainbot_utils/share/rainbot_utils/environment/path.sh
[2.663s] -- Installing: /home/emmanuel/rainbot_ws/install/rainbot_utils/share/rainbot_utils/environment/path.dsv
[2.664s] -- Installing: /home/emmanuel/rainbot_ws/install/rainbot_utils/share/rainbot_utils/local_setup.bash
[2.664s] -- Installing: /home/emmanuel/rainbot_ws/install/rainbot_utils/share/rainbot_utils/local_setup.sh
[2.664s] -- Installing: /home/emmanuel/rainbot_ws/install/rainbot_utils/share/rainbot_utils/local_setup.zsh
[2.664s] -- Installing: /home/emmanuel/rainbot_ws/install/rainbot_utils/share/rainbot_utils/local_setup.dsv
[2.664s] -- Installing: /home/emmanuel/rainbot_ws/install/rainbot_utils/share/rainbot_utils/package.dsv
[2.664s] -- Installing: /home/emmanuel/rainbot_ws/install/rainbot_utils/share/ament_index/resource_index/packages/rainbot_utils
[2.664s] -- Installing: /home/emmanuel/rainbot_ws/install/rainbot_utils/share/rainbot_utils/cmake/rainbot_utilsConfig.cmake
[2.665s] -- Installing: /home/emmanuel/rainbot_ws/install/rainbot_utils/share/rainbot_utils/cmake/rainbot_utilsConfig-version.cmake
[2.665s] -- Installing: /home/emmanuel/rainbot_ws/install/rainbot_utils/share/rainbot_utils/package.xml
[2.685s] Invoked command in '/home/emmanuel/rainbot_ws/build/rainbot_utils' returned '0': CMAKE_PREFIX_PATH=${CMAKE_PREFIX_PATH}:/home/emmanuel/rainbot_ws/install/rainbot_py:/opt/ros/humble /usr/bin/cmake --install /home/emmanuel/rainbot_ws/build/rainbot_utils
