[0.498s] Invoking command in '/home/emmanuel/rainbot_ws/build/rain_arm_msgs': CMAKE_PREFIX_PATH=${CMAKE_PREFIX_PATH}:/home/emmanuel/rainbot_ws/install/rainbot_py:/opt/ros/humble /usr/bin/cmake --build /home/emmanuel/rainbot_ws/build/rain_arm_msgs -- -j4 -l4
[0.607s] [  3%] Built target rain_arm_msgs__cpp
[0.615s] [ 12%] Built target rain_arm_msgs__rosidl_generator_c
[0.654s] [ 22%] Built target rain_arm_msgs__rosidl_typesupport_cpp
[0.657s] [ 22%] Built target ament_cmake_python_copy_rain_arm_msgs
[0.670s] [ 32%] Built target rain_arm_msgs__rosidl_typesupport_fastrtps_cpp
[0.674s] [ 41%] Built target rain_arm_msgs__rosidl_typesupport_introspection_cpp
[0.708s] [ 51%] Built target rain_arm_msgs__rosidl_typesupport_fastrtps_c
[0.716s] [ 61%] Built target rain_arm_msgs__rosidl_typesupport_introspection_c
[0.732s] [ 70%] Built target rain_arm_msgs__rosidl_typesupport_c
[0.814s] [ 70%] Built target rain_arm_msgs
[0.850s] [ 74%] Built target rain_arm_msgs__py
[0.896s] [ 80%] Built target rain_arm_msgs__rosidl_generator_py
[0.951s] [ 93%] Built target rain_arm_msgs__rosidl_typesupport_introspection_c__pyext
[0.951s] [ 93%] Built target rain_arm_msgs__rosidl_typesupport_c__pyext
[0.977s] [100%] Built target rain_arm_msgs__rosidl_typesupport_fastrtps_c__pyext
[1.178s] running egg_info
[1.179s] writing rain_arm_msgs.egg-info/PKG-INFO
[1.179s] writing dependency_links to rain_arm_msgs.egg-info/dependency_links.txt
[1.179s] writing top-level names to rain_arm_msgs.egg-info/top_level.txt
[1.182s] reading manifest file 'rain_arm_msgs.egg-info/SOURCES.txt'
[1.183s] writing manifest file 'rain_arm_msgs.egg-info/SOURCES.txt'
[1.235s] [100%] Built target ament_cmake_python_build_rain_arm_msgs_egg
[1.690s] Invoked command in '/home/emmanuel/rainbot_ws/build/rain_arm_msgs' returned '0': CMAKE_PREFIX_PATH=${CMAKE_PREFIX_PATH}:/home/emmanuel/rainbot_ws/install/rainbot_py:/opt/ros/humble /usr/bin/cmake --build /home/emmanuel/rainbot_ws/build/rain_arm_msgs -- -j4 -l4
[1.824s] Invoking command in '/home/emmanuel/rainbot_ws/build/rain_arm_msgs': CMAKE_PREFIX_PATH=${CMAKE_PREFIX_PATH}:/home/emmanuel/rainbot_ws/install/rainbot_py:/opt/ros/humble /usr/bin/cmake --install /home/emmanuel/rainbot_ws/build/rain_arm_msgs
[1.839s] -- Install configuration: ""
[1.841s] -- Up-to-date: /home/emmanuel/rainbot_ws/install/rain_arm_msgs/share/ament_index/resource_index/rosidl_interfaces/rain_arm_msgs
[1.841s] -- Up-to-date: /home/emmanuel/rainbot_ws/install/rain_arm_msgs/include/rain_arm_msgs/rain_arm_msgs
[1.841s] -- Up-to-date: /home/emmanuel/rainbot_ws/install/rain_arm_msgs/include/rain_arm_msgs/rain_arm_msgs/msg
[1.842s] -- Up-to-date: /home/emmanuel/rainbot_ws/install/rain_arm_msgs/include/rain_arm_msgs/rain_arm_msgs/msg/rosidl_generator_c__visibility_control.h
[1.842s] -- Up-to-date: /home/emmanuel/rainbot_ws/install/rain_arm_msgs/include/rain_arm_msgs/rain_arm_msgs/srv
[1.842s] -- Up-to-date: /home/emmanuel/rainbot_ws/install/rain_arm_msgs/include/rain_arm_msgs/rain_arm_msgs/srv/add_twoints.h
[1.842s] -- Up-to-date: /home/emmanuel/rainbot_ws/install/rain_arm_msgs/include/rain_arm_msgs/rain_arm_msgs/srv/detail
[1.842s] -- Up-to-date: /home/emmanuel/rainbot_ws/install/rain_arm_msgs/include/rain_arm_msgs/rain_arm_msgs/srv/detail/add_twoints__functions.c
[1.842s] -- Up-to-date: /home/emmanuel/rainbot_ws/install/rain_arm_msgs/include/rain_arm_msgs/rain_arm_msgs/srv/detail/add_twoints__struct.h
[1.842s] -- Up-to-date: /home/emmanuel/rainbot_ws/install/rain_arm_msgs/include/rain_arm_msgs/rain_arm_msgs/srv/detail/add_twoints__functions.h
[1.843s] -- Up-to-date: /home/emmanuel/rainbot_ws/install/rain_arm_msgs/include/rain_arm_msgs/rain_arm_msgs/srv/detail/add_twoints__type_support.h
[1.843s] -- Up-to-date: /home/emmanuel/rainbot_ws/install/rain_arm_msgs/share/rain_arm_msgs/environment/library_path.sh
[1.843s] -- Up-to-date: /home/emmanuel/rainbot_ws/install/rain_arm_msgs/share/rain_arm_msgs/environment/library_path.dsv
[1.843s] -- Up-to-date: /home/emmanuel/rainbot_ws/install/rain_arm_msgs/lib/librain_arm_msgs__rosidl_generator_c.so
[1.843s] -- Up-to-date: /home/emmanuel/rainbot_ws/install/rain_arm_msgs/include/rain_arm_msgs/rain_arm_msgs
[1.843s] -- Up-to-date: /home/emmanuel/rainbot_ws/install/rain_arm_msgs/include/rain_arm_msgs/rain_arm_msgs/msg
[1.844s] -- Up-to-date: /home/emmanuel/rainbot_ws/install/rain_arm_msgs/include/rain_arm_msgs/rain_arm_msgs/msg/rosidl_typesupport_fastrtps_c__visibility_control.h
[1.845s] -- Up-to-date: /home/emmanuel/rainbot_ws/install/rain_arm_msgs/include/rain_arm_msgs/rain_arm_msgs/srv
[1.845s] -- Up-to-date: /home/emmanuel/rainbot_ws/install/rain_arm_msgs/include/rain_arm_msgs/rain_arm_msgs/srv/detail
[1.845s] -- Up-to-date: /home/emmanuel/rainbot_ws/install/rain_arm_msgs/include/rain_arm_msgs/rain_arm_msgs/srv/detail/add_twoints__rosidl_typesupport_fastrtps_c.h
[1.845s] -- Up-to-date: /home/emmanuel/rainbot_ws/install/rain_arm_msgs/lib/librain_arm_msgs__rosidl_typesupport_fastrtps_c.so
[1.845s] -- Up-to-date: /home/emmanuel/rainbot_ws/install/rain_arm_msgs/include/rain_arm_msgs/rain_arm_msgs
[1.845s] -- Up-to-date: /home/emmanuel/rainbot_ws/install/rain_arm_msgs/include/rain_arm_msgs/rain_arm_msgs/srv
[1.847s] -- Up-to-date: /home/emmanuel/rainbot_ws/install/rain_arm_msgs/include/rain_arm_msgs/rain_arm_msgs/srv/detail
[1.848s] -- Up-to-date: /home/emmanuel/rainbot_ws/install/rain_arm_msgs/include/rain_arm_msgs/rain_arm_msgs/srv/detail/add_twoints__struct.hpp
[1.849s] -- Up-to-date: /home/emmanuel/rainbot_ws/install/rain_arm_msgs/include/rain_arm_msgs/rain_arm_msgs/srv/detail/add_twoints__builder.hpp
[1.849s] -- Up-to-date: /home/emmanuel/rainbot_ws/install/rain_arm_msgs/include/rain_arm_msgs/rain_arm_msgs/srv/detail/add_twoints__traits.hpp
[1.850s] -- Up-to-date: /home/emmanuel/rainbot_ws/install/rain_arm_msgs/include/rain_arm_msgs/rain_arm_msgs/srv/add_twoints.hpp
[1.850s] -- Up-to-date: /home/emmanuel/rainbot_ws/install/rain_arm_msgs/include/rain_arm_msgs/rain_arm_msgs
[1.850s] -- Up-to-date: /home/emmanuel/rainbot_ws/install/rain_arm_msgs/include/rain_arm_msgs/rain_arm_msgs/msg
[1.850s] -- Up-to-date: /home/emmanuel/rainbot_ws/install/rain_arm_msgs/include/rain_arm_msgs/rain_arm_msgs/msg/rosidl_typesupport_fastrtps_cpp__visibility_control.h
[1.850s] -- Up-to-date: /home/emmanuel/rainbot_ws/install/rain_arm_msgs/include/rain_arm_msgs/rain_arm_msgs/srv
[1.850s] -- Up-to-date: /home/emmanuel/rainbot_ws/install/rain_arm_msgs/include/rain_arm_msgs/rain_arm_msgs/srv/detail
[1.850s] -- Up-to-date: /home/emmanuel/rainbot_ws/install/rain_arm_msgs/include/rain_arm_msgs/rain_arm_msgs/srv/detail/dds_fastrtps
[1.851s] -- Up-to-date: /home/emmanuel/rainbot_ws/install/rain_arm_msgs/include/rain_arm_msgs/rain_arm_msgs/srv/detail/add_twoints__rosidl_typesupport_fastrtps_cpp.hpp
[1.851s] -- Up-to-date: /home/emmanuel/rainbot_ws/install/rain_arm_msgs/lib/librain_arm_msgs__rosidl_typesupport_fastrtps_cpp.so
[1.851s] -- Up-to-date: /home/emmanuel/rainbot_ws/install/rain_arm_msgs/include/rain_arm_msgs/rain_arm_msgs
[1.851s] -- Up-to-date: /home/emmanuel/rainbot_ws/install/rain_arm_msgs/include/rain_arm_msgs/rain_arm_msgs/msg
[1.851s] -- Up-to-date: /home/emmanuel/rainbot_ws/install/rain_arm_msgs/include/rain_arm_msgs/rain_arm_msgs/msg/rosidl_typesupport_introspection_c__visibility_control.h
[1.851s] -- Up-to-date: /home/emmanuel/rainbot_ws/install/rain_arm_msgs/include/rain_arm_msgs/rain_arm_msgs/srv
[1.852s] -- Up-to-date: /home/emmanuel/rainbot_ws/install/rain_arm_msgs/include/rain_arm_msgs/rain_arm_msgs/srv/detail
[1.852s] -- Up-to-date: /home/emmanuel/rainbot_ws/install/rain_arm_msgs/include/rain_arm_msgs/rain_arm_msgs/srv/detail/add_twoints__type_support.c
[1.852s] -- Up-to-date: /home/emmanuel/rainbot_ws/install/rain_arm_msgs/include/rain_arm_msgs/rain_arm_msgs/srv/detail/add_twoints__rosidl_typesupport_introspection_c.h
[1.852s] -- Up-to-date: /home/emmanuel/rainbot_ws/install/rain_arm_msgs/lib/librain_arm_msgs__rosidl_typesupport_introspection_c.so
[1.852s] -- Up-to-date: /home/emmanuel/rainbot_ws/install/rain_arm_msgs/lib/librain_arm_msgs__rosidl_typesupport_c.so
[1.852s] -- Up-to-date: /home/emmanuel/rainbot_ws/install/rain_arm_msgs/include/rain_arm_msgs/rain_arm_msgs
[1.852s] -- Up-to-date: /home/emmanuel/rainbot_ws/install/rain_arm_msgs/include/rain_arm_msgs/rain_arm_msgs/srv
[1.853s] -- Up-to-date: /home/emmanuel/rainbot_ws/install/rain_arm_msgs/include/rain_arm_msgs/rain_arm_msgs/srv/detail
[1.853s] -- Up-to-date: /home/emmanuel/rainbot_ws/install/rain_arm_msgs/include/rain_arm_msgs/rain_arm_msgs/srv/detail/add_twoints__type_support.cpp
[1.853s] -- Up-to-date: /home/emmanuel/rainbot_ws/install/rain_arm_msgs/include/rain_arm_msgs/rain_arm_msgs/srv/detail/add_twoints__rosidl_typesupport_introspection_cpp.hpp
[1.853s] -- Up-to-date: /home/emmanuel/rainbot_ws/install/rain_arm_msgs/lib/librain_arm_msgs__rosidl_typesupport_introspection_cpp.so
[1.853s] -- Up-to-date: /home/emmanuel/rainbot_ws/install/rain_arm_msgs/lib/librain_arm_msgs__rosidl_typesupport_cpp.so
[1.853s] -- Up-to-date: /home/emmanuel/rainbot_ws/install/rain_arm_msgs/share/rain_arm_msgs/environment/pythonpath.sh
[1.853s] -- Up-to-date: /home/emmanuel/rainbot_ws/install/rain_arm_msgs/share/rain_arm_msgs/environment/pythonpath.dsv
[1.854s] -- Up-to-date: /home/emmanuel/rainbot_ws/install/rain_arm_msgs/local/lib/python3.10/dist-packages/rain_arm_msgs-0.0.0-py3.10.egg-info
[1.854s] -- Installing: /home/emmanuel/rainbot_ws/install/rain_arm_msgs/local/lib/python3.10/dist-packages/rain_arm_msgs-0.0.0-py3.10.egg-info/dependency_links.txt
[1.854s] -- Installing: /home/emmanuel/rainbot_ws/install/rain_arm_msgs/local/lib/python3.10/dist-packages/rain_arm_msgs-0.0.0-py3.10.egg-info/top_level.txt
[1.854s] -- Installing: /home/emmanuel/rainbot_ws/install/rain_arm_msgs/local/lib/python3.10/dist-packages/rain_arm_msgs-0.0.0-py3.10.egg-info/PKG-INFO
[1.854s] -- Installing: /home/emmanuel/rainbot_ws/install/rain_arm_msgs/local/lib/python3.10/dist-packages/rain_arm_msgs-0.0.0-py3.10.egg-info/SOURCES.txt
[1.854s] -- Up-to-date: /home/emmanuel/rainbot_ws/install/rain_arm_msgs/local/lib/python3.10/dist-packages/rain_arm_msgs
[1.855s] -- Up-to-date: /home/emmanuel/rainbot_ws/install/rain_arm_msgs/local/lib/python3.10/dist-packages/rain_arm_msgs/rain_arm_msgs_s__rosidl_typesupport_introspection_c.cpython-310-x86_64-linux-gnu.so
[1.855s] -- Up-to-date: /home/emmanuel/rainbot_ws/install/rain_arm_msgs/local/lib/python3.10/dist-packages/rain_arm_msgs/_rain_arm_msgs_s.ep.rosidl_typesupport_c.c
[1.855s] -- Up-to-date: /home/emmanuel/rainbot_ws/install/rain_arm_msgs/local/lib/python3.10/dist-packages/rain_arm_msgs/librain_arm_msgs__rosidl_generator_py.so
[1.855s] -- Up-to-date: /home/emmanuel/rainbot_ws/install/rain_arm_msgs/local/lib/python3.10/dist-packages/rain_arm_msgs/_rain_arm_msgs_s.ep.rosidl_typesupport_introspection_c.c
[1.855s] -- Up-to-date: /home/emmanuel/rainbot_ws/install/rain_arm_msgs/local/lib/python3.10/dist-packages/rain_arm_msgs/srv
[1.855s] -- Up-to-date: /home/emmanuel/rainbot_ws/install/rain_arm_msgs/local/lib/python3.10/dist-packages/rain_arm_msgs/srv/_add_twoints.py
[1.855s] -- Up-to-date: /home/emmanuel/rainbot_ws/install/rain_arm_msgs/local/lib/python3.10/dist-packages/rain_arm_msgs/srv/_add_twoints_s.c
[1.856s] -- Up-to-date: /home/emmanuel/rainbot_ws/install/rain_arm_msgs/local/lib/python3.10/dist-packages/rain_arm_msgs/srv/__init__.py
[1.861s] -- Up-to-date: /home/emmanuel/rainbot_ws/install/rain_arm_msgs/local/lib/python3.10/dist-packages/rain_arm_msgs/rain_arm_msgs_s__rosidl_typesupport_fastrtps_c.cpython-310-x86_64-linux-gnu.so
[1.861s] -- Up-to-date: /home/emmanuel/rainbot_ws/install/rain_arm_msgs/local/lib/python3.10/dist-packages/rain_arm_msgs/__init__.py
[1.861s] -- Up-to-date: /home/emmanuel/rainbot_ws/install/rain_arm_msgs/local/lib/python3.10/dist-packages/rain_arm_msgs/rain_arm_msgs_s__rosidl_typesupport_c.cpython-310-x86_64-linux-gnu.so
[1.862s] -- Up-to-date: /home/emmanuel/rainbot_ws/install/rain_arm_msgs/local/lib/python3.10/dist-packages/rain_arm_msgs/_rain_arm_msgs_s.ep.rosidl_typesupport_fastrtps_c.c
[1.917s] Listing '/home/emmanuel/rainbot_ws/install/rain_arm_msgs/local/lib/python3.10/dist-packages/rain_arm_msgs'...
[1.917s] Listing '/home/emmanuel/rainbot_ws/install/rain_arm_msgs/local/lib/python3.10/dist-packages/rain_arm_msgs/srv'...
[1.927s] -- Up-to-date: /home/emmanuel/rainbot_ws/install/rain_arm_msgs/local/lib/python3.10/dist-packages/rain_arm_msgs/rain_arm_msgs_s__rosidl_typesupport_fastrtps_c.cpython-310-x86_64-linux-gnu.so
[1.927s] -- Up-to-date: /home/emmanuel/rainbot_ws/install/rain_arm_msgs/local/lib/python3.10/dist-packages/rain_arm_msgs/rain_arm_msgs_s__rosidl_typesupport_introspection_c.cpython-310-x86_64-linux-gnu.so
[1.928s] -- Up-to-date: /home/emmanuel/rainbot_ws/install/rain_arm_msgs/local/lib/python3.10/dist-packages/rain_arm_msgs/rain_arm_msgs_s__rosidl_typesupport_c.cpython-310-x86_64-linux-gnu.so
[1.929s] -- Up-to-date: /home/emmanuel/rainbot_ws/install/rain_arm_msgs/lib/librain_arm_msgs__rosidl_generator_py.so
[1.929s] -- Up-to-date: /home/emmanuel/rainbot_ws/install/rain_arm_msgs/share/rain_arm_msgs/srv/AddTwoints.idl
[1.929s] -- Up-to-date: /home/emmanuel/rainbot_ws/install/rain_arm_msgs/share/rain_arm_msgs/srv/AddTwoints.srv
[1.930s] -- Up-to-date: /home/emmanuel/rainbot_ws/install/rain_arm_msgs/share/rain_arm_msgs/srv/AddTwoints_Request.msg
[1.930s] -- Up-to-date: /home/emmanuel/rainbot_ws/install/rain_arm_msgs/share/rain_arm_msgs/srv/AddTwoints_Response.msg
[1.930s] -- Up-to-date: /home/emmanuel/rainbot_ws/install/rain_arm_msgs/share/ament_index/resource_index/package_run_dependencies/rain_arm_msgs
[1.930s] -- Up-to-date: /home/emmanuel/rainbot_ws/install/rain_arm_msgs/share/ament_index/resource_index/parent_prefix_path/rain_arm_msgs
[1.931s] -- Up-to-date: /home/emmanuel/rainbot_ws/install/rain_arm_msgs/share/rain_arm_msgs/environment/ament_prefix_path.sh
[1.931s] -- Up-to-date: /home/emmanuel/rainbot_ws/install/rain_arm_msgs/share/rain_arm_msgs/environment/ament_prefix_path.dsv
[1.931s] -- Up-to-date: /home/emmanuel/rainbot_ws/install/rain_arm_msgs/share/rain_arm_msgs/environment/path.sh
[1.931s] -- Up-to-date: /home/emmanuel/rainbot_ws/install/rain_arm_msgs/share/rain_arm_msgs/environment/path.dsv
[1.932s] -- Up-to-date: /home/emmanuel/rainbot_ws/install/rain_arm_msgs/share/rain_arm_msgs/local_setup.bash
[1.932s] -- Up-to-date: /home/emmanuel/rainbot_ws/install/rain_arm_msgs/share/rain_arm_msgs/local_setup.sh
[1.932s] -- Up-to-date: /home/emmanuel/rainbot_ws/install/rain_arm_msgs/share/rain_arm_msgs/local_setup.zsh
[1.932s] -- Up-to-date: /home/emmanuel/rainbot_ws/install/rain_arm_msgs/share/rain_arm_msgs/local_setup.dsv
[1.933s] -- Installing: /home/emmanuel/rainbot_ws/install/rain_arm_msgs/share/rain_arm_msgs/package.dsv
[1.933s] -- Up-to-date: /home/emmanuel/rainbot_ws/install/rain_arm_msgs/share/ament_index/resource_index/packages/rain_arm_msgs
[1.933s] -- Up-to-date: /home/emmanuel/rainbot_ws/install/rain_arm_msgs/share/rain_arm_msgs/cmake/export_rain_arm_msgs__rosidl_generator_cExport.cmake
[1.933s] -- Up-to-date: /home/emmanuel/rainbot_ws/install/rain_arm_msgs/share/rain_arm_msgs/cmake/export_rain_arm_msgs__rosidl_generator_cExport-noconfig.cmake
[1.934s] -- Up-to-date: /home/emmanuel/rainbot_ws/install/rain_arm_msgs/share/rain_arm_msgs/cmake/export_rain_arm_msgs__rosidl_typesupport_fastrtps_cExport.cmake
[1.934s] -- Up-to-date: /home/emmanuel/rainbot_ws/install/rain_arm_msgs/share/rain_arm_msgs/cmake/export_rain_arm_msgs__rosidl_typesupport_fastrtps_cExport-noconfig.cmake
[1.934s] -- Up-to-date: /home/emmanuel/rainbot_ws/install/rain_arm_msgs/share/rain_arm_msgs/cmake/export_rain_arm_msgs__rosidl_generator_cppExport.cmake
[1.934s] -- Up-to-date: /home/emmanuel/rainbot_ws/install/rain_arm_msgs/share/rain_arm_msgs/cmake/export_rain_arm_msgs__rosidl_typesupport_fastrtps_cppExport.cmake
[1.934s] -- Up-to-date: /home/emmanuel/rainbot_ws/install/rain_arm_msgs/share/rain_arm_msgs/cmake/export_rain_arm_msgs__rosidl_typesupport_fastrtps_cppExport-noconfig.cmake
[1.934s] -- Up-to-date: /home/emmanuel/rainbot_ws/install/rain_arm_msgs/share/rain_arm_msgs/cmake/rain_arm_msgs__rosidl_typesupport_introspection_cExport.cmake
[1.935s] -- Up-to-date: /home/emmanuel/rainbot_ws/install/rain_arm_msgs/share/rain_arm_msgs/cmake/rain_arm_msgs__rosidl_typesupport_introspection_cExport-noconfig.cmake
[1.935s] -- Up-to-date: /home/emmanuel/rainbot_ws/install/rain_arm_msgs/share/rain_arm_msgs/cmake/rain_arm_msgs__rosidl_typesupport_cExport.cmake
[1.935s] -- Up-to-date: /home/emmanuel/rainbot_ws/install/rain_arm_msgs/share/rain_arm_msgs/cmake/rain_arm_msgs__rosidl_typesupport_cExport-noconfig.cmake
[1.935s] -- Up-to-date: /home/emmanuel/rainbot_ws/install/rain_arm_msgs/share/rain_arm_msgs/cmake/rain_arm_msgs__rosidl_typesupport_introspection_cppExport.cmake
[1.935s] -- Up-to-date: /home/emmanuel/rainbot_ws/install/rain_arm_msgs/share/rain_arm_msgs/cmake/rain_arm_msgs__rosidl_typesupport_introspection_cppExport-noconfig.cmake
[1.935s] -- Up-to-date: /home/emmanuel/rainbot_ws/install/rain_arm_msgs/share/rain_arm_msgs/cmake/rain_arm_msgs__rosidl_typesupport_cppExport.cmake
[1.935s] -- Up-to-date: /home/emmanuel/rainbot_ws/install/rain_arm_msgs/share/rain_arm_msgs/cmake/rain_arm_msgs__rosidl_typesupport_cppExport-noconfig.cmake
[1.936s] -- Up-to-date: /home/emmanuel/rainbot_ws/install/rain_arm_msgs/share/rain_arm_msgs/cmake/export_rain_arm_msgs__rosidl_generator_pyExport.cmake
[1.936s] -- Up-to-date: /home/emmanuel/rainbot_ws/install/rain_arm_msgs/share/rain_arm_msgs/cmake/export_rain_arm_msgs__rosidl_generator_pyExport-noconfig.cmake
[1.936s] -- Up-to-date: /home/emmanuel/rainbot_ws/install/rain_arm_msgs/share/rain_arm_msgs/cmake/rosidl_cmake-extras.cmake
[1.936s] -- Up-to-date: /home/emmanuel/rainbot_ws/install/rain_arm_msgs/share/rain_arm_msgs/cmake/ament_cmake_export_include_directories-extras.cmake
[1.936s] -- Up-to-date: /home/emmanuel/rainbot_ws/install/rain_arm_msgs/share/rain_arm_msgs/cmake/ament_cmake_export_libraries-extras.cmake
[1.936s] -- Up-to-date: /home/emmanuel/rainbot_ws/install/rain_arm_msgs/share/rain_arm_msgs/cmake/ament_cmake_export_targets-extras.cmake
[1.937s] -- Up-to-date: /home/emmanuel/rainbot_ws/install/rain_arm_msgs/share/rain_arm_msgs/cmake/rosidl_cmake_export_typesupport_targets-extras.cmake
[1.944s] -- Up-to-date: /home/emmanuel/rainbot_ws/install/rain_arm_msgs/share/rain_arm_msgs/cmake/ament_cmake_export_dependencies-extras.cmake
[1.944s] -- Up-to-date: /home/emmanuel/rainbot_ws/install/rain_arm_msgs/share/rain_arm_msgs/cmake/rosidl_cmake_export_typesupport_libraries-extras.cmake
[1.945s] -- Up-to-date: /home/emmanuel/rainbot_ws/install/rain_arm_msgs/share/rain_arm_msgs/cmake/rain_arm_msgsConfig.cmake
[1.945s] -- Up-to-date: /home/emmanuel/rainbot_ws/install/rain_arm_msgs/share/rain_arm_msgs/cmake/rain_arm_msgsConfig-version.cmake
[1.945s] -- Up-to-date: /home/emmanuel/rainbot_ws/install/rain_arm_msgs/share/rain_arm_msgs/package.xml
[1.946s] Invoked command in '/home/emmanuel/rainbot_ws/build/rain_arm_msgs' returned '0': CMAKE_PREFIX_PATH=${CMAKE_PREFIX_PATH}:/home/emmanuel/rainbot_ws/install/rainbot_py:/opt/ros/humble /usr/bin/cmake --install /home/emmanuel/rainbot_ws/build/rain_arm_msgs
