[0.431s] Invoking command in '/home/emmanuel/rainbot_ws/build/rain_arm_msgs': CMAKE_PREFIX_PATH=${CMAKE_PREFIX_PATH}:/home/emmanuel/rainbot_ws/install/rainbot_py:/opt/ros/humble /usr/bin/cmake --build /home/emmanuel/rainbot_ws/build/rain_arm_msgs -- -j4 -l4
[0.492s] -- Found ament_cmake: 1.3.5 (/opt/ros/humble/share/ament_cmake/cmake)
[0.495s] [33mCMake Warning (dev) at CMakeLists.txt:15:
[0.495s]   Syntax Warning in cmake code at column 23
[0.495s] 
[0.496s]   Argument not separated from preceding token by whitespace.
[0.496s] This warning is for project developers.  Use -Wno-dev to suppress it.
[0.496s] [0m
[0.496s] [33mCMake Warning (dev) at CMakeLists.txt:16:
[0.496s]   Syntax Warning in cmake code at column 31
[0.496s] 
[0.496s]   Argument not separated from preceding token by whitespace.
[0.497s] This warning is for project developers.  Use -Wno-dev to suppress it.
[0.497s] [0m
[0.883s] -- Found std_msgs: 4.2.3 (/opt/ros/humble/share/std_msgs/cmake)
[0.952s] -- Found rosidl_generator_c: 3.1.5 (/opt/ros/humble/share/rosidl_generator_c/cmake)
[0.962s] -- Found rosidl_adapter: 3.1.5 (/opt/ros/humble/share/rosidl_adapter/cmake)
[0.974s] -- Found rosidl_generator_cpp: 3.1.5 (/opt/ros/humble/share/rosidl_generator_cpp/cmake)
[1.014s] -- Using all available rosidl_typesupport_c: rosidl_typesupport_fastrtps_c;rosidl_typesupport_introspection_c
[1.050s] -- Using all available rosidl_typesupport_cpp: rosidl_typesupport_fastrtps_cpp;rosidl_typesupport_introspection_cpp
[1.196s] -- Found rosidl_default_generators: 1.2.0 (/opt/ros/humble/share/rosidl_default_generators/cmake)
[1.207s] [31mCMake Error at /opt/ros/humble/share/rosidl_cmake/cmake/rosidl_generate_interfaces.cmake:93 (message):
[1.207s]   rosidl_generate_interfaces() the passed file ',' doesn't exist relative to
[1.207s]   the CMAKE_CURRENT_SOURCE_DIR '/home/emmanuel/rainbot_ws/src/rain_arm_msgs'
[1.208s] Call Stack (most recent call first):
[1.208s]   CMakeLists.txt:14 (rosidl_generate_interfaces)
[1.208s] 
[1.208s] [0m
[1.208s] -- Configuring incomplete, errors occurred!
[1.208s] See also "/home/emmanuel/rainbot_ws/build/rain_arm_msgs/CMakeFiles/CMakeOutput.log".
[1.228s] gmake: *** [Makefile:747: cmake_check_build_system] Error 1
[1.633s] Invoked command in '/home/emmanuel/rainbot_ws/build/rain_arm_msgs' returned '2': CMAKE_PREFIX_PATH=${CMAKE_PREFIX_PATH}:/home/emmanuel/rainbot_ws/install/rainbot_py:/opt/ros/humble /usr/bin/cmake --build /home/emmanuel/rainbot_ws/build/rain_arm_msgs -- -j4 -l4
