[0.902s] Invoking command in '/home/emmanuel/rainbot_ws/build/rainbot_utils': CMAKE_PREFIX_PATH=/home/emmanuel/rainbot_ws/install/rain_arm_msgs:/home/emmanuel/rainbot_ws/install/rainbot_utils:/home/emmanuel/rainbot_ws/install/rainbot_cpp:/home/emmanuel/rainbot_ws/install/rain_arm_moveit:/home/emmanuel/rainbot_ws/install/rain_arm_description:/home/emmanuel/rainbot_ws/install/rain_arm_controller:/home/emmanuel/rainbot_ws/install/rainbot_py:/opt/ros/humble /usr/bin/cmake --build /home/emmanuel/rainbot_ws/build/rainbot_utils -- -j4 -l4
[1.019s] Built target ament_cmake_python_copy_rainbot_utils
[1.625s] running egg_info
[1.628s] writing rainbot_utils.egg-info/PKG-INFO
[1.630s] writing dependency_links to rainbot_utils.egg-info/dependency_links.txt
[1.631s] writing top-level names to rainbot_utils.egg-info/top_level.txt
[1.637s] reading manifest file 'rainbot_utils.egg-info/SOURCES.txt'
[1.640s] writing manifest file 'rainbot_utils.egg-info/SOURCES.txt'
[1.699s] Built target ament_cmake_python_build_rainbot_utils_egg
[1.727s] Invoked command in '/home/emmanuel/rainbot_ws/build/rainbot_utils' returned '0': CMAKE_PREFIX_PATH=/home/emmanuel/rainbot_ws/install/rain_arm_msgs:/home/emmanuel/rainbot_ws/install/rainbot_utils:/home/emmanuel/rainbot_ws/install/rainbot_cpp:/home/emmanuel/rainbot_ws/install/rain_arm_moveit:/home/emmanuel/rainbot_ws/install/rain_arm_description:/home/emmanuel/rainbot_ws/install/rain_arm_controller:/home/emmanuel/rainbot_ws/install/rainbot_py:/opt/ros/humble /usr/bin/cmake --build /home/emmanuel/rainbot_ws/build/rainbot_utils -- -j4 -l4
[1.810s] Invoking command in '/home/emmanuel/rainbot_ws/build/rainbot_utils': CMAKE_PREFIX_PATH=/home/emmanuel/rainbot_ws/install/rain_arm_msgs:/home/emmanuel/rainbot_ws/install/rainbot_utils:/home/emmanuel/rainbot_ws/install/rainbot_cpp:/home/emmanuel/rainbot_ws/install/rain_arm_moveit:/home/emmanuel/rainbot_ws/install/rain_arm_description:/home/emmanuel/rainbot_ws/install/rain_arm_controller:/home/emmanuel/rainbot_ws/install/rainbot_py:/opt/ros/humble /usr/bin/cmake --install /home/emmanuel/rainbot_ws/build/rainbot_utils
[1.827s] -- Install configuration: ""
[1.829s] -- Up-to-date: /home/emmanuel/rainbot_ws/install/rainbot_utils/share/rainbot_utils/environment/pythonpath.sh
[1.829s] -- Up-to-date: /home/emmanuel/rainbot_ws/install/rainbot_utils/share/rainbot_utils/environment/pythonpath.dsv
[1.830s] -- Up-to-date: /home/emmanuel/rainbot_ws/install/rainbot_utils/local/lib/python3.10/dist-packages/rainbot_utils-0.0.0-py3.10.egg-info
[1.830s] -- Installing: /home/emmanuel/rainbot_ws/install/rainbot_utils/local/lib/python3.10/dist-packages/rainbot_utils-0.0.0-py3.10.egg-info/dependency_links.txt
[1.831s] -- Installing: /home/emmanuel/rainbot_ws/install/rainbot_utils/local/lib/python3.10/dist-packages/rainbot_utils-0.0.0-py3.10.egg-info/top_level.txt
[1.831s] -- Installing: /home/emmanuel/rainbot_ws/install/rainbot_utils/local/lib/python3.10/dist-packages/rainbot_utils-0.0.0-py3.10.egg-info/PKG-INFO
[1.832s] -- Installing: /home/emmanuel/rainbot_ws/install/rainbot_utils/local/lib/python3.10/dist-packages/rainbot_utils-0.0.0-py3.10.egg-info/SOURCES.txt
[1.837s] -- Up-to-date: /home/emmanuel/rainbot_ws/install/rainbot_utils/local/lib/python3.10/dist-packages/rainbot_utils
[1.837s] -- Up-to-date: /home/emmanuel/rainbot_ws/install/rainbot_utils/local/lib/python3.10/dist-packages/rainbot_utils/__init__.py
[1.837s] -- Up-to-date: /home/emmanuel/rainbot_ws/install/rainbot_utils/local/lib/python3.10/dist-packages/rainbot_utils/angle_conversion.py
[1.914s] Listing '/home/emmanuel/rainbot_ws/install/rainbot_utils/local/lib/python3.10/dist-packages/rainbot_utils'...
[1.936s] -- Up-to-date: /home/emmanuel/rainbot_ws/install/rainbot_utils/lib/rainbot_utils/angle_conversion.py
[1.936s] -- Up-to-date: /home/emmanuel/rainbot_ws/install/rainbot_utils/share/ament_index/resource_index/package_run_dependencies/rainbot_utils
[1.936s] -- Up-to-date: /home/emmanuel/rainbot_ws/install/rainbot_utils/share/ament_index/resource_index/parent_prefix_path/rainbot_utils
[1.936s] -- Up-to-date: /home/emmanuel/rainbot_ws/install/rainbot_utils/share/rainbot_utils/environment/ament_prefix_path.sh
[1.936s] -- Up-to-date: /home/emmanuel/rainbot_ws/install/rainbot_utils/share/rainbot_utils/environment/ament_prefix_path.dsv
[1.937s] -- Up-to-date: /home/emmanuel/rainbot_ws/install/rainbot_utils/share/rainbot_utils/environment/path.sh
[1.937s] -- Up-to-date: /home/emmanuel/rainbot_ws/install/rainbot_utils/share/rainbot_utils/environment/path.dsv
[1.937s] -- Up-to-date: /home/emmanuel/rainbot_ws/install/rainbot_utils/share/rainbot_utils/local_setup.bash
[1.937s] -- Up-to-date: /home/emmanuel/rainbot_ws/install/rainbot_utils/share/rainbot_utils/local_setup.sh
[1.937s] -- Up-to-date: /home/emmanuel/rainbot_ws/install/rainbot_utils/share/rainbot_utils/local_setup.zsh
[1.937s] -- Up-to-date: /home/emmanuel/rainbot_ws/install/rainbot_utils/share/rainbot_utils/local_setup.dsv
[1.938s] -- Installing: /home/emmanuel/rainbot_ws/install/rainbot_utils/share/rainbot_utils/package.dsv
[1.938s] -- Up-to-date: /home/emmanuel/rainbot_ws/install/rainbot_utils/share/ament_index/resource_index/packages/rainbot_utils
[1.938s] -- Up-to-date: /home/emmanuel/rainbot_ws/install/rainbot_utils/share/rainbot_utils/cmake/rainbot_utilsConfig.cmake
[1.938s] -- Up-to-date: /home/emmanuel/rainbot_ws/install/rainbot_utils/share/rainbot_utils/cmake/rainbot_utilsConfig-version.cmake
[1.938s] -- Up-to-date: /home/emmanuel/rainbot_ws/install/rainbot_utils/share/rainbot_utils/package.xml
[1.948s] Invoked command in '/home/emmanuel/rainbot_ws/build/rainbot_utils' returned '0': CMAKE_PREFIX_PATH=/home/emmanuel/rainbot_ws/install/rain_arm_msgs:/home/emmanuel/rainbot_ws/install/rainbot_utils:/home/emmanuel/rainbot_ws/install/rainbot_cpp:/home/emmanuel/rainbot_ws/install/rain_arm_moveit:/home/emmanuel/rainbot_ws/install/rain_arm_description:/home/emmanuel/rainbot_ws/install/rain_arm_controller:/home/emmanuel/rainbot_ws/install/rainbot_py:/opt/ros/humble /usr/bin/cmake --install /home/emmanuel/rainbot_ws/build/rainbot_utils
