[0.399s] Invoking command in '/home/emmanuel/rainbot_ws/build/rain_arm_msgs': CMAKE_PREFIX_PATH=${CMAKE_PREFIX_PATH}:/home/emmanuel/rainbot_ws/install/rainbot_py:/opt/ros/humble /usr/bin/cmake --build /home/emmanuel/rainbot_ws/build/rain_arm_msgs -- -j4 -l4
[0.515s] [  2%] Built target rain_arm_msgs__cpp
[0.534s] [ 12%] Built target rain_arm_msgs__rosidl_generator_c
[0.555s] [ 12%] Built target ament_cmake_python_copy_rain_arm_msgs
[0.579s] [ 23%] Built target rain_arm_msgs__rosidl_typesupport_fastrtps_cpp
[0.585s] [ 34%] Built target rain_arm_msgs__rosidl_typesupport_introspection_cpp
[0.600s] [ 44%] Built target rain_arm_msgs__rosidl_typesupport_cpp
[0.621s] [ 55%] Built target rain_arm_msgs__rosidl_typesupport_fastrtps_c
[0.642s] [ 65%] Built target rain_arm_msgs__rosidl_typesupport_c
[0.647s] [ 76%] Built target rain_arm_msgs__rosidl_typesupport_introspection_c
[0.673s] [ 76%] Built target rain_arm_msgs
[0.697s] [ 78%] Built target rain_arm_msgs__py
[0.727s] [ 87%] Built target rain_arm_msgs__rosidl_generator_py
[0.782s] [ 91%] Built target rain_arm_msgs__rosidl_typesupport_fastrtps_c__pyext
[0.799s] [ 95%] Built target rain_arm_msgs__rosidl_typesupport_introspection_c__pyext
[0.803s] [100%] Built target rain_arm_msgs__rosidl_typesupport_c__pyext
[1.227s] running egg_info
[1.230s] writing rain_arm_msgs.egg-info/PKG-INFO
[1.230s] writing dependency_links to rain_arm_msgs.egg-info/dependency_links.txt
[1.230s] writing top-level names to rain_arm_msgs.egg-info/top_level.txt
[1.235s] reading manifest file 'rain_arm_msgs.egg-info/SOURCES.txt'
[1.237s] writing manifest file 'rain_arm_msgs.egg-info/SOURCES.txt'
[1.303s] [100%] Built target ament_cmake_python_build_rain_arm_msgs_egg
[1.619s] Invoked command in '/home/emmanuel/rainbot_ws/build/rain_arm_msgs' returned '0': CMAKE_PREFIX_PATH=${CMAKE_PREFIX_PATH}:/home/emmanuel/rainbot_ws/install/rainbot_py:/opt/ros/humble /usr/bin/cmake --build /home/emmanuel/rainbot_ws/build/rain_arm_msgs -- -j4 -l4
[2.130s] Invoking command in '/home/emmanuel/rainbot_ws/build/rain_arm_msgs': CMAKE_PREFIX_PATH=${CMAKE_PREFIX_PATH}:/home/emmanuel/rainbot_ws/install/rainbot_py:/opt/ros/humble /usr/bin/cmake --install /home/emmanuel/rainbot_ws/build/rain_arm_msgs
[2.150s] -- Install configuration: ""
[2.150s] -- Up-to-date: /home/emmanuel/rainbot_ws/install/rain_arm_msgs/share/ament_index/resource_index/rosidl_interfaces/rain_arm_msgs
[2.150s] -- Up-to-date: /home/emmanuel/rainbot_ws/install/rain_arm_msgs/include/rain_arm_msgs/rain_arm_msgs
[2.151s] -- Up-to-date: /home/emmanuel/rainbot_ws/install/rain_arm_msgs/include/rain_arm_msgs/rain_arm_msgs/msg
[2.159s] -- Up-to-date: /home/emmanuel/rainbot_ws/install/rain_arm_msgs/include/rain_arm_msgs/rain_arm_msgs/msg/rosidl_generator_c__visibility_control.h
[2.159s] -- Up-to-date: /home/emmanuel/rainbot_ws/install/rain_arm_msgs/include/rain_arm_msgs/rain_arm_msgs/srv
[2.159s] -- Up-to-date: /home/emmanuel/rainbot_ws/install/rain_arm_msgs/include/rain_arm_msgs/rain_arm_msgs/srv/add_twoints.h
[2.159s] -- Up-to-date: /home/emmanuel/rainbot_ws/install/rain_arm_msgs/include/rain_arm_msgs/rain_arm_msgs/srv/euler_to_quarternion.h
[2.160s] -- Up-to-date: /home/emmanuel/rainbot_ws/install/rain_arm_msgs/include/rain_arm_msgs/rain_arm_msgs/srv/detail
[2.160s] -- Up-to-date: /home/emmanuel/rainbot_ws/install/rain_arm_msgs/include/rain_arm_msgs/rain_arm_msgs/srv/detail/add_twoints__functions.c
[2.160s] -- Up-to-date: /home/emmanuel/rainbot_ws/install/rain_arm_msgs/include/rain_arm_msgs/rain_arm_msgs/srv/detail/add_twoints__struct.h
[2.160s] -- Up-to-date: /home/emmanuel/rainbot_ws/install/rain_arm_msgs/include/rain_arm_msgs/rain_arm_msgs/srv/detail/euler_to_quarternion__type_support.h
[2.160s] -- Up-to-date: /home/emmanuel/rainbot_ws/install/rain_arm_msgs/include/rain_arm_msgs/rain_arm_msgs/srv/detail/euler_to_quarternion__functions.c
[2.160s] -- Up-to-date: /home/emmanuel/rainbot_ws/install/rain_arm_msgs/include/rain_arm_msgs/rain_arm_msgs/srv/detail/euler_to_quarternion__functions.h
[2.161s] -- Up-to-date: /home/emmanuel/rainbot_ws/install/rain_arm_msgs/include/rain_arm_msgs/rain_arm_msgs/srv/detail/quarternion_to_euler__type_support.h
[2.161s] -- Up-to-date: /home/emmanuel/rainbot_ws/install/rain_arm_msgs/include/rain_arm_msgs/rain_arm_msgs/srv/detail/add_twoints__functions.h
[2.161s] -- Up-to-date: /home/emmanuel/rainbot_ws/install/rain_arm_msgs/include/rain_arm_msgs/rain_arm_msgs/srv/detail/quarternion_to_euler__functions.c
[2.161s] -- Up-to-date: /home/emmanuel/rainbot_ws/install/rain_arm_msgs/include/rain_arm_msgs/rain_arm_msgs/srv/detail/euler_to_quarternion__struct.h
[2.161s] -- Up-to-date: /home/emmanuel/rainbot_ws/install/rain_arm_msgs/include/rain_arm_msgs/rain_arm_msgs/srv/detail/quarternion_to_euler__struct.h
[2.161s] -- Up-to-date: /home/emmanuel/rainbot_ws/install/rain_arm_msgs/include/rain_arm_msgs/rain_arm_msgs/srv/detail/add_twoints__type_support.h
[2.161s] -- Up-to-date: /home/emmanuel/rainbot_ws/install/rain_arm_msgs/include/rain_arm_msgs/rain_arm_msgs/srv/detail/quarternion_to_euler__functions.h
[2.162s] -- Up-to-date: /home/emmanuel/rainbot_ws/install/rain_arm_msgs/include/rain_arm_msgs/rain_arm_msgs/srv/quarternion_to_euler.h
[2.162s] -- Up-to-date: /home/emmanuel/rainbot_ws/install/rain_arm_msgs/share/rain_arm_msgs/environment/library_path.sh
[2.162s] -- Up-to-date: /home/emmanuel/rainbot_ws/install/rain_arm_msgs/share/rain_arm_msgs/environment/library_path.dsv
[2.162s] -- Up-to-date: /home/emmanuel/rainbot_ws/install/rain_arm_msgs/lib/librain_arm_msgs__rosidl_generator_c.so
[2.163s] -- Up-to-date: /home/emmanuel/rainbot_ws/install/rain_arm_msgs/include/rain_arm_msgs/rain_arm_msgs
[2.163s] -- Up-to-date: /home/emmanuel/rainbot_ws/install/rain_arm_msgs/include/rain_arm_msgs/rain_arm_msgs/msg
[2.163s] -- Up-to-date: /home/emmanuel/rainbot_ws/install/rain_arm_msgs/include/rain_arm_msgs/rain_arm_msgs/msg/rosidl_typesupport_fastrtps_c__visibility_control.h
[2.163s] -- Up-to-date: /home/emmanuel/rainbot_ws/install/rain_arm_msgs/include/rain_arm_msgs/rain_arm_msgs/srv
[2.164s] -- Up-to-date: /home/emmanuel/rainbot_ws/install/rain_arm_msgs/include/rain_arm_msgs/rain_arm_msgs/srv/detail
[2.164s] -- Up-to-date: /home/emmanuel/rainbot_ws/install/rain_arm_msgs/include/rain_arm_msgs/rain_arm_msgs/srv/detail/quarternion_to_euler__rosidl_typesupport_fastrtps_c.h
[2.164s] -- Up-to-date: /home/emmanuel/rainbot_ws/install/rain_arm_msgs/include/rain_arm_msgs/rain_arm_msgs/srv/detail/euler_to_quarternion__rosidl_typesupport_fastrtps_c.h
[2.164s] -- Up-to-date: /home/emmanuel/rainbot_ws/install/rain_arm_msgs/include/rain_arm_msgs/rain_arm_msgs/srv/detail/add_twoints__rosidl_typesupport_fastrtps_c.h
[2.164s] -- Up-to-date: /home/emmanuel/rainbot_ws/install/rain_arm_msgs/lib/librain_arm_msgs__rosidl_typesupport_fastrtps_c.so
[2.164s] -- Up-to-date: /home/emmanuel/rainbot_ws/install/rain_arm_msgs/include/rain_arm_msgs/rain_arm_msgs
[2.164s] -- Up-to-date: /home/emmanuel/rainbot_ws/install/rain_arm_msgs/include/rain_arm_msgs/rain_arm_msgs/srv
[2.165s] -- Up-to-date: /home/emmanuel/rainbot_ws/install/rain_arm_msgs/include/rain_arm_msgs/rain_arm_msgs/srv/euler_to_quarternion.hpp
[2.165s] -- Up-to-date: /home/emmanuel/rainbot_ws/install/rain_arm_msgs/include/rain_arm_msgs/rain_arm_msgs/srv/detail
[2.165s] -- Up-to-date: /home/emmanuel/rainbot_ws/install/rain_arm_msgs/include/rain_arm_msgs/rain_arm_msgs/srv/detail/add_twoints__struct.hpp
[2.165s] -- Up-to-date: /home/emmanuel/rainbot_ws/install/rain_arm_msgs/include/rain_arm_msgs/rain_arm_msgs/srv/detail/euler_to_quarternion__struct.hpp
[2.165s] -- Up-to-date: /home/emmanuel/rainbot_ws/install/rain_arm_msgs/include/rain_arm_msgs/rain_arm_msgs/srv/detail/add_twoints__builder.hpp
[2.165s] -- Up-to-date: /home/emmanuel/rainbot_ws/install/rain_arm_msgs/include/rain_arm_msgs/rain_arm_msgs/srv/detail/euler_to_quarternion__builder.hpp
[2.165s] -- Up-to-date: /home/emmanuel/rainbot_ws/install/rain_arm_msgs/include/rain_arm_msgs/rain_arm_msgs/srv/detail/euler_to_quarternion__traits.hpp
[2.166s] -- Up-to-date: /home/emmanuel/rainbot_ws/install/rain_arm_msgs/include/rain_arm_msgs/rain_arm_msgs/srv/detail/quarternion_to_euler__builder.hpp
[2.166s] -- Up-to-date: /home/emmanuel/rainbot_ws/install/rain_arm_msgs/include/rain_arm_msgs/rain_arm_msgs/srv/detail/add_twoints__traits.hpp
[2.166s] -- Up-to-date: /home/emmanuel/rainbot_ws/install/rain_arm_msgs/include/rain_arm_msgs/rain_arm_msgs/srv/detail/quarternion_to_euler__struct.hpp
[2.166s] -- Up-to-date: /home/emmanuel/rainbot_ws/install/rain_arm_msgs/include/rain_arm_msgs/rain_arm_msgs/srv/detail/quarternion_to_euler__traits.hpp
[2.173s] -- Up-to-date: /home/emmanuel/rainbot_ws/install/rain_arm_msgs/include/rain_arm_msgs/rain_arm_msgs/srv/add_twoints.hpp
[2.173s] -- Up-to-date: /home/emmanuel/rainbot_ws/install/rain_arm_msgs/include/rain_arm_msgs/rain_arm_msgs/srv/quarternion_to_euler.hpp
[2.173s] -- Up-to-date: /home/emmanuel/rainbot_ws/install/rain_arm_msgs/include/rain_arm_msgs/rain_arm_msgs
[2.173s] -- Up-to-date: /home/emmanuel/rainbot_ws/install/rain_arm_msgs/include/rain_arm_msgs/rain_arm_msgs/msg
[2.174s] -- Up-to-date: /home/emmanuel/rainbot_ws/install/rain_arm_msgs/include/rain_arm_msgs/rain_arm_msgs/msg/rosidl_typesupport_fastrtps_cpp__visibility_control.h
[2.174s] -- Up-to-date: /home/emmanuel/rainbot_ws/install/rain_arm_msgs/include/rain_arm_msgs/rain_arm_msgs/srv
[2.174s] -- Up-to-date: /home/emmanuel/rainbot_ws/install/rain_arm_msgs/include/rain_arm_msgs/rain_arm_msgs/srv/detail
[2.174s] -- Up-to-date: /home/emmanuel/rainbot_ws/install/rain_arm_msgs/include/rain_arm_msgs/rain_arm_msgs/srv/detail/quarternion_to_euler__rosidl_typesupport_fastrtps_cpp.hpp
[2.174s] -- Up-to-date: /home/emmanuel/rainbot_ws/install/rain_arm_msgs/include/rain_arm_msgs/rain_arm_msgs/srv/detail/euler_to_quarternion__rosidl_typesupport_fastrtps_cpp.hpp
[2.174s] -- Up-to-date: /home/emmanuel/rainbot_ws/install/rain_arm_msgs/include/rain_arm_msgs/rain_arm_msgs/srv/detail/dds_fastrtps
[2.174s] -- Up-to-date: /home/emmanuel/rainbot_ws/install/rain_arm_msgs/include/rain_arm_msgs/rain_arm_msgs/srv/detail/add_twoints__rosidl_typesupport_fastrtps_cpp.hpp
[2.175s] -- Up-to-date: /home/emmanuel/rainbot_ws/install/rain_arm_msgs/lib/librain_arm_msgs__rosidl_typesupport_fastrtps_cpp.so
[2.175s] -- Up-to-date: /home/emmanuel/rainbot_ws/install/rain_arm_msgs/include/rain_arm_msgs/rain_arm_msgs
[2.175s] -- Up-to-date: /home/emmanuel/rainbot_ws/install/rain_arm_msgs/include/rain_arm_msgs/rain_arm_msgs/msg
[2.175s] -- Up-to-date: /home/emmanuel/rainbot_ws/install/rain_arm_msgs/include/rain_arm_msgs/rain_arm_msgs/msg/rosidl_typesupport_introspection_c__visibility_control.h
[2.175s] -- Up-to-date: /home/emmanuel/rainbot_ws/install/rain_arm_msgs/include/rain_arm_msgs/rain_arm_msgs/srv
[2.175s] -- Up-to-date: /home/emmanuel/rainbot_ws/install/rain_arm_msgs/include/rain_arm_msgs/rain_arm_msgs/srv/detail
[2.176s] -- Up-to-date: /home/emmanuel/rainbot_ws/install/rain_arm_msgs/include/rain_arm_msgs/rain_arm_msgs/srv/detail/euler_to_quarternion__type_support.c
[2.176s] -- Up-to-date: /home/emmanuel/rainbot_ws/install/rain_arm_msgs/include/rain_arm_msgs/rain_arm_msgs/srv/detail/euler_to_quarternion__rosidl_typesupport_introspection_c.h
[2.176s] -- Up-to-date: /home/emmanuel/rainbot_ws/install/rain_arm_msgs/include/rain_arm_msgs/rain_arm_msgs/srv/detail/add_twoints__type_support.c
[2.176s] -- Up-to-date: /home/emmanuel/rainbot_ws/install/rain_arm_msgs/include/rain_arm_msgs/rain_arm_msgs/srv/detail/quarternion_to_euler__type_support.c
[2.176s] -- Up-to-date: /home/emmanuel/rainbot_ws/install/rain_arm_msgs/include/rain_arm_msgs/rain_arm_msgs/srv/detail/add_twoints__rosidl_typesupport_introspection_c.h
[2.176s] -- Up-to-date: /home/emmanuel/rainbot_ws/install/rain_arm_msgs/include/rain_arm_msgs/rain_arm_msgs/srv/detail/quarternion_to_euler__rosidl_typesupport_introspection_c.h
[2.177s] -- Up-to-date: /home/emmanuel/rainbot_ws/install/rain_arm_msgs/lib/librain_arm_msgs__rosidl_typesupport_introspection_c.so
[2.177s] -- Up-to-date: /home/emmanuel/rainbot_ws/install/rain_arm_msgs/lib/librain_arm_msgs__rosidl_typesupport_c.so
[2.177s] -- Up-to-date: /home/emmanuel/rainbot_ws/install/rain_arm_msgs/include/rain_arm_msgs/rain_arm_msgs
[2.177s] -- Up-to-date: /home/emmanuel/rainbot_ws/install/rain_arm_msgs/include/rain_arm_msgs/rain_arm_msgs/srv
[2.177s] -- Up-to-date: /home/emmanuel/rainbot_ws/install/rain_arm_msgs/include/rain_arm_msgs/rain_arm_msgs/srv/detail
[2.177s] -- Up-to-date: /home/emmanuel/rainbot_ws/install/rain_arm_msgs/include/rain_arm_msgs/rain_arm_msgs/srv/detail/quarternion_to_euler__type_support.cpp
[2.177s] -- Up-to-date: /home/emmanuel/rainbot_ws/install/rain_arm_msgs/include/rain_arm_msgs/rain_arm_msgs/srv/detail/euler_to_quarternion__rosidl_typesupport_introspection_cpp.hpp
[2.178s] -- Up-to-date: /home/emmanuel/rainbot_ws/install/rain_arm_msgs/include/rain_arm_msgs/rain_arm_msgs/srv/detail/quarternion_to_euler__rosidl_typesupport_introspection_cpp.hpp
[2.178s] -- Up-to-date: /home/emmanuel/rainbot_ws/install/rain_arm_msgs/include/rain_arm_msgs/rain_arm_msgs/srv/detail/euler_to_quarternion__type_support.cpp
[2.178s] -- Up-to-date: /home/emmanuel/rainbot_ws/install/rain_arm_msgs/include/rain_arm_msgs/rain_arm_msgs/srv/detail/add_twoints__type_support.cpp
[2.178s] -- Up-to-date: /home/emmanuel/rainbot_ws/install/rain_arm_msgs/include/rain_arm_msgs/rain_arm_msgs/srv/detail/add_twoints__rosidl_typesupport_introspection_cpp.hpp
[2.178s] -- Up-to-date: /home/emmanuel/rainbot_ws/install/rain_arm_msgs/lib/librain_arm_msgs__rosidl_typesupport_introspection_cpp.so
[2.178s] -- Up-to-date: /home/emmanuel/rainbot_ws/install/rain_arm_msgs/lib/librain_arm_msgs__rosidl_typesupport_cpp.so
[2.179s] -- Up-to-date: /home/emmanuel/rainbot_ws/install/rain_arm_msgs/share/rain_arm_msgs/environment/pythonpath.sh
[2.179s] -- Up-to-date: /home/emmanuel/rainbot_ws/install/rain_arm_msgs/share/rain_arm_msgs/environment/pythonpath.dsv
[2.179s] -- Up-to-date: /home/emmanuel/rainbot_ws/install/rain_arm_msgs/local/lib/python3.10/dist-packages/rain_arm_msgs-0.0.0-py3.10.egg-info
[2.179s] -- Installing: /home/emmanuel/rainbot_ws/install/rain_arm_msgs/local/lib/python3.10/dist-packages/rain_arm_msgs-0.0.0-py3.10.egg-info/dependency_links.txt
[2.179s] -- Installing: /home/emmanuel/rainbot_ws/install/rain_arm_msgs/local/lib/python3.10/dist-packages/rain_arm_msgs-0.0.0-py3.10.egg-info/top_level.txt
[2.179s] -- Installing: /home/emmanuel/rainbot_ws/install/rain_arm_msgs/local/lib/python3.10/dist-packages/rain_arm_msgs-0.0.0-py3.10.egg-info/PKG-INFO
[2.179s] -- Installing: /home/emmanuel/rainbot_ws/install/rain_arm_msgs/local/lib/python3.10/dist-packages/rain_arm_msgs-0.0.0-py3.10.egg-info/SOURCES.txt
[2.180s] -- Up-to-date: /home/emmanuel/rainbot_ws/install/rain_arm_msgs/local/lib/python3.10/dist-packages/rain_arm_msgs
[2.180s] -- Up-to-date: /home/emmanuel/rainbot_ws/install/rain_arm_msgs/local/lib/python3.10/dist-packages/rain_arm_msgs/rain_arm_msgs_s__rosidl_typesupport_introspection_c.cpython-310-x86_64-linux-gnu.so
[2.180s] -- Up-to-date: /home/emmanuel/rainbot_ws/install/rain_arm_msgs/local/lib/python3.10/dist-packages/rain_arm_msgs/_rain_arm_msgs_s.ep.rosidl_typesupport_c.c
[2.180s] -- Up-to-date: /home/emmanuel/rainbot_ws/install/rain_arm_msgs/local/lib/python3.10/dist-packages/rain_arm_msgs/librain_arm_msgs__rosidl_generator_py.so
[2.180s] -- Up-to-date: /home/emmanuel/rainbot_ws/install/rain_arm_msgs/local/lib/python3.10/dist-packages/rain_arm_msgs/_rain_arm_msgs_s.ep.rosidl_typesupport_introspection_c.c
[2.180s] -- Up-to-date: /home/emmanuel/rainbot_ws/install/rain_arm_msgs/local/lib/python3.10/dist-packages/rain_arm_msgs/srv
[2.180s] -- Up-to-date: /home/emmanuel/rainbot_ws/install/rain_arm_msgs/local/lib/python3.10/dist-packages/rain_arm_msgs/srv/_add_twoints.py
[2.181s] -- Up-to-date: /home/emmanuel/rainbot_ws/install/rain_arm_msgs/local/lib/python3.10/dist-packages/rain_arm_msgs/srv/_quarternion_to_euler_s.c
[2.181s] -- Up-to-date: /home/emmanuel/rainbot_ws/install/rain_arm_msgs/local/lib/python3.10/dist-packages/rain_arm_msgs/srv/_euler_to_quarternion.py
[2.181s] -- Up-to-date: /home/emmanuel/rainbot_ws/install/rain_arm_msgs/local/lib/python3.10/dist-packages/rain_arm_msgs/srv/_add_twoints_s.c
[2.181s] -- Up-to-date: /home/emmanuel/rainbot_ws/install/rain_arm_msgs/local/lib/python3.10/dist-packages/rain_arm_msgs/srv/__init__.py
[2.181s] -- Up-to-date: /home/emmanuel/rainbot_ws/install/rain_arm_msgs/local/lib/python3.10/dist-packages/rain_arm_msgs/srv/_euler_to_quarternion_s.c
[2.181s] -- Up-to-date: /home/emmanuel/rainbot_ws/install/rain_arm_msgs/local/lib/python3.10/dist-packages/rain_arm_msgs/srv/_quarternion_to_euler.py
[2.181s] -- Up-to-date: /home/emmanuel/rainbot_ws/install/rain_arm_msgs/local/lib/python3.10/dist-packages/rain_arm_msgs/rain_arm_msgs_s__rosidl_typesupport_fastrtps_c.cpython-310-x86_64-linux-gnu.so
[2.182s] -- Up-to-date: /home/emmanuel/rainbot_ws/install/rain_arm_msgs/local/lib/python3.10/dist-packages/rain_arm_msgs/__init__.py
[2.182s] -- Up-to-date: /home/emmanuel/rainbot_ws/install/rain_arm_msgs/local/lib/python3.10/dist-packages/rain_arm_msgs/rain_arm_msgs_s__rosidl_typesupport_c.cpython-310-x86_64-linux-gnu.so
[2.182s] -- Up-to-date: /home/emmanuel/rainbot_ws/install/rain_arm_msgs/local/lib/python3.10/dist-packages/rain_arm_msgs/_rain_arm_msgs_s.ep.rosidl_typesupport_fastrtps_c.c
[2.247s] Listing '/home/emmanuel/rainbot_ws/install/rain_arm_msgs/local/lib/python3.10/dist-packages/rain_arm_msgs'...
[2.247s] Listing '/home/emmanuel/rainbot_ws/install/rain_arm_msgs/local/lib/python3.10/dist-packages/rain_arm_msgs/srv'...
[2.258s] -- Up-to-date: /home/emmanuel/rainbot_ws/install/rain_arm_msgs/local/lib/python3.10/dist-packages/rain_arm_msgs/rain_arm_msgs_s__rosidl_typesupport_fastrtps_c.cpython-310-x86_64-linux-gnu.so
[2.259s] -- Up-to-date: /home/emmanuel/rainbot_ws/install/rain_arm_msgs/local/lib/python3.10/dist-packages/rain_arm_msgs/rain_arm_msgs_s__rosidl_typesupport_introspection_c.cpython-310-x86_64-linux-gnu.so
[2.260s] -- Up-to-date: /home/emmanuel/rainbot_ws/install/rain_arm_msgs/local/lib/python3.10/dist-packages/rain_arm_msgs/rain_arm_msgs_s__rosidl_typesupport_c.cpython-310-x86_64-linux-gnu.so
[2.260s] -- Up-to-date: /home/emmanuel/rainbot_ws/install/rain_arm_msgs/lib/librain_arm_msgs__rosidl_generator_py.so
[2.260s] -- Up-to-date: /home/emmanuel/rainbot_ws/install/rain_arm_msgs/share/rain_arm_msgs/srv/AddTwoints.idl
[2.260s] -- Up-to-date: /home/emmanuel/rainbot_ws/install/rain_arm_msgs/share/rain_arm_msgs/srv/QuarternionToEuler.idl
[2.260s] -- Up-to-date: /home/emmanuel/rainbot_ws/install/rain_arm_msgs/share/rain_arm_msgs/srv/EulerToQuarternion.idl
[2.261s] -- Up-to-date: /home/emmanuel/rainbot_ws/install/rain_arm_msgs/share/rain_arm_msgs/srv/AddTwoints.srv
[2.261s] -- Up-to-date: /home/emmanuel/rainbot_ws/install/rain_arm_msgs/share/rain_arm_msgs/srv/AddTwoints_Request.msg
[2.261s] -- Up-to-date: /home/emmanuel/rainbot_ws/install/rain_arm_msgs/share/rain_arm_msgs/srv/AddTwoints_Response.msg
[2.261s] -- Up-to-date: /home/emmanuel/rainbot_ws/install/rain_arm_msgs/share/rain_arm_msgs/srv/QuarternionToEuler.srv
[2.261s] -- Up-to-date: /home/emmanuel/rainbot_ws/install/rain_arm_msgs/share/rain_arm_msgs/srv/QuarternionToEuler_Request.msg
[2.261s] -- Up-to-date: /home/emmanuel/rainbot_ws/install/rain_arm_msgs/share/rain_arm_msgs/srv/QuarternionToEuler_Response.msg
[2.262s] -- Up-to-date: /home/emmanuel/rainbot_ws/install/rain_arm_msgs/share/rain_arm_msgs/srv/EulerToQuarternion.srv
[2.262s] -- Up-to-date: /home/emmanuel/rainbot_ws/install/rain_arm_msgs/share/rain_arm_msgs/srv/EulerToQuarternion_Request.msg
[2.262s] -- Up-to-date: /home/emmanuel/rainbot_ws/install/rain_arm_msgs/share/rain_arm_msgs/srv/EulerToQuarternion_Response.msg
[2.262s] -- Up-to-date: /home/emmanuel/rainbot_ws/install/rain_arm_msgs/share/ament_index/resource_index/package_run_dependencies/rain_arm_msgs
[2.262s] -- Up-to-date: /home/emmanuel/rainbot_ws/install/rain_arm_msgs/share/ament_index/resource_index/parent_prefix_path/rain_arm_msgs
[2.262s] -- Up-to-date: /home/emmanuel/rainbot_ws/install/rain_arm_msgs/share/rain_arm_msgs/environment/ament_prefix_path.sh
[2.263s] -- Up-to-date: /home/emmanuel/rainbot_ws/install/rain_arm_msgs/share/rain_arm_msgs/environment/ament_prefix_path.dsv
[2.263s] -- Up-to-date: /home/emmanuel/rainbot_ws/install/rain_arm_msgs/share/rain_arm_msgs/environment/path.sh
[2.263s] -- Up-to-date: /home/emmanuel/rainbot_ws/install/rain_arm_msgs/share/rain_arm_msgs/environment/path.dsv
[2.263s] -- Up-to-date: /home/emmanuel/rainbot_ws/install/rain_arm_msgs/share/rain_arm_msgs/local_setup.bash
[2.263s] -- Up-to-date: /home/emmanuel/rainbot_ws/install/rain_arm_msgs/share/rain_arm_msgs/local_setup.sh
[2.264s] -- Up-to-date: /home/emmanuel/rainbot_ws/install/rain_arm_msgs/share/rain_arm_msgs/local_setup.zsh
[2.264s] -- Up-to-date: /home/emmanuel/rainbot_ws/install/rain_arm_msgs/share/rain_arm_msgs/local_setup.dsv
[2.264s] -- Installing: /home/emmanuel/rainbot_ws/install/rain_arm_msgs/share/rain_arm_msgs/package.dsv
[2.264s] -- Up-to-date: /home/emmanuel/rainbot_ws/install/rain_arm_msgs/share/ament_index/resource_index/packages/rain_arm_msgs
[2.264s] -- Up-to-date: /home/emmanuel/rainbot_ws/install/rain_arm_msgs/share/rain_arm_msgs/cmake/export_rain_arm_msgs__rosidl_generator_cExport.cmake
[2.264s] -- Up-to-date: /home/emmanuel/rainbot_ws/install/rain_arm_msgs/share/rain_arm_msgs/cmake/export_rain_arm_msgs__rosidl_generator_cExport-noconfig.cmake
[2.264s] -- Up-to-date: /home/emmanuel/rainbot_ws/install/rain_arm_msgs/share/rain_arm_msgs/cmake/export_rain_arm_msgs__rosidl_typesupport_fastrtps_cExport.cmake
[2.265s] -- Up-to-date: /home/emmanuel/rainbot_ws/install/rain_arm_msgs/share/rain_arm_msgs/cmake/export_rain_arm_msgs__rosidl_typesupport_fastrtps_cExport-noconfig.cmake
[2.265s] -- Up-to-date: /home/emmanuel/rainbot_ws/install/rain_arm_msgs/share/rain_arm_msgs/cmake/export_rain_arm_msgs__rosidl_generator_cppExport.cmake
[2.265s] -- Up-to-date: /home/emmanuel/rainbot_ws/install/rain_arm_msgs/share/rain_arm_msgs/cmake/export_rain_arm_msgs__rosidl_typesupport_fastrtps_cppExport.cmake
[2.265s] -- Up-to-date: /home/emmanuel/rainbot_ws/install/rain_arm_msgs/share/rain_arm_msgs/cmake/export_rain_arm_msgs__rosidl_typesupport_fastrtps_cppExport-noconfig.cmake
[2.265s] -- Up-to-date: /home/emmanuel/rainbot_ws/install/rain_arm_msgs/share/rain_arm_msgs/cmake/rain_arm_msgs__rosidl_typesupport_introspection_cExport.cmake
[2.265s] -- Up-to-date: /home/emmanuel/rainbot_ws/install/rain_arm_msgs/share/rain_arm_msgs/cmake/rain_arm_msgs__rosidl_typesupport_introspection_cExport-noconfig.cmake
[2.266s] -- Up-to-date: /home/emmanuel/rainbot_ws/install/rain_arm_msgs/share/rain_arm_msgs/cmake/rain_arm_msgs__rosidl_typesupport_cExport.cmake
[2.266s] -- Up-to-date: /home/emmanuel/rainbot_ws/install/rain_arm_msgs/share/rain_arm_msgs/cmake/rain_arm_msgs__rosidl_typesupport_cExport-noconfig.cmake
[2.266s] -- Up-to-date: /home/emmanuel/rainbot_ws/install/rain_arm_msgs/share/rain_arm_msgs/cmake/rain_arm_msgs__rosidl_typesupport_introspection_cppExport.cmake
[2.266s] -- Up-to-date: /home/emmanuel/rainbot_ws/install/rain_arm_msgs/share/rain_arm_msgs/cmake/rain_arm_msgs__rosidl_typesupport_introspection_cppExport-noconfig.cmake
[2.266s] -- Up-to-date: /home/emmanuel/rainbot_ws/install/rain_arm_msgs/share/rain_arm_msgs/cmake/rain_arm_msgs__rosidl_typesupport_cppExport.cmake
[2.266s] -- Up-to-date: /home/emmanuel/rainbot_ws/install/rain_arm_msgs/share/rain_arm_msgs/cmake/rain_arm_msgs__rosidl_typesupport_cppExport-noconfig.cmake
[2.267s] -- Up-to-date: /home/emmanuel/rainbot_ws/install/rain_arm_msgs/share/rain_arm_msgs/cmake/export_rain_arm_msgs__rosidl_generator_pyExport.cmake
[2.268s] -- Up-to-date: /home/emmanuel/rainbot_ws/install/rain_arm_msgs/share/rain_arm_msgs/cmake/export_rain_arm_msgs__rosidl_generator_pyExport-noconfig.cmake
[2.268s] -- Up-to-date: /home/emmanuel/rainbot_ws/install/rain_arm_msgs/share/rain_arm_msgs/cmake/rosidl_cmake-extras.cmake
[2.268s] -- Up-to-date: /home/emmanuel/rainbot_ws/install/rain_arm_msgs/share/rain_arm_msgs/cmake/ament_cmake_export_include_directories-extras.cmake
[2.269s] -- Up-to-date: /home/emmanuel/rainbot_ws/install/rain_arm_msgs/share/rain_arm_msgs/cmake/ament_cmake_export_libraries-extras.cmake
[2.269s] -- Up-to-date: /home/emmanuel/rainbot_ws/install/rain_arm_msgs/share/rain_arm_msgs/cmake/ament_cmake_export_targets-extras.cmake
[2.269s] -- Up-to-date: /home/emmanuel/rainbot_ws/install/rain_arm_msgs/share/rain_arm_msgs/cmake/rosidl_cmake_export_typesupport_targets-extras.cmake
[2.269s] -- Up-to-date: /home/emmanuel/rainbot_ws/install/rain_arm_msgs/share/rain_arm_msgs/cmake/ament_cmake_export_dependencies-extras.cmake
[2.269s] -- Up-to-date: /home/emmanuel/rainbot_ws/install/rain_arm_msgs/share/rain_arm_msgs/cmake/rosidl_cmake_export_typesupport_libraries-extras.cmake
[2.269s] -- Up-to-date: /home/emmanuel/rainbot_ws/install/rain_arm_msgs/share/rain_arm_msgs/cmake/rain_arm_msgsConfig.cmake
[2.270s] -- Up-to-date: /home/emmanuel/rainbot_ws/install/rain_arm_msgs/share/rain_arm_msgs/cmake/rain_arm_msgsConfig-version.cmake
[2.270s] -- Up-to-date: /home/emmanuel/rainbot_ws/install/rain_arm_msgs/share/rain_arm_msgs/package.xml
[2.401s] Invoked command in '/home/emmanuel/rainbot_ws/build/rain_arm_msgs' returned '0': CMAKE_PREFIX_PATH=${CMAKE_PREFIX_PATH}:/home/emmanuel/rainbot_ws/install/rainbot_py:/opt/ros/humble /usr/bin/cmake --install /home/emmanuel/rainbot_ws/build/rain_arm_msgs
