[0.197s] Invoking command in '/home/emmanuel/rainbot_ws/build/rainbot_cpp': CMAKE_PREFIX_PATH=${CMAKE_PREFIX_PATH}:/home/emmanuel/rainbot_ws/install/rainbot_py:/opt/ros/humble /usr/bin/cmake /home/emmanuel/rainbot_ws/src/rainbot_cpp -DCMAKE_INSTALL_PREFIX=/home/emmanuel/rainbot_ws/install/rainbot_cpp
[0.211s] -- Found ament_cmake: 1.3.5 (/opt/ros/humble/share/ament_cmake/cmake)
[0.388s] -- Override CMake install command with custom implementation using symlinks instead of copying resources
[0.397s] -- Found ament_lint_auto: 0.12.8 (/opt/ros/humble/share/ament_lint_auto/cmake)
[0.532s] -- Added test 'lint_cmake' to check CMake code style
[0.533s] -- Added test 'xmllint' to check XML markup files
[0.534s] -- Configuring done
[0.538s] -- Generating done
[0.539s] -- Build files have been written to: /home/emmanuel/rainbot_ws/build/rainbot_cpp
[0.673s] Invoked command in '/home/emmanuel/rainbot_ws/build/rainbot_cpp' returned '0': CMAKE_PREFIX_PATH=${CMAKE_PREFIX_PATH}:/home/emmanuel/rainbot_ws/install/rainbot_py:/opt/ros/humble /usr/bin/cmake /home/emmanuel/rainbot_ws/src/rainbot_cpp -DCMAKE_INSTALL_PREFIX=/home/emmanuel/rainbot_ws/install/rainbot_cpp
[0.675s] Invoking command in '/home/emmanuel/rainbot_ws/build/rainbot_cpp': CMAKE_PREFIX_PATH=${CMAKE_PREFIX_PATH}:/home/emmanuel/rainbot_ws/install/rainbot_py:/opt/ros/humble /usr/bin/cmake --build /home/emmanuel/rainbot_ws/build/rainbot_cpp -- -j4 -l4
[0.724s] Invoked command in '/home/emmanuel/rainbot_ws/build/rainbot_cpp' returned '0': CMAKE_PREFIX_PATH=${CMAKE_PREFIX_PATH}:/home/emmanuel/rainbot_ws/install/rainbot_py:/opt/ros/humble /usr/bin/cmake --build /home/emmanuel/rainbot_ws/build/rainbot_cpp -- -j4 -l4
[0.774s] Invoking command in '/home/emmanuel/rainbot_ws/build/rainbot_cpp': CMAKE_PREFIX_PATH=${CMAKE_PREFIX_PATH}:/home/emmanuel/rainbot_ws/install/rainbot_py:/opt/ros/humble /usr/bin/cmake --install /home/emmanuel/rainbot_ws/build/rainbot_cpp
[0.783s] -- Install configuration: ""
[0.784s] -- Execute custom install script
[0.784s] -- Up-to-date symlink: /home/emmanuel/rainbot_ws/install/rainbot_cpp/share/ament_index/resource_index/package_run_dependencies/rainbot_cpp
[0.785s] -- Up-to-date symlink: /home/emmanuel/rainbot_ws/install/rainbot_cpp/share/ament_index/resource_index/parent_prefix_path/rainbot_cpp
[0.785s] -- Up-to-date symlink: /home/emmanuel/rainbot_ws/install/rainbot_cpp/share/rainbot_cpp/environment/ament_prefix_path.sh
[0.786s] -- Up-to-date symlink: /home/emmanuel/rainbot_ws/install/rainbot_cpp/share/rainbot_cpp/environment/ament_prefix_path.dsv
[0.786s] -- Up-to-date symlink: /home/emmanuel/rainbot_ws/install/rainbot_cpp/share/rainbot_cpp/environment/path.sh
[0.786s] -- Up-to-date symlink: /home/emmanuel/rainbot_ws/install/rainbot_cpp/share/rainbot_cpp/environment/path.dsv
[0.787s] -- Up-to-date symlink: /home/emmanuel/rainbot_ws/install/rainbot_cpp/share/rainbot_cpp/local_setup.bash
[0.787s] -- Up-to-date symlink: /home/emmanuel/rainbot_ws/install/rainbot_cpp/share/rainbot_cpp/local_setup.sh
[0.787s] -- Up-to-date symlink: /home/emmanuel/rainbot_ws/install/rainbot_cpp/share/rainbot_cpp/local_setup.zsh
[0.788s] -- Up-to-date symlink: /home/emmanuel/rainbot_ws/install/rainbot_cpp/share/rainbot_cpp/local_setup.dsv
[0.788s] -- Symlinking: /home/emmanuel/rainbot_ws/install/rainbot_cpp/share/rainbot_cpp/package.dsv
[0.799s] -- Up-to-date symlink: /home/emmanuel/rainbot_ws/install/rainbot_cpp/share/ament_index/resource_index/packages/rainbot_cpp
[0.801s] -- Up-to-date symlink: /home/emmanuel/rainbot_ws/install/rainbot_cpp/share/rainbot_cpp/cmake/rainbot_cppConfig.cmake
[0.801s] -- Up-to-date symlink: /home/emmanuel/rainbot_ws/install/rainbot_cpp/share/rainbot_cpp/cmake/rainbot_cppConfig-version.cmake
[0.801s] -- Up-to-date symlink: /home/emmanuel/rainbot_ws/install/rainbot_cpp/share/rainbot_cpp/package.xml
[0.803s] Invoked command in '/home/emmanuel/rainbot_ws/build/rainbot_cpp' returned '0': CMAKE_PREFIX_PATH=${CMAKE_PREFIX_PATH}:/home/emmanuel/rainbot_ws/install/rainbot_py:/opt/ros/humble /usr/bin/cmake --install /home/emmanuel/rainbot_ws/build/rainbot_cpp
