[0.211s] Invoking command in '/home/emmanuel/rainbot_ws/build/rainbot_cpp': CMAKE_PREFIX_PATH=/opt/ros/humble /usr/bin/cmake /home/emmanuel/rainbot_ws/src/rainbot_cpp -DCMAKE_INSTALL_PREFIX=/home/emmanuel/rainbot_ws/install/rainbot_cpp
[1.933s] -- The C compiler identification is GNU 11.4.0
[3.205s] -- The CXX compiler identification is GNU 11.4.0
[3.347s] -- Detecting C compiler ABI info
[3.668s] -- Detecting C compiler ABI info - done
[3.677s] -- Check for working C compiler: /usr/bin/cc - skipped
[3.681s] -- Detecting C compile features
[3.728s] -- Detecting C compile features - done
[3.809s] -- Detecting CXX compiler ABI info
[4.065s] -- Detecting CXX compiler ABI info - done
[4.075s] -- Check for working CXX compiler: /usr/bin/c++ - skipped
[4.076s] -- Detecting CXX compile features
[4.076s] -- Detecting CXX compile features - done
[4.148s] -- Found ament_cmake: 1.3.5 (/opt/ros/humble/share/ament_cmake/cmake)
[4.495s] -- Found Python3: /usr/bin/python3.10 (found version "3.10.12") found components: Interpreter 
[4.714s] -- Found ament_lint_auto: 0.12.8 (/opt/ros/humble/share/ament_lint_auto/cmake)
[4.965s] -- Added test 'lint_cmake' to check CMake code style
[4.970s] -- Added test 'xmllint' to check XML markup files
[4.976s] -- Configuring done
[4.987s] -- Generating done
[4.990s] -- Build files have been written to: /home/emmanuel/rainbot_ws/build/rainbot_cpp
[5.001s] Invoked command in '/home/emmanuel/rainbot_ws/build/rainbot_cpp' returned '0': CMAKE_PREFIX_PATH=/opt/ros/humble /usr/bin/cmake /home/emmanuel/rainbot_ws/src/rainbot_cpp -DCMAKE_INSTALL_PREFIX=/home/emmanuel/rainbot_ws/install/rainbot_cpp
[5.004s] Invoking command in '/home/emmanuel/rainbot_ws/build/rainbot_cpp': CMAKE_PREFIX_PATH=/opt/ros/humble /usr/bin/cmake --build /home/emmanuel/rainbot_ws/build/rainbot_cpp -- -j4 -l4
[5.047s] Invoked command in '/home/emmanuel/rainbot_ws/build/rainbot_cpp' returned '0': CMAKE_PREFIX_PATH=/opt/ros/humble /usr/bin/cmake --build /home/emmanuel/rainbot_ws/build/rainbot_cpp -- -j4 -l4
[5.083s] Invoking command in '/home/emmanuel/rainbot_ws/build/rainbot_cpp': CMAKE_PREFIX_PATH=/opt/ros/humble /usr/bin/cmake --install /home/emmanuel/rainbot_ws/build/rainbot_cpp
[5.093s] -- Install configuration: ""
[5.093s] -- Installing: /home/emmanuel/rainbot_ws/install/rainbot_cpp/share/ament_index/resource_index/package_run_dependencies/rainbot_cpp
[5.093s] -- Installing: /home/emmanuel/rainbot_ws/install/rainbot_cpp/share/ament_index/resource_index/parent_prefix_path/rainbot_cpp
[5.094s] -- Installing: /home/emmanuel/rainbot_ws/install/rainbot_cpp/share/rainbot_cpp/environment/ament_prefix_path.sh
[5.094s] -- Installing: /home/emmanuel/rainbot_ws/install/rainbot_cpp/share/rainbot_cpp/environment/ament_prefix_path.dsv
[5.094s] -- Installing: /home/emmanuel/rainbot_ws/install/rainbot_cpp/share/rainbot_cpp/environment/path.sh
[5.094s] -- Installing: /home/emmanuel/rainbot_ws/install/rainbot_cpp/share/rainbot_cpp/environment/path.dsv
[5.094s] -- Installing: /home/emmanuel/rainbot_ws/install/rainbot_cpp/share/rainbot_cpp/local_setup.bash
[5.095s] -- Installing: /home/emmanuel/rainbot_ws/install/rainbot_cpp/share/rainbot_cpp/local_setup.sh
[5.095s] -- Installing: /home/emmanuel/rainbot_ws/install/rainbot_cpp/share/rainbot_cpp/local_setup.zsh
[5.095s] -- Installing: /home/emmanuel/rainbot_ws/install/rainbot_cpp/share/rainbot_cpp/local_setup.dsv
[5.095s] -- Installing: /home/emmanuel/rainbot_ws/install/rainbot_cpp/share/rainbot_cpp/package.dsv
[5.095s] -- Installing: /home/emmanuel/rainbot_ws/install/rainbot_cpp/share/ament_index/resource_index/packages/rainbot_cpp
[5.095s] -- Installing: /home/emmanuel/rainbot_ws/install/rainbot_cpp/share/rainbot_cpp/cmake/rainbot_cppConfig.cmake
[5.095s] -- Installing: /home/emmanuel/rainbot_ws/install/rainbot_cpp/share/rainbot_cpp/cmake/rainbot_cppConfig-version.cmake
[5.096s] -- Installing: /home/emmanuel/rainbot_ws/install/rainbot_cpp/share/rainbot_cpp/package.xml
[5.098s] Invoked command in '/home/emmanuel/rainbot_ws/build/rainbot_cpp' returned '0': CMAKE_PREFIX_PATH=/opt/ros/humble /usr/bin/cmake --install /home/emmanuel/rainbot_ws/build/rainbot_cpp
